=== Using options:--aggressive-branch-removal
0040C747: warning: Multiple different values of stack delta in procedure Win32CrtStartup when processing RET instruction; was 4 previously.
0040DE05: warning: Call target address D0FF:A49E is invalid.
0040DA7C: warning: Procedure fn0040D7E0 previously had a return address of 6 bytes on the stack, but now seems to have a return address of 4 bytes on the stack.
0040DA7C: warning: Multiple different values of stack delta in procedure fn0040D7E0 when processing RET instruction; was 6 previously.
0040D6F2: warning: Call target address 1320AA2D is invalid.
00411018: warning: Call target address F8411133 is invalid.
0040DE31: warning: Multiple different values of stack delta in procedure fn0040D7E0 when processing RET instruction; was 6 previously.
0040DE47: warning: Multiple different values of stack delta in procedure fn0040D7E0 when processing RET instruction; was 6 previously.
0040DD30: warning: Multiple different values of stack delta in procedure fn0040D7E0 when processing RET instruction; was 6 previously.
0041117C: warning: Call target address FA41129D is invalid.
0040DC89: warning: Call target address D2EE:21F5 is invalid.
0040D82A: warning: Multiple different values of stack delta in procedure fn0040D7E0 when processing RET instruction; was 6 previously.
0040D8A0: warning: Multiple different values of stack delta in procedure fn0040D7E0 when processing RET instruction; was 6 previously.
0040D89F: warning: Call target address 80DC:6E88 is invalid.
0040DD0D: warning: Multiple different values of stack delta in procedure fn0040D82C when processing RET instruction; was 9264 previously.
0040C9D7: warning: Multiple different values of stack delta in procedure Win32CrtStartup when processing RET instruction; was 4 previously.
0040C520: warning: Procedure Win32CrtStartup previously had a return address of 6 bytes on the stack, but now seems to have a return address of 4 bytes on the stack.
0040C008: warning: Procedure Win32CrtStartup previously had a return address of 6 bytes on the stack, but now seems to have a return address of 4 bytes on the stack.
0040C933: warning: Procedure Win32CrtStartup previously had a return address of 6 bytes on the stack, but now seems to have a return address of 4 bytes on the stack.
0040C605: warning: Call target address F0131154 is invalid.
0040C5A6: warning: Call target address EED3:FFD2 is invalid.
0040C147: warning: Procedure Win32CrtStartup previously had a return address of 6 bytes on the stack, but now seems to have a return address of 4 bytes on the stack.
/home/hawk/kza/decompiler-subjects.clean/malware_via_email/malware_1741/ia32_pe/subject.exe: error: An internal error occurred while analyzing /home/hawk/kza/decompiler-subjects.clean/malware_via_email/malware_1741/ia32_pe/subject.exe.
    An item with the same key has already been added. Key: ecx
       at System.Collections.Generic.Dictionary`2.TryInsert(TKey key, TValue value, InsertionBehavior behavior)
   at System.Collections.Generic.Dictionary`2.Add(TKey key, TValue value)
   at Reko.Analysis.SsaIdentifierCollection.Add(Identifier idOld, Statement stmDef, Boolean isSideEffect) in /home/runner/work/reko/reko/src/Decompiler/Analysis/SsaIdentifierCollection.cs:line 50
   at Reko.Analysis.ProjectionPropagator.ProjectionFilter.RewriteSeqOfDefs(SsaIdentifier[] sids, Identifier idWide) in /home/runner/work/reko/reko/src/Decompiler/Analysis/ProjectionPropagator.cs:line 402
   at Reko.Analysis.ProjectionPropagator.ProjectionFilter.FuseIdentifiers(DataType dtWide, SsaIdentifier[] sids) in /home/runner/work/reko/reko/src/Decompiler/Analysis/ProjectionPropagator.cs:line 264
   at Reko.Analysis.ProjectionPropagator.ProjectionFilter.VisitMkSequence(MkSequence seq) in /home/runner/work/reko/reko/src/Decompiler/Analysis/ProjectionPropagator.cs:line 209
   at Reko.Core.Expressions.MkSequence.Accept[T](ExpressionVisitor`1 v) in /home/runner/work/reko/reko/src/Core/Expressions/MkSequence.cs:line 56
   at Reko.Core.Code.InstructionTransformer.TransformAssignment(Assignment a) in /home/runner/work/reko/reko/src/Core/Code/InstructionTransformer.cs:line 50
   at Reko.Core.Code.Assignment.Accept(InstructionTransformer xform) in /home/runner/work/reko/reko/src/Core/Code/Assignment.cs:line 44
   at Reko.Analysis.ProjectionPropagator.Transform() in /home/runner/work/reko/reko/src/Decompiler/Analysis/ProjectionPropagator.cs:line 73
   at Reko.Analysis.SccWorker.Transform() in /home/runner/work/reko/reko/src/Decompiler/Analysis/SccWorker.cs:line 115
   at Reko.Analysis.DataFlowAnalysis.RewriteProceduresToSsa() in /home/runner/work/reko/reko/src/Decompiler/Analysis/DataFlowAnalysis.cs:line 178
   at Reko.Analysis.DataFlowAnalysis.UntangleProcedures() in /home/runner/work/reko/reko/src/Decompiler/Analysis/DataFlowAnalysis.cs:line 128
   at Reko.Decompiler.AnalyzeDataFlow() in /home/runner/work/reko/reko/src/Decompiler/Decompiler.cs:line 111
fn0040D4F7_exit: warning: Phi functions will be ignored by type analysis. This may be caused by a failure in a previous stage of the decompilation.
00411098: error: An error occurred while processing the statement v6412_13800 = Mem13797[ecx_13648 + 0<32>:word32] - eax_13795 - CONVERT(v6411_13796 <u 0<32>, bool, word32).
    Specified argument was out of the range of valid values. (Parameter 'bitSize')
       at Reko.Core.Types.PrimitiveType.CreateWord(Int32 bitSize) in /home/runner/work/reko/reko/src/Core/Types/PrimitiveType.cs:line 141
   at Reko.Core.Expressions.ExpressionTypeAscenderBase.PullDiffDataType(DataType dtLeft, DataType dtRight, Domain sign) in /home/runner/work/reko/reko/src/Core/Expressions/ExpressionTypeAscenderBase.cs:line 310
   at Reko.Core.Expressions.ExpressionTypeAscenderBase.VisitBinaryExpression(BinaryExpression binExp) in /home/runner/work/reko/reko/src/Core/Expressions/ExpressionTypeAscenderBase.cs:line 186
   at Reko.Core.Expressions.ExpressionTypeAscenderBase.VisitBinaryExpression(BinaryExpression binExp) in /home/runner/work/reko/reko/src/Core/Expressions/ExpressionTypeAscenderBase.cs:line 186
   at Reko.Typing.TypeCollector.VisitAssignment(Assignment ass) in /home/runner/work/reko/reko/src/Decompiler/Typing/TypeCollector.cs:line 194
   at Reko.Typing.TypeCollector.CollectTypes() in /home/runner/work/reko/reko/src/Decompiler/Typing/TypeCollector.cs:line 74
004110A5: error: An error occurred while processing the statement v6416_13817 = Mem13811[ecx_13648 + 0<32>:word32] - eax_13795 - CONVERT(v6415_13810 <u 0<32>, bool, word32).
    Specified argument was out of the range of valid values. (Parameter 'bitSize')
       at Reko.Core.Types.PrimitiveType.CreateWord(Int32 bitSize) in /home/runner/work/reko/reko/src/Core/Types/PrimitiveType.cs:line 141
   at Reko.Core.Expressions.ExpressionTypeAscenderBase.PullDiffDataType(DataType dtLeft, DataType dtRight, Domain sign) in /home/runner/work/reko/reko/src/Core/Expressions/ExpressionTypeAscenderBase.cs:line 310
   at Reko.Core.Expressions.ExpressionTypeAscenderBase.VisitBinaryExpression(BinaryExpression binExp) in /home/runner/work/reko/reko/src/Core/Expressions/ExpressionTypeAscenderBase.cs:line 186
   at Reko.Core.Expressions.ExpressionTypeAscenderBase.VisitBinaryExpression(BinaryExpression binExp) in /home/runner/work/reko/reko/src/Core/Expressions/ExpressionTypeAscenderBase.cs:line 186
   at Reko.Typing.TypeCollector.VisitAssignment(Assignment ass) in /home/runner/work/reko/reko/src/Decompiler/Typing/TypeCollector.cs:line 194
   at Reko.Typing.TypeCollector.CollectTypes() in /home/runner/work/reko/reko/src/Decompiler/Typing/TypeCollector.cs:line 74
004110B1: error: An error occurred while processing the statement v6419_13827 = Mem13822[ecx_13648 + 0<32>:word32] - eax_13795 - CONVERT(al_13794 <u Mem13822[edi_753 + 0<32>:byte], bool, word32).
    Specified argument was out of the range of valid values. (Parameter 'bitSize')
       at Reko.Core.Types.PrimitiveType.CreateWord(Int32 bitSize) in /home/runner/work/reko/reko/src/Core/Types/PrimitiveType.cs:line 141
   at Reko.Core.Expressions.ExpressionTypeAscenderBase.PullDiffDataType(DataType dtLeft, DataType dtRight, Domain sign) in /home/runner/work/reko/reko/src/Core/Expressions/ExpressionTypeAscenderBase.cs:line 310
   at Reko.Core.Expressions.ExpressionTypeAscenderBase.VisitBinaryExpression(BinaryExpression binExp) in /home/runner/work/reko/reko/src/Core/Expressions/ExpressionTypeAscenderBase.cs:line 186
   at Reko.Core.Expressions.ExpressionTypeAscenderBase.VisitBinaryExpression(BinaryExpression binExp) in /home/runner/work/reko/reko/src/Core/Expressions/ExpressionTypeAscenderBase.cs:line 186
   at Reko.Typing.TypeCollector.VisitAssignment(Assignment ass) in /home/runner/work/reko/reko/src/Decompiler/Typing/TypeCollector.cs:line 194
   at Reko.Typing.TypeCollector.CollectTypes() in /home/runner/work/reko/reko/src/Decompiler/Typing/TypeCollector.cs:line 74
004110B5: error: An error occurred while processing the statement v6420_13832 = Mem13828[ecx_13648 + 0<32>:word32] - eax_13795 - CONVERT(dh_13829 <u 0<8>, bool, word32).
    Specified argument was out of the range of valid values. (Parameter 'bitSize')
       at Reko.Core.Types.PrimitiveType.CreateWord(Int32 bitSize) in /home/runner/work/reko/reko/src/Core/Types/PrimitiveType.cs:line 141
   at Reko.Core.Expressions.ExpressionTypeAscenderBase.PullDiffDataType(DataType dtLeft, DataType dtRight, Domain sign) in /home/runner/work/reko/reko/src/Core/Expressions/ExpressionTypeAscenderBase.cs:line 310
   at Reko.Core.Expressions.ExpressionTypeAscenderBase.VisitBinaryExpression(BinaryExpression binExp) in /home/runner/work/reko/reko/src/Core/Expressions/ExpressionTypeAscenderBase.cs:line 186
   at Reko.Core.Expressions.ExpressionTypeAscenderBase.VisitBinaryExpression(BinaryExpression binExp) in /home/runner/work/reko/reko/src/Core/Expressions/ExpressionTypeAscenderBase.cs:line 186
   at Reko.Typing.TypeCollector.VisitAssignment(Assignment ass) in /home/runner/work/reko/reko/src/Decompiler/Typing/TypeCollector.cs:line 194
   at Reko.Typing.TypeCollector.CollectTypes() in /home/runner/work/reko/reko/src/Decompiler/Typing/TypeCollector.cs:line 74
004110B9: error: An error occurred while processing the statement v6421_13837 = Mem13833[ecx_13648 + 0<32>:word32] - eax_13795 - CONVERT(dh_13834 <u 0<8>, bool, word32).
    Specified argument was out of the range of valid values. (Parameter 'bitSize')
       at Reko.Core.Types.PrimitiveType.CreateWord(Int32 bitSize) in /home/runner/work/reko/reko/src/Core/Types/PrimitiveType.cs:line 141
   at Reko.Core.Expressions.ExpressionTypeAscenderBase.PullDiffDataType(DataType dtLeft, DataType dtRight, Domain sign) in /home/runner/work/reko/reko/src/Core/Expressions/ExpressionTypeAscenderBase.cs:line 310
   at Reko.Core.Expressions.ExpressionTypeAscenderBase.VisitBinaryExpression(BinaryExpression binExp) in /home/runner/work/reko/reko/src/Core/Expressions/ExpressionTypeAscenderBase.cs:line 186
   at Reko.Core.Expressions.ExpressionTypeAscenderBase.VisitBinaryExpression(BinaryExpression binExp) in /home/runner/work/reko/reko/src/Core/Expressions/ExpressionTypeAscenderBase.cs:line 186
   at Reko.Typing.TypeCollector.VisitAssignment(Assignment ass) in /home/runner/work/reko/reko/src/Decompiler/Typing/TypeCollector.cs:line 194
   at Reko.Typing.TypeCollector.CollectTypes() in /home/runner/work/reko/reko/src/Decompiler/Typing/TypeCollector.cs:line 74
fn0040D6E7: error: An error occurred while rewriting procedure to high-level language.
    Index was out of range. Must be non-negative and less than the size of the collection. (Parameter 'index')
       at System.Collections.Generic.List`1.get_Item(Int32 index)
   at Reko.Core.Block.get_ThenBlock() in /home/runner/work/reko/reko/src/Core/Block.cs:line 91
   at Reko.Structure.CompoundConditionCoalescer.MaybeCoalesce(Block block) in /home/runner/work/reko/reko/src/Decompiler/Structure/CompoundConditionCoalescer.cs:line 96
   at Reko.Structure.CompoundConditionCoalescer.Transform() in /home/runner/work/reko/reko/src/Decompiler/Structure/CompoundConditionCoalescer.cs:line 62
   at Reko.Structure.StructureAnalysis.Structure() in /home/runner/work/reko/reko/src/Decompiler/Structure/StructureAnalysis.cs:line 78
   at Reko.Decompiler.StructureProgram() in /home/runner/work/reko/reko/src/Decompiler/Decompiler.cs:line 551
fn0040DE4D: error: An error occurred while rewriting procedure to high-level language.
    Index was out of range. Must be non-negative and less than the size of the collection. (Parameter 'index')
       at System.Collections.Generic.List`1.get_Item(Int32 index)
   at Reko.Core.Block.get_ThenBlock() in /home/runner/work/reko/reko/src/Core/Block.cs:line 91
   at Reko.Structure.CompoundConditionCoalescer.MaybeCoalesce(Block block) in /home/runner/work/reko/reko/src/Decompiler/Structure/CompoundConditionCoalescer.cs:line 96
   at Reko.Structure.CompoundConditionCoalescer.Transform() in /home/runner/work/reko/reko/src/Decompiler/Structure/CompoundConditionCoalescer.cs:line 62
   at Reko.Structure.StructureAnalysis.Structure() in /home/runner/work/reko/reko/src/Decompiler/Structure/StructureAnalysis.cs:line 78
   at Reko.Decompiler.StructureProgram() in /home/runner/work/reko/reko/src/Decompiler/Decompiler.cs:line 551
fn0040DE5A: warning: Structure analysis stopped making progress, quitting. Please report this issue at https://github.com/uxmal/reko
