=== Using options:--aggressive-branch-removal
Signature of 'Microsoft Visual C++ 8.0 (Debug)' detected.
0041A045: warning: Procedure fn00411258 previously had a return address of 4 bytes on the stack, but now seems to have a return address of 0 bytes on the stack.
004146E6: warning: Call target address 00000000 is invalid.
00421953: error: An error occurred while processing the statement branch WriteFile(0x42AFE0<32>[(dwArg04 >> 5<32>) * 4<32>][(dwArg04 & 0x1F<32>) * 8<32>], fp - 0x414<32>, dwLoc0428_318 - (fp - 0x414<32>), fp - 0x424<32>, 0<32>) == 0<32> l00421981.
    Not handling ptr32 and (union (int32 u1) (ptr32 u0)) yet
       at Reko.Typing.ExpressionTypeDescender.PushSubtrahendDataType(DataType dtDiff, DataType dtMin) in /Users/runner/work/reko/reko/src/Decompiler/Typing/ExpressionTypeDescender.cs:line 422
   at Reko.Typing.ExpressionTypeDescender.VisitBinaryExpression(BinaryExpression binExp, TypeVariable tv) in /Users/runner/work/reko/reko/src/Decompiler/Typing/ExpressionTypeDescender.cs:line 257
   at Reko.Core.Expressions.BinaryExpression.Accept[T,C](ExpressionVisitor`2 v, C context) in /Users/runner/work/reko/reko/src/Core/Expressions/BinaryExpression.cs:line 54
   at Reko.Typing.ExpressionTypeDescender.VisitApplication(Application appl, TypeVariable tv) in /Users/runner/work/reko/reko/src/Decompiler/Typing/ExpressionTypeDescender.cs:line 87
   at Reko.Core.Expressions.Application.Accept[T,C](ExpressionVisitor`2 v, C context) in /Users/runner/work/reko/reko/src/Core/Expressions/Application.cs:line 50
   at Reko.Typing.ExpressionTypeDescender.VisitBinaryExpression(BinaryExpression binExp, TypeVariable tv) in /Users/runner/work/reko/reko/src/Decompiler/Typing/ExpressionTypeDescender.cs:line 353
   at Reko.Core.Expressions.BinaryExpression.Accept[T,C](ExpressionVisitor`2 v, C context) in /Users/runner/work/reko/reko/src/Core/Expressions/BinaryExpression.cs:line 54
   at Reko.Typing.TypeCollector.VisitBranch(Branch branch) in /Users/runner/work/reko/reko/src/Decompiler/Typing/TypeCollector.cs:line 202
   at Reko.Core.Code.Branch.Accept(InstructionVisitor v) in /Users/runner/work/reko/reko/src/Core/Code/Branch.cs:line 55
   at Reko.Typing.TypeCollector.CollectTypes() in /Users/runner/work/reko/reko/src/Decompiler/Typing/TypeCollector.cs:line 75
0041F2A4: error: An error occurred while processing the statement (dwArg04 - 4<32>)[(dwArg0C >>u 2<32>) * 4<32>] = (dwArg08 - 4<32>)[(dwArg0C >>u 2<32>) * 4<32>].
    Not handling (ptr32 (struct (0 (arr T_17582) a0000))) and (union (uint32 u0) (ptr32 u1)) yet
       at Reko.Typing.ExpressionTypeDescender.PushSubtrahendDataType(DataType dtDiff, DataType dtMin) in /Users/runner/work/reko/reko/src/Decompiler/Typing/ExpressionTypeDescender.cs:line 422
   at Reko.Typing.ExpressionTypeDescender.VisitBinaryExpression(BinaryExpression binExp, TypeVariable tv) in /Users/runner/work/reko/reko/src/Decompiler/Typing/ExpressionTypeDescender.cs:line 257
   at Reko.Core.Expressions.BinaryExpression.Accept[T,C](ExpressionVisitor`2 v, C context) in /Users/runner/work/reko/reko/src/Core/Expressions/BinaryExpression.cs:line 54
   at Reko.Typing.ExpressionTypeDescender.VisitArrayAccess(ArrayAccess acc, TypeVariable tv) in /Users/runner/work/reko/reko/src/Decompiler/Typing/ExpressionTypeDescender.cs:line 188
   at Reko.Core.Expressions.ArrayAccess.Accept[T,C](ExpressionVisitor`2 v, C context) in /Users/runner/work/reko/reko/src/Core/Expressions/ArrayAccess.cs:line 48
   at Reko.Typing.TypeCollector.VisitStore(Store store) in /Users/runner/work/reko/reko/src/Decompiler/Typing/TypeCollector.cs:line 289
   at Reko.Core.Code.Store.Accept(InstructionVisitor v) in /Users/runner/work/reko/reko/src/Core/Code/Assignment.cs:line 87
   at Reko.Typing.TypeCollector.CollectTypes() in /Users/runner/work/reko/reko/src/Decompiler/Typing/TypeCollector.cs:line 75
0041A364: error: An error occurred while processing the statement (dwArg04 - 4<32>)[(dwArg0C >>u 2<32>) * 4<32>] = (dwArg08 - 4<32>)[(dwArg0C >>u 2<32>) * 4<32>].
    Not handling (ptr32 (struct (0 (arr T_17600) a0000))) and (union (uint32 u0) (ptr32 u1)) yet
       at Reko.Typing.ExpressionTypeDescender.PushSubtrahendDataType(DataType dtDiff, DataType dtMin) in /Users/runner/work/reko/reko/src/Decompiler/Typing/ExpressionTypeDescender.cs:line 422
   at Reko.Typing.ExpressionTypeDescender.VisitBinaryExpression(BinaryExpression binExp, TypeVariable tv) in /Users/runner/work/reko/reko/src/Decompiler/Typing/ExpressionTypeDescender.cs:line 257
   at Reko.Core.Expressions.BinaryExpression.Accept[T,C](ExpressionVisitor`2 v, C context) in /Users/runner/work/reko/reko/src/Core/Expressions/BinaryExpression.cs:line 54
   at Reko.Typing.ExpressionTypeDescender.VisitArrayAccess(ArrayAccess acc, TypeVariable tv) in /Users/runner/work/reko/reko/src/Decompiler/Typing/ExpressionTypeDescender.cs:line 188
   at Reko.Core.Expressions.ArrayAccess.Accept[T,C](ExpressionVisitor`2 v, C context) in /Users/runner/work/reko/reko/src/Core/Expressions/ArrayAccess.cs:line 48
   at Reko.Typing.TypeCollector.VisitStore(Store store) in /Users/runner/work/reko/reko/src/Decompiler/Typing/TypeCollector.cs:line 289
   at Reko.Core.Code.Store.Accept(InstructionVisitor v) in /Users/runner/work/reko/reko/src/Core/Code/Assignment.cs:line 87
   at Reko.Typing.TypeCollector.CollectTypes() in /Users/runner/work/reko/reko/src/Decompiler/Typing/TypeCollector.cs:line 75
fn0041100F: error: An error occurred while rewriting procedure to high-level language.
    Index was outside the bounds of the array.
       at Reko.Structure.StructureAnalysis.ReduceIfRegion(Region n) in /Users/runner/work/reko/reko/src/Decompiler/Structure/StructureAnalysis.cs:line 322
   at Reko.Structure.StructureAnalysis.ReduceAcyclic(Region n) in /Users/runner/work/reko/reko/src/Decompiler/Structure/StructureAnalysis.cs:line 232
   at Reko.Structure.StructureAnalysis.Execute() in /Users/runner/work/reko/reko/src/Decompiler/Structure/StructureAnalysis.cs:line 154
   at Reko.Structure.StructureAnalysis.Structure() in /Users/runner/work/reko/reko/src/Decompiler/Structure/StructureAnalysis.cs:line 80
   at Reko.Decompiler.StructureProgram() in /Users/runner/work/reko/reko/src/Decompiler/Decompiler.cs:line 628
fn00411262: error: An error occurred while rewriting procedure to high-level language.
    Index was outside the bounds of the array.
       at Reko.Structure.StructureAnalysis.ReduceIfRegion(Region n) in /Users/runner/work/reko/reko/src/Decompiler/Structure/StructureAnalysis.cs:line 322
   at Reko.Structure.StructureAnalysis.ReduceAcyclic(Region n) in /Users/runner/work/reko/reko/src/Decompiler/Structure/StructureAnalysis.cs:line 232
   at Reko.Structure.StructureAnalysis.Execute() in /Users/runner/work/reko/reko/src/Decompiler/Structure/StructureAnalysis.cs:line 154
   at Reko.Structure.StructureAnalysis.Structure() in /Users/runner/work/reko/reko/src/Decompiler/Structure/StructureAnalysis.cs:line 80
   at Reko.Decompiler.StructureProgram() in /Users/runner/work/reko/reko/src/Decompiler/Decompiler.cs:line 628
l0041F358: warning: Non-integral switch expression
l0041A418: warning: Non-integral switch expression
fn0041FD80: error: An error occurred while rewriting procedure to high-level language.
    The given key 'l0041FE60' was not present in the dictionary.
       at System.Collections.Generic.Dictionary`2.get_Item(TKey key)
   at Reko.Core.Lib.DominatorGraph`1.BuildDominanceFrontiers(DirectedGraph`1 graph, Dictionary`2 idoms) in /Users/runner/work/reko/reko/src/Core/Lib/DominatorGraph.cs:line 192
   at Reko.Core.Lib.DominatorGraph`1..ctor(DirectedGraph`1 graph, T entryNode) in /Users/runner/work/reko/reko/src/Core/Lib/DominatorGraph.cs:line 45
   at Reko.Structure.StructureAnalysis.BuildPostDoms() in /Users/runner/work/reko/reko/src/Decompiler/Structure/StructureAnalysis.cs:line 192
   at Reko.Structure.StructureAnalysis.FindIrregularSwitchFollowRegion(Region n) in /Users/runner/work/reko/reko/src/Decompiler/Structure/StructureAnalysis.cs:line 548
   at Reko.Structure.StructureAnalysis.RefineIncSwitch(Region n) in /Users/runner/work/reko/reko/src/Decompiler/Structure/StructureAnalysis.cs:line 491
   at Reko.Structure.StructureAnalysis.ProcessUnresolvedRegions() in /Users/runner/work/reko/reko/src/Decompiler/Structure/StructureAnalysis.cs:line 275
   at Reko.Structure.StructureAnalysis.Execute() in /Users/runner/work/reko/reko/src/Decompiler/Structure/StructureAnalysis.cs:line 168
   at Reko.Structure.StructureAnalysis.Structure() in /Users/runner/work/reko/reko/src/Decompiler/Structure/StructureAnalysis.cs:line 80
   at Reko.Decompiler.StructureProgram() in /Users/runner/work/reko/reko/src/Decompiler/Decompiler.cs:line 628
00411D04: warning: Expected sizes of arrays to have been determined by now
00411E4D: warning: Expected sizes of arrays to have been determined by now
0041A37C: warning: Expected sizes of arrays to have been determined by now
0041A518: warning: Expected sizes of arrays to have been determined by now
0041F2BC: warning: Expected sizes of arrays to have been determined by now
0041F458: warning: Expected sizes of arrays to have been determined by now
004251F8: warning: Expected sizes of arrays to have been determined by now
004255A8: warning: Expected sizes of arrays to have been determined by now
00426C18: warning: Expected sizes of arrays to have been determined by now
004273C0: warning: Expected sizes of arrays to have been determined by now
00428B60: warning: Expected sizes of arrays to have been determined by now
00428B70: warning: Expected sizes of arrays to have been determined by now
00428B98: warning: Expected sizes of arrays to have been determined by now
00428C60: warning: Expected sizes of arrays to have been determined by now
00428C64: warning: Expected sizes of arrays to have been determined by now
00428D1C: warning: Expected sizes of arrays to have been determined by now
00428D28: warning: Expected sizes of arrays to have been determined by now
00428D5C: warning: Expected sizes of arrays to have been determined by now
00428D80: warning: Expected sizes of arrays to have been determined by now
00429220: warning: Expected sizes of arrays to have been determined by now
00429224: warning: Expected sizes of arrays to have been determined by now
0042AE50: warning: Expected sizes of arrays to have been determined by now
00411D04: warning: Expected sizes of arrays to have been determined by now
00411E4D: warning: Expected sizes of arrays to have been determined by now
0041A37C: warning: Expected sizes of arrays to have been determined by now
0041A518: warning: Expected sizes of arrays to have been determined by now
0041F2BC: warning: Expected sizes of arrays to have been determined by now
0041F458: warning: Expected sizes of arrays to have been determined by now
004251F8: warning: Expected sizes of arrays to have been determined by now
004255A8: warning: Expected sizes of arrays to have been determined by now
00426C18: warning: Expected sizes of arrays to have been determined by now
004273C0: warning: Expected sizes of arrays to have been determined by now
00428B60: warning: Expected sizes of arrays to have been determined by now
00428B70: warning: Expected sizes of arrays to have been determined by now
00428B98: warning: Expected sizes of arrays to have been determined by now
00428C60: warning: Expected sizes of arrays to have been determined by now
00428C64: warning: Expected sizes of arrays to have been determined by now
00428D1C: warning: Expected sizes of arrays to have been determined by now
00428D28: warning: Expected sizes of arrays to have been determined by now
00428D5C: warning: Expected sizes of arrays to have been determined by now
00428D80: warning: Expected sizes of arrays to have been determined by now
00429220: warning: Expected sizes of arrays to have been determined by now
00429224: warning: Expected sizes of arrays to have been determined by now
0042AE50: warning: Expected sizes of arrays to have been determined by now
