=== Using options:--aggressive-branch-removal
00406907: warning: Call target address C1FE1B1C is invalid.
004061D6: warning: Call target address DBC0:CB84 is invalid.
004079A8: warning: Call target address B2E6:8014 is invalid.
004075FC: warning: Procedure fn00407737 previously had a return address of 6 bytes on the stack, but now seems to have a return address of 4 bytes on the stack.
004075FC: warning: Multiple different values of stack delta in procedure fn00407737 when processing RET instruction; was 6 previously.
00407BD1: warning: Call target address 060F3BD8 is invalid.
004063F6: warning: Call target address F7023BF1 is invalid.
/home/hawk/kza/decompiler-subjects.clean/malware_via_email/malware_1020/ia32_pe/subject.exe: error: An internal error occurred while analyzing /home/hawk/kza/decompiler-subjects.clean/malware_via_email/malware_1020/ia32_pe/subject.exe.
    Object reference not set to an instance of an object.
       at Reko.Analysis.ProjectionPropagator.ProjectionFilter.<>c.<FuseIdentifiers>b__18_0(SsaIdentifier a, SsaIdentifier b) in /home/runner/work/reko/reko/src/Decompiler/Analysis/ProjectionPropagator.cs:line 226
   at Reko.Analysis.ProjectionPropagator.ProjectionFilter.AllSame[T](T[] items, Func`3 cmp) in /home/runner/work/reko/reko/src/Decompiler/Analysis/ProjectionPropagator.cs:line 104
   at Reko.Analysis.ProjectionPropagator.ProjectionFilter.FuseIdentifiers(DataType dtWide, SsaIdentifier[] sids) in /home/runner/work/reko/reko/src/Decompiler/Analysis/ProjectionPropagator.cs:line 225
   at Reko.Analysis.ProjectionPropagator.ProjectionFilter.VisitMkSequence(MkSequence seq) in /home/runner/work/reko/reko/src/Decompiler/Analysis/ProjectionPropagator.cs:line 209
   at Reko.Core.Expressions.MkSequence.Accept[T](ExpressionVisitor`1 v) in /home/runner/work/reko/reko/src/Core/Expressions/MkSequence.cs:line 56
   at Reko.Core.Code.InstructionTransformer.TransformAssignment(Assignment a) in /home/runner/work/reko/reko/src/Core/Code/InstructionTransformer.cs:line 50
   at Reko.Analysis.ProjectionPropagator.Transform() in /home/runner/work/reko/reko/src/Decompiler/Analysis/ProjectionPropagator.cs:line 73
   at Reko.Analysis.SccWorker.Transform() in /home/runner/work/reko/reko/src/Decompiler/Analysis/SccWorker.cs:line 115
   at Reko.Analysis.DataFlowAnalysis.RewriteProceduresToSsa() in /home/runner/work/reko/reko/src/Decompiler/Analysis/DataFlowAnalysis.cs:line 178
   at Reko.Analysis.DataFlowAnalysis.UntangleProcedures() in /home/runner/work/reko/reko/src/Decompiler/Analysis/DataFlowAnalysis.cs:line 128
   at Reko.Decompiler.AnalyzeDataFlow() in /home/runner/work/reko/reko/src/Decompiler/Decompiler.cs:line 111
004063FD: error: An error occurred while processing the statement SZP = cond(Mem0[edx + 0<32>:word32] & 0x12D1C0F9<32>).
    Specified argument was out of the range of valid values. (Parameter 'bitSize')
       at Reko.Core.Types.PrimitiveType.CreateWord(Int32 bitSize) in /home/runner/work/reko/reko/src/Core/Types/PrimitiveType.cs:line 141
   at Reko.Core.Expressions.ExpressionTypeAscenderBase.VisitBinaryExpression(BinaryExpression binExp) in /home/runner/work/reko/reko/src/Core/Expressions/ExpressionTypeAscenderBase.cs:line 131
   at Reko.Core.Expressions.ExpressionTypeAscenderBase.VisitConditionOf(ConditionOf cof) in /home/runner/work/reko/reko/src/Core/Expressions/ExpressionTypeAscenderBase.cs:line 333
   at Reko.Typing.TypeCollector.VisitAssignment(Assignment ass) in /home/runner/work/reko/reko/src/Decompiler/Typing/TypeCollector.cs:line 186
   at Reko.Typing.TypeCollector.CollectTypes() in /home/runner/work/reko/reko/src/Decompiler/Typing/TypeCollector.cs:line 74
fn00407710_exit: warning: Phi functions will be ignored by type analysis. This may be caused by a failure in a previous stage of the decompilation.
fn00407710: warning: Structure analysis stopped making progress, quitting. Please report this issue at https://github.com/uxmal/reko
