Using options:
08049F14: warning: Unable to resolve imported reference !__gmon_start__.
0804A940: error: The method or operation is not implemented.
08062E1A: warning: Unable to determine format string for call to 'fprintf'.
08049E04: warning: Unable to resolve imported reference !sigemptyset.
0804A664: warning: Unable to resolve imported reference !sigaddset.
0804A5D4: warning: Unable to resolve imported reference !sigprocmask.
0804A5D4: warning: Unable to resolve imported reference !sigprocmask.
0804A444: warning: Unable to resolve imported reference !sigdelset.
0804A5D4: warning: Unable to resolve imported reference !sigprocmask.
080586B9: warning: Procedure camlBuffer__add_char_1072 previously had a return address of 4 bytes on the stack, but now seems to have a return address of 0 bytes on the stack.
08049F54: warning: Unable to resolve imported reference !__xstat64.
0804A494: warning: Unable to resolve imported reference !dlopen.
0804A044: warning: Unable to resolve imported reference !dlclose.
0804A214: warning: Unable to resolve imported reference !dlsym.
0804A634: warning: Unable to resolve imported reference !dlerror.
0804A264: warning: Unable to resolve imported reference !opendir.
0804A354: warning: Unable to resolve imported reference !readdir64.
0804A514: warning: Unable to resolve imported reference !closedir.
0804A674: warning: Unable to resolve imported reference !readlink.
08049F54: warning: Unable to resolve imported reference !__xstat64.
08049F54: warning: Unable to resolve imported reference !__xstat64.
0804A054: warning: Unable to resolve imported reference !rename.
0804A4B4: warning: Unable to resolve imported reference !chdir.
0804A6D4: warning: Unable to resolve imported reference !getcwd.
08049FE4: warning: Unable to resolve imported reference !system.
08049F54: warning: Unable to resolve imported reference !__xstat64.
0804A154: warning: Unable to resolve imported reference !getrusage.
0804A164: warning: Unable to resolve imported reference !gettimeofday.
0804A414: warning: Unable to resolve imported reference !getppid.
08049E64: warning: Unable to resolve imported reference !getpid.
0807154C: warning: The call or jump table has invalid addresses; stopping.
0804A844: warning: Unable to resolve imported reference !lseek64.
0804A844: warning: Unable to resolve imported reference !lseek64.
0804A844: warning: Unable to resolve imported reference !lseek64.
0804A844: warning: Unable to resolve imported reference !lseek64.
0804A844: warning: Unable to resolve imported reference !lseek64.
0804A424: warning: Unable to resolve imported reference !setlocale.
0804A2D4: warning: Unable to resolve imported reference !__ctype_b_loc.
08049F94: warning: Unable to resolve imported reference !strtod.
08049F94: warning: Unable to resolve imported reference !strtod.
0804A144: warning: Unable to resolve imported reference !exp.
0804A0D4: warning: Unable to resolve imported reference !floor.
08049DE4: warning: Unable to resolve imported reference !fmod.
0804A554: warning: Unable to resolve imported reference !frexp.
08049DC4: warning: Unable to resolve imported reference !ldexp.
0804A6E4: warning: Unable to resolve imported reference !log.
0804A594: warning: Unable to resolve imported reference !log10.
0804A0E4: warning: Unable to resolve imported reference !modf.
0804A254: warning: Unable to resolve imported reference !sqrt.
0804A024: warning: Unable to resolve imported reference !pow.
0804A7F4: warning: Unable to resolve imported reference !sin.
08049F34: warning: Unable to resolve imported reference !sinh.
0804A3C4: warning: Unable to resolve imported reference !cos.
0804A7D4: warning: Unable to resolve imported reference !cosh.
0804A7A4: warning: Unable to resolve imported reference !tan.
0804A314: warning: Unable to resolve imported reference !tanh.
08049ED4: warning: Unable to resolve imported reference !asin.
0804A364: warning: Unable to resolve imported reference !acos.
0804A1D4: warning: Unable to resolve imported reference !atan.
0804A604: warning: Unable to resolve imported reference !atan2.
0804A8E4: warning: Unable to resolve imported reference !ceil.
0804A174: warning: Unable to resolve imported reference !expm1.
08049EB4: warning: Unable to resolve imported reference !log1p.
0804A1E4: warning: Unable to resolve imported reference !__fpclassify.
08062DB8: warning: Unable to determine format string for call to 'fprintf'.
08062D70: warning: Unable to determine format string for call to 'fprintf'.
08062D8B: warning: Unable to determine format string for call to 'fprintf'.
0804A754: warning: Unable to resolve imported reference !getrlimit64.
08049E04: warning: Unable to resolve imported reference !sigemptyset.
0804A234: warning: Unable to resolve imported reference !sigaction.
08049E04: warning: Unable to resolve imported reference !sigemptyset.
0804A234: warning: Unable to resolve imported reference !sigaction.
08049E04: warning: Unable to resolve imported reference !sigemptyset.
0804A134: warning: Unable to resolve imported reference !sigaltstack.
0804A234: warning: Unable to resolve imported reference !sigaction.
0804A874: warning: Unable to resolve imported reference !__sigsetjmp.
08049F44: warning: Unable to resolve imported reference !__isoc99_sscanf.
08049F44: warning: Unable to resolve imported reference !__isoc99_sscanf.
0804A0C4: warning: Unable to resolve imported reference !wait.
0804A434: warning: Unable to resolve imported reference !waitpid.
0804A304: warning: Unable to resolve imported reference !umask.
0804A224: warning: Unable to resolve imported reference !truncate64.
0804A224: warning: Unable to resolve imported reference !truncate64.
0804A154: warning: Unable to resolve imported reference !getrusage.
0804A154: warning: Unable to resolve imported reference !getrusage.
0804A0F4: warning: Unable to resolve imported reference !tcgetattr.
0804A694: warning: Unable to resolve imported reference !cfgetospeed.
08049F74: warning: Unable to resolve imported reference !cfgetispeed.
0804A0F4: warning: Unable to resolve imported reference !tcgetattr.
0804A384: warning: Unable to resolve imported reference !cfsetospeed.
0804A8A4: warning: Unable to resolve imported reference !cfsetispeed.
0804A814: warning: Unable to resolve imported reference !tcsendbreak.
0804A124: warning: Unable to resolve imported reference !tcdrain.
0804A294: warning: Unable to resolve imported reference !tcflush.
08049E34: warning: Unable to resolve imported reference !tcflow.
0804A2A4: warning: Unable to resolve imported reference !symlink.
08049E14: warning: Unable to resolve imported reference !inet_ntop.
08049E14: warning: Unable to resolve imported reference !inet_ntop.
08049F54: warning: Unable to resolve imported reference !__xstat64.
0804A1C4: warning: Unable to resolve imported reference !__lxstat64.
0804A714: warning: Unable to resolve imported reference !__fxstat64.
08049F54: warning: Unable to resolve imported reference !__xstat64.
0804A1C4: warning: Unable to resolve imported reference !__lxstat64.
0804A714: warning: Unable to resolve imported reference !__fxstat64.
0804A7B4: warning: Unable to resolve imported reference !getsockopt.
0804A724: warning: Unable to resolve imported reference !setsockopt.
08049FA4: warning: Unable to resolve imported reference !socketpair.
0804A654: warning: Unable to resolve imported reference !sleep.
08049E04: warning: Unable to resolve imported reference !sigemptyset.
0804A664: warning: Unable to resolve imported reference !sigaddset.
0804A5D4: warning: Unable to resolve imported reference !sigprocmask.
08049F04: warning: Unable to resolve imported reference !sigismember.
0804A4F4: warning: Unable to resolve imported reference !sigpending.
0804A8C4: warning: Unable to resolve imported reference !sigsuspend.
08049EE4: warning: Unable to resolve imported reference !shutdown.
0804A324: warning: Unable to resolve imported reference !setuid.
0804A094: warning: Unable to resolve imported reference !setsid.
08049E54: warning: Unable to resolve imported reference !setgroups.
0804A7C4: warning: Unable to resolve imported reference !setgid.
08049FB4: warning: Unable to resolve imported reference !recv.
0804A824: warning: Unable to resolve imported reference !recvfrom.
0804A6C4: warning: Unable to resolve imported reference !send.
0804A014: warning: Unable to resolve imported reference !sendto.
0804A504: warning: Unable to resolve imported reference !select.
0804A624: warning: Unable to resolve imported reference !rmdir.
0804A544: warning: Unable to resolve imported reference !rewinddir.
0804A054: warning: Unable to resolve imported reference !rename.
0804A674: warning: Unable to resolve imported reference !readlink.
0804A354: warning: Unable to resolve imported reference !readdir64.
0804A4E4: warning: Unable to resolve imported reference !putenv.
0804A794: warning: Unable to resolve imported reference !pipe.
0804A264: warning: Unable to resolve imported reference !opendir.
0804A404: warning: Unable to resolve imported reference !nice.
0804A4A4: warning: Unable to resolve imported reference !mkfifo.
0804A844: warning: Unable to resolve imported reference !lseek64.
0804A844: warning: Unable to resolve imported reference !lseek64.
0804A034: warning: Unable to resolve imported reference !listen.
0804A784: warning: Unable to resolve imported reference !link.
0804A7E4: warning: Unable to resolve imported reference !kill.
0804A0E4: warning: Unable to resolve imported reference !modf.
0804A8E4: warning: Unable to resolve imported reference !ceil.
0804A084: warning: Unable to resolve imported reference !setitimer.
0804A854: warning: Unable to resolve imported reference !getitimer.
0804A2E4: warning: Unable to resolve imported reference !isatty.
0804A564: warning: Unable to resolve imported reference !initgroups.
0804A764: warning: Unable to resolve imported reference !gmtime.
0804A344: warning: Unable to resolve imported reference !mktime.
08049E94: warning: Unable to resolve imported reference !getsockname.
0804A884: warning: Unable to resolve imported reference !getservbyname.
0804A194: warning: Unable to resolve imported reference !getservbyport.
0804A164: warning: Unable to resolve imported reference !gettimeofday.
0804A834: warning: Unable to resolve imported reference !getpwnam.
0804A0A4: warning: Unable to resolve imported reference !getprotobyname.
0804A1F4: warning: Unable to resolve imported reference !getprotobynumber.
0804A414: warning: Unable to resolve imported reference !getppid.
08049E64: warning: Unable to resolve imported reference !getpid.
0804A804: warning: Unable to resolve imported reference !getpeername.
0804A6A4: warning: Unable to resolve imported reference !getnameinfo.
0804A064: warning: Unable to resolve imported reference !getlogin.
0804A5F4: warning: Unable to resolve imported reference !gethostname.
0804A274: warning: Unable to resolve imported reference !gethostbyaddr_r.
0804A454: warning: Unable to resolve imported reference !__h_errno_location.
0804A6F4: warning: Unable to resolve imported reference !gethostbyname_r.
0804A774: warning: Unable to resolve imported reference !getgroups.
08049F84: warning: Unable to resolve imported reference !getgrnam.
0804A644: warning: Unable to resolve imported reference !getgrgid.
0804A8D4: warning: Unable to resolve imported reference !getgid.
0804A484: warning: Unable to resolve imported reference !getegid.
0804A6D4: warning: Unable to resolve imported reference !getcwd.
0804A2F4: warning: Unable to resolve imported reference !getaddrinfo.
08049EC4: warning: Unable to resolve imported reference !freeaddrinfo.
0804A5B4: warning: Unable to resolve imported reference !ftruncate64.
0804A5B4: warning: Unable to resolve imported reference !ftruncate64.
0804A704: warning: Unable to resolve imported reference !fork.
08049FF4: warning: Unable to resolve imported reference !fchown.
0804A8B4: warning: Unable to resolve imported reference !fchmod.
0804A3B4: warning: Unable to resolve imported reference !execvp.
0804A3B4: warning: Unable to resolve imported reference !execvp.
0804A5A4: warning: Unable to resolve imported reference !execve.
0804A3A4: warning: Unable to resolve imported reference !execv.
0804A2C4: warning: Unable to resolve imported reference !dup2.
0804A334: warning: Unable to resolve imported reference !dup.
08049E44: warning: Unable to resolve imported reference !connect.
0804A514: warning: Unable to resolve imported reference !closedir.
0804A474: warning: Unable to resolve imported reference !chroot.
0804A5E4: warning: Unable to resolve imported reference !chown.
0804A4B4: warning: Unable to resolve imported reference !chdir.
0804A4C4: warning: Unable to resolve imported reference !bind.
0804A3D4: warning: Unable to resolve imported reference !alarm.
0804A1B4: warning: Unable to resolve imported reference !inet_pton.
0804A1B4: warning: Unable to resolve imported reference !inet_pton.
0804A204: warning: Unable to resolve imported reference !access.
0804A284: warning: Unable to resolve imported reference !accept.
08055568: warning: Procedure camlString__sub_1046 previously had a return address of 4 bytes on the stack, but now seems to have a return address of 0 bytes on the stack.
0805B011: warning: Procedure camlPrintf__index_of_int_1037 previously had a return address of 4 bytes on the stack, but now seems to have a return address of 0 bytes on the stack.
08059851: warning: Can't determine size of jump vector; probing only one entry.
08059840: error: Value does not fall within the expected range.
080595A9: warning: Procedure camlPrintf__scan_fmt_1144 previously had a return address of 4 bytes on the stack, but now seems to have a return address of 0 bytes on the stack.
08079F68: warning: The call or jump table has invalid addresses; stopping.
08059A16: warning: Procedure camlPrintf__list_iter_i_1201 previously had a return address of 4 bytes on the stack, but now seems to have a return address of 0 bytes on the stack.
08059ABC: warning: Procedure camlPrintf__mkprintf_1345 previously had a return address of 4 bytes on the stack, but now seems to have a return address of 0 bytes on the stack.
0805B8CF: warning: Procedure camlPrintf__mkprintf_1345 previously had a return address of 4 bytes on the stack, but now seems to have a return address of 0 bytes on the stack.
0805A4E9: warning: Procedure camlPrintf__fun_1600 previously had a return address of 4 bytes on the stack, but now seems to have a return address of 0 bytes on the stack.
0805BC74: warning: Procedure camlPrintf__fun_1600 previously had a return address of 4 bytes on the stack, but now seems to have a return address of 0 bytes on the stack.
0805BE27: warning: Procedure camlPrintf__mkprintf_1345 previously had a return address of 4 bytes on the stack, but now seems to have a return address of 0 bytes on the stack.
0805BFA5: warning: Procedure camlPrintf__get_buff_1402 previously had a return address of 4 bytes on the stack, but now seems to have a return address of 0 bytes on the stack.
08058D5D: warning: Procedure camlPrintf__sub_sub_1129 previously had a return address of 0 bytes on the stack, but now seems to have a return address of 4 bytes on the stack.
0805B521: warning: Procedure camlPrintf__extract_format_float_1110 previously had a return address of 4 bytes on the stack, but now seems to have a return address of 0 bytes on the stack.
0805B1E9: warning: Procedure camlPrintf__parse_string_conversion_1067 previously had a return address of 0 bytes on the stack, but now seems to have a return address of 4 bytes on the stack.
0805B314: warning: Procedure camlPrintf__format_string_1080 previously had a return address of 4 bytes on the stack, but now seems to have a return address of 0 bytes on the stack.
08079F00: warning: The call or jump table has invalid addresses; stopping.
0805AD2D: warning: Procedure camlPrintf__scan_flags_1292 previously had a return address of 0 bytes on the stack, but now seems to have a return address of 4 bytes on the stack.
0805AD2D: warning: Procedure camlPrintf__scan_flags_1292 previously had a return address of 0 bytes on the stack, but now seems to have a return address of 4 bytes on the stack.
0805AD2D: warning: Procedure camlPrintf__scan_flags_1292 previously had a return address of 0 bytes on the stack, but now seems to have a return address of 4 bytes on the stack.
0805AD2D: warning: Procedure camlPrintf__scan_flags_1292 previously had a return address of 0 bytes on the stack, but now seems to have a return address of 4 bytes on the stack.
0805AD2D: warning: Procedure camlPrintf__scan_flags_1292 previously had a return address of 0 bytes on the stack, but now seems to have a return address of 4 bytes on the stack.
0805A561: warning: Procedure camlPrintf__get_arg_1288 previously had a return address of 4 bytes on the stack, but now seems to have a return address of 0 bytes on the stack.
0805B818: warning: Procedure camlPrintf__list_iter_i_1201 previously had a return address of 4 bytes on the stack, but now seems to have a return address of 0 bytes on the stack.
08058E9B: warning: Procedure camlPrintf__fun_1565 previously had a return address of 4 bytes on the stack, but now seems to have a return address of 0 bytes on the stack.
0805835E: warning: Procedure camlBuffer__add_substitute_1122 previously had a return address of 4 bytes on the stack, but now seems to have a return address of 0 bytes on the stack.
080581CD: warning: Procedure camlBuffer__advance_to_non_alpha_1108 previously had a return address of 4 bytes on the stack, but now seems to have a return address of 0 bytes on the stack.
080581A8: warning: Can't determine size of jump vector; probing only one entry.
08058190: error: Value does not fall within the expected range.
080580EA: warning: Procedure camlBuffer__advance_to_closing_1098 previously had a return address of 0 bytes on the stack, but now seems to have a return address of 4 bytes on the stack.
0804F915: warning: Procedure camlBuffer__output_buffer_1094 previously had a return address of 4 bytes on the stack, but now seems to have a return address of 0 bytes on the stack.
08055620: warning: Procedure camlString__blit_1056 previously had a return address of 4 bytes on the stack, but now seems to have a return address of 0 bytes on the stack.
0804FAB0: warning: Procedure camlPervasives__really_input_1235 previously had a return address of 0 bytes on the stack, but now seems to have a return address of 4 bytes on the stack.
080584E5: warning: Procedure camlBuffer__nth_1057 previously had a return address of 4 bytes on the stack, but now seems to have a return address of 0 bytes on the stack.
080584A5: warning: Procedure camlBuffer__blit_1051 previously had a return address of 4 bytes on the stack, but now seems to have a return address of 0 bytes on the stack.
08058458: warning: Procedure camlBuffer__sub_1046 previously had a return address of 4 bytes on the stack, but now seems to have a return address of 0 bytes on the stack.
08058B6F: warning: Procedure camlBuffer__add_substitute_1122 previously had a return address of 4 bytes on the stack, but now seems to have a return address of 0 bytes on the stack.
08058981: warning: Procedure camlBuffer__advance_to_non_alpha_1108 previously had a return address of 4 bytes on the stack, but now seems to have a return address of 0 bytes on the stack.
08057B67: warning: Procedure fn08057B00 previously had a return address of 4 bytes on the stack, but now seems to have a return address of 0 bytes on the stack.
080566BA: warning: Procedure camlHashtbl__insert_bucket_1068 previously had a return address of 4 bytes on the stack, but now seems to have a return address of 0 bytes on the stack.
080574A3: warning: Procedure camlHashtbl__replace_1112 previously had a return address of 0 bytes on the stack, but now seems to have a return address of 4 bytes on the stack.
08057AE8: warning: Procedure camlHashtbl__replace_1112 previously had a return address of 0 bytes on the stack, but now seems to have a return address of 4 bytes on the stack.
080574B8: warning: Procedure camlHashtbl__replace_1112 previously had a return address of 0 bytes on the stack, but now seems to have a return address of 4 bytes on the stack.
08057AF9: warning: Procedure camlHashtbl__replace_1112 previously had a return address of 0 bytes on the stack, but now seems to have a return address of 4 bytes on the stack.
08057B62: warning: Procedure fn08057B00 previously had a return address of 4 bytes on the stack, but now seems to have a return address of 0 bytes on the stack.
08057999: warning: Procedure camlHashtbl__find_all_1105 previously had a return address of 4 bytes on the stack, but now seems to have a return address of 0 bytes on the stack.
080575A8: warning: Procedure camlHashtbl__add_1074 previously had a return address of 0 bytes on the stack, but now seems to have a return address of 4 bytes on the stack.
080575BD: warning: Procedure camlHashtbl__add_1074 previously had a return address of 0 bytes on the stack, but now seems to have a return address of 4 bytes on the stack.
08057187: warning: Procedure fn08057120 previously had a return address of 4 bytes on the stack, but now seems to have a return address of 0 bytes on the stack.
08057108: warning: Procedure camlHashtbl__replace_1217 previously had a return address of 0 bytes on the stack, but now seems to have a return address of 4 bytes on the stack.
08057119: warning: Procedure camlHashtbl__replace_1217 previously had a return address of 0 bytes on the stack, but now seems to have a return address of 4 bytes on the stack.
08057182: warning: Procedure fn08057120 previously had a return address of 4 bytes on the stack, but now seems to have a return address of 0 bytes on the stack.
08056EC9: warning: Procedure camlHashtbl__find_1198 previously had a return address of 4 bytes on the stack, but now seems to have a return address of 0 bytes on the stack.
08056E0E: warning: Procedure camlHashtbl__find_1198 previously had a return address of 4 bytes on the stack, but now seems to have a return address of 0 bytes on the stack.
08056C29: warning: Procedure camlHashtbl__remove_1185 previously had a return address of 4 bytes on the stack, but now seems to have a return address of 0 bytes on the stack.
08056B18: warning: Procedure camlHashtbl__add_1179 previously had a return address of 0 bytes on the stack, but now seems to have a return address of 4 bytes on the stack.
08056B2D: warning: Procedure camlHashtbl__add_1179 previously had a return address of 0 bytes on the stack, but now seems to have a return address of 4 bytes on the stack.
08057C00: warning: Procedure camlHashtbl__mem_1122 previously had a return address of 4 bytes on the stack, but now seems to have a return address of 0 bytes on the stack.
0805724B: warning: Procedure camlHashtbl__mem_1227 previously had a return address of 4 bytes on the stack, but now seems to have a return address of 0 bytes on the stack.
0805613A: warning: Procedure camlSys__catch_break_1082 previously had a return address of 4 bytes on the stack, but now seems to have a return address of 0 bytes on the stack.
08056155: warning: Procedure camlSys__catch_break_1082 previously had a return address of 4 bytes on the stack, but now seems to have a return address of 0 bytes on the stack.
08055F95: warning: Procedure camlString__rcontains_from_1140 previously had a return address of 4 bytes on the stack, but now seems to have a return address of 0 bytes on the stack.
08055F05: warning: Procedure camlString__contains_1137 previously had a return address of 4 bytes on the stack, but now seems to have a return address of 0 bytes on the stack.
08055F12: warning: Procedure camlString__contains_1137 previously had a return address of 4 bytes on the stack, but now seems to have a return address of 0 bytes on the stack.
08055E75: warning: Procedure camlString__rindex_from_1128 previously had a return address of 4 bytes on the stack, but now seems to have a return address of 0 bytes on the stack.
08055DB5: warning: Procedure camlString__index_from_1116 previously had a return address of 4 bytes on the stack, but now seems to have a return address of 0 bytes on the stack.
08055CE2: warning: Procedure camlString__uncapitalize_1106 previously had a return address of 4 bytes on the stack, but now seems to have a return address of 0 bytes on the stack.
08055C52: warning: Procedure camlString__lowercase_1098 previously had a return address of 4 bytes on the stack, but now seems to have a return address of 0 bytes on the stack.
08078150: warning: The call or jump table has invalid addresses; stopping.
080555B5: warning: Procedure camlString__fill_1051 previously had a return address of 4 bytes on the stack, but now seems to have a return address of 0 bytes on the stack.
0805519B: warning: Can't determine size of jump vector; probing only one entry.
08055175: warning: Procedure camlChar__chr_1032 previously had a return address of 4 bytes on the stack, but now seems to have a return address of 0 bytes on the stack.
08054F87: warning: Procedure camlList__stable_sort_1248 previously had a return address of 4 bytes on the stack, but now seems to have a return address of 0 bytes on the stack.
08054D38: warning: Procedure camlList__combine_1226 previously had a return address of 4 bytes on the stack, but now seems to have a return address of 0 bytes on the stack.
080547B8: warning: Procedure camlList__exists2_1153 previously had a return address of 4 bytes on the stack, but now seems to have a return address of 0 bytes on the stack.
08054748: warning: Procedure camlList__for_all2_1145 previously had a return address of 4 bytes on the stack, but now seems to have a return address of 0 bytes on the stack.
0805462A: warning: Procedure camlList__fold_right2_1128 previously had a return address of 0 bytes on the stack, but now seems to have a return address of 4 bytes on the stack.
080545D8: warning: Procedure camlList__fold_left2_1119 previously had a return address of 4 bytes on the stack, but now seems to have a return address of 0 bytes on the stack.
08054578: warning: Procedure camlList__iter2_1111 previously had a return address of 4 bytes on the stack, but now seems to have a return address of 0 bytes on the stack.
08053438: warning: Procedure camlList__rev_map2_1099 previously had a return address of 4 bytes on the stack, but now seems to have a return address of 0 bytes on the stack.
080544B8: warning: Procedure camlList__map2_1090 previously had a return address of 4 bytes on the stack, but now seems to have a return address of 0 bytes on the stack.
08054425: warning: Procedure camlList__fold_right_1084 previously had a return address of 0 bytes on the stack, but now seems to have a return address of 4 bytes on the stack.
0805428C: warning: Procedure camlList__flatten_1058 previously had a return address of 4 bytes on the stack, but now seems to have a return address of 0 bytes on the stack.
0805331F: warning: Procedure camlList__nth_1042 previously had a return address of 0 bytes on the stack, but now seems to have a return address of 4 bytes on the stack.
080541E5: warning: Procedure camlList__tl_1039 previously had a return address of 4 bytes on the stack, but now seems to have a return address of 0 bytes on the stack.
080541C5: warning: Procedure camlList__hd_1036 previously had a return address of 4 bytes on the stack, but now seems to have a return address of 0 bytes on the stack.
0805411F: warning: Procedure camlList__sort_1271 previously had a return address of 4 bytes on the stack, but now seems to have a return address of 0 bytes on the stack.
08053C5F: warning: Procedure camlList__rev_sort_1272 previously had a return address of 4 bytes on the stack, but now seems to have a return address of 0 bytes on the stack.
08054C0F: warning: Procedure camlList__partition_1212 previously had a return address of 4 bytes on the stack, but now seems to have a return address of 0 bytes on the stack.
08054508: warning: Procedure camlList__rev_map2_1099 previously had a return address of 4 bytes on the stack, but now seems to have a return address of 0 bytes on the stack.
08054358: warning: Procedure camlList__rev_map_1067 previously had a return address of 4 bytes on the stack, but now seems to have a return address of 0 bytes on the stack.
08052274: warning: Procedure camlArray__sortto_1217 previously had a return address of 0 bytes on the stack, but now seems to have a return address of 4 bytes on the stack.
08052349: warning: Procedure camlArray__sortto_1217 previously had a return address of 0 bytes on the stack, but now seems to have a return address of 4 bytes on the stack.
080531D5: warning: Procedure camlArray__stable_sort_1188 previously had a return address of 4 bytes on the stack, but now seems to have a return address of 0 bytes on the stack.
080518BD: warning: Procedure camlArray__stable_sort_1188 previously had a return address of 4 bytes on the stack, but now seems to have a return address of 0 bytes on the stack.
08050B77: warning: Procedure camlArray__maxson_1155 previously had a return address of 0 bytes on the stack, but now seems to have a return address of 4 bytes on the stack.
08050C7E: warning: Procedure camlArray__maxson_1155 previously had a return address of 0 bytes on the stack, but now seems to have a return address of 4 bytes on the stack.
08050C69: warning: Procedure camlArray__maxson_1155 previously had a return address of 0 bytes on the stack, but now seems to have a return address of 4 bytes on the stack.
08050F0D: warning: Procedure camlArray__trickledown_1160 previously had a return address of 0 bytes on the stack, but now seems to have a return address of 4 bytes on the stack.
0805100C: warning: Procedure camlArray__trickle_1165 previously had a return address of 4 bytes on the stack, but now seems to have a return address of 0 bytes on the stack.
080513DD: warning: Procedure camlArray__trickleup_1178 previously had a return address of 0 bytes on the stack, but now seems to have a return address of 4 bytes on the stack.
0805137E: warning: Procedure camlArray__trickleup_1178 previously had a return address of 0 bytes on the stack, but now seems to have a return address of 4 bytes on the stack.
0805210B: warning: Procedure camlArray__fill_1087 previously had a return address of 0 bytes on the stack, but now seems to have a return address of 4 bytes on the stack.
08051F20: warning: Procedure camlArray__sub_1081 previously had a return address of 0 bytes on the stack, but now seems to have a return address of 4 bytes on the stack.
08052040: warning: Procedure camlArray__sub_1081 previously had a return address of 0 bytes on the stack, but now seems to have a return address of 4 bytes on the stack.
08050833: warning: Procedure camlArray__find_init_1077 previously had a return address of 4 bytes on the stack, but now seems to have a return address of 0 bytes on the stack.
080530D5: warning: Procedure camlArray__stable_sort_1188 previously had a return address of 4 bytes on the stack, but now seems to have a return address of 0 bytes on the stack.
0804F0CA: warning: Procedure camlPervasives__string_of_float_1140 previously had a return address of 4 bytes on the stack, but now seems to have a return address of 0 bytes on the stack.
0804FDF3: warning: Procedure camlPervasives__read_line_1288 previously had a return address of 4 bytes on the stack, but now seems to have a return address of 0 bytes on the stack.
0804FA95: warning: Procedure camlPervasives__input_1224 previously had a return address of 4 bytes on the stack, but now seems to have a return address of 0 bytes on the stack.
0804FA37: warning: Procedure camlPervasives__open_in_bin_1220 previously had a return address of 4 bytes on the stack, but now seems to have a return address of 0 bytes on the stack.
08058858: warning: Procedure camlBuffer__output_buffer_1094 previously had a return address of 4 bytes on the stack, but now seems to have a return address of 0 bytes on the stack.
0804F867: warning: Procedure camlPervasives__open_out_bin_1181 previously had a return address of 4 bytes on the stack, but now seems to have a return address of 0 bytes on the stack.
0804F7B0: warning: Procedure camlPervasives__string_of_float_1140 previously had a return address of 4 bytes on the stack, but now seems to have a return address of 0 bytes on the stack.
0804F715: warning: Procedure camlPervasives__bool_of_string_1129 previously had a return address of 0 bytes on the stack, but now seems to have a return address of 4 bytes on the stack.
0804F705: warning: Procedure camlPervasives__bool_of_string_1129 previously had a return address of 0 bytes on the stack, but now seems to have a return address of 4 bytes on the stack.
0804F695: warning: Procedure camlPervasives__char_of_int_1120 previously had a return address of 4 bytes on the stack, but now seems to have a return address of 0 bytes on the stack.
0804E734: warning: Procedure fn0804E6FA previously had a return address of 4 bytes on the stack, but now seems to have a return address of 0 bytes on the stack.
0804E734: warning: Procedure fn0804E6FA previously had a return address of 4 bytes on the stack, but now seems to have a return address of 0 bytes on the stack.
0804E6F5: warning: Procedure camlUnix__entry previously had a return address of 0 bytes on the stack, but now seems to have a return address of 4 bytes on the stack.
0804E71E: warning: Procedure fn0804E6FA previously had a return address of 4 bytes on the stack, but now seems to have a return address of 0 bytes on the stack.
0804D8F5: warning: Procedure camlUnix__open_proc_full_1975 previously had a return address of 0 bytes on the stack, but now seems to have a return address of 4 bytes on the stack.
0804D501: warning: Procedure camlUnix__open_proc_1949 previously had a return address of 0 bytes on the stack, but now seems to have a return address of 4 bytes on the stack.
0804CEF9: warning: Procedure fn0804CEC1 previously had a return address of 0 bytes on the stack, but now seems to have a return address of 4 bytes on the stack.
0804CF90: warning: Procedure fn0804CF00 previously had a return address of 4 bytes on the stack, but now seems to have a return address of 0 bytes on the stack.
0804CE43: warning: Procedure camlUnix__getnameinfo_1781 previously had a return address of 4 bytes on the stack, but now seems to have a return address of 0 bytes on the stack.
0804D041: warning: Procedure camlUnix__getnameinfo_1781 previously had a return address of 4 bytes on the stack, but now seems to have a return address of 0 bytes on the stack.
0804CACF: warning: Procedure camlUnix__getaddrinfo_1751 previously had a return address of 4 bytes on the stack, but now seems to have a return address of 0 bytes on the stack.
0804CB1D: warning: Procedure camlUnix__getaddrinfo_1751 previously had a return address of 4 bytes on the stack, but now seems to have a return address of 0 bytes on the stack.
0804CB5D: warning: Procedure camlUnix__getaddrinfo_1751 previously had a return address of 4 bytes on the stack, but now seems to have a return address of 0 bytes on the stack.
0804CB79: warning: Procedure camlUnix__getaddrinfo_1751 previously had a return address of 4 bytes on the stack, but now seems to have a return address of 0 bytes on the stack.
0804CC09: warning: Procedure camlUnix__getaddrinfo_1751 previously had a return address of 4 bytes on the stack, but now seems to have a return address of 0 bytes on the stack.
0804CD39: warning: Procedure camlUnix__getaddrinfo_1751 previously had a return address of 4 bytes on the stack, but now seems to have a return address of 0 bytes on the stack.
0804C738: warning: Procedure camlUnix__sendto_1576 previously had a return address of 4 bytes on the stack, but now seems to have a return address of 0 bytes on the stack.
0804C6D5: warning: Procedure camlUnix__send_1570 previously had a return address of 4 bytes on the stack, but now seems to have a return address of 0 bytes on the stack.
0804C685: warning: Procedure camlUnix__recvfrom_1564 previously had a return address of 4 bytes on the stack, but now seems to have a return address of 0 bytes on the stack.
0804C635: warning: Procedure camlUnix__recv_1558 previously had a return address of 4 bytes on the stack, but now seems to have a return address of 0 bytes on the stack.
0804C475: warning: Procedure camlUnix__single_write_1247 previously had a return address of 4 bytes on the stack, but now seems to have a return address of 0 bytes on the stack.
0804C425: warning: Procedure camlUnix__write_1242 previously had a return address of 4 bytes on the stack, but now seems to have a return address of 0 bytes on the stack.
0804C3D5: warning: Procedure camlUnix__read_1237 previously had a return address of 4 bytes on the stack, but now seems to have a return address of 0 bytes on the stack.
0804CDD8: error: An error occurred while processing instruction at address 0804CDD8.
    The given key was not present in the dictionary.
      at System.ThrowHelper.ThrowKeyNotFoundException () <0x416a9f30 + 0x0001f> in <filename unknown>:0 
  at System.Collections.Generic.Dictionary`2[TKey,TValue].get_Item (System.Collections.Generic.TKey key) <0x414a9bb0 + 0x0004b> in <filename unknown>:0 
  at Reko.Analysis.ExpressionPropagator.GetStackDepthBeforeCall () <0x416a9370 + 0x00073> in <filename unknown>:0 
  at Reko.Analysis.ExpressionPropagator.VisitCallInstruction (Reko.Core.Code.CallInstruction ci) <0x416a9000 + 0x0005f> in <filename unknown>:0 
  at Reko.Core.Code.CallInstruction.Accept[T] (InstructionVisitor`1 visitor) <0x4167f390 + 0x00030> in <filename unknown>:0 
  at Reko.Analysis.TrashedRegisterFinder.RewriteBlock (Reko.Core.Block block) <0x416a68b0 + 0x001c0> in <filename unknown>:0 
0804CE30: error: An error occurred while processing instruction at address 0804CE30.
    The given key was not present in the dictionary.
      at System.ThrowHelper.ThrowKeyNotFoundException () <0x416a9f30 + 0x0001f> in <filename unknown>:0 
  at System.Collections.Generic.Dictionary`2[TKey,TValue].get_Item (System.Collections.Generic.TKey key) <0x414a9bb0 + 0x0004b> in <filename unknown>:0 
  at Reko.Analysis.ExpressionPropagator.GetStackDepthBeforeCall () <0x416a9370 + 0x00073> in <filename unknown>:0 
  at Reko.Analysis.ExpressionPropagator.VisitCallInstruction (Reko.Core.Code.CallInstruction ci) <0x416a9000 + 0x0005f> in <filename unknown>:0 
  at Reko.Core.Code.CallInstruction.Accept[T] (InstructionVisitor`1 visitor) <0x4167f390 + 0x00030> in <filename unknown>:0 
  at Reko.Analysis.TrashedRegisterFinder.RewriteBlock (Reko.Core.Block block) <0x416a68b0 + 0x001c0> in <filename unknown>:0 
0804E726: error: An error occurred while processing instruction at address 0804E726.
    The given key was not present in the dictionary.
      at System.ThrowHelper.ThrowKeyNotFoundException () <0x416a9f30 + 0x0001f> in <filename unknown>:0 
  at System.Collections.Generic.Dictionary`2[TKey,TValue].get_Item (System.Collections.Generic.TKey key) <0x414a9bb0 + 0x0004b> in <filename unknown>:0 
  at Reko.Analysis.ExpressionPropagator.GetStackDepthBeforeCall () <0x416a9370 + 0x00073> in <filename unknown>:0 
  at Reko.Analysis.ExpressionPropagator.VisitCallInstruction (Reko.Core.Code.CallInstruction ci) <0x416a9000 + 0x0005f> in <filename unknown>:0 
  at Reko.Core.Code.CallInstruction.Accept[T] (InstructionVisitor`1 visitor) <0x4167f390 + 0x00030> in <filename unknown>:0 
  at Reko.Analysis.TrashedRegisterFinder.RewriteBlock (Reko.Core.Block block) <0x416a68b0 + 0x001c0> in <filename unknown>:0 
0804E734: error: An error occurred while processing instruction at address 0804E734.
    The given key was not present in the dictionary.
      at System.ThrowHelper.ThrowKeyNotFoundException () <0x416a9f30 + 0x0001f> in <filename unknown>:0 
  at System.Collections.Generic.Dictionary`2[TKey,TValue].get_Item (System.Collections.Generic.TKey key) <0x414a9bb0 + 0x0004b> in <filename unknown>:0 
  at Reko.Analysis.ExpressionPropagator.GetStackDepthBeforeCall () <0x416a9370 + 0x00073> in <filename unknown>:0 
  at Reko.Analysis.ExpressionPropagator.VisitCallInstruction (Reko.Core.Code.CallInstruction ci) <0x416a9000 + 0x0005f> in <filename unknown>:0 
  at Reko.Core.Code.CallInstruction.Accept[T] (InstructionVisitor`1 visitor) <0x4167f390 + 0x00030> in <filename unknown>:0 
  at Reko.Analysis.TrashedRegisterFinder.RewriteBlock (Reko.Core.Block block) <0x416a68b0 + 0x001c0> in <filename unknown>:0 
0804E734: error: An error occurred while processing instruction at address 0804E734.
    The given key was not present in the dictionary.
      at System.ThrowHelper.ThrowKeyNotFoundException () <0x416a9f30 + 0x0001f> in <filename unknown>:0 
  at System.Collections.Generic.Dictionary`2[TKey,TValue].get_Item (System.Collections.Generic.TKey key) <0x414a9bb0 + 0x0004b> in <filename unknown>:0 
  at Reko.Analysis.ExpressionPropagator.GetStackDepthBeforeCall () <0x416a9370 + 0x00073> in <filename unknown>:0 
  at Reko.Analysis.ExpressionPropagator.VisitCallInstruction (Reko.Core.Code.CallInstruction ci) <0x416a9000 + 0x0005f> in <filename unknown>:0 
  at Reko.Core.Code.CallInstruction.Accept[T] (InstructionVisitor`1 visitor) <0x4167f390 + 0x00030> in <filename unknown>:0 
  at Reko.Analysis.TrashedRegisterFinder.RewriteBlock (Reko.Core.Block block) <0x416a68b0 + 0x001c0> in <filename unknown>:0 
0804F0CA: error: An error occurred while processing instruction at address 0804F0CA.
    The given key was not present in the dictionary.
      at System.ThrowHelper.ThrowKeyNotFoundException () <0x416a9f30 + 0x0001f> in <filename unknown>:0 
  at System.Collections.Generic.Dictionary`2[TKey,TValue].get_Item (System.Collections.Generic.TKey key) <0x414a9bb0 + 0x0004b> in <filename unknown>:0 
  at Reko.Analysis.ExpressionPropagator.GetStackDepthBeforeCall () <0x416a9370 + 0x00073> in <filename unknown>:0 
  at Reko.Analysis.ExpressionPropagator.VisitCallInstruction (Reko.Core.Code.CallInstruction ci) <0x416a9000 + 0x0005f> in <filename unknown>:0 
  at Reko.Core.Code.CallInstruction.Accept[T] (InstructionVisitor`1 visitor) <0x4167f390 + 0x00030> in <filename unknown>:0 
  at Reko.Analysis.TrashedRegisterFinder.RewriteBlock (Reko.Core.Block block) <0x416a68b0 + 0x001c0> in <filename unknown>:0 
0804F0D6: error: An error occurred while processing instruction at address 0804F0D6.
    The given key was not present in the dictionary.
      at System.ThrowHelper.ThrowKeyNotFoundException () <0x416a9f30 + 0x0001f> in <filename unknown>:0 
  at System.Collections.Generic.Dictionary`2[TKey,TValue].get_Item (System.Collections.Generic.TKey key) <0x414a9bb0 + 0x0004b> in <filename unknown>:0 
  at Reko.Analysis.ExpressionPropagator.GetStackDepthBeforeCall () <0x416a9370 + 0x00073> in <filename unknown>:0 
  at Reko.Analysis.ExpressionPropagator.VisitCallInstruction (Reko.Core.Code.CallInstruction ci) <0x416a9000 + 0x0005f> in <filename unknown>:0 
  at Reko.Core.Code.CallInstruction.Accept[T] (InstructionVisitor`1 visitor) <0x4167f390 + 0x00030> in <filename unknown>:0 
  at Reko.Analysis.TrashedRegisterFinder.RewriteBlock (Reko.Core.Block block) <0x416a68b0 + 0x001c0> in <filename unknown>:0 
0804F0D6: error: An error occurred while processing instruction at address 0804F0D6.
    The given key was not present in the dictionary.
      at System.ThrowHelper.ThrowKeyNotFoundException () <0x416a9f30 + 0x0001f> in <filename unknown>:0 
  at System.Collections.Generic.Dictionary`2[TKey,TValue].get_Item (System.Collections.Generic.TKey key) <0x414a9bb0 + 0x0004b> in <filename unknown>:0 
  at Reko.Analysis.ExpressionPropagator.GetStackDepthBeforeCall () <0x416a9370 + 0x00073> in <filename unknown>:0 
  at Reko.Analysis.ExpressionPropagator.VisitCallInstruction (Reko.Core.Code.CallInstruction ci) <0x416a9000 + 0x0005f> in <filename unknown>:0 
  at Reko.Core.Code.CallInstruction.Accept[T] (InstructionVisitor`1 visitor) <0x4167f390 + 0x00030> in <filename unknown>:0 
  at Reko.Analysis.TrashedRegisterFinder.RewriteBlock (Reko.Core.Block block) <0x416a68b0 + 0x001c0> in <filename unknown>:0 
0804F116: error: An error occurred while processing instruction at address 0804F116.
    The given key was not present in the dictionary.
      at System.ThrowHelper.ThrowKeyNotFoundException () <0x416a9f30 + 0x0001f> in <filename unknown>:0 
  at System.Collections.Generic.Dictionary`2[TKey,TValue].get_Item (System.Collections.Generic.TKey key) <0x414a9bb0 + 0x0004b> in <filename unknown>:0 
  at Reko.Analysis.ExpressionPropagator.GetStackDepthBeforeCall () <0x416a9370 + 0x00073> in <filename unknown>:0 
  at Reko.Analysis.ExpressionPropagator.VisitCallInstruction (Reko.Core.Code.CallInstruction ci) <0x416a9000 + 0x0005f> in <filename unknown>:0 
  at Reko.Core.Code.CallInstruction.Accept[T] (InstructionVisitor`1 visitor) <0x4167f390 + 0x00030> in <filename unknown>:0 
  at Reko.Analysis.TrashedRegisterFinder.RewriteBlock (Reko.Core.Block block) <0x416a68b0 + 0x001c0> in <filename unknown>:0 
08050639: error: An error occurred while processing instruction at address 08050639.
    The given key was not present in the dictionary.
      at System.ThrowHelper.ThrowKeyNotFoundException () <0x416a9f30 + 0x0001f> in <filename unknown>:0 
  at System.Collections.Generic.Dictionary`2[TKey,TValue].get_Item (System.Collections.Generic.TKey key) <0x414a9bb0 + 0x0004b> in <filename unknown>:0 
  at Reko.Analysis.ExpressionPropagator.GetStackDepthBeforeCall () <0x416a9370 + 0x00073> in <filename unknown>:0 
  at Reko.Analysis.ExpressionPropagator.VisitCallInstruction (Reko.Core.Code.CallInstruction ci) <0x416a9000 + 0x0005f> in <filename unknown>:0 
  at Reko.Core.Code.CallInstruction.Accept[T] (InstructionVisitor`1 visitor) <0x4167f390 + 0x00030> in <filename unknown>:0 
  at Reko.Analysis.TrashedRegisterFinder.RewriteBlock (Reko.Core.Block block) <0x416a68b0 + 0x001c0> in <filename unknown>:0 
080566BA: error: An error occurred while processing instruction at address 080566BA.
    The given key was not present in the dictionary.
      at System.ThrowHelper.ThrowKeyNotFoundException () <0x416a9f30 + 0x0001f> in <filename unknown>:0 
  at System.Collections.Generic.Dictionary`2[TKey,TValue].get_Item (System.Collections.Generic.TKey key) <0x414a9bb0 + 0x0004b> in <filename unknown>:0 
  at Reko.Analysis.ExpressionPropagator.GetStackDepthBeforeCall () <0x416a9370 + 0x00073> in <filename unknown>:0 
  at Reko.Analysis.ExpressionPropagator.VisitCallInstruction (Reko.Core.Code.CallInstruction ci) <0x416a9000 + 0x0005f> in <filename unknown>:0 
  at Reko.Core.Code.CallInstruction.Accept[T] (InstructionVisitor`1 visitor) <0x4167f390 + 0x00030> in <filename unknown>:0 
  at Reko.Analysis.TrashedRegisterFinder.RewriteBlock (Reko.Core.Block block) <0x416a68b0 + 0x001c0> in <filename unknown>:0 
08057187: error: An error occurred while processing instruction at address 08057187.
    The given key was not present in the dictionary.
      at System.ThrowHelper.ThrowKeyNotFoundException () <0x416a9f30 + 0x0001f> in <filename unknown>:0 
  at System.Collections.Generic.Dictionary`2[TKey,TValue].get_Item (System.Collections.Generic.TKey key) <0x414a9bb0 + 0x0004b> in <filename unknown>:0 
  at Reko.Analysis.ExpressionPropagator.GetStackDepthBeforeCall () <0x416a9370 + 0x00073> in <filename unknown>:0 
  at Reko.Analysis.ExpressionPropagator.VisitCallInstruction (Reko.Core.Code.CallInstruction ci) <0x416a9000 + 0x0005f> in <filename unknown>:0 
  at Reko.Core.Code.CallInstruction.Accept[T] (InstructionVisitor`1 visitor) <0x4167f390 + 0x00030> in <filename unknown>:0 
  at Reko.Analysis.TrashedRegisterFinder.RewriteBlock (Reko.Core.Block block) <0x416a68b0 + 0x001c0> in <filename unknown>:0 
08057187: error: An error occurred while processing instruction at address 08057187.
    The given key was not present in the dictionary.
      at System.ThrowHelper.ThrowKeyNotFoundException () <0x416a9f30 + 0x0001f> in <filename unknown>:0 
  at System.Collections.Generic.Dictionary`2[TKey,TValue].get_Item (System.Collections.Generic.TKey key) <0x414a9bb0 + 0x0004b> in <filename unknown>:0 
  at Reko.Analysis.ExpressionPropagator.GetStackDepthBeforeCall () <0x416a9370 + 0x00073> in <filename unknown>:0 
  at Reko.Analysis.ExpressionPropagator.VisitCallInstruction (Reko.Core.Code.CallInstruction ci) <0x416a9000 + 0x0005f> in <filename unknown>:0 
  at Reko.Core.Code.CallInstruction.Accept[T] (InstructionVisitor`1 visitor) <0x4167f390 + 0x00030> in <filename unknown>:0 
  at Reko.Analysis.TrashedRegisterFinder.RewriteBlock (Reko.Core.Block block) <0x416a68b0 + 0x001c0> in <filename unknown>:0 
080574C9: error: An error occurred while processing instruction at address 080574C9.
    The given key was not present in the dictionary.
      at System.ThrowHelper.ThrowKeyNotFoundException () <0x416a9f30 + 0x0001f> in <filename unknown>:0 
  at System.Collections.Generic.Dictionary`2[TKey,TValue].get_Item (System.Collections.Generic.TKey key) <0x414a9bb0 + 0x0004b> in <filename unknown>:0 
  at Reko.Analysis.ExpressionPropagator.GetStackDepthBeforeCall () <0x416a9370 + 0x00073> in <filename unknown>:0 
  at Reko.Analysis.ExpressionPropagator.VisitCallInstruction (Reko.Core.Code.CallInstruction ci) <0x416a9000 + 0x0005f> in <filename unknown>:0 
  at Reko.Core.Code.CallInstruction.Accept[T] (InstructionVisitor`1 visitor) <0x4167f390 + 0x00030> in <filename unknown>:0 
  at Reko.Analysis.TrashedRegisterFinder.RewriteBlock (Reko.Core.Block block) <0x416a68b0 + 0x001c0> in <filename unknown>:0 
08057B67: error: An error occurred while processing instruction at address 08057B67.
    The given key was not present in the dictionary.
      at System.ThrowHelper.ThrowKeyNotFoundException () <0x416a9f30 + 0x0001f> in <filename unknown>:0 
  at System.Collections.Generic.Dictionary`2[TKey,TValue].get_Item (System.Collections.Generic.TKey key) <0x414a9bb0 + 0x0004b> in <filename unknown>:0 
  at Reko.Analysis.ExpressionPropagator.GetStackDepthBeforeCall () <0x416a9370 + 0x00073> in <filename unknown>:0 
  at Reko.Analysis.ExpressionPropagator.VisitCallInstruction (Reko.Core.Code.CallInstruction ci) <0x416a9000 + 0x0005f> in <filename unknown>:0 
  at Reko.Core.Code.CallInstruction.Accept[T] (InstructionVisitor`1 visitor) <0x4167f390 + 0x00030> in <filename unknown>:0 
  at Reko.Analysis.TrashedRegisterFinder.RewriteBlock (Reko.Core.Block block) <0x416a68b0 + 0x001c0> in <filename unknown>:0 
08057B67: error: An error occurred while processing instruction at address 08057B67.
    The given key was not present in the dictionary.
      at System.ThrowHelper.ThrowKeyNotFoundException () <0x416a9f30 + 0x0001f> in <filename unknown>:0 
  at System.Collections.Generic.Dictionary`2[TKey,TValue].get_Item (System.Collections.Generic.TKey key) <0x414a9bb0 + 0x0004b> in <filename unknown>:0 
  at Reko.Analysis.ExpressionPropagator.GetStackDepthBeforeCall () <0x416a9370 + 0x00073> in <filename unknown>:0 
  at Reko.Analysis.ExpressionPropagator.VisitCallInstruction (Reko.Core.Code.CallInstruction ci) <0x416a9000 + 0x0005f> in <filename unknown>:0 
  at Reko.Core.Code.CallInstruction.Accept[T] (InstructionVisitor`1 visitor) <0x4167f390 + 0x00030> in <filename unknown>:0 
  at Reko.Analysis.TrashedRegisterFinder.RewriteBlock (Reko.Core.Block block) <0x416a68b0 + 0x001c0> in <filename unknown>:0 
08058DDB: error: An error occurred while processing instruction at address 08058DDB.
    The given key was not present in the dictionary.
      at System.ThrowHelper.ThrowKeyNotFoundException () <0x416a9f30 + 0x0001f> in <filename unknown>:0 
  at System.Collections.Generic.Dictionary`2[TKey,TValue].get_Item (System.Collections.Generic.TKey key) <0x414a9bb0 + 0x0004b> in <filename unknown>:0 
  at Reko.Analysis.ExpressionPropagator.GetStackDepthBeforeCall () <0x416a9370 + 0x00073> in <filename unknown>:0 
  at Reko.Analysis.ExpressionPropagator.VisitCallInstruction (Reko.Core.Code.CallInstruction ci) <0x416a9000 + 0x0005f> in <filename unknown>:0 
  at Reko.Core.Code.CallInstruction.Accept[T] (InstructionVisitor`1 visitor) <0x4167f390 + 0x00030> in <filename unknown>:0 
  at Reko.Analysis.TrashedRegisterFinder.RewriteBlock (Reko.Core.Block block) <0x416a68b0 + 0x001c0> in <filename unknown>:0 
080586B9: error: An error occurred while processing instruction at address 080586B9.
    The given key was not present in the dictionary.
      at System.ThrowHelper.ThrowKeyNotFoundException () <0x416a9f30 + 0x0001f> in <filename unknown>:0 
  at System.Collections.Generic.Dictionary`2[TKey,TValue].get_Item (System.Collections.Generic.TKey key) <0x414a9bb0 + 0x0004b> in <filename unknown>:0 
  at Reko.Analysis.ExpressionPropagator.GetStackDepthBeforeCall () <0x416a9370 + 0x00073> in <filename unknown>:0 
  at Reko.Analysis.ExpressionPropagator.VisitCallInstruction (Reko.Core.Code.CallInstruction ci) <0x416a9000 + 0x0005f> in <filename unknown>:0 
  at Reko.Core.Code.CallInstruction.Accept[T] (InstructionVisitor`1 visitor) <0x4167f390 + 0x00030> in <filename unknown>:0 
  at Reko.Analysis.TrashedRegisterFinder.RewriteBlock (Reko.Core.Block block) <0x416a68b0 + 0x001c0> in <filename unknown>:0 
0805A4E9: error: An error occurred while processing instruction at address 0805A4E9.
    The given key was not present in the dictionary.
      at System.ThrowHelper.ThrowKeyNotFoundException () <0x416a9f30 + 0x0001f> in <filename unknown>:0 
  at System.Collections.Generic.Dictionary`2[TKey,TValue].get_Item (System.Collections.Generic.TKey key) <0x414a9bb0 + 0x0004b> in <filename unknown>:0 
  at Reko.Analysis.ExpressionPropagator.GetStackDepthBeforeCall () <0x416a9370 + 0x00073> in <filename unknown>:0 
  at Reko.Analysis.ExpressionPropagator.VisitCallInstruction (Reko.Core.Code.CallInstruction ci) <0x416a9000 + 0x0005f> in <filename unknown>:0 
  at Reko.Core.Code.CallInstruction.Accept[T] (InstructionVisitor`1 visitor) <0x4167f390 + 0x00030> in <filename unknown>:0 
  at Reko.Analysis.TrashedRegisterFinder.RewriteBlock (Reko.Core.Block block) <0x416a68b0 + 0x001c0> in <filename unknown>:0 
fn0804CE50: error: An error occurred during data flow analysis.
    The given key was not present in the dictionary.
      at System.ThrowHelper.ThrowKeyNotFoundException () <0x416a9f30 + 0x0001f> in <filename unknown>:0 
  at System.Collections.Generic.Dictionary`2[TKey,TValue].get_Item (System.Collections.Generic.TKey key) <0x414a9bb0 + 0x0004b> in <filename unknown>:0 
  at Reko.Analysis.SsaIdentifierCollection.get_Item (Reko.Core.Expressions.Identifier id) <0x416c81f0 + 0x00023> in <filename unknown>:0 
  at Reko.Analysis.DeadCode.VisitIdentifier (Reko.Core.Expressions.Identifier id) <0x416ced30 + 0x0002f> in <filename unknown>:0 
  at Reko.Core.Expressions.Identifier.Accept (IExpressionVisitor v) <0x41674660 + 0x00027> in <filename unknown>:0 
  at Reko.Core.Code.InstructionVisitorBase.VisitApplication (Reko.Core.Expressions.Application appl) <0x41699ad0 + 0x0005f> in <filename unknown>:0 
  at Reko.Core.Expressions.Application.Accept (IExpressionVisitor v) <0x4168de60 + 0x00027> in <filename unknown>:0 
  at Reko.Core.Code.InstructionVisitorBase.VisitSideEffect (Reko.Core.Code.SideEffect side) <0x41699c60 + 0x00025> in <filename unknown>:0 
  at Reko.Core.Code.SideEffect.Accept (InstructionVisitor v) <0x4168dd40 + 0x0002a> in <filename unknown>:0 
  at Reko.Analysis.DeadCode.Eliminate () <0x416ce660 + 0x00188> in <filename unknown>:0 
  at Reko.Analysis.DeadCode.Eliminate (Reko.Core.Procedure proc, Reko.Analysis.SsaState ssa) <0x416ce4a0 + 0x00047> in <filename unknown>:0 
  at Reko.Analysis.DataFlowAnalysis.BuildExpressionTrees () <0x416b9550 + 0x004b7> in <filename unknown>:0 
fn0804CE6B: error: An error occurred during data flow analysis.
    Index was outside the bounds of the array.
      at Reko.Analysis.SsaTransform+LocateDefinedVariables.VisitIdentifier (Reko.Core.Expressions.Identifier id) <0x416c3f60 + 0x00042> in <filename unknown>:0 
  at Reko.Core.Expressions.Identifier.Accept (IExpressionVisitor v) <0x41674660 + 0x00027> in <filename unknown>:0 
  at Reko.Core.Code.InstructionVisitorBase.VisitTestCondition (Reko.Core.Expressions.TestCondition tc) <0x416997f0 + 0x00025> in <filename unknown>:0 
  at Reko.Core.Expressions.TestCondition.Accept (IExpressionVisitor visitor) <0x4168d100 + 0x00027> in <filename unknown>:0 
  at Reko.Core.Code.InstructionVisitorBase.VisitBranch (Reko.Core.Code.Branch b) <0x416997c0 + 0x00025> in <filename unknown>:0 
  at Reko.Core.Code.Branch.Accept (InstructionVisitor v) <0x4168cff0 + 0x00027> in <filename unknown>:0 
  at Reko.Analysis.SsaTransform+LocateDefinedVariables.LocateDefs (Reko.Core.Block b) <0x416c3420 + 0x000da> in <filename unknown>:0 
  at Reko.Analysis.SsaTransform.LocateAllDefinedVariables (System.Collections.Generic.Dictionary`2[] defOrig) <0x416c2c10 + 0x000ab> in <filename unknown>:0 
  at Reko.Analysis.SsaTransform.PlacePhiFunctions () <0x416c26d0 + 0x000af> in <filename unknown>:0 
  at Reko.Analysis.SsaTransform.Transform () <0x416c2630 + 0x0000f> in <filename unknown>:0 
  at Reko.Analysis.SsaTransform..ctor (Reko.Analysis.ProgramDataFlow programFlow, Reko.Core.Procedure proc, IImportResolver importResolver, Reko.Core.Lib.DominatorGraph`1 gr, System.Collections.Generic.HashSet`1 implicitRegs) <0x416c2080 + 0x001ab> in <filename unknown>:0 
  at Reko.Analysis.DataFlowAnalysis.BuildSsaTransform (Reko.Core.Procedure proc) <0x416ba2c0 + 0x001af> in <filename unknown>:0 
  at Reko.Analysis.DataFlowAnalysis.BuildExpressionTrees () <0x416b9550 + 0x00203> in <filename unknown>:0 
fn0804E721: error: An error occurred during data flow analysis.
    The given key was not present in the dictionary.
      at System.ThrowHelper.ThrowKeyNotFoundException () <0x416a9f30 + 0x0001f> in <filename unknown>:0 
  at System.Collections.Generic.Dictionary`2[TKey,TValue].get_Item (System.Collections.Generic.TKey key) <0x414a9bb0 + 0x0004b> in <filename unknown>:0 
  at Reko.Analysis.SsaIdentifierCollection.get_Item (Reko.Core.Expressions.Identifier id) <0x416c81f0 + 0x00023> in <filename unknown>:0 
  at Reko.Analysis.DeadCode.VisitIdentifier (Reko.Core.Expressions.Identifier id) <0x416ced30 + 0x0002f> in <filename unknown>:0 
  at Reko.Core.Expressions.Identifier.Accept (IExpressionVisitor v) <0x41674660 + 0x00027> in <filename unknown>:0 
  at Reko.Core.Code.InstructionVisitorBase.VisitMemoryAccess (Reko.Core.Expressions.MemoryAccess access) <0x41699440 + 0x0003a> in <filename unknown>:0 
  at Reko.Core.Expressions.MemoryAccess.Accept (IExpressionVisitor v) <0x41674550 + 0x00027> in <filename unknown>:0 
  at Reko.Analysis.DeadCode.VisitStore (Reko.Core.Code.Store store) <0x416d84f0 + 0x00026> in <filename unknown>:0 
  at Reko.Core.Code.Store.Accept (InstructionVisitor v) <0x4168bfe0 + 0x0002a> in <filename unknown>:0 
  at Reko.Analysis.DeadCode.Eliminate () <0x416ce660 + 0x00188> in <filename unknown>:0 
  at Reko.Analysis.DeadCode.Eliminate (Reko.Core.Procedure proc, Reko.Analysis.SsaState ssa) <0x416ce4a0 + 0x00047> in <filename unknown>:0 
  at Reko.Analysis.DataFlowAnalysis.BuildExpressionTrees () <0x416b9550 + 0x004b7> in <filename unknown>:0 
fn0804F0D3: error: An error occurred during data flow analysis.
    The given key was not present in the dictionary.
      at System.ThrowHelper.ThrowKeyNotFoundException () <0x416a9f30 + 0x0001f> in <filename unknown>:0 
  at System.Collections.Generic.Dictionary`2[TKey,TValue].get_Item (System.Collections.Generic.TKey key) <0x414a9bb0 + 0x0004b> in <filename unknown>:0 
  at Reko.Analysis.SsaIdentifierCollection.get_Item (Reko.Core.Expressions.Identifier id) <0x416c81f0 + 0x00023> in <filename unknown>:0 
  at Reko.Analysis.DeadCode.VisitIdentifier (Reko.Core.Expressions.Identifier id) <0x416ced30 + 0x0002f> in <filename unknown>:0 
  at Reko.Core.Expressions.Identifier.Accept (IExpressionVisitor v) <0x41674660 + 0x00027> in <filename unknown>:0 
  at Reko.Core.Code.InstructionVisitorBase.VisitTestCondition (Reko.Core.Expressions.TestCondition tc) <0x416997f0 + 0x00025> in <filename unknown>:0 
  at Reko.Core.Expressions.TestCondition.Accept (IExpressionVisitor visitor) <0x4168d100 + 0x00027> in <filename unknown>:0 
  at Reko.Core.Code.InstructionVisitorBase.VisitBranch (Reko.Core.Code.Branch b) <0x416997c0 + 0x00025> in <filename unknown>:0 
  at Reko.Core.Code.Branch.Accept (InstructionVisitor v) <0x4168cff0 + 0x00027> in <filename unknown>:0 
  at Reko.Analysis.DeadCode.Eliminate () <0x416ce660 + 0x00188> in <filename unknown>:0 
  at Reko.Analysis.DeadCode.Eliminate (Reko.Core.Procedure proc, Reko.Analysis.SsaState ssa) <0x416ce4a0 + 0x00047> in <filename unknown>:0 
  at Reko.Analysis.DataFlowAnalysis.BuildExpressionTrees () <0x416b9550 + 0x004b7> in <filename unknown>:0 
fn0804F113: error: An error occurred during data flow analysis.
    The given key was not present in the dictionary.
      at System.ThrowHelper.ThrowKeyNotFoundException () <0x416a9f30 + 0x0001f> in <filename unknown>:0 
  at System.Collections.Generic.Dictionary`2[TKey,TValue].get_Item (System.Collections.Generic.TKey key) <0x414a9bb0 + 0x0004b> in <filename unknown>:0 
  at Reko.Analysis.SsaIdentifierCollection.get_Item (Reko.Core.Expressions.Identifier id) <0x416c81f0 + 0x00023> in <filename unknown>:0 
  at Reko.Analysis.DeadCode.VisitIdentifier (Reko.Core.Expressions.Identifier id) <0x416ced30 + 0x0002f> in <filename unknown>:0 
  at Reko.Core.Expressions.Identifier.Accept (IExpressionVisitor v) <0x41674660 + 0x00027> in <filename unknown>:0 
  at Reko.Core.Code.InstructionVisitorBase.VisitApplication (Reko.Core.Expressions.Application appl) <0x41699ad0 + 0x0005f> in <filename unknown>:0 
  at Reko.Core.Expressions.Application.Accept (IExpressionVisitor v) <0x4168de60 + 0x00027> in <filename unknown>:0 
  at Reko.Core.Code.InstructionVisitorBase.VisitSideEffect (Reko.Core.Code.SideEffect side) <0x41699c60 + 0x00025> in <filename unknown>:0 
  at Reko.Core.Code.SideEffect.Accept (InstructionVisitor v) <0x4168dd40 + 0x0002a> in <filename unknown>:0 
  at Reko.Analysis.DeadCode.Eliminate () <0x416ce660 + 0x00188> in <filename unknown>:0 
  at Reko.Analysis.DeadCode.Eliminate (Reko.Core.Procedure proc, Reko.Analysis.SsaState ssa) <0x416ce4a0 + 0x00047> in <filename unknown>:0 
  at Reko.Analysis.DataFlowAnalysis.BuildExpressionTrees () <0x416b9550 + 0x004b7> in <filename unknown>:0 
camlPervasives__$40_1143: error: An error occurred during data flow analysis.
    The given key was not present in the dictionary.
      at System.ThrowHelper.ThrowKeyNotFoundException () <0x416a9f30 + 0x0001f> in <filename unknown>:0 
  at System.Collections.Generic.Dictionary`2[TKey,TValue].get_Item (System.Collections.Generic.TKey key) <0x414a9bb0 + 0x0004b> in <filename unknown>:0 
  at Reko.Analysis.Aliases.Def (Reko.Core.Expressions.Identifier idar) <0x416be6c0 + 0x00057> in <filename unknown>:0 
  at Reko.Analysis.Aliases.VisitAssignment (Reko.Core.Code.Assignment ass) <0x416be660 + 0x00023> in <filename unknown>:0 
  at Reko.Core.Code.Assignment.Accept (InstructionVisitor v) <0x4168be80 + 0x00027> in <filename unknown>:0 
  at Reko.Analysis.Aliases.Transform () <0x416bdcd0 + 0x0010c> in <filename unknown>:0 
  at Reko.Analysis.DataFlowAnalysis.BuildSsaTransform (Reko.Core.Procedure proc) <0x416ba2c0 + 0x000ef> in <filename unknown>:0 
  at Reko.Analysis.DataFlowAnalysis.BuildExpressionTrees () <0x416b9550 + 0x00203> in <filename unknown>:0 
camlList__sort_1271: error: An error occurred during data flow analysis.
    The given key was not present in the dictionary.
      at System.ThrowHelper.ThrowKeyNotFoundException () <0x416a9f30 + 0x0001f> in <filename unknown>:0 
  at System.Collections.Generic.Dictionary`2[TKey,TValue].get_Item (System.Collections.Generic.TKey key) <0x414a9bb0 + 0x0004b> in <filename unknown>:0 
  at Reko.Analysis.Aliases.Def (Reko.Core.Expressions.Identifier idar) <0x416be6c0 + 0x00057> in <filename unknown>:0 
  at Reko.Analysis.Aliases.VisitAssignment (Reko.Core.Code.Assignment ass) <0x416be660 + 0x00023> in <filename unknown>:0 
  at Reko.Core.Code.Assignment.Accept (InstructionVisitor v) <0x4168be80 + 0x00027> in <filename unknown>:0 
  at Reko.Analysis.Aliases.Transform () <0x416bdcd0 + 0x0010c> in <filename unknown>:0 
  at Reko.Analysis.DataFlowAnalysis.BuildSsaTransform (Reko.Core.Procedure proc) <0x416ba2c0 + 0x000ef> in <filename unknown>:0 
  at Reko.Analysis.DataFlowAnalysis.BuildExpressionTrees () <0x416b9550 + 0x00203> in <filename unknown>:0 
camlHashtbl__find_in_bucket_1213: error: An error occurred during data flow analysis.
    The given key was not present in the dictionary.
      at System.ThrowHelper.ThrowKeyNotFoundException () <0x416a9f30 + 0x0001f> in <filename unknown>:0 
  at System.Collections.Generic.Dictionary`2[TKey,TValue].get_Item (System.Collections.Generic.TKey key) <0x414a9bb0 + 0x0004b> in <filename unknown>:0 
  at Reko.Analysis.Aliases.Def (Reko.Core.Expressions.Identifier idar) <0x416be6c0 + 0x00057> in <filename unknown>:0 
  at Reko.Analysis.Aliases.VisitAssignment (Reko.Core.Code.Assignment ass) <0x416be660 + 0x00023> in <filename unknown>:0 
  at Reko.Core.Code.Assignment.Accept (InstructionVisitor v) <0x4168be80 + 0x00027> in <filename unknown>:0 
  at Reko.Analysis.Aliases.Transform () <0x416bdcd0 + 0x0010c> in <filename unknown>:0 
  at Reko.Analysis.DataFlowAnalysis.BuildSsaTransform (Reko.Core.Procedure proc) <0x416ba2c0 + 0x000ef> in <filename unknown>:0 
  at Reko.Analysis.DataFlowAnalysis.BuildExpressionTrees () <0x416b9550 + 0x00203> in <filename unknown>:0 
fn08057187: error: An error occurred during data flow analysis.
    The given key was not present in the dictionary.
      at System.ThrowHelper.ThrowKeyNotFoundException () <0x416a9f30 + 0x0001f> in <filename unknown>:0 
  at System.Collections.Generic.Dictionary`2[TKey,TValue].get_Item (System.Collections.Generic.TKey key) <0x414a9bb0 + 0x0004b> in <filename unknown>:0 
  at Reko.Analysis.SsaIdentifierCollection.get_Item (Reko.Core.Expressions.Identifier id) <0x416c81f0 + 0x00023> in <filename unknown>:0 
  at Reko.Analysis.DeadCode.VisitIdentifier (Reko.Core.Expressions.Identifier id) <0x416ced30 + 0x0002f> in <filename unknown>:0 
  at Reko.Core.Expressions.Identifier.Accept (IExpressionVisitor v) <0x41674660 + 0x00027> in <filename unknown>:0 
  at Reko.Core.Code.InstructionVisitorBase.VisitApplication (Reko.Core.Expressions.Application appl) <0x41699ad0 + 0x0005f> in <filename unknown>:0 
  at Reko.Core.Expressions.Application.Accept (IExpressionVisitor v) <0x4168de60 + 0x00027> in <filename unknown>:0 
  at Reko.Analysis.DeadCode.VisitAssignment (Reko.Core.Code.Assignment a) <0x416cf050 + 0x00025> in <filename unknown>:0 
  at Reko.Core.Code.Assignment.Accept (InstructionVisitor v) <0x4168be80 + 0x00027> in <filename unknown>:0 
  at Reko.Analysis.DeadCode.Eliminate () <0x416ce660 + 0x00188> in <filename unknown>:0 
  at Reko.Analysis.DeadCode.Eliminate (Reko.Core.Procedure proc, Reko.Analysis.SsaState ssa) <0x416ce4a0 + 0x00047> in <filename unknown>:0 
  at Reko.Analysis.DataFlowAnalysis.BuildExpressionTrees () <0x416b9550 + 0x004b7> in <filename unknown>:0 
fn08057B67: error: An error occurred during data flow analysis.
    The given key was not present in the dictionary.
      at System.ThrowHelper.ThrowKeyNotFoundException () <0x416a9f30 + 0x0001f> in <filename unknown>:0 
  at System.Collections.Generic.Dictionary`2[TKey,TValue].get_Item (System.Collections.Generic.TKey key) <0x414a9bb0 + 0x0004b> in <filename unknown>:0 
  at Reko.Analysis.SsaIdentifierCollection.get_Item (Reko.Core.Expressions.Identifier id) <0x416c81f0 + 0x00023> in <filename unknown>:0 
  at Reko.Analysis.DeadCode.VisitIdentifier (Reko.Core.Expressions.Identifier id) <0x416ced30 + 0x0002f> in <filename unknown>:0 
  at Reko.Core.Expressions.Identifier.Accept (IExpressionVisitor v) <0x41674660 + 0x00027> in <filename unknown>:0 
  at Reko.Core.Code.InstructionVisitorBase.VisitApplication (Reko.Core.Expressions.Application appl) <0x41699ad0 + 0x0005f> in <filename unknown>:0 
  at Reko.Core.Expressions.Application.Accept (IExpressionVisitor v) <0x4168de60 + 0x00027> in <filename unknown>:0 
  at Reko.Analysis.DeadCode.VisitAssignment (Reko.Core.Code.Assignment a) <0x416cf050 + 0x00025> in <filename unknown>:0 
  at Reko.Core.Code.Assignment.Accept (InstructionVisitor v) <0x4168be80 + 0x00027> in <filename unknown>:0 
  at Reko.Analysis.DeadCode.Eliminate () <0x416ce660 + 0x00188> in <filename unknown>:0 
  at Reko.Analysis.DeadCode.Eliminate (Reko.Core.Procedure proc, Reko.Analysis.SsaState ssa) <0x416ce4a0 + 0x00047> in <filename unknown>:0 
  at Reko.Analysis.DataFlowAnalysis.BuildExpressionTrees () <0x416b9550 + 0x004b7> in <filename unknown>:0 
camlPrintf__sub_fmt_1124: error: An error occurred during data flow analysis.
    The given key was not present in the dictionary.
      at System.ThrowHelper.ThrowKeyNotFoundException () <0x416a9f30 + 0x0001f> in <filename unknown>:0 
  at System.Collections.Generic.Dictionary`2[TKey,TValue].get_Item (System.Collections.Generic.TKey key) <0x414a9bb0 + 0x0004b> in <filename unknown>:0 
  at Reko.Analysis.SsaIdentifierCollection.get_Item (Reko.Core.Expressions.Identifier id) <0x416c81f0 + 0x00023> in <filename unknown>:0 
  at Reko.Analysis.DeadCode.VisitIdentifier (Reko.Core.Expressions.Identifier id) <0x416ced30 + 0x0002f> in <filename unknown>:0 
  at Reko.Core.Expressions.Identifier.Accept (IExpressionVisitor v) <0x41674660 + 0x00027> in <filename unknown>:0 
  at Reko.Core.Code.InstructionVisitorBase.VisitApplication (Reko.Core.Expressions.Application appl) <0x41699ad0 + 0x0005f> in <filename unknown>:0 
  at Reko.Core.Expressions.Application.Accept (IExpressionVisitor v) <0x4168de60 + 0x00027> in <filename unknown>:0 
  at Reko.Analysis.DeadCode.VisitAssignment (Reko.Core.Code.Assignment a) <0x416cf050 + 0x00025> in <filename unknown>:0 
  at Reko.Core.Code.Assignment.Accept (InstructionVisitor v) <0x4168be80 + 0x00027> in <filename unknown>:0 
  at Reko.Analysis.DeadCode.Eliminate () <0x416ce660 + 0x00188> in <filename unknown>:0 
  at Reko.Analysis.DeadCode.Eliminate (Reko.Core.Procedure proc, Reko.Analysis.SsaState ssa) <0x416ce4a0 + 0x00047> in <filename unknown>:0 
  at Reko.Analysis.DataFlowAnalysis.BuildExpressionTrees () <0x416b9550 + 0x004b7> in <filename unknown>:0 
camlPrintf__scan_conv_1293: error: An error occurred during data flow analysis.
    The given key was not present in the dictionary.
      at System.ThrowHelper.ThrowKeyNotFoundException () <0x416a9f30 + 0x0001f> in <filename unknown>:0 
  at System.Collections.Generic.Dictionary`2[TKey,TValue].get_Item (System.Collections.Generic.TKey key) <0x414a9bb0 + 0x0004b> in <filename unknown>:0 
  at Reko.Analysis.SsaIdentifierCollection.get_Item (Reko.Core.Expressions.Identifier id) <0x416c81f0 + 0x00023> in <filename unknown>:0 
  at Reko.Analysis.DeadCode.VisitIdentifier (Reko.Core.Expressions.Identifier id) <0x416ced30 + 0x0002f> in <filename unknown>:0 
  at Reko.Core.Expressions.Identifier.Accept (IExpressionVisitor v) <0x41674660 + 0x00027> in <filename unknown>:0 
  at Reko.Core.Code.InstructionVisitorBase.VisitApplication (Reko.Core.Expressions.Application appl) <0x41699ad0 + 0x0005f> in <filename unknown>:0 
  at Reko.Core.Expressions.Application.Accept (IExpressionVisitor v) <0x4168de60 + 0x00027> in <filename unknown>:0 
  at Reko.Analysis.DeadCode.VisitAssignment (Reko.Core.Code.Assignment a) <0x416cf050 + 0x00025> in <filename unknown>:0 
  at Reko.Core.Code.Assignment.Accept (InstructionVisitor v) <0x4168be80 + 0x00027> in <filename unknown>:0 
  at Reko.Analysis.DeadCode.Eliminate () <0x416ce660 + 0x00188> in <filename unknown>:0 
  at Reko.Analysis.DeadCode.Eliminate (Reko.Core.Procedure proc, Reko.Analysis.SsaState ssa) <0x416ce4a0 + 0x00047> in <filename unknown>:0 
  at Reko.Analysis.DataFlowAnalysis.BuildExpressionTrees () <0x416b9550 + 0x004b7> in <filename unknown>:0 
compare_val: error: An error occurred during data flow analysis.
    Case PE not handled.
      at Reko.Analysis.ConditionCodeEliminator.ComparisonFromConditionCode (ConditionCode cc, Reko.Core.Expressions.BinaryExpression bin, Boolean isNegated) <0x416cdb70 + 0x002e7> in <filename unknown>:0 
  at Reko.Analysis.ConditionCodeEliminator.UseGrfConditionally (Reko.Analysis.SsaIdentifier sid, ConditionCode cc) <0x416cd560 + 0x001eb> in <filename unknown>:0 
  at Reko.Analysis.ConditionCodeEliminator.VisitTestCondition (Reko.Core.Expressions.TestCondition tc) <0x416cd460 + 0x00097> in <filename unknown>:0 
  at Reko.Core.Expressions.TestCondition.Accept[T] (ExpressionVisitor`1 visitor) <0x41673a70 + 0x00030> in <filename unknown>:0 
  at Reko.Core.Code.InstructionTransformer.TransformBranch (Reko.Core.Code.Branch b) <0x4167dae0 + 0x0002f> in <filename unknown>:0 
  at Reko.Core.Code.Branch.Accept (Reko.Core.Code.InstructionTransformer xform) <0x4167dab0 + 0x00020> in <filename unknown>:0 
  at Reko.Analysis.ConditionCodeEliminator.Transform () <0x416cc960 + 0x00205> in <filename unknown>:0 
  at Reko.Analysis.DataFlowAnalysis.BuildExpressionTrees () <0x416b9550 + 0x004a3> in <filename unknown>:0 
caml_eq_float: error: An error occurred during data flow analysis.
    Case PO not handled.
      at Reko.Analysis.ConditionCodeEliminator.ComparisonFromConditionCode (ConditionCode cc, Reko.Core.Expressions.BinaryExpression bin, Boolean isNegated) <0x416cdb70 + 0x002e7> in <filename unknown>:0 
  at Reko.Analysis.ConditionCodeEliminator.UseGrfConditionally (Reko.Analysis.SsaIdentifier sid, ConditionCode cc) <0x416cd560 + 0x001eb> in <filename unknown>:0 
  at Reko.Analysis.ConditionCodeEliminator.VisitTestCondition (Reko.Core.Expressions.TestCondition tc) <0x416cd460 + 0x00097> in <filename unknown>:0 
  at Reko.Core.Expressions.TestCondition.Accept[T] (ExpressionVisitor`1 visitor) <0x41673a70 + 0x00030> in <filename unknown>:0 
  at Reko.Analysis.ConditionCodeEliminator.TransformAssignment (Reko.Core.Code.Assignment a) <0x416cd130 + 0x00056> in <filename unknown>:0 
  at Reko.Core.Code.Assignment.Accept (Reko.Core.Code.InstructionTransformer xform) <0x4167d160 + 0x00020> in <filename unknown>:0 
  at Reko.Analysis.ConditionCodeEliminator.Transform () <0x416cc960 + 0x00205> in <filename unknown>:0 
  at Reko.Analysis.DataFlowAnalysis.BuildExpressionTrees () <0x416b9550 + 0x004a3> in <filename unknown>:0 
caml_neq_float: error: An error occurred during data flow analysis.
    Case PE not handled.
      at Reko.Analysis.ConditionCodeEliminator.ComparisonFromConditionCode (ConditionCode cc, Reko.Core.Expressions.BinaryExpression bin, Boolean isNegated) <0x416cdb70 + 0x002e7> in <filename unknown>:0 
  at Reko.Analysis.ConditionCodeEliminator.UseGrfConditionally (Reko.Analysis.SsaIdentifier sid, ConditionCode cc) <0x416cd560 + 0x001eb> in <filename unknown>:0 
  at Reko.Analysis.ConditionCodeEliminator.VisitTestCondition (Reko.Core.Expressions.TestCondition tc) <0x416cd460 + 0x00097> in <filename unknown>:0 
  at Reko.Core.Expressions.TestCondition.Accept[T] (ExpressionVisitor`1 visitor) <0x41673a70 + 0x00030> in <filename unknown>:0 
  at Reko.Analysis.ConditionCodeEliminator.TransformAssignment (Reko.Core.Code.Assignment a) <0x416cd130 + 0x00056> in <filename unknown>:0 
  at Reko.Core.Code.Assignment.Accept (Reko.Core.Code.InstructionTransformer xform) <0x4167d160 + 0x00020> in <filename unknown>:0 
  at Reko.Analysis.ConditionCodeEliminator.Transform () <0x416cc960 + 0x00205> in <filename unknown>:0 
  at Reko.Analysis.DataFlowAnalysis.BuildExpressionTrees () <0x416b9550 + 0x004a3> in <filename unknown>:0 
caml_float_compare: error: An error occurred during data flow analysis.
    Case PE not handled.
      at Reko.Analysis.ConditionCodeEliminator.ComparisonFromConditionCode (ConditionCode cc, Reko.Core.Expressions.BinaryExpression bin, Boolean isNegated) <0x416cdb70 + 0x002e7> in <filename unknown>:0 
  at Reko.Analysis.ConditionCodeEliminator.UseGrfConditionally (Reko.Analysis.SsaIdentifier sid, ConditionCode cc) <0x416cd560 + 0x001eb> in <filename unknown>:0 
  at Reko.Analysis.ConditionCodeEliminator.VisitTestCondition (Reko.Core.Expressions.TestCondition tc) <0x416cd460 + 0x00097> in <filename unknown>:0 
  at Reko.Core.Expressions.TestCondition.Accept[T] (ExpressionVisitor`1 visitor) <0x41673a70 + 0x00030> in <filename unknown>:0 
  at Reko.Core.Code.InstructionTransformer.TransformBranch (Reko.Core.Code.Branch b) <0x4167dae0 + 0x0002f> in <filename unknown>:0 
  at Reko.Core.Code.Branch.Accept (Reko.Core.Code.InstructionTransformer xform) <0x4167dab0 + 0x00020> in <filename unknown>:0 
  at Reko.Analysis.ConditionCodeEliminator.Transform () <0x416cc960 + 0x00205> in <filename unknown>:0 
  at Reko.Analysis.DataFlowAnalysis.BuildExpressionTrees () <0x416b9550 + 0x004a3> in <filename unknown>:0 
caml_sqrt_float: error: An error occurred during data flow analysis.
    Case PE not handled.
      at Reko.Analysis.ConditionCodeEliminator.ComparisonFromConditionCode (ConditionCode cc, Reko.Core.Expressions.BinaryExpression bin, Boolean isNegated) <0x416cdb70 + 0x002e7> in <filename unknown>:0 
  at Reko.Analysis.ConditionCodeEliminator.UseGrfConditionally (Reko.Analysis.SsaIdentifier sid, ConditionCode cc) <0x416cd560 + 0x001eb> in <filename unknown>:0 
  at Reko.Analysis.ConditionCodeEliminator.VisitTestCondition (Reko.Core.Expressions.TestCondition tc) <0x416cd460 + 0x00097> in <filename unknown>:0 
  at Reko.Core.Expressions.TestCondition.Accept[T] (ExpressionVisitor`1 visitor) <0x41673a70 + 0x00030> in <filename unknown>:0 
  at Reko.Core.Code.InstructionTransformer.TransformBranch (Reko.Core.Code.Branch b) <0x4167dae0 + 0x0002f> in <filename unknown>:0 
  at Reko.Core.Code.Branch.Accept (Reko.Core.Code.InstructionTransformer xform) <0x4167dab0 + 0x00020> in <filename unknown>:0 
  at Reko.Analysis.ConditionCodeEliminator.Transform () <0x416cc960 + 0x00205> in <filename unknown>:0 
  at Reko.Analysis.DataFlowAnalysis.BuildExpressionTrees () <0x416b9550 + 0x004a3> in <filename unknown>:0 
caml_fmod_float: error: An error occurred during data flow analysis.
    Case PE not handled.
      at Reko.Analysis.ConditionCodeEliminator.ComparisonFromConditionCode (ConditionCode cc, Reko.Core.Expressions.BinaryExpression bin, Boolean isNegated) <0x416cdb70 + 0x002e7> in <filename unknown>:0 
  at Reko.Analysis.ConditionCodeEliminator.UseGrfConditionally (Reko.Analysis.SsaIdentifier sid, ConditionCode cc) <0x416cd560 + 0x001eb> in <filename unknown>:0 
  at Reko.Analysis.ConditionCodeEliminator.VisitTestCondition (Reko.Core.Expressions.TestCondition tc) <0x416cd460 + 0x00097> in <filename unknown>:0 
  at Reko.Core.Expressions.TestCondition.Accept[T] (ExpressionVisitor`1 visitor) <0x41673a70 + 0x00030> in <filename unknown>:0 
  at Reko.Core.Code.InstructionTransformer.TransformBranch (Reko.Core.Code.Branch b) <0x4167dae0 + 0x0002f> in <filename unknown>:0 
  at Reko.Core.Code.Branch.Accept (Reko.Core.Code.InstructionTransformer xform) <0x4167dab0 + 0x00020> in <filename unknown>:0 
  at Reko.Analysis.ConditionCodeEliminator.Transform () <0x416cc960 + 0x00205> in <filename unknown>:0 
  at Reko.Analysis.DataFlowAnalysis.BuildExpressionTrees () <0x416b9550 + 0x004a3> in <filename unknown>:0 
0804B7C0: error: An error occurred while processing the statement word32 ecx_30 = (word32) Mem0[eax - 0x00000004 + 0x00000000:byte].
    Not handling (ptr (struct (0 T_2289 t0000))) and (union (ui32 u0) (ptr32 u1)) yet
      at Reko.Typing.ExpressionTypeDescender.PushSubtrahendDataType (Reko.Core.Types.DataType dtDiff, Reko.Core.Types.DataType dtMin) <0x416f8280 + 0x0017b> in <filename unknown>:0 
  at Reko.Typing.ExpressionTypeDescender.VisitBinaryExpression (Reko.Core.Expressions.BinaryExpression binExp, Reko.Core.Types.TypeVariable tv) <0x416f5cf0 + 0x001a3> in <filename unknown>:0 
  at Reko.Core.Expressions.BinaryExpression.Accept[T,C] (ExpressionVisitor`2 v, Reko.Core.Expressions.C context) <0x416f5c40 + 0x00031> in <filename unknown>:0 
  at Reko.Typing.ExpressionTypeDescender.VisitMemoryAccess (Reko.Core.Expressions.Expression basePointer, Reko.Core.Types.TypeVariable tvAccess, Reko.Core.Expressions.Expression effectiveAddress, Reko.Core.Expressions.Expression globals) <0x416f45b0 + 0x004a1> in <filename unknown>:0 
  at Reko.Typing.ExpressionTypeDescender.VisitMemoryAccess (Reko.Core.Expressions.MemoryAccess access, Reko.Core.Types.TypeVariable tv) <0x416f4560 + 0x00033> in <filename unknown>:0 
  at Reko.Core.Expressions.MemoryAccess.Accept[T,C] (ExpressionVisitor`2 v, Reko.Core.Expressions.C context) <0x416f4510 + 0x00031> in <filename unknown>:0 
  at Reko.Typing.ExpressionTypeDescender.VisitCast (Reko.Core.Expressions.Cast cast, Reko.Core.Types.TypeVariable tv) <0x416fa320 + 0x00057> in <filename unknown>:0 
  at Reko.Core.Expressions.Cast.Accept[T,C] (ExpressionVisitor`2 v, Reko.Core.Expressions.C context) <0x416fa2d0 + 0x00031> in <filename unknown>:0 
  at Reko.Typing.TypeCollector.VisitDeclaration (Reko.Core.Code.Declaration decl) <0x416f4150 + 0x00098> in <filename unknown>:0 
  at Reko.Core.Code.Declaration.Accept (InstructionVisitor v) <0x416e88c0 + 0x00027> in <filename unknown>:0 
  at Reko.Typing.TypeCollector.CollectTypes () <0x416f2e70 + 0x00289> in <filename unknown>:0 
0804B858: error: An error occurred while processing the statement Mem38[eax_32 - 0x00000018 + 0x00000000:word32] = 0x00000800.
    Not handling (ptr (struct (0 T_2413 t0000))) and (union (uint32 u0) (ptr32 u1)) yet
      at Reko.Typing.ExpressionTypeDescender.PushSubtrahendDataType (Reko.Core.Types.DataType dtDiff, Reko.Core.Types.DataType dtMin) <0x416f8280 + 0x0017b> in <filename unknown>:0 
  at Reko.Typing.ExpressionTypeDescender.VisitBinaryExpression (Reko.Core.Expressions.BinaryExpression binExp, Reko.Core.Types.TypeVariable tv) <0x416f5cf0 + 0x001a3> in <filename unknown>:0 
  at Reko.Core.Expressions.BinaryExpression.Accept[T,C] (ExpressionVisitor`2 v, Reko.Core.Expressions.C context) <0x416f5c40 + 0x00031> in <filename unknown>:0 
  at Reko.Typing.ExpressionTypeDescender.VisitMemoryAccess (Reko.Core.Expressions.Expression basePointer, Reko.Core.Types.TypeVariable tvAccess, Reko.Core.Expressions.Expression effectiveAddress, Reko.Core.Expressions.Expression globals) <0x416f45b0 + 0x004a1> in <filename unknown>:0 
  at Reko.Typing.ExpressionTypeDescender.VisitMemoryAccess (Reko.Core.Expressions.MemoryAccess access, Reko.Core.Types.TypeVariable tv) <0x416f4560 + 0x00033> in <filename unknown>:0 
  at Reko.Core.Expressions.MemoryAccess.Accept[T,C] (ExpressionVisitor`2 v, Reko.Core.Expressions.C context) <0x416f4510 + 0x00031> in <filename unknown>:0 
  at Reko.Typing.TypeCollector.VisitStore (Reko.Core.Code.Store store) <0x416f7c80 + 0x000e8> in <filename unknown>:0 
  at Reko.Core.Code.Store.Accept (InstructionVisitor v) <0x4168bfe0 + 0x0002a> in <filename unknown>:0 
  at Reko.Typing.TypeCollector.CollectTypes () <0x416f2e70 + 0x00289> in <filename unknown>:0 
0804C8D0: error: An error occurred while processing the statement Mem19[eax_12 - 0x00000030 + 0x00000000:word32] = 0x00000400.
    Not handling (ptr (struct (0 T_3726 t0000))) and (union (uint32 u0) (ptr32 u1)) yet
      at Reko.Typing.ExpressionTypeDescender.PushSubtrahendDataType (Reko.Core.Types.DataType dtDiff, Reko.Core.Types.DataType dtMin) <0x416f8280 + 0x0017b> in <filename unknown>:0 
  at Reko.Typing.ExpressionTypeDescender.VisitBinaryExpression (Reko.Core.Expressions.BinaryExpression binExp, Reko.Core.Types.TypeVariable tv) <0x416f5cf0 + 0x001a3> in <filename unknown>:0 
  at Reko.Core.Expressions.BinaryExpression.Accept[T,C] (ExpressionVisitor`2 v, Reko.Core.Expressions.C context) <0x416f5c40 + 0x00031> in <filename unknown>:0 
  at Reko.Typing.ExpressionTypeDescender.VisitMemoryAccess (Reko.Core.Expressions.Expression basePointer, Reko.Core.Types.TypeVariable tvAccess, Reko.Core.Expressions.Expression effectiveAddress, Reko.Core.Expressions.Expression globals) <0x416f45b0 + 0x004a1> in <filename unknown>:0 
  at Reko.Typing.ExpressionTypeDescender.VisitMemoryAccess (Reko.Core.Expressions.MemoryAccess access, Reko.Core.Types.TypeVariable tv) <0x416f4560 + 0x00033> in <filename unknown>:0 
  at Reko.Core.Expressions.MemoryAccess.Accept[T,C] (ExpressionVisitor`2 v, Reko.Core.Expressions.C context) <0x416f4510 + 0x00031> in <filename unknown>:0 
  at Reko.Typing.TypeCollector.VisitStore (Reko.Core.Code.Store store) <0x416f7c80 + 0x000e8> in <filename unknown>:0 
  at Reko.Core.Code.Store.Accept (InstructionVisitor v) <0x4168bfe0 + 0x0002a> in <filename unknown>:0 
  at Reko.Typing.TypeCollector.CollectTypes () <0x416f2e70 + 0x00289> in <filename unknown>:0 
0804C942: error: An error occurred while processing the statement Mem41[eax_35 - 0x00000014 + 0x00000000:word32] = 0x000010F7.
    Not handling (ptr (struct (0 T_3822 t0000))) and (union (uint32 u0) (ptr32 u1)) yet
      at Reko.Typing.ExpressionTypeDescender.PushSubtrahendDataType (Reko.Core.Types.DataType dtDiff, Reko.Core.Types.DataType dtMin) <0x416f8280 + 0x0017b> in <filename unknown>:0 
  at Reko.Typing.ExpressionTypeDescender.VisitBinaryExpression (Reko.Core.Expressions.BinaryExpression binExp, Reko.Core.Types.TypeVariable tv) <0x416f5cf0 + 0x001a3> in <filename unknown>:0 
  at Reko.Core.Expressions.BinaryExpression.Accept[T,C] (ExpressionVisitor`2 v, Reko.Core.Expressions.C context) <0x416f5c40 + 0x00031> in <filename unknown>:0 
  at Reko.Typing.ExpressionTypeDescender.VisitMemoryAccess (Reko.Core.Expressions.Expression basePointer, Reko.Core.Types.TypeVariable tvAccess, Reko.Core.Expressions.Expression effectiveAddress, Reko.Core.Expressions.Expression globals) <0x416f45b0 + 0x004a1> in <filename unknown>:0 
  at Reko.Typing.ExpressionTypeDescender.VisitMemoryAccess (Reko.Core.Expressions.MemoryAccess access, Reko.Core.Types.TypeVariable tv) <0x416f4560 + 0x00033> in <filename unknown>:0 
  at Reko.Core.Expressions.MemoryAccess.Accept[T,C] (ExpressionVisitor`2 v, Reko.Core.Expressions.C context) <0x416f4510 + 0x00031> in <filename unknown>:0 
  at Reko.Typing.TypeCollector.VisitStore (Reko.Core.Code.Store store) <0x416f7c80 + 0x000e8> in <filename unknown>:0 
  at Reko.Core.Code.Store.Accept (InstructionVisitor v) <0x4168bfe0 + 0x0002a> in <filename unknown>:0 
  at Reko.Typing.TypeCollector.CollectTypes () <0x416f2e70 + 0x00289> in <filename unknown>:0 
0804C9B1: error: An error occurred while processing the statement Mem173[eax_167 - 0x00000018 + 0x00000000:word32] = 0x00000800.
    Not handling (ptr (struct (0 T_3904 t0000))) and (union (uint32 u0) (ptr32 u1)) yet
      at Reko.Typing.ExpressionTypeDescender.PushSubtrahendDataType (Reko.Core.Types.DataType dtDiff, Reko.Core.Types.DataType dtMin) <0x416f8280 + 0x0017b> in <filename unknown>:0 
  at Reko.Typing.ExpressionTypeDescender.VisitBinaryExpression (Reko.Core.Expressions.BinaryExpression binExp, Reko.Core.Types.TypeVariable tv) <0x416f5cf0 + 0x001a3> in <filename unknown>:0 
  at Reko.Core.Expressions.BinaryExpression.Accept[T,C] (ExpressionVisitor`2 v, Reko.Core.Expressions.C context) <0x416f5c40 + 0x00031> in <filename unknown>:0 
  at Reko.Typing.ExpressionTypeDescender.VisitMemoryAccess (Reko.Core.Expressions.Expression basePointer, Reko.Core.Types.TypeVariable tvAccess, Reko.Core.Expressions.Expression effectiveAddress, Reko.Core.Expressions.Expression globals) <0x416f45b0 + 0x004a1> in <filename unknown>:0 
  at Reko.Typing.ExpressionTypeDescender.VisitMemoryAccess (Reko.Core.Expressions.MemoryAccess access, Reko.Core.Types.TypeVariable tv) <0x416f4560 + 0x00033> in <filename unknown>:0 
  at Reko.Core.Expressions.MemoryAccess.Accept[T,C] (ExpressionVisitor`2 v, Reko.Core.Expressions.C context) <0x416f4510 + 0x00031> in <filename unknown>:0 
  at Reko.Typing.TypeCollector.VisitStore (Reko.Core.Code.Store store) <0x416f7c80 + 0x000e8> in <filename unknown>:0 
  at Reko.Core.Code.Store.Accept (InstructionVisitor v) <0x4168bfe0 + 0x0002a> in <filename unknown>:0 
  at Reko.Typing.TypeCollector.CollectTypes () <0x416f2e70 + 0x00289> in <filename unknown>:0 
0804CAAE: error: An error occurred while processing the statement Mem87[eax_81 - 0x00000018 + 0x00000000:word32] = 0x00000800.
    Not handling (ptr (struct (0 T_3988 t0000))) and (union (uint32 u0) (ptr32 u1)) yet
      at Reko.Typing.ExpressionTypeDescender.PushSubtrahendDataType (Reko.Core.Types.DataType dtDiff, Reko.Core.Types.DataType dtMin) <0x416f8280 + 0x0017b> in <filename unknown>:0 
  at Reko.Typing.ExpressionTypeDescender.VisitBinaryExpression (Reko.Core.Expressions.BinaryExpression binExp, Reko.Core.Types.TypeVariable tv) <0x416f5cf0 + 0x001a3> in <filename unknown>:0 
  at Reko.Core.Expressions.BinaryExpression.Accept[T,C] (ExpressionVisitor`2 v, Reko.Core.Expressions.C context) <0x416f5c40 + 0x00031> in <filename unknown>:0 
  at Reko.Typing.ExpressionTypeDescender.VisitMemoryAccess (Reko.Core.Expressions.Expression basePointer, Reko.Core.Types.TypeVariable tvAccess, Reko.Core.Expressions.Expression effectiveAddress, Reko.Core.Expressions.Expression globals) <0x416f45b0 + 0x004a1> in <filename unknown>:0 
  at Reko.Typing.ExpressionTypeDescender.VisitMemoryAccess (Reko.Core.Expressions.MemoryAccess access, Reko.Core.Types.TypeVariable tv) <0x416f4560 + 0x00033> in <filename unknown>:0 
  at Reko.Core.Expressions.MemoryAccess.Accept[T,C] (ExpressionVisitor`2 v, Reko.Core.Expressions.C context) <0x416f4510 + 0x00031> in <filename unknown>:0 
  at Reko.Typing.TypeCollector.VisitStore (Reko.Core.Code.Store store) <0x416f7c80 + 0x000e8> in <filename unknown>:0 
  at Reko.Core.Code.Store.Accept (InstructionVisitor v) <0x4168bfe0 + 0x0002a> in <filename unknown>:0 
  at Reko.Typing.TypeCollector.CollectTypes () <0x416f2e70 + 0x00289> in <filename unknown>:0 
0804CAFC: error: An error occurred while processing the statement Mem104[eax_98 - 0x00000018 + 0x00000000:word32] = 0x00000800.
    Not handling (ptr (struct (0 T_4047 t0000))) and (union (uint32 u0) (ptr32 u1)) yet
      at Reko.Typing.ExpressionTypeDescender.PushSubtrahendDataType (Reko.Core.Types.DataType dtDiff, Reko.Core.Types.DataType dtMin) <0x416f8280 + 0x0017b> in <filename unknown>:0 
  at Reko.Typing.ExpressionTypeDescender.VisitBinaryExpression (Reko.Core.Expressions.BinaryExpression binExp, Reko.Core.Types.TypeVariable tv) <0x416f5cf0 + 0x001a3> in <filename unknown>:0 
  at Reko.Core.Expressions.BinaryExpression.Accept[T,C] (ExpressionVisitor`2 v, Reko.Core.Expressions.C context) <0x416f5c40 + 0x00031> in <filename unknown>:0 
  at Reko.Typing.ExpressionTypeDescender.VisitMemoryAccess (Reko.Core.Expressions.Expression basePointer, Reko.Core.Types.TypeVariable tvAccess, Reko.Core.Expressions.Expression effectiveAddress, Reko.Core.Expressions.Expression globals) <0x416f45b0 + 0x004a1> in <filename unknown>:0 
  at Reko.Typing.ExpressionTypeDescender.VisitMemoryAccess (Reko.Core.Expressions.MemoryAccess access, Reko.Core.Types.TypeVariable tv) <0x416f4560 + 0x00033> in <filename unknown>:0 
  at Reko.Core.Expressions.MemoryAccess.Accept[T,C] (ExpressionVisitor`2 v, Reko.Core.Expressions.C context) <0x416f4510 + 0x00031> in <filename unknown>:0 
  at Reko.Typing.TypeCollector.VisitStore (Reko.Core.Code.Store store) <0x416f7c80 + 0x000e8> in <filename unknown>:0 
  at Reko.Core.Code.Store.Accept (InstructionVisitor v) <0x4168bfe0 + 0x0002a> in <filename unknown>:0 
  at Reko.Typing.TypeCollector.CollectTypes () <0x416f2e70 + 0x00289> in <filename unknown>:0 
0804CC8C: error: An error occurred while processing the statement Mem9[eax_3 - 0x00000018 + 0x00000000:word32] = 0x000014F7.
    Not handling (ptr (struct (0 T_4395 t0000))) and (union (uint32 u0) (ptr32 u1)) yet
      at Reko.Typing.ExpressionTypeDescender.PushSubtrahendDataType (Reko.Core.Types.DataType dtDiff, Reko.Core.Types.DataType dtMin) <0x416f8280 + 0x0017b> in <filename unknown>:0 
  at Reko.Typing.ExpressionTypeDescender.VisitBinaryExpression (Reko.Core.Expressions.BinaryExpression binExp, Reko.Core.Types.TypeVariable tv) <0x416f5cf0 + 0x001a3> in <filename unknown>:0 
  at Reko.Core.Expressions.BinaryExpression.Accept[T,C] (ExpressionVisitor`2 v, Reko.Core.Expressions.C context) <0x416f5c40 + 0x00031> in <filename unknown>:0 
  at Reko.Typing.ExpressionTypeDescender.VisitMemoryAccess (Reko.Core.Expressions.Expression basePointer, Reko.Core.Types.TypeVariable tvAccess, Reko.Core.Expressions.Expression effectiveAddress, Reko.Core.Expressions.Expression globals) <0x416f45b0 + 0x004a1> in <filename unknown>:0 
  at Reko.Typing.ExpressionTypeDescender.VisitMemoryAccess (Reko.Core.Expressions.MemoryAccess access, Reko.Core.Types.TypeVariable tv) <0x416f4560 + 0x00033> in <filename unknown>:0 
  at Reko.Core.Expressions.MemoryAccess.Accept[T,C] (ExpressionVisitor`2 v, Reko.Core.Expressions.C context) <0x416f4510 + 0x00031> in <filename unknown>:0 
  at Reko.Typing.TypeCollector.VisitStore (Reko.Core.Code.Store store) <0x416f7c80 + 0x000e8> in <filename unknown>:0 
  at Reko.Core.Code.Store.Accept (InstructionVisitor v) <0x4168bfe0 + 0x0002a> in <filename unknown>:0 
  at Reko.Typing.TypeCollector.CollectTypes () <0x416f2e70 + 0x00289> in <filename unknown>:0 
0804CDFE: error: An error occurred while processing the statement Mem70[eax_64 - 0x00000008 + 0x00000000:word32] = 0x00000400.
    Not handling (ptr (struct (0 T_4576 t0000))) and (union (uint32 u0) (ptr32 u1)) yet
      at Reko.Typing.ExpressionTypeDescender.PushSubtrahendDataType (Reko.Core.Types.DataType dtDiff, Reko.Core.Types.DataType dtMin) <0x416f8280 + 0x0017b> in <filename unknown>:0 
  at Reko.Typing.ExpressionTypeDescender.VisitBinaryExpression (Reko.Core.Expressions.BinaryExpression binExp, Reko.Core.Types.TypeVariable tv) <0x416f5cf0 + 0x001a3> in <filename unknown>:0 
  at Reko.Core.Expressions.BinaryExpression.Accept[T,C] (ExpressionVisitor`2 v, Reko.Core.Expressions.C context) <0x416f5c40 + 0x00031> in <filename unknown>:0 
  at Reko.Typing.ExpressionTypeDescender.VisitMemoryAccess (Reko.Core.Expressions.Expression basePointer, Reko.Core.Types.TypeVariable tvAccess, Reko.Core.Expressions.Expression effectiveAddress, Reko.Core.Expressions.Expression globals) <0x416f45b0 + 0x004a1> in <filename unknown>:0 
  at Reko.Typing.ExpressionTypeDescender.VisitMemoryAccess (Reko.Core.Expressions.MemoryAccess access, Reko.Core.Types.TypeVariable tv) <0x416f4560 + 0x00033> in <filename unknown>:0 
  at Reko.Core.Expressions.MemoryAccess.Accept[T,C] (ExpressionVisitor`2 v, Reko.Core.Expressions.C context) <0x416f4510 + 0x00031> in <filename unknown>:0 
  at Reko.Typing.TypeCollector.VisitStore (Reko.Core.Code.Store store) <0x416f7c80 + 0x000e8> in <filename unknown>:0 
  at Reko.Core.Code.Store.Accept (InstructionVisitor v) <0x4168bfe0 + 0x0002a> in <filename unknown>:0 
  at Reko.Typing.TypeCollector.CollectTypes () <0x416f2e70 + 0x00289> in <filename unknown>:0 
0804CFDA: error: An error occurred while processing the statement Mem95[eax_89 - 0x0000000C + 0x00000000:word32] = 0x00000800.
    Not handling (ptr (struct (0 T_4649 t0000))) and (union (uint32 u0) (ptr32 u1)) yet
      at Reko.Typing.ExpressionTypeDescender.PushSubtrahendDataType (Reko.Core.Types.DataType dtDiff, Reko.Core.Types.DataType dtMin) <0x416f8280 + 0x0017b> in <filename unknown>:0 
  at Reko.Typing.ExpressionTypeDescender.VisitBinaryExpression (Reko.Core.Expressions.BinaryExpression binExp, Reko.Core.Types.TypeVariable tv) <0x416f5cf0 + 0x001a3> in <filename unknown>:0 
  at Reko.Core.Expressions.BinaryExpression.Accept[T,C] (ExpressionVisitor`2 v, Reko.Core.Expressions.C context) <0x416f5c40 + 0x00031> in <filename unknown>:0 
  at Reko.Typing.ExpressionTypeDescender.VisitMemoryAccess (Reko.Core.Expressions.Expression basePointer, Reko.Core.Types.TypeVariable tvAccess, Reko.Core.Expressions.Expression effectiveAddress, Reko.Core.Expressions.Expression globals) <0x416f45b0 + 0x004a1> in <filename unknown>:0 
  at Reko.Typing.ExpressionTypeDescender.VisitMemoryAccess (Reko.Core.Expressions.MemoryAccess access, Reko.Core.Types.TypeVariable tv) <0x416f4560 + 0x00033> in <filename unknown>:0 
  at Reko.Core.Expressions.MemoryAccess.Accept[T,C] (ExpressionVisitor`2 v, Reko.Core.Expressions.C context) <0x416f4510 + 0x00031> in <filename unknown>:0 
  at Reko.Typing.TypeCollector.VisitStore (Reko.Core.Code.Store store) <0x416f7c80 + 0x000e8> in <filename unknown>:0 
  at Reko.Core.Code.Store.Accept (InstructionVisitor v) <0x4168bfe0 + 0x0002a> in <filename unknown>:0 
  at Reko.Typing.TypeCollector.CollectTypes () <0x416f2e70 + 0x00289> in <filename unknown>:0 
0804CF3B: error: An error occurred while processing the statement Mem55[eax_49 - 0x00000008 + 0x00000000:word32] = 0x00000400.
    Not handling (ptr (struct (0 T_4836 t0000))) and (union (uint32 u0) (ptr32 u1)) yet
      at Reko.Typing.ExpressionTypeDescender.PushSubtrahendDataType (Reko.Core.Types.DataType dtDiff, Reko.Core.Types.DataType dtMin) <0x416f8280 + 0x0017b> in <filename unknown>:0 
  at Reko.Typing.ExpressionTypeDescender.VisitBinaryExpression (Reko.Core.Expressions.BinaryExpression binExp, Reko.Core.Types.TypeVariable tv) <0x416f5cf0 + 0x001a3> in <filename unknown>:0 
  at Reko.Core.Expressions.BinaryExpression.Accept[T,C] (ExpressionVisitor`2 v, Reko.Core.Expressions.C context) <0x416f5c40 + 0x00031> in <filename unknown>:0 
  at Reko.Typing.ExpressionTypeDescender.VisitMemoryAccess (Reko.Core.Expressions.Expression basePointer, Reko.Core.Types.TypeVariable tvAccess, Reko.Core.Expressions.Expression effectiveAddress, Reko.Core.Expressions.Expression globals) <0x416f45b0 + 0x004a1> in <filename unknown>:0 
  at Reko.Typing.ExpressionTypeDescender.VisitMemoryAccess (Reko.Core.Expressions.MemoryAccess access, Reko.Core.Types.TypeVariable tv) <0x416f4560 + 0x00033> in <filename unknown>:0 
  at Reko.Core.Expressions.MemoryAccess.Accept[T,C] (ExpressionVisitor`2 v, Reko.Core.Expressions.C context) <0x416f4510 + 0x00031> in <filename unknown>:0 
  at Reko.Typing.TypeCollector.VisitStore (Reko.Core.Code.Store store) <0x416f7c80 + 0x000e8> in <filename unknown>:0 
  at Reko.Core.Code.Store.Accept (InstructionVisitor v) <0x4168bfe0 + 0x0002a> in <filename unknown>:0 
  at Reko.Typing.TypeCollector.CollectTypes () <0x416f2e70 + 0x00289> in <filename unknown>:0 
0804CFAB: error: An error occurred while processing the statement Mem9[eax_3 - 0x0000000C + 0x00000000:word32] = 0x00000800.
    Not handling (ptr (struct (0 T_4904 t0000))) and (union (uint32 u0) (ptr32 u1)) yet
      at Reko.Typing.ExpressionTypeDescender.PushSubtrahendDataType (Reko.Core.Types.DataType dtDiff, Reko.Core.Types.DataType dtMin) <0x416f8280 + 0x0017b> in <filename unknown>:0 
  at Reko.Typing.ExpressionTypeDescender.VisitBinaryExpression (Reko.Core.Expressions.BinaryExpression binExp, Reko.Core.Types.TypeVariable tv) <0x416f5cf0 + 0x001a3> in <filename unknown>:0 
  at Reko.Core.Expressions.BinaryExpression.Accept[T,C] (ExpressionVisitor`2 v, Reko.Core.Expressions.C context) <0x416f5c40 + 0x00031> in <filename unknown>:0 
  at Reko.Typing.ExpressionTypeDescender.VisitMemoryAccess (Reko.Core.Expressions.Expression basePointer, Reko.Core.Types.TypeVariable tvAccess, Reko.Core.Expressions.Expression effectiveAddress, Reko.Core.Expressions.Expression globals) <0x416f45b0 + 0x004a1> in <filename unknown>:0 
  at Reko.Typing.ExpressionTypeDescender.VisitMemoryAccess (Reko.Core.Expressions.MemoryAccess access, Reko.Core.Types.TypeVariable tv) <0x416f4560 + 0x00033> in <filename unknown>:0 
  at Reko.Core.Expressions.MemoryAccess.Accept[T,C] (ExpressionVisitor`2 v, Reko.Core.Expressions.C context) <0x416f4510 + 0x00031> in <filename unknown>:0 
  at Reko.Typing.TypeCollector.VisitStore (Reko.Core.Code.Store store) <0x416f7c80 + 0x000e8> in <filename unknown>:0 
  at Reko.Core.Code.Store.Accept (InstructionVisitor v) <0x4168bfe0 + 0x0002a> in <filename unknown>:0 
  at Reko.Typing.TypeCollector.CollectTypes () <0x416f2e70 + 0x00289> in <filename unknown>:0 
0804DB63: error: An error occurred while processing the statement Mem38[eax_32 - 0x00000014 + 0x00000000:word32] = 0x00001000.
    Not handling (ptr (struct (0 T_6253 t0000))) and (union (uint32 u0) (ptr32 u1)) yet
      at Reko.Typing.ExpressionTypeDescender.PushSubtrahendDataType (Reko.Core.Types.DataType dtDiff, Reko.Core.Types.DataType dtMin) <0x416f8280 + 0x0017b> in <filename unknown>:0 
  at Reko.Typing.ExpressionTypeDescender.VisitBinaryExpression (Reko.Core.Expressions.BinaryExpression binExp, Reko.Core.Types.TypeVariable tv) <0x416f5cf0 + 0x001a3> in <filename unknown>:0 
  at Reko.Core.Expressions.BinaryExpression.Accept[T,C] (ExpressionVisitor`2 v, Reko.Core.Expressions.C context) <0x416f5c40 + 0x00031> in <filename unknown>:0 
  at Reko.Typing.ExpressionTypeDescender.VisitMemoryAccess (Reko.Core.Expressions.Expression basePointer, Reko.Core.Types.TypeVariable tvAccess, Reko.Core.Expressions.Expression effectiveAddress, Reko.Core.Expressions.Expression globals) <0x416f45b0 + 0x004a1> in <filename unknown>:0 
  at Reko.Typing.ExpressionTypeDescender.VisitMemoryAccess (Reko.Core.Expressions.MemoryAccess access, Reko.Core.Types.TypeVariable tv) <0x416f4560 + 0x00033> in <filename unknown>:0 
  at Reko.Core.Expressions.MemoryAccess.Accept[T,C] (ExpressionVisitor`2 v, Reko.Core.Expressions.C context) <0x416f4510 + 0x00031> in <filename unknown>:0 
  at Reko.Typing.TypeCollector.VisitStore (Reko.Core.Code.Store store) <0x416f7c80 + 0x000e8> in <filename unknown>:0 
  at Reko.Core.Code.Store.Accept (InstructionVisitor v) <0x4168bfe0 + 0x0002a> in <filename unknown>:0 
  at Reko.Typing.TypeCollector.CollectTypes () <0x416f2e70 + 0x00289> in <filename unknown>:0 
: error: Error when reconstructing types.
    Specified argument was out of the range of valid values.
Parameter name: Linear address 00000000 is not in known segment.
      at Reko.Core.SegmentMap.MapLinearAddressToAddress (UInt64 linearAddress) <0x416aa040 + 0x0017f> in <filename unknown>:0 
  at Reko.CmdLine.CmdLineListener.CreateStatementNavigator (Reko.Core.Program program, Reko.Core.Statement stm) <0x416a9f90 + 0x0002f> in <filename unknown>:0 
  at Reko.Typing.TypeCollector.CollectTypes () <0x416f2e70 + 0x002d5> in <filename unknown>:0 
  at Reko.Typing.TypeAnalyzer.RewriteProgram (Reko.Core.Program program) <0x416ebeb0 + 0x00597> in <filename unknown>:0 
  at Reko.DecompilerDriver.ReconstructTypes () <0x416eb840 + 0x0022f> in <filename unknown>:0 
fn0804CE6B: error: An error occurred while rewriting procedure to high-level language.
    The given key was not present in the dictionary.
      at System.ThrowHelper.ThrowKeyNotFoundException () <0x416a9f30 + 0x0001f> in <filename unknown>:0 
  at System.Collections.Generic.Dictionary`2[TKey,TValue].get_Item (System.Collections.Generic.TKey key) <0x414a9bb0 + 0x0004b> in <filename unknown>:0 
  at Reko.Structure.StructureAnalysis.BuildRegionGraph (Reko.Core.Procedure proc) <0x416fdd30 + 0x00323> in <filename unknown>:0 
  at Reko.Structure.StructureAnalysis.Execute () <0x416fd7b0 + 0x0003b> in <filename unknown>:0 
  at Reko.Structure.StructureAnalysis.Structure () <0x416fc3b0 + 0x00137> in <filename unknown>:0 
  at Reko.DecompilerDriver.StructureProgram () <0x416fbed0 + 0x00255> in <filename unknown>:0 
