=== Using options:--aggressive-branch-removal
00401268: warning: Call target address FE82EAA0 is invalid.
00402217: warning: Call target address FF88:DB80 is invalid.
00402457: warning: Call target address 5C61:AB13 is invalid.
0040245C: warning: Call target address 046488EE is invalid.
00402D46: warning: Call target address 0B88:E369 is invalid.
00402FD7: warning: Call target address B483005C is invalid.
00402D63: warning: Call target address CB6AF773 is invalid.
00402B4F: warning: Call target address FACB7964 is invalid.
0040266B: warning: Call target address C157A3B5 is invalid.
004015D5: warning: Call target address 8C66:7B76 is invalid.
004015DB: warning: Call target address 3596:A2A2 is invalid.
00401429: warning: Call target address 8B38:4B6A is invalid.
/home/hawk/kza/decompiler-subjects.clean/malware_via_email/malware_1812/ia32_pe/subject.exe: error: An internal error occurred while analyzing /home/hawk/kza/decompiler-subjects.clean/malware_via_email/malware_1812/ia32_pe/subject.exe.
    An item with the same key has already been added. Key: eax
       at System.Collections.Generic.Dictionary`2.TryInsert(TKey key, TValue value, InsertionBehavior behavior)
   at System.Collections.Generic.Dictionary`2.Add(TKey key, TValue value)
   at Reko.Analysis.SsaIdentifierCollection.Add(Identifier idOld, Statement stmDef, Boolean isSideEffect) in /home/runner/work/reko/reko/src/Decompiler/Analysis/SsaIdentifierCollection.cs:line 50
   at Reko.Analysis.ProjectionPropagator.ProjectionFilter.RewriteSeqOfDefs(SsaIdentifier[] sids, Identifier idWide) in /home/runner/work/reko/reko/src/Decompiler/Analysis/ProjectionPropagator.cs:line 402
   at Reko.Analysis.ProjectionPropagator.ProjectionFilter.FuseIdentifiers(DataType dtWide, SsaIdentifier[] sids) in /home/runner/work/reko/reko/src/Decompiler/Analysis/ProjectionPropagator.cs:line 264
   at Reko.Analysis.ProjectionPropagator.ProjectionFilter.VisitMkSequence(MkSequence seq) in /home/runner/work/reko/reko/src/Decompiler/Analysis/ProjectionPropagator.cs:line 209
   at Reko.Core.Expressions.MkSequence.Accept[T](ExpressionVisitor`1 v) in /home/runner/work/reko/reko/src/Core/Expressions/MkSequence.cs:line 56
   at Reko.Core.Code.InstructionTransformer.TransformAssignment(Assignment a) in /home/runner/work/reko/reko/src/Core/Code/InstructionTransformer.cs:line 50
   at Reko.Core.Code.Assignment.Accept(InstructionTransformer xform) in /home/runner/work/reko/reko/src/Core/Code/Assignment.cs:line 44
   at Reko.Analysis.ProjectionPropagator.Transform() in /home/runner/work/reko/reko/src/Decompiler/Analysis/ProjectionPropagator.cs:line 73
   at Reko.Analysis.SccWorker.Transform() in /home/runner/work/reko/reko/src/Decompiler/Analysis/SccWorker.cs:line 115
   at Reko.Analysis.DataFlowAnalysis.RewriteProceduresToSsa() in /home/runner/work/reko/reko/src/Decompiler/Analysis/DataFlowAnalysis.cs:line 178
   at Reko.Analysis.DataFlowAnalysis.UntangleProcedures() in /home/runner/work/reko/reko/src/Decompiler/Analysis/DataFlowAnalysis.cs:line 128
   at Reko.Decompiler.AnalyzeDataFlow() in /home/runner/work/reko/reko/src/Decompiler/Decompiler.cs:line 111
fn00401008_exit: warning: Phi functions will be ignored by type analysis. This may be caused by a failure in a previous stage of the decompilation.
fn00401073: warning: Structure analysis stopped making progress, quitting. Please report this issue at https://github.com/uxmal/reko
fn004011AE: warning: Structure analysis stopped making progress, quitting. Please report this issue at https://github.com/uxmal/reko
fn00401284: error: An error occurred while rewriting procedure to high-level language.
    The given key 'l004012B0_thunk_fn004012B2' was not present in the dictionary.
       at Reko.Structure.RegionGraphBuilder.Build() in /home/runner/work/reko/reko/src/Decompiler/Structure/RegionGraphBuilder.cs:line 75
   at Reko.Structure.StructureAnalysis.Execute() in /home/runner/work/reko/reko/src/Decompiler/Structure/StructureAnalysis.cs:line 126
   at Reko.Structure.StructureAnalysis.Structure() in /home/runner/work/reko/reko/src/Decompiler/Structure/StructureAnalysis.cs:line 80
   at Reko.Decompiler.StructureProgram() in /home/runner/work/reko/reko/src/Decompiler/Decompiler.cs:line 551
fn004012F3: warning: Structure analysis stopped making progress, quitting. Please report this issue at https://github.com/uxmal/reko
fn0040214B: warning: Structure analysis stopped making progress, quitting. Please report this issue at https://github.com/uxmal/reko
fn00402409: error: An error occurred while rewriting procedure to high-level language.
    Can't collapse l00402BB9 (Tail) => l00402BCC_in_fn00402409) in procedure fn00402409
       at Reko.Structure.StructureAnalysis.CollapseToTailRegion(Region from, Region to, AbsynStatement stm) in /home/runner/work/reko/reko/src/Decompiler/Structure/StructureAnalysis.cs:line 980
   at Reko.Structure.StructureAnalysis.VirtualizeEdge(VirtualEdge vEdge) in /home/runner/work/reko/reko/src/Decompiler/Structure/StructureAnalysis.cs:line 930
   at Reko.Structure.StructureAnalysis.VirtualizeReturn(Region n) in /home/runner/work/reko/reko/src/Decompiler/Structure/StructureAnalysis.cs:line 310
   at Reko.Structure.StructureAnalysis.ProcessUnresolvedRegions() in /home/runner/work/reko/reko/src/Decompiler/Structure/StructureAnalysis.cs:line 283
   at Reko.Structure.StructureAnalysis.Execute() in /home/runner/work/reko/reko/src/Decompiler/Structure/StructureAnalysis.cs:line 170
   at Reko.Structure.StructureAnalysis.Structure() in /home/runner/work/reko/reko/src/Decompiler/Structure/StructureAnalysis.cs:line 80
   at Reko.Decompiler.StructureProgram() in /home/runner/work/reko/reko/src/Decompiler/Decompiler.cs:line 551
fn0040248B: warning: Structure analysis stopped making progress, quitting. Please report this issue at https://github.com/uxmal/reko
fn004025AA: warning: Structure analysis stopped making progress, quitting. Please report this issue at https://github.com/uxmal/reko
fn004025E5: warning: Structure analysis stopped making progress, quitting. Please report this issue at https://github.com/uxmal/reko
fn004027B0: warning: Structure analysis stopped making progress, quitting. Please report this issue at https://github.com/uxmal/reko
fn004027F1: warning: Structure analysis stopped making progress, quitting. Please report this issue at https://github.com/uxmal/reko
fn00402937: warning: Structure analysis stopped making progress, quitting. Please report this issue at https://github.com/uxmal/reko
fn00402DF8: warning: Structure analysis stopped making progress, quitting. Please report this issue at https://github.com/uxmal/reko
fn00402E3B: warning: Structure analysis stopped making progress, quitting. Please report this issue at https://github.com/uxmal/reko
fn00402EB8: warning: Structure analysis stopped making progress, quitting. Please report this issue at https://github.com/uxmal/reko
fn00402F59: error: An error occurred while rewriting procedure to high-level language.
    Index was out of range. Must be non-negative and less than the size of the collection. (Parameter 'index')
       at System.Collections.Generic.List`1.get_Item(Int32 index)
   at Reko.Core.Block.get_ThenBlock() in /home/runner/work/reko/reko/src/Core/Block.cs:line 91
   at Reko.Structure.CompoundConditionCoalescer.MaybeCoalesce(Block block) in /home/runner/work/reko/reko/src/Decompiler/Structure/CompoundConditionCoalescer.cs:line 96
   at Reko.Structure.CompoundConditionCoalescer.Transform() in /home/runner/work/reko/reko/src/Decompiler/Structure/CompoundConditionCoalescer.cs:line 62
   at Reko.Structure.StructureAnalysis.Structure() in /home/runner/work/reko/reko/src/Decompiler/Structure/StructureAnalysis.cs:line 78
   at Reko.Decompiler.StructureProgram() in /home/runner/work/reko/reko/src/Decompiler/Decompiler.cs:line 551
fn00402F68: warning: Structure analysis stopped making progress, quitting. Please report this issue at https://github.com/uxmal/reko
fn00402FB5: warning: Structure analysis stopped making progress, quitting. Please report this issue at https://github.com/uxmal/reko
