=== Using options:--aggressive-branch-removal
0040D620: warning: Call target address BF3057F4 is invalid.
0040DC2F: warning: Call target address 32D7:34F2 is invalid.
0040D918: warning: Call target address 43C3EC58 is invalid.
0040DBC9: warning: Multiple different values of stack delta in procedure fn0040DB9E when processing RET instruction; was 4 previously.
0040C4B1: warning: Procedure Win32CrtStartup previously had a return address of 4 bytes on the stack, but now seems to have a return address of 6 bytes on the stack.
0040C4B1: warning: Multiple different values of stack delta in procedure Win32CrtStartup when processing RET instruction; was 4 previously.
0040C1C1: warning: Call target address D402AC46 is invalid.
/home/hawk/kza/decompiler-subjects.clean/malware_via_email/malware_1652/ia32_pe/subject.exe: error: An internal error occurred while analyzing /home/hawk/kza/decompiler-subjects.clean/malware_via_email/malware_1652/ia32_pe/subject.exe.
    An item with the same key has already been added. Key: ecx
       at System.Collections.Generic.Dictionary`2.TryInsert(TKey key, TValue value, InsertionBehavior behavior)
   at System.Collections.Generic.Dictionary`2.Add(TKey key, TValue value)
   at Reko.Analysis.SsaIdentifierCollection.Add(Identifier idOld, Statement stmDef, Boolean isSideEffect) in /home/runner/work/reko/reko/src/Decompiler/Analysis/SsaIdentifierCollection.cs:line 50
   at Reko.Analysis.ProjectionPropagator.ProjectionFilter.RewriteSeqOfDefs(SsaIdentifier[] sids, Identifier idWide) in /home/runner/work/reko/reko/src/Decompiler/Analysis/ProjectionPropagator.cs:line 402
   at Reko.Analysis.ProjectionPropagator.ProjectionFilter.FuseIdentifiers(DataType dtWide, SsaIdentifier[] sids) in /home/runner/work/reko/reko/src/Decompiler/Analysis/ProjectionPropagator.cs:line 264
   at Reko.Analysis.ProjectionPropagator.ProjectionFilter.VisitMkSequence(MkSequence seq) in /home/runner/work/reko/reko/src/Decompiler/Analysis/ProjectionPropagator.cs:line 209
   at Reko.Core.Expressions.MkSequence.Accept[T](ExpressionVisitor`1 v) in /home/runner/work/reko/reko/src/Core/Expressions/MkSequence.cs:line 56
   at Reko.Core.Code.InstructionTransformer.TransformAssignment(Assignment a) in /home/runner/work/reko/reko/src/Core/Code/InstructionTransformer.cs:line 50
   at Reko.Core.Code.Assignment.Accept(InstructionTransformer xform) in /home/runner/work/reko/reko/src/Core/Code/Assignment.cs:line 44
   at Reko.Analysis.ProjectionPropagator.Transform() in /home/runner/work/reko/reko/src/Decompiler/Analysis/ProjectionPropagator.cs:line 73
   at Reko.Analysis.SccWorker.Transform() in /home/runner/work/reko/reko/src/Decompiler/Analysis/SccWorker.cs:line 115
   at Reko.Analysis.DataFlowAnalysis.RewriteProceduresToSsa() in /home/runner/work/reko/reko/src/Decompiler/Analysis/DataFlowAnalysis.cs:line 178
   at Reko.Analysis.DataFlowAnalysis.UntangleProcedures() in /home/runner/work/reko/reko/src/Decompiler/Analysis/DataFlowAnalysis.cs:line 128
   at Reko.Decompiler.AnalyzeDataFlow() in /home/runner/work/reko/reko/src/Decompiler/Decompiler.cs:line 111
00411020: error: An error occurred while processing the statement v6620 = (Mem0[esi + 0<32>:byte] & 1<8> << 8<8> - 1<8>) != 0<8>.
    Specified argument was out of the range of valid values. (Parameter 'bitSize')
       at Reko.Core.Types.PrimitiveType.CreateWord(Int32 bitSize) in /home/runner/work/reko/reko/src/Core/Types/PrimitiveType.cs:line 141
   at Reko.Core.Expressions.ExpressionTypeAscenderBase.VisitBinaryExpression(BinaryExpression binExp) in /home/runner/work/reko/reko/src/Core/Expressions/ExpressionTypeAscenderBase.cs:line 186
   at Reko.Core.Expressions.ExpressionTypeAscenderBase.VisitBinaryExpression(BinaryExpression binExp) in /home/runner/work/reko/reko/src/Core/Expressions/ExpressionTypeAscenderBase.cs:line 186
   at Reko.Typing.TypeCollector.VisitAssignment(Assignment ass) in /home/runner/work/reko/reko/src/Decompiler/Typing/TypeCollector.cs:line 194
   at Reko.Typing.TypeCollector.CollectTypes() in /home/runner/work/reko/reko/src/Decompiler/Typing/TypeCollector.cs:line 74
Win32CrtStartup: error: An error occurred while rewriting procedure to high-level language.
    Index was out of range. Must be non-negative and less than the size of the collection. (Parameter 'index')
       at System.Collections.Generic.List`1.get_Item(Int32 index)
   at Reko.Core.Block.get_ThenBlock() in /home/runner/work/reko/reko/src/Core/Block.cs:line 91
   at Reko.Structure.CompoundConditionCoalescer.MaybeCoalesce(Block block) in /home/runner/work/reko/reko/src/Decompiler/Structure/CompoundConditionCoalescer.cs:line 96
   at Reko.Structure.CompoundConditionCoalescer.Transform() in /home/runner/work/reko/reko/src/Decompiler/Structure/CompoundConditionCoalescer.cs:line 62
   at Reko.Structure.StructureAnalysis.Structure() in /home/runner/work/reko/reko/src/Decompiler/Structure/StructureAnalysis.cs:line 78
   at Reko.Decompiler.StructureProgram() in /home/runner/work/reko/reko/src/Decompiler/Decompiler.cs:line 551
fn0040DA67: error: An error occurred while rewriting procedure to high-level language.
    The given key 'l0040D7E3' was not present in the dictionary.
       at System.Collections.Generic.Dictionary`2.get_Item(TKey key)
   at Reko.Core.Graphs.DominatorGraph`1.BuildDominanceFrontiers(DirectedGraph`1 graph, Dictionary`2 idoms) in /home/runner/work/reko/reko/src/Core/Graphs/DominatorGraph.cs:line 193
   at Reko.Core.Graphs.DominatorGraph`1..ctor(DirectedGraph`1 graph, T entryNode) in /home/runner/work/reko/reko/src/Core/Graphs/DominatorGraph.cs:line 46
   at Reko.Structure.StructureAnalysis.Execute() in /home/runner/work/reko/reko/src/Decompiler/Structure/StructureAnalysis.cs:line 145
   at Reko.Structure.StructureAnalysis.Structure() in /home/runner/work/reko/reko/src/Decompiler/Structure/StructureAnalysis.cs:line 80
   at Reko.Decompiler.StructureProgram() in /home/runner/work/reko/reko/src/Decompiler/Decompiler.cs:line 551
