Using options:
004011E8: error: INT service 002E is not supported by Windows.
0040208E: error: INT service 0004 is not supported by Windows.
0040206D: warning: Procedure fn0040290E previously had a return address of 0 bytes on the stack, but now seems to have a return address of 4 bytes on the stack.
0040260B: warning: Procedure fn00402120 previously had a return address of 6 bytes on the stack, but now seems to have a return address of 0 bytes on the stack.
00402624: warning: Procedure fn00402120 previously had a return address of 6 bytes on the stack, but now seems to have a return address of 0 bytes on the stack.
004025E4: warning: Procedure fn00402579 previously had a return address of 0 bytes on the stack, but now seems to have a return address of 6 bytes on the stack.
0040249E: warning: Procedure fn0040259F previously had a return address of 6 bytes on the stack, but now seems to have a return address of 0 bytes on the stack.
00402165: warning: Procedure fn0040259F previously had a return address of 6 bytes on the stack, but now seems to have a return address of 0 bytes on the stack.
0040259A: warning: Procedure fn0040229C previously had a return address of 0 bytes on the stack, but now seems to have a return address of 6 bytes on the stack.
0040263A: warning: Procedure fn00402626 previously had a return address of 0 bytes on the stack, but now seems to have a return address of 4 bytes on the stack.
00402615: warning: Procedure fn00402120 previously had a return address of 6 bytes on the stack, but now seems to have a return address of 0 bytes on the stack.
00402657: warning: Procedure fn004021B8 previously had a return address of 4 bytes on the stack, but now seems to have a return address of 0 bytes on the stack.
00402640: error: Object reference not set to an instance of an object
00402660: warning: Procedure fn004021B8 previously had a return address of 4 bytes on the stack, but now seems to have a return address of 0 bytes on the stack.
0040146A: warning: Call target address 7D51E41D is invalid.
004020F0: error: An error occurred while processing instruction at address 004020F0.
    The given key was not present in the dictionary.
      at System.ThrowHelper.ThrowKeyNotFoundException () <0x412d68f0 + 0x0001f> in <filename unknown>:0 
  at System.Collections.Generic.Dictionary`2[TKey,TValue].get_Item (System.Collections.Generic.TKey key) <0x410d8bb0 + 0x0004b> in <filename unknown>:0 
  at Reko.Analysis.ExpressionPropagator.GetStackDepthBeforeCall () <0x412d6490 + 0x00073> in <filename unknown>:0 
  at Reko.Analysis.ExpressionPropagator.VisitCallInstruction (Reko.Core.Code.CallInstruction ci) <0x412d6120 + 0x0005f> in <filename unknown>:0 
  at Reko.Core.Code.CallInstruction.Accept[T] (InstructionVisitor`1 visitor) <0x412cf2f0 + 0x00030> in <filename unknown>:0 
  at Reko.Analysis.TrashedRegisterFinder.RewriteBlock (Reko.Core.Block block) <0x412d3570 + 0x001c0> in <filename unknown>:0 
004020F0: error: An error occurred while processing instruction at address 004020F0.
    The given key was not present in the dictionary.
      at System.ThrowHelper.ThrowKeyNotFoundException () <0x412d68f0 + 0x0001f> in <filename unknown>:0 
  at System.Collections.Generic.Dictionary`2[TKey,TValue].get_Item (System.Collections.Generic.TKey key) <0x410d8bb0 + 0x0004b> in <filename unknown>:0 
  at Reko.Analysis.ExpressionPropagator.GetStackDepthBeforeCall () <0x412d6490 + 0x00073> in <filename unknown>:0 
  at Reko.Analysis.ExpressionPropagator.VisitCallInstruction (Reko.Core.Code.CallInstruction ci) <0x412d6120 + 0x0005f> in <filename unknown>:0 
  at Reko.Core.Code.CallInstruction.Accept[T] (InstructionVisitor`1 visitor) <0x412cf2f0 + 0x00030> in <filename unknown>:0 
  at Reko.Analysis.TrashedRegisterFinder.RewriteBlock (Reko.Core.Block block) <0x412d3570 + 0x001c0> in <filename unknown>:0 
00402657: error: An error occurred while processing instruction at address 00402657.
    The given key was not present in the dictionary.
      at System.ThrowHelper.ThrowKeyNotFoundException () <0x412d68f0 + 0x0001f> in <filename unknown>:0 
  at System.Collections.Generic.Dictionary`2[TKey,TValue].get_Item (System.Collections.Generic.TKey key) <0x410d8bb0 + 0x0004b> in <filename unknown>:0 
  at Reko.Analysis.ExpressionPropagator.GetStackDepthBeforeCall () <0x412d6490 + 0x00073> in <filename unknown>:0 
  at Reko.Analysis.ExpressionPropagator.VisitCallInstruction (Reko.Core.Code.CallInstruction ci) <0x412d6120 + 0x0005f> in <filename unknown>:0 
  at Reko.Core.Code.CallInstruction.Accept[T] (InstructionVisitor`1 visitor) <0x412cf2f0 + 0x00030> in <filename unknown>:0 
  at Reko.Analysis.TrashedRegisterFinder.RewriteBlock (Reko.Core.Block block) <0x412d3570 + 0x001c0> in <filename unknown>:0 
00402660: error: An error occurred while processing instruction at address 00402660.
    The given key was not present in the dictionary.
      at System.ThrowHelper.ThrowKeyNotFoundException () <0x412d68f0 + 0x0001f> in <filename unknown>:0 
  at System.Collections.Generic.Dictionary`2[TKey,TValue].get_Item (System.Collections.Generic.TKey key) <0x410d8bb0 + 0x0004b> in <filename unknown>:0 
  at Reko.Analysis.ExpressionPropagator.GetStackDepthBeforeCall () <0x412d6490 + 0x00073> in <filename unknown>:0 
  at Reko.Analysis.ExpressionPropagator.VisitCallInstruction (Reko.Core.Code.CallInstruction ci) <0x412d6120 + 0x0005f> in <filename unknown>:0 
  at Reko.Core.Code.CallInstruction.Accept[T] (InstructionVisitor`1 visitor) <0x412cf2f0 + 0x00030> in <filename unknown>:0 
  at Reko.Analysis.TrashedRegisterFinder.RewriteBlock (Reko.Core.Block block) <0x412d3570 + 0x001c0> in <filename unknown>:0 
00402214: error: An error occurred while processing instruction at address 00402214.
    The given key was not present in the dictionary.
      at System.ThrowHelper.ThrowKeyNotFoundException () <0x412d68f0 + 0x0001f> in <filename unknown>:0 
  at System.Collections.Generic.Dictionary`2[TKey,TValue].get_Item (System.Collections.Generic.TKey key) <0x410d8bb0 + 0x0004b> in <filename unknown>:0 
  at Reko.Analysis.ExpressionPropagator.GetStackDepthBeforeCall () <0x412d6490 + 0x00073> in <filename unknown>:0 
  at Reko.Analysis.ExpressionPropagator.VisitCallInstruction (Reko.Core.Code.CallInstruction ci) <0x412d6120 + 0x0005f> in <filename unknown>:0 
  at Reko.Core.Code.CallInstruction.Accept[T] (InstructionVisitor`1 visitor) <0x412cf2f0 + 0x00030> in <filename unknown>:0 
  at Reko.Analysis.TrashedRegisterFinder.RewriteBlock (Reko.Core.Block block) <0x412d3570 + 0x001c0> in <filename unknown>:0 
00402215: error: An error occurred while processing instruction at address 00402215.
    The given key was not present in the dictionary.
      at System.ThrowHelper.ThrowKeyNotFoundException () <0x412d68f0 + 0x0001f> in <filename unknown>:0 
  at System.Collections.Generic.Dictionary`2[TKey,TValue].get_Item (System.Collections.Generic.TKey key) <0x410d8bb0 + 0x0004b> in <filename unknown>:0 
  at Reko.Analysis.ExpressionPropagator.GetStackDepthBeforeCall () <0x412d6490 + 0x00073> in <filename unknown>:0 
  at Reko.Analysis.ExpressionPropagator.VisitCallInstruction (Reko.Core.Code.CallInstruction ci) <0x412d6120 + 0x0005f> in <filename unknown>:0 
  at Reko.Core.Code.CallInstruction.Accept[T] (InstructionVisitor`1 visitor) <0x412cf2f0 + 0x00030> in <filename unknown>:0 
  at Reko.Analysis.TrashedRegisterFinder.RewriteBlock (Reko.Core.Block block) <0x412d3570 + 0x001c0> in <filename unknown>:0 
004023E9: error: An error occurred while processing instruction at address 004023E9.
    The given key was not present in the dictionary.
      at System.ThrowHelper.ThrowKeyNotFoundException () <0x412d68f0 + 0x0001f> in <filename unknown>:0 
  at System.Collections.Generic.Dictionary`2[TKey,TValue].get_Item (System.Collections.Generic.TKey key) <0x410d8bb0 + 0x0004b> in <filename unknown>:0 
  at Reko.Analysis.ExpressionPropagator.GetStackDepthBeforeCall () <0x412d6490 + 0x00073> in <filename unknown>:0 
  at Reko.Analysis.ExpressionPropagator.VisitCallInstruction (Reko.Core.Code.CallInstruction ci) <0x412d6120 + 0x0005f> in <filename unknown>:0 
  at Reko.Core.Code.CallInstruction.Accept[T] (InstructionVisitor`1 visitor) <0x412cf2f0 + 0x00030> in <filename unknown>:0 
  at Reko.Analysis.TrashedRegisterFinder.RewriteBlock (Reko.Core.Block block) <0x412d3570 + 0x001c0> in <filename unknown>:0 
004023E9: error: An error occurred while processing instruction at address 004023E9.
    The given key was not present in the dictionary.
      at System.ThrowHelper.ThrowKeyNotFoundException () <0x412d68f0 + 0x0001f> in <filename unknown>:0 
  at System.Collections.Generic.Dictionary`2[TKey,TValue].get_Item (System.Collections.Generic.TKey key) <0x410d8bb0 + 0x0004b> in <filename unknown>:0 
  at Reko.Analysis.ExpressionPropagator.GetStackDepthBeforeCall () <0x412d6490 + 0x00073> in <filename unknown>:0 
  at Reko.Analysis.ExpressionPropagator.VisitCallInstruction (Reko.Core.Code.CallInstruction ci) <0x412d6120 + 0x0005f> in <filename unknown>:0 
  at Reko.Core.Code.CallInstruction.Accept[T] (InstructionVisitor`1 visitor) <0x412cf2f0 + 0x00030> in <filename unknown>:0 
  at Reko.Analysis.TrashedRegisterFinder.RewriteBlock (Reko.Core.Block block) <0x412d3570 + 0x001c0> in <filename unknown>:0 
004024B3: error: An error occurred while processing instruction at address 004024B3.
    The given key was not present in the dictionary.
      at System.ThrowHelper.ThrowKeyNotFoundException () <0x412d68f0 + 0x0001f> in <filename unknown>:0 
  at System.Collections.Generic.Dictionary`2[TKey,TValue].get_Item (System.Collections.Generic.TKey key) <0x410d8bb0 + 0x0004b> in <filename unknown>:0 
  at Reko.Analysis.ExpressionPropagator.GetStackDepthBeforeCall () <0x412d6490 + 0x00073> in <filename unknown>:0 
  at Reko.Analysis.ExpressionPropagator.VisitCallInstruction (Reko.Core.Code.CallInstruction ci) <0x412d6120 + 0x0005f> in <filename unknown>:0 
  at Reko.Core.Code.CallInstruction.Accept[T] (InstructionVisitor`1 visitor) <0x412cf2f0 + 0x00030> in <filename unknown>:0 
  at Reko.Analysis.TrashedRegisterFinder.RewriteBlock (Reko.Core.Block block) <0x412d3570 + 0x001c0> in <filename unknown>:0 
00402624: error: An error occurred while processing instruction at address 00402624.
    The given key was not present in the dictionary.
      at System.ThrowHelper.ThrowKeyNotFoundException () <0x412d68f0 + 0x0001f> in <filename unknown>:0 
  at System.Collections.Generic.Dictionary`2[TKey,TValue].get_Item (System.Collections.Generic.TKey key) <0x410d8bb0 + 0x0004b> in <filename unknown>:0 
  at Reko.Analysis.ExpressionPropagator.GetStackDepthBeforeCall () <0x412d6490 + 0x00073> in <filename unknown>:0 
  at Reko.Analysis.ExpressionPropagator.VisitCallInstruction (Reko.Core.Code.CallInstruction ci) <0x412d6120 + 0x0005f> in <filename unknown>:0 
  at Reko.Core.Code.CallInstruction.Accept[T] (InstructionVisitor`1 visitor) <0x412cf2f0 + 0x00030> in <filename unknown>:0 
  at Reko.Analysis.TrashedRegisterFinder.RewriteBlock (Reko.Core.Block block) <0x412d3570 + 0x001c0> in <filename unknown>:0 
0040268E: error: An error occurred while processing instruction at address 0040268E.
    The given key was not present in the dictionary.
      at System.ThrowHelper.ThrowKeyNotFoundException () <0x412d68f0 + 0x0001f> in <filename unknown>:0 
  at System.Collections.Generic.Dictionary`2[TKey,TValue].get_Item (System.Collections.Generic.TKey key) <0x410d8bb0 + 0x0004b> in <filename unknown>:0 
  at Reko.Analysis.ExpressionPropagator.GetStackDepthBeforeCall () <0x412d6490 + 0x00073> in <filename unknown>:0 
  at Reko.Analysis.ExpressionPropagator.VisitCallInstruction (Reko.Core.Code.CallInstruction ci) <0x412d6120 + 0x0005f> in <filename unknown>:0 
  at Reko.Core.Code.CallInstruction.Accept[T] (InstructionVisitor`1 visitor) <0x412cf2f0 + 0x00030> in <filename unknown>:0 
  at Reko.Analysis.TrashedRegisterFinder.RewriteBlock (Reko.Core.Block block) <0x412d3570 + 0x001c0> in <filename unknown>:0 
00402685: error: An error occurred while processing instruction at address 00402685.
    The given key was not present in the dictionary.
      at System.ThrowHelper.ThrowKeyNotFoundException () <0x412d68f0 + 0x0001f> in <filename unknown>:0 
  at System.Collections.Generic.Dictionary`2[TKey,TValue].get_Item (System.Collections.Generic.TKey key) <0x410d8bb0 + 0x0004b> in <filename unknown>:0 
  at Reko.Analysis.ExpressionPropagator.GetStackDepthBeforeCall () <0x412d6490 + 0x00073> in <filename unknown>:0 
  at Reko.Analysis.ExpressionPropagator.VisitCallInstruction (Reko.Core.Code.CallInstruction ci) <0x412d6120 + 0x0005f> in <filename unknown>:0 
  at Reko.Core.Code.CallInstruction.Accept[T] (InstructionVisitor`1 visitor) <0x412cf2f0 + 0x00030> in <filename unknown>:0 
  at Reko.Analysis.TrashedRegisterFinder.RewriteBlock (Reko.Core.Block block) <0x412d3570 + 0x001c0> in <filename unknown>:0 
004026FA: error: An error occurred while processing instruction at address 004026FA.
    The given key was not present in the dictionary.
      at System.ThrowHelper.ThrowKeyNotFoundException () <0x412d68f0 + 0x0001f> in <filename unknown>:0 
  at System.Collections.Generic.Dictionary`2[TKey,TValue].get_Item (System.Collections.Generic.TKey key) <0x410d8bb0 + 0x0004b> in <filename unknown>:0 
  at Reko.Analysis.ExpressionPropagator.GetStackDepthBeforeCall () <0x412d6490 + 0x00073> in <filename unknown>:0 
  at Reko.Analysis.ExpressionPropagator.VisitCallInstruction (Reko.Core.Code.CallInstruction ci) <0x412d6120 + 0x0005f> in <filename unknown>:0 
  at Reko.Core.Code.CallInstruction.Accept[T] (InstructionVisitor`1 visitor) <0x412cf2f0 + 0x00030> in <filename unknown>:0 
  at Reko.Analysis.TrashedRegisterFinder.RewriteBlock (Reko.Core.Block block) <0x412d3570 + 0x001c0> in <filename unknown>:0 
0040273A: error: An error occurred while processing instruction at address 0040273A.
    The given key was not present in the dictionary.
      at System.ThrowHelper.ThrowKeyNotFoundException () <0x412d68f0 + 0x0001f> in <filename unknown>:0 
  at System.Collections.Generic.Dictionary`2[TKey,TValue].get_Item (System.Collections.Generic.TKey key) <0x410d8bb0 + 0x0004b> in <filename unknown>:0 
  at Reko.Analysis.ExpressionPropagator.GetStackDepthBeforeCall () <0x412d6490 + 0x00073> in <filename unknown>:0 
  at Reko.Analysis.ExpressionPropagator.VisitCallInstruction (Reko.Core.Code.CallInstruction ci) <0x412d6120 + 0x0005f> in <filename unknown>:0 
  at Reko.Core.Code.CallInstruction.Accept[T] (InstructionVisitor`1 visitor) <0x412cf2f0 + 0x00030> in <filename unknown>:0 
  at Reko.Analysis.TrashedRegisterFinder.RewriteBlock (Reko.Core.Block block) <0x412d3570 + 0x001c0> in <filename unknown>:0 
00402742: error: An error occurred while processing instruction at address 00402742.
    The given key was not present in the dictionary.
      at System.ThrowHelper.ThrowKeyNotFoundException () <0x412d68f0 + 0x0001f> in <filename unknown>:0 
  at System.Collections.Generic.Dictionary`2[TKey,TValue].get_Item (System.Collections.Generic.TKey key) <0x410d8bb0 + 0x0004b> in <filename unknown>:0 
  at Reko.Analysis.ExpressionPropagator.GetStackDepthBeforeCall () <0x412d6490 + 0x00073> in <filename unknown>:0 
  at Reko.Analysis.ExpressionPropagator.VisitCallInstruction (Reko.Core.Code.CallInstruction ci) <0x412d6120 + 0x0005f> in <filename unknown>:0 
  at Reko.Core.Code.CallInstruction.Accept[T] (InstructionVisitor`1 visitor) <0x412cf2f0 + 0x00030> in <filename unknown>:0 
  at Reko.Analysis.TrashedRegisterFinder.RewriteBlock (Reko.Core.Block block) <0x412d3570 + 0x001c0> in <filename unknown>:0 
fn004020DD: error: An error occurred during data flow analysis.
    The given key was not present in the dictionary.
      at System.ThrowHelper.ThrowKeyNotFoundException () <0x412d68f0 + 0x0001f> in <filename unknown>:0 
  at System.Collections.Generic.Dictionary`2[TKey,TValue].get_Item (System.Collections.Generic.TKey key) <0x410d8bb0 + 0x0004b> in <filename unknown>:0 
  at Reko.Analysis.SsaIdentifierCollection.get_Item (Reko.Core.Expressions.Identifier id) <0x412f4b70 + 0x00023> in <filename unknown>:0 
  at Reko.Analysis.DeadCode.VisitIdentifier (Reko.Core.Expressions.Identifier id) <0x412fc9b0 + 0x0002f> in <filename unknown>:0 
  at Reko.Core.Expressions.Identifier.Accept (IExpressionVisitor v) <0x412b9530 + 0x00027> in <filename unknown>:0 
  at Reko.Core.Code.InstructionVisitorBase.VisitTestCondition (Reko.Core.Expressions.TestCondition tc) <0x412c56e0 + 0x00025> in <filename unknown>:0 
  at Reko.Core.Expressions.TestCondition.Accept (IExpressionVisitor visitor) <0x412bac70 + 0x00027> in <filename unknown>:0 
  at Reko.Core.Code.InstructionVisitorBase.VisitBranch (Reko.Core.Code.Branch b) <0x412c56b0 + 0x00025> in <filename unknown>:0 
  at Reko.Core.Code.Branch.Accept (InstructionVisitor v) <0x412bab30 + 0x00027> in <filename unknown>:0 
  at Reko.Analysis.DeadCode.Eliminate () <0x412fc2d0 + 0x00188> in <filename unknown>:0 
  at Reko.Analysis.DeadCode.Eliminate (Reko.Core.Procedure proc, Reko.Analysis.SsaState ssa) <0x412fc110 + 0x00047> in <filename unknown>:0 
  at Reko.Analysis.DataFlowAnalysis.BuildExpressionTrees () <0x412e41c0 + 0x004b7> in <filename unknown>:0 
fn00402178: error: An error occurred during data flow analysis.
    The given key was not present in the dictionary.
      at System.ThrowHelper.ThrowKeyNotFoundException () <0x412d68f0 + 0x0001f> in <filename unknown>:0 
  at System.Collections.Generic.Dictionary`2[TKey,TValue].get_Item (System.Collections.Generic.TKey key) <0x410d8bb0 + 0x0004b> in <filename unknown>:0 
  at Reko.Analysis.SsaIdentifierCollection.get_Item (Reko.Core.Expressions.Identifier id) <0x412f4b70 + 0x00023> in <filename unknown>:0 
  at Reko.Analysis.DeadCode.VisitIdentifier (Reko.Core.Expressions.Identifier id) <0x412fc9b0 + 0x0002f> in <filename unknown>:0 
  at Reko.Core.Expressions.Identifier.Accept (IExpressionVisitor v) <0x412b9530 + 0x00027> in <filename unknown>:0 
  at Reko.Core.Code.InstructionVisitorBase.VisitApplication (Reko.Core.Expressions.Application appl) <0x412c5910 + 0x0005f> in <filename unknown>:0 
  at Reko.Core.Expressions.Application.Accept (IExpressionVisitor v) <0x412bb0c0 + 0x00027> in <filename unknown>:0 
  at Reko.Analysis.DeadCode.VisitAssignment (Reko.Core.Code.Assignment a) <0x412fce00 + 0x00025> in <filename unknown>:0 
  at Reko.Core.Code.Assignment.Accept (InstructionVisitor v) <0x412b9430 + 0x00027> in <filename unknown>:0 
  at Reko.Analysis.DeadCode.Eliminate () <0x412fc2d0 + 0x00188> in <filename unknown>:0 
  at Reko.Analysis.DeadCode.Eliminate (Reko.Core.Procedure proc, Reko.Analysis.SsaState ssa) <0x412fc110 + 0x00047> in <filename unknown>:0 
  at Reko.Analysis.DataFlowAnalysis.BuildExpressionTrees () <0x412e41c0 + 0x004b7> in <filename unknown>:0 
fn004021A0: error: An error occurred during data flow analysis.
    Index was outside the bounds of the array.
      at Reko.Analysis.SsaTransform+LocateDefinedVariables.MarkDefined (Reko.Core.Expressions.Identifier eDef) <0x412ef820 + 0x00092> in <filename unknown>:0 
  at Reko.Analysis.SsaTransform+LocateDefinedVariables.VisitAssignment (Reko.Core.Code.Assignment ass) <0x412ef7c0 + 0x00023> in <filename unknown>:0 
  at Reko.Core.Code.Assignment.Accept (InstructionVisitor v) <0x412b9430 + 0x00027> in <filename unknown>:0 
  at Reko.Analysis.SsaTransform+LocateDefinedVariables.LocateDefs (Reko.Core.Block b) <0x412ef6b0 + 0x000da> in <filename unknown>:0 
  at Reko.Analysis.SsaTransform.LocateAllDefinedVariables (System.Collections.Generic.Dictionary`2[] defOrig) <0x412eeea0 + 0x000ab> in <filename unknown>:0 
  at Reko.Analysis.SsaTransform.PlacePhiFunctions () <0x412ee960 + 0x000af> in <filename unknown>:0 
  at Reko.Analysis.SsaTransform.Transform () <0x412ee8c0 + 0x0000f> in <filename unknown>:0 
  at Reko.Analysis.SsaTransform..ctor (Reko.Analysis.ProgramDataFlow programFlow, Reko.Core.Procedure proc, IImportResolver importResolver, Reko.Core.Lib.DominatorGraph`1 gr, System.Collections.Generic.HashSet`1 implicitRegs) <0x412ee310 + 0x001ab> in <filename unknown>:0 
  at Reko.Analysis.DataFlowAnalysis.BuildSsaTransform (Reko.Core.Procedure proc) <0x412e4f60 + 0x001af> in <filename unknown>:0 
  at Reko.Analysis.DataFlowAnalysis.BuildExpressionTrees () <0x412e41c0 + 0x00203> in <filename unknown>:0 
fn004021B8: error: An error occurred during data flow analysis.
    The given key was not present in the dictionary.
      at System.ThrowHelper.ThrowKeyNotFoundException () <0x412d68f0 + 0x0001f> in <filename unknown>:0 
  at System.Collections.Generic.Dictionary`2[TKey,TValue].get_Item (System.Collections.Generic.TKey key) <0x410d8bb0 + 0x0004b> in <filename unknown>:0 
  at Reko.Analysis.SsaIdentifierCollection.get_Item (Reko.Core.Expressions.Identifier id) <0x412f4b70 + 0x00023> in <filename unknown>:0 
  at Reko.Analysis.DeadCode.VisitIdentifier (Reko.Core.Expressions.Identifier id) <0x412fc9b0 + 0x0002f> in <filename unknown>:0 
  at Reko.Core.Expressions.Identifier.Accept (IExpressionVisitor v) <0x412b9530 + 0x00027> in <filename unknown>:0 
  at Reko.Core.Code.InstructionVisitorBase.VisitReturnInstruction (Reko.Core.Code.ReturnInstruction ret) <0x412c5310 + 0x00032> in <filename unknown>:0 
  at Reko.Core.Code.ReturnInstruction.Accept (InstructionVisitor v) <0x412bc710 + 0x00027> in <filename unknown>:0 
  at Reko.Analysis.DeadCode.Eliminate () <0x412fc2d0 + 0x00188> in <filename unknown>:0 
  at Reko.Analysis.DeadCode.Eliminate (Reko.Core.Procedure proc, Reko.Analysis.SsaState ssa) <0x412fc110 + 0x00047> in <filename unknown>:0 
  at Reko.Analysis.DataFlowAnalysis.BuildExpressionTrees () <0x412e41c0 + 0x004b7> in <filename unknown>:0 
fn004021F8: error: An error occurred during data flow analysis.
    The given key was not present in the dictionary.
      at System.ThrowHelper.ThrowKeyNotFoundException () <0x412d68f0 + 0x0001f> in <filename unknown>:0 
  at System.Collections.Generic.Dictionary`2[TKey,TValue].get_Item (System.Collections.Generic.TKey key) <0x410d8bb0 + 0x0004b> in <filename unknown>:0 
  at Reko.Analysis.SsaIdentifierCollection.get_Item (Reko.Core.Expressions.Identifier id) <0x412f4b70 + 0x00023> in <filename unknown>:0 
  at Reko.Analysis.DeadCode.VisitIdentifier (Reko.Core.Expressions.Identifier id) <0x412fc9b0 + 0x0002f> in <filename unknown>:0 
  at Reko.Core.Expressions.Identifier.Accept (IExpressionVisitor v) <0x412b9530 + 0x00027> in <filename unknown>:0 
  at Reko.Core.Code.InstructionVisitorBase.VisitTestCondition (Reko.Core.Expressions.TestCondition tc) <0x412c56e0 + 0x00025> in <filename unknown>:0 
  at Reko.Core.Expressions.TestCondition.Accept (IExpressionVisitor visitor) <0x412bac70 + 0x00027> in <filename unknown>:0 
  at Reko.Core.Code.InstructionVisitorBase.VisitBranch (Reko.Core.Code.Branch b) <0x412c56b0 + 0x00025> in <filename unknown>:0 
  at Reko.Core.Code.Branch.Accept (InstructionVisitor v) <0x412bab30 + 0x00027> in <filename unknown>:0 
  at Reko.Analysis.DeadCode.Eliminate () <0x412fc2d0 + 0x00188> in <filename unknown>:0 
  at Reko.Analysis.DeadCode.Eliminate (Reko.Core.Procedure proc, Reko.Analysis.SsaState ssa) <0x412fc110 + 0x00047> in <filename unknown>:0 
  at Reko.Analysis.DataFlowAnalysis.BuildExpressionTrees () <0x412e41c0 + 0x004b7> in <filename unknown>:0 
fn0040227B: error: An error occurred during data flow analysis.
    The given key was not present in the dictionary.
      at System.ThrowHelper.ThrowKeyNotFoundException () <0x412d68f0 + 0x0001f> in <filename unknown>:0 
  at System.Collections.Generic.Dictionary`2[TKey,TValue].get_Item (System.Collections.Generic.TKey key) <0x410d8bb0 + 0x0004b> in <filename unknown>:0 
  at Reko.Analysis.SsaIdentifierCollection.get_Item (Reko.Core.Expressions.Identifier id) <0x412f4b70 + 0x00023> in <filename unknown>:0 
  at Reko.Analysis.DeadCode.VisitIdentifier (Reko.Core.Expressions.Identifier id) <0x412fc9b0 + 0x0002f> in <filename unknown>:0 
  at Reko.Core.Expressions.Identifier.Accept (IExpressionVisitor v) <0x412b9530 + 0x00027> in <filename unknown>:0 
  at Reko.Core.Code.InstructionVisitorBase.VisitOutArgument (Reko.Core.Expressions.OutArgument outArg) <0x412eb0d0 + 0x00025> in <filename unknown>:0 
  at Reko.Core.Expressions.OutArgument.Accept (IExpressionVisitor visitor) <0x412eb090 + 0x00027> in <filename unknown>:0 
  at Reko.Core.Code.InstructionVisitorBase.VisitApplication (Reko.Core.Expressions.Application appl) <0x412c5910 + 0x0005f> in <filename unknown>:0 
  at Reko.Core.Expressions.Application.Accept (IExpressionVisitor v) <0x412bb0c0 + 0x00027> in <filename unknown>:0 
  at Reko.Analysis.DeadCode.VisitAssignment (Reko.Core.Code.Assignment a) <0x412fce00 + 0x00025> in <filename unknown>:0 
  at Reko.Core.Code.Assignment.Accept (InstructionVisitor v) <0x412b9430 + 0x00027> in <filename unknown>:0 
  at Reko.Analysis.DeadCode.Eliminate () <0x412fc2d0 + 0x00188> in <filename unknown>:0 
  at Reko.Analysis.DeadCode.Eliminate (Reko.Core.Procedure proc, Reko.Analysis.SsaState ssa) <0x412fc110 + 0x00047> in <filename unknown>:0 
  at Reko.Analysis.DataFlowAnalysis.BuildExpressionTrees () <0x412e41c0 + 0x004b7> in <filename unknown>:0 
fn0040229C: error: An error occurred during data flow analysis.
    The given key was not present in the dictionary.
      at System.ThrowHelper.ThrowKeyNotFoundException () <0x412d68f0 + 0x0001f> in <filename unknown>:0 
  at System.Collections.Generic.Dictionary`2[TKey,TValue].get_Item (System.Collections.Generic.TKey key) <0x410d8bb0 + 0x0004b> in <filename unknown>:0 
  at Reko.Analysis.SsaIdentifierCollection.get_Item (Reko.Core.Expressions.Identifier id) <0x412f4b70 + 0x00023> in <filename unknown>:0 
  at Reko.Analysis.DeadCode.VisitIdentifier (Reko.Core.Expressions.Identifier id) <0x412fc9b0 + 0x0002f> in <filename unknown>:0 
  at Reko.Core.Expressions.Identifier.Accept (IExpressionVisitor v) <0x412b9530 + 0x00027> in <filename unknown>:0 
  at Reko.Core.Code.InstructionVisitorBase.VisitApplication (Reko.Core.Expressions.Application appl) <0x412c5910 + 0x0005f> in <filename unknown>:0 
  at Reko.Core.Expressions.Application.Accept (IExpressionVisitor v) <0x412bb0c0 + 0x00027> in <filename unknown>:0 
  at Reko.Analysis.DeadCode.VisitAssignment (Reko.Core.Code.Assignment a) <0x412fce00 + 0x00025> in <filename unknown>:0 
  at Reko.Core.Code.Assignment.Accept (InstructionVisitor v) <0x412b9430 + 0x00027> in <filename unknown>:0 
  at Reko.Analysis.DeadCode.Eliminate () <0x412fc2d0 + 0x00188> in <filename unknown>:0 
  at Reko.Analysis.DeadCode.Eliminate (Reko.Core.Procedure proc, Reko.Analysis.SsaState ssa) <0x412fc110 + 0x00047> in <filename unknown>:0 
  at Reko.Analysis.DataFlowAnalysis.BuildExpressionTrees () <0x412e41c0 + 0x004b7> in <filename unknown>:0 
fn004022E5: error: An error occurred during data flow analysis.
    Index was outside the bounds of the array.
      at Reko.Analysis.SsaTransform+LocateDefinedVariables.MarkDefined (Reko.Core.Expressions.Identifier eDef) <0x412ef820 + 0x00092> in <filename unknown>:0 
  at Reko.Analysis.SsaTransform+LocateDefinedVariables.VisitAssignment (Reko.Core.Code.Assignment ass) <0x412ef7c0 + 0x00023> in <filename unknown>:0 
  at Reko.Core.Code.Assignment.Accept (InstructionVisitor v) <0x412b9430 + 0x00027> in <filename unknown>:0 
  at Reko.Analysis.SsaTransform+LocateDefinedVariables.LocateDefs (Reko.Core.Block b) <0x412ef6b0 + 0x000da> in <filename unknown>:0 
  at Reko.Analysis.SsaTransform.LocateAllDefinedVariables (System.Collections.Generic.Dictionary`2[] defOrig) <0x412eeea0 + 0x000ab> in <filename unknown>:0 
  at Reko.Analysis.SsaTransform.PlacePhiFunctions () <0x412ee960 + 0x000af> in <filename unknown>:0 
  at Reko.Analysis.SsaTransform.Transform () <0x412ee8c0 + 0x0000f> in <filename unknown>:0 
  at Reko.Analysis.SsaTransform..ctor (Reko.Analysis.ProgramDataFlow programFlow, Reko.Core.Procedure proc, IImportResolver importResolver, Reko.Core.Lib.DominatorGraph`1 gr, System.Collections.Generic.HashSet`1 implicitRegs) <0x412ee310 + 0x001ab> in <filename unknown>:0 
  at Reko.Analysis.DataFlowAnalysis.BuildSsaTransform (Reko.Core.Procedure proc) <0x412e4f60 + 0x001af> in <filename unknown>:0 
  at Reko.Analysis.DataFlowAnalysis.BuildExpressionTrees () <0x412e41c0 + 0x00203> in <filename unknown>:0 
fn0040236C: error: An error occurred during data flow analysis.
    Index was outside the bounds of the array.
      at Reko.Analysis.SsaTransform+LocateDefinedVariables.VisitIdentifier (Reko.Core.Expressions.Identifier id) <0x412f01c0 + 0x00042> in <filename unknown>:0 
  at Reko.Core.Expressions.Identifier.Accept (IExpressionVisitor v) <0x412b9530 + 0x00027> in <filename unknown>:0 
  at Reko.Core.Code.InstructionVisitorBase.VisitTestCondition (Reko.Core.Expressions.TestCondition tc) <0x412c56e0 + 0x00025> in <filename unknown>:0 
  at Reko.Core.Expressions.TestCondition.Accept (IExpressionVisitor visitor) <0x412bac70 + 0x00027> in <filename unknown>:0 
  at Reko.Core.Code.InstructionVisitorBase.VisitBranch (Reko.Core.Code.Branch b) <0x412c56b0 + 0x00025> in <filename unknown>:0 
  at Reko.Core.Code.Branch.Accept (InstructionVisitor v) <0x412bab30 + 0x00027> in <filename unknown>:0 
  at Reko.Analysis.SsaTransform+LocateDefinedVariables.LocateDefs (Reko.Core.Block b) <0x412ef6b0 + 0x000da> in <filename unknown>:0 
  at Reko.Analysis.SsaTransform.LocateAllDefinedVariables (System.Collections.Generic.Dictionary`2[] defOrig) <0x412eeea0 + 0x000ab> in <filename unknown>:0 
  at Reko.Analysis.SsaTransform.PlacePhiFunctions () <0x412ee960 + 0x000af> in <filename unknown>:0 
  at Reko.Analysis.SsaTransform.Transform () <0x412ee8c0 + 0x0000f> in <filename unknown>:0 
  at Reko.Analysis.SsaTransform..ctor (Reko.Analysis.ProgramDataFlow programFlow, Reko.Core.Procedure proc, IImportResolver importResolver, Reko.Core.Lib.DominatorGraph`1 gr, System.Collections.Generic.HashSet`1 implicitRegs) <0x412ee310 + 0x001ab> in <filename unknown>:0 
  at Reko.Analysis.DataFlowAnalysis.BuildSsaTransform (Reko.Core.Procedure proc) <0x412e4f60 + 0x001af> in <filename unknown>:0 
  at Reko.Analysis.DataFlowAnalysis.BuildExpressionTrees () <0x412e41c0 + 0x00203> in <filename unknown>:0 
fn004023AE: error: An error occurred during data flow analysis.
    Offset must be non-negative.
Parameter name: bitOffset
      at Reko.Core.Expressions.Slice..ctor (Reko.Core.Types.DataType dt, Reko.Core.Expressions.Expression i, Int32 bitOffset) <0x412eab90 + 0x0019b> in <filename unknown>:0 
  at Reko.Analysis.Aliases.CreateAliasInstruction (Reko.Core.Expressions.Identifier varFrom, Reko.Core.Expressions.Identifier varTo) <0x412ea520 + 0x0038f> in <filename unknown>:0 
  at Reko.Analysis.Aliases.Def (Reko.Core.Expressions.Identifier idar) <0x412ea2f0 + 0x000db> in <filename unknown>:0 
  at Reko.Analysis.Aliases.VisitAssignment (Reko.Core.Code.Assignment ass) <0x412ea290 + 0x00023> in <filename unknown>:0 
  at Reko.Core.Code.Assignment.Accept (InstructionVisitor v) <0x412b9430 + 0x00027> in <filename unknown>:0 
  at Reko.Analysis.Aliases.Transform () <0x412e9900 + 0x0010c> in <filename unknown>:0 
  at Reko.Analysis.DataFlowAnalysis.BuildSsaTransform (Reko.Core.Procedure proc) <0x412e4f60 + 0x000ef> in <filename unknown>:0 
  at Reko.Analysis.DataFlowAnalysis.BuildExpressionTrees () <0x412e41c0 + 0x00203> in <filename unknown>:0 
fn004023D0: error: An error occurred during data flow analysis.
    The given key was not present in the dictionary.
      at System.ThrowHelper.ThrowKeyNotFoundException () <0x412d68f0 + 0x0001f> in <filename unknown>:0 
  at System.Collections.Generic.Dictionary`2[TKey,TValue].get_Item (System.Collections.Generic.TKey key) <0x410d8bb0 + 0x0004b> in <filename unknown>:0 
  at Reko.Analysis.SsaIdentifierCollection.get_Item (Reko.Core.Expressions.Identifier id) <0x412f4b70 + 0x00023> in <filename unknown>:0 
  at Reko.Analysis.DeadCode.VisitIdentifier (Reko.Core.Expressions.Identifier id) <0x412fc9b0 + 0x0002f> in <filename unknown>:0 
  at Reko.Core.Expressions.Identifier.Accept (IExpressionVisitor v) <0x412b9530 + 0x00027> in <filename unknown>:0 
  at Reko.Core.Code.InstructionVisitorBase.VisitTestCondition (Reko.Core.Expressions.TestCondition tc) <0x412c56e0 + 0x00025> in <filename unknown>:0 
  at Reko.Core.Expressions.TestCondition.Accept (IExpressionVisitor visitor) <0x412bac70 + 0x00027> in <filename unknown>:0 
  at Reko.Core.Code.InstructionVisitorBase.VisitBranch (Reko.Core.Code.Branch b) <0x412c56b0 + 0x00025> in <filename unknown>:0 
  at Reko.Core.Code.Branch.Accept (InstructionVisitor v) <0x412bab30 + 0x00027> in <filename unknown>:0 
  at Reko.Analysis.DeadCode.Eliminate () <0x412fc2d0 + 0x00188> in <filename unknown>:0 
  at Reko.Analysis.DeadCode.Eliminate (Reko.Core.Procedure proc, Reko.Analysis.SsaState ssa) <0x412fc110 + 0x00047> in <filename unknown>:0 
  at Reko.Analysis.DataFlowAnalysis.BuildExpressionTrees () <0x412e41c0 + 0x004b7> in <filename unknown>:0 
fn00402437: error: An error occurred during data flow analysis.
    The given key was not present in the dictionary.
      at System.ThrowHelper.ThrowKeyNotFoundException () <0x412d68f0 + 0x0001f> in <filename unknown>:0 
  at System.Collections.Generic.Dictionary`2[TKey,TValue].get_Item (System.Collections.Generic.TKey key) <0x410d8bb0 + 0x0004b> in <filename unknown>:0 
  at Reko.Analysis.SsaIdentifierCollection.get_Item (Reko.Core.Expressions.Identifier id) <0x412f4b70 + 0x00023> in <filename unknown>:0 
  at Reko.Analysis.DeadCode.VisitIdentifier (Reko.Core.Expressions.Identifier id) <0x412fc9b0 + 0x0002f> in <filename unknown>:0 
  at Reko.Core.Expressions.Identifier.Accept (IExpressionVisitor v) <0x412b9530 + 0x00027> in <filename unknown>:0 
  at Reko.Core.Code.InstructionVisitorBase.VisitApplication (Reko.Core.Expressions.Application appl) <0x412c5910 + 0x0005f> in <filename unknown>:0 
  at Reko.Core.Expressions.Application.Accept (IExpressionVisitor v) <0x412bb0c0 + 0x00027> in <filename unknown>:0 
  at Reko.Analysis.DeadCode.VisitAssignment (Reko.Core.Code.Assignment a) <0x412fce00 + 0x00025> in <filename unknown>:0 
  at Reko.Core.Code.Assignment.Accept (InstructionVisitor v) <0x412b9430 + 0x00027> in <filename unknown>:0 
  at Reko.Analysis.DeadCode.Eliminate () <0x412fc2d0 + 0x00188> in <filename unknown>:0 
  at Reko.Analysis.DeadCode.Eliminate (Reko.Core.Procedure proc, Reko.Analysis.SsaState ssa) <0x412fc110 + 0x00047> in <filename unknown>:0 
  at Reko.Analysis.DataFlowAnalysis.BuildExpressionTrees () <0x412e41c0 + 0x004b7> in <filename unknown>:0 
fn004024A4: error: An error occurred during data flow analysis.
    The given key was not present in the dictionary.
      at System.ThrowHelper.ThrowKeyNotFoundException () <0x412d68f0 + 0x0001f> in <filename unknown>:0 
  at System.Collections.Generic.Dictionary`2[TKey,TValue].get_Item (System.Collections.Generic.TKey key) <0x410d8bb0 + 0x0004b> in <filename unknown>:0 
  at Reko.Analysis.SsaIdentifierCollection.get_Item (Reko.Core.Expressions.Identifier id) <0x412f4b70 + 0x00023> in <filename unknown>:0 
  at Reko.Analysis.DeadCode.VisitIdentifier (Reko.Core.Expressions.Identifier id) <0x412fc9b0 + 0x0002f> in <filename unknown>:0 
  at Reko.Core.Expressions.Identifier.Accept (IExpressionVisitor v) <0x412b9530 + 0x00027> in <filename unknown>:0 
  at Reko.Core.Code.InstructionVisitorBase.VisitOutArgument (Reko.Core.Expressions.OutArgument outArg) <0x412eb0d0 + 0x00025> in <filename unknown>:0 
  at Reko.Core.Expressions.OutArgument.Accept (IExpressionVisitor visitor) <0x412eb090 + 0x00027> in <filename unknown>:0 
  at Reko.Core.Code.InstructionVisitorBase.VisitApplication (Reko.Core.Expressions.Application appl) <0x412c5910 + 0x0005f> in <filename unknown>:0 
  at Reko.Core.Expressions.Application.Accept (IExpressionVisitor v) <0x412bb0c0 + 0x00027> in <filename unknown>:0 
  at Reko.Analysis.DeadCode.VisitAssignment (Reko.Core.Code.Assignment a) <0x412fce00 + 0x00025> in <filename unknown>:0 
  at Reko.Core.Code.Assignment.Accept (InstructionVisitor v) <0x412b9430 + 0x00027> in <filename unknown>:0 
  at Reko.Analysis.DeadCode.Eliminate () <0x412fc2d0 + 0x00188> in <filename unknown>:0 
  at Reko.Analysis.DeadCode.Eliminate (Reko.Core.Procedure proc, Reko.Analysis.SsaState ssa) <0x412fc110 + 0x00047> in <filename unknown>:0 
  at Reko.Analysis.DataFlowAnalysis.BuildExpressionTrees () <0x412e41c0 + 0x004b7> in <filename unknown>:0 
fn00402616: error: An error occurred during data flow analysis.
    The given key was not present in the dictionary.
      at System.ThrowHelper.ThrowKeyNotFoundException () <0x412d68f0 + 0x0001f> in <filename unknown>:0 
  at System.Collections.Generic.Dictionary`2[TKey,TValue].get_Item (System.Collections.Generic.TKey key) <0x410d8bb0 + 0x0004b> in <filename unknown>:0 
  at Reko.Analysis.SsaIdentifierCollection.get_Item (Reko.Core.Expressions.Identifier id) <0x412f4b70 + 0x00023> in <filename unknown>:0 
  at Reko.Analysis.DeadCode.VisitIdentifier (Reko.Core.Expressions.Identifier id) <0x412fc9b0 + 0x0002f> in <filename unknown>:0 
  at Reko.Core.Expressions.Identifier.Accept (IExpressionVisitor v) <0x412b9530 + 0x00027> in <filename unknown>:0 
  at Reko.Core.Code.InstructionVisitorBase.VisitOutArgument (Reko.Core.Expressions.OutArgument outArg) <0x412eb0d0 + 0x00025> in <filename unknown>:0 
  at Reko.Core.Expressions.OutArgument.Accept (IExpressionVisitor visitor) <0x412eb090 + 0x00027> in <filename unknown>:0 
  at Reko.Core.Code.InstructionVisitorBase.VisitApplication (Reko.Core.Expressions.Application appl) <0x412c5910 + 0x0005f> in <filename unknown>:0 
  at Reko.Core.Expressions.Application.Accept (IExpressionVisitor v) <0x412bb0c0 + 0x00027> in <filename unknown>:0 
  at Reko.Analysis.DeadCode.VisitAssignment (Reko.Core.Code.Assignment a) <0x412fce00 + 0x00025> in <filename unknown>:0 
  at Reko.Core.Code.Assignment.Accept (InstructionVisitor v) <0x412b9430 + 0x00027> in <filename unknown>:0 
  at Reko.Analysis.DeadCode.Eliminate () <0x412fc2d0 + 0x00188> in <filename unknown>:0 
  at Reko.Analysis.DeadCode.Eliminate (Reko.Core.Procedure proc, Reko.Analysis.SsaState ssa) <0x412fc110 + 0x00047> in <filename unknown>:0 
  at Reko.Analysis.DataFlowAnalysis.BuildExpressionTrees () <0x412e41c0 + 0x004b7> in <filename unknown>:0 
fn00402641: error: An error occurred during data flow analysis.
    The given key was not present in the dictionary.
      at System.ThrowHelper.ThrowKeyNotFoundException () <0x412d68f0 + 0x0001f> in <filename unknown>:0 
  at System.Collections.Generic.Dictionary`2[TKey,TValue].get_Item (System.Collections.Generic.TKey key) <0x410d8bb0 + 0x0004b> in <filename unknown>:0 
  at Reko.Analysis.SsaIdentifierCollection.get_Item (Reko.Core.Expressions.Identifier id) <0x412f4b70 + 0x00023> in <filename unknown>:0 
  at Reko.Analysis.DeadCode.VisitIdentifier (Reko.Core.Expressions.Identifier id) <0x412fc9b0 + 0x0002f> in <filename unknown>:0 
  at Reko.Core.Expressions.Identifier.Accept (IExpressionVisitor v) <0x412b9530 + 0x00027> in <filename unknown>:0 
  at Reko.Core.Code.InstructionVisitorBase.VisitMemoryAccess (Reko.Core.Expressions.MemoryAccess access) <0x412c5710 + 0x00026> in <filename unknown>:0 
  at Reko.Core.Expressions.MemoryAccess.Accept (IExpressionVisitor v) <0x412bb3a0 + 0x00027> in <filename unknown>:0 
  at Reko.Analysis.DeadCode.VisitStore (Reko.Core.Code.Store store) <0x412fcbe0 + 0x00026> in <filename unknown>:0 
  at Reko.Core.Code.Store.Accept (InstructionVisitor v) <0x412bb6a0 + 0x0002a> in <filename unknown>:0 
  at Reko.Analysis.DeadCode.Eliminate () <0x412fc2d0 + 0x00188> in <filename unknown>:0 
  at Reko.Analysis.DeadCode.Eliminate (Reko.Core.Procedure proc, Reko.Analysis.SsaState ssa) <0x412fc110 + 0x00047> in <filename unknown>:0 
  at Reko.Analysis.DataFlowAnalysis.BuildExpressionTrees () <0x412e41c0 + 0x004b7> in <filename unknown>:0 
fn00402663: error: An error occurred during data flow analysis.
    The given key was not present in the dictionary.
      at System.ThrowHelper.ThrowKeyNotFoundException () <0x412d68f0 + 0x0001f> in <filename unknown>:0 
  at System.Collections.Generic.Dictionary`2[TKey,TValue].get_Item (System.Collections.Generic.TKey key) <0x410d8bb0 + 0x0004b> in <filename unknown>:0 
  at Reko.Core.Lib.DominatorGraph`1[T].BuildDominanceFrontiers (DirectedGraph`1 graph, System.Collections.Generic.Dictionary`2 idoms) <0x412edde0 + 0x003df> in <filename unknown>:0 
  at Reko.Core.Lib.DominatorGraph`1[T]..ctor (DirectedGraph`1 graph, Reko.Core.Block entryNode) <0x412eb100 + 0x0011f> in <filename unknown>:0 
  at Reko.Analysis.DataFlowAnalysis.BuildSsaTransform (Reko.Core.Procedure proc) <0x412e4f60 + 0x00137> in <filename unknown>:0 
  at Reko.Analysis.DataFlowAnalysis.BuildExpressionTrees () <0x412e41c0 + 0x00203> in <filename unknown>:0 
fn0040268F: error: An error occurred during data flow analysis.
    The given key was not present in the dictionary.
      at System.ThrowHelper.ThrowKeyNotFoundException () <0x412d68f0 + 0x0001f> in <filename unknown>:0 
  at System.Collections.Generic.Dictionary`2[TKey,TValue].get_Item (System.Collections.Generic.TKey key) <0x410d8bb0 + 0x0004b> in <filename unknown>:0 
  at Reko.Analysis.SsaIdentifierCollection.get_Item (Reko.Core.Expressions.Identifier id) <0x412f4b70 + 0x00023> in <filename unknown>:0 
  at Reko.Analysis.DeadCode.VisitIdentifier (Reko.Core.Expressions.Identifier id) <0x412fc9b0 + 0x0002f> in <filename unknown>:0 
  at Reko.Core.Expressions.Identifier.Accept (IExpressionVisitor v) <0x412b9530 + 0x00027> in <filename unknown>:0 
  at Reko.Core.Code.InstructionVisitorBase.VisitOutArgument (Reko.Core.Expressions.OutArgument outArg) <0x412eb0d0 + 0x00025> in <filename unknown>:0 
  at Reko.Core.Expressions.OutArgument.Accept (IExpressionVisitor visitor) <0x412eb090 + 0x00027> in <filename unknown>:0 
  at Reko.Core.Code.InstructionVisitorBase.VisitApplication (Reko.Core.Expressions.Application appl) <0x412c5910 + 0x0005f> in <filename unknown>:0 
  at Reko.Core.Expressions.Application.Accept (IExpressionVisitor v) <0x412bb0c0 + 0x00027> in <filename unknown>:0 
  at Reko.Analysis.DeadCode.VisitAssignment (Reko.Core.Code.Assignment a) <0x412fce00 + 0x00025> in <filename unknown>:0 
  at Reko.Core.Code.Assignment.Accept (InstructionVisitor v) <0x412b9430 + 0x00027> in <filename unknown>:0 
  at Reko.Analysis.DeadCode.Eliminate () <0x412fc2d0 + 0x00188> in <filename unknown>:0 
  at Reko.Analysis.DeadCode.Eliminate (Reko.Core.Procedure proc, Reko.Analysis.SsaState ssa) <0x412fc110 + 0x00047> in <filename unknown>:0 
  at Reko.Analysis.DataFlowAnalysis.BuildExpressionTrees () <0x412e41c0 + 0x004b7> in <filename unknown>:0 
fn00402695: error: An error occurred during data flow analysis.
    Index was outside the bounds of the array.
      at Reko.Analysis.SsaTransform+LocateDefinedVariables.MarkDefined (Reko.Core.Expressions.Identifier eDef) <0x412ef820 + 0x00092> in <filename unknown>:0 
  at Reko.Analysis.SsaTransform+LocateDefinedVariables.VisitAssignment (Reko.Core.Code.Assignment ass) <0x412ef7c0 + 0x00023> in <filename unknown>:0 
  at Reko.Core.Code.Assignment.Accept (InstructionVisitor v) <0x412b9430 + 0x00027> in <filename unknown>:0 
  at Reko.Analysis.SsaTransform+LocateDefinedVariables.LocateDefs (Reko.Core.Block b) <0x412ef6b0 + 0x000da> in <filename unknown>:0 
  at Reko.Analysis.SsaTransform.LocateAllDefinedVariables (System.Collections.Generic.Dictionary`2[] defOrig) <0x412eeea0 + 0x000ab> in <filename unknown>:0 
  at Reko.Analysis.SsaTransform.PlacePhiFunctions () <0x412ee960 + 0x000af> in <filename unknown>:0 
  at Reko.Analysis.SsaTransform.Transform () <0x412ee8c0 + 0x0000f> in <filename unknown>:0 
  at Reko.Analysis.SsaTransform..ctor (Reko.Analysis.ProgramDataFlow programFlow, Reko.Core.Procedure proc, IImportResolver importResolver, Reko.Core.Lib.DominatorGraph`1 gr, System.Collections.Generic.HashSet`1 implicitRegs) <0x412ee310 + 0x001ab> in <filename unknown>:0 
  at Reko.Analysis.DataFlowAnalysis.BuildSsaTransform (Reko.Core.Procedure proc) <0x412e4f60 + 0x001af> in <filename unknown>:0 
  at Reko.Analysis.DataFlowAnalysis.BuildExpressionTrees () <0x412e41c0 + 0x00203> in <filename unknown>:0 
fn004026AF: error: An error occurred during data flow analysis.
    The given key was not present in the dictionary.
      at System.ThrowHelper.ThrowKeyNotFoundException () <0x412d68f0 + 0x0001f> in <filename unknown>:0 
  at System.Collections.Generic.Dictionary`2[TKey,TValue].get_Item (System.Collections.Generic.TKey key) <0x410d8bb0 + 0x0004b> in <filename unknown>:0 
  at Reko.Analysis.SsaIdentifierCollection.get_Item (Reko.Core.Expressions.Identifier id) <0x412f4b70 + 0x00023> in <filename unknown>:0 
  at Reko.Analysis.DeadCode.VisitIdentifier (Reko.Core.Expressions.Identifier id) <0x412fc9b0 + 0x0002f> in <filename unknown>:0 
  at Reko.Core.Expressions.Identifier.Accept (IExpressionVisitor v) <0x412b9530 + 0x00027> in <filename unknown>:0 
  at Reko.Core.Code.InstructionVisitorBase.VisitApplication (Reko.Core.Expressions.Application appl) <0x412c5910 + 0x0005f> in <filename unknown>:0 
  at Reko.Core.Expressions.Application.Accept (IExpressionVisitor v) <0x412bb0c0 + 0x00027> in <filename unknown>:0 
  at Reko.Analysis.DeadCode.VisitAssignment (Reko.Core.Code.Assignment a) <0x412fce00 + 0x00025> in <filename unknown>:0 
  at Reko.Core.Code.Assignment.Accept (InstructionVisitor v) <0x412b9430 + 0x00027> in <filename unknown>:0 
  at Reko.Analysis.DeadCode.Eliminate () <0x412fc2d0 + 0x00188> in <filename unknown>:0 
  at Reko.Analysis.DeadCode.Eliminate (Reko.Core.Procedure proc, Reko.Analysis.SsaState ssa) <0x412fc110 + 0x00047> in <filename unknown>:0 
  at Reko.Analysis.DataFlowAnalysis.BuildExpressionTrees () <0x412e41c0 + 0x004b7> in <filename unknown>:0 
fn004026EC: error: An error occurred during data flow analysis.
    The given key was not present in the dictionary.
      at System.ThrowHelper.ThrowKeyNotFoundException () <0x412d68f0 + 0x0001f> in <filename unknown>:0 
  at System.Collections.Generic.Dictionary`2[TKey,TValue].get_Item (System.Collections.Generic.TKey key) <0x410d8bb0 + 0x0004b> in <filename unknown>:0 
  at Reko.Analysis.SsaIdentifierCollection.get_Item (Reko.Core.Expressions.Identifier id) <0x412f4b70 + 0x00023> in <filename unknown>:0 
  at Reko.Analysis.DeadCode.VisitIdentifier (Reko.Core.Expressions.Identifier id) <0x412fc9b0 + 0x0002f> in <filename unknown>:0 
  at Reko.Core.Expressions.Identifier.Accept (IExpressionVisitor v) <0x412b9530 + 0x00027> in <filename unknown>:0 
  at Reko.Core.Code.InstructionVisitorBase.VisitOutArgument (Reko.Core.Expressions.OutArgument outArg) <0x412eb0d0 + 0x00025> in <filename unknown>:0 
  at Reko.Core.Expressions.OutArgument.Accept (IExpressionVisitor visitor) <0x412eb090 + 0x00027> in <filename unknown>:0 
  at Reko.Core.Code.InstructionVisitorBase.VisitApplication (Reko.Core.Expressions.Application appl) <0x412c5910 + 0x0005f> in <filename unknown>:0 
  at Reko.Core.Expressions.Application.Accept (IExpressionVisitor v) <0x412bb0c0 + 0x00027> in <filename unknown>:0 
  at Reko.Analysis.DeadCode.VisitAssignment (Reko.Core.Code.Assignment a) <0x412fce00 + 0x00025> in <filename unknown>:0 
  at Reko.Core.Code.Assignment.Accept (InstructionVisitor v) <0x412b9430 + 0x00027> in <filename unknown>:0 
  at Reko.Analysis.DeadCode.Eliminate () <0x412fc2d0 + 0x00188> in <filename unknown>:0 
  at Reko.Analysis.DeadCode.Eliminate (Reko.Core.Procedure proc, Reko.Analysis.SsaState ssa) <0x412fc110 + 0x00047> in <filename unknown>:0 
  at Reko.Analysis.DataFlowAnalysis.BuildExpressionTrees () <0x412e41c0 + 0x004b7> in <filename unknown>:0 
fn00402731: error: An error occurred during data flow analysis.
    The given key was not present in the dictionary.
      at System.ThrowHelper.ThrowKeyNotFoundException () <0x412d68f0 + 0x0001f> in <filename unknown>:0 
  at System.Collections.Generic.Dictionary`2[TKey,TValue].get_Item (System.Collections.Generic.TKey key) <0x410d8bb0 + 0x0004b> in <filename unknown>:0 
  at Reko.Analysis.SsaIdentifierCollection.get_Item (Reko.Core.Expressions.Identifier id) <0x412f4b70 + 0x00023> in <filename unknown>:0 
  at Reko.Analysis.DeadCode.VisitIdentifier (Reko.Core.Expressions.Identifier id) <0x412fc9b0 + 0x0002f> in <filename unknown>:0 
  at Reko.Core.Expressions.Identifier.Accept (IExpressionVisitor v) <0x412b9530 + 0x00027> in <filename unknown>:0 
  at Reko.Core.Code.InstructionVisitorBase.VisitApplication (Reko.Core.Expressions.Application appl) <0x412c5910 + 0x0005f> in <filename unknown>:0 
  at Reko.Core.Expressions.Application.Accept (IExpressionVisitor v) <0x412bb0c0 + 0x00027> in <filename unknown>:0 
  at Reko.Analysis.DeadCode.VisitAssignment (Reko.Core.Code.Assignment a) <0x412fce00 + 0x00025> in <filename unknown>:0 
  at Reko.Core.Code.Assignment.Accept (InstructionVisitor v) <0x412b9430 + 0x00027> in <filename unknown>:0 
  at Reko.Analysis.DeadCode.Eliminate () <0x412fc2d0 + 0x00188> in <filename unknown>:0 
  at Reko.Analysis.DeadCode.Eliminate (Reko.Core.Procedure proc, Reko.Analysis.SsaState ssa) <0x412fc110 + 0x00047> in <filename unknown>:0 
  at Reko.Analysis.DataFlowAnalysis.BuildExpressionTrees () <0x412e41c0 + 0x004b7> in <filename unknown>:0 
fn004027FD: error: An error occurred during data flow analysis.
    Index was outside the bounds of the array.
      at Reko.Analysis.SsaTransform+LocateDefinedVariables.VisitIdentifier (Reko.Core.Expressions.Identifier id) <0x412f01c0 + 0x00042> in <filename unknown>:0 
  at Reko.Core.Expressions.Identifier.Accept (IExpressionVisitor v) <0x412b9530 + 0x00027> in <filename unknown>:0 
  at Reko.Core.Code.InstructionVisitorBase.VisitTestCondition (Reko.Core.Expressions.TestCondition tc) <0x412c56e0 + 0x00025> in <filename unknown>:0 
  at Reko.Core.Expressions.TestCondition.Accept (IExpressionVisitor visitor) <0x412bac70 + 0x00027> in <filename unknown>:0 
  at Reko.Core.Code.InstructionVisitorBase.VisitBranch (Reko.Core.Code.Branch b) <0x412c56b0 + 0x00025> in <filename unknown>:0 
  at Reko.Core.Code.Branch.Accept (InstructionVisitor v) <0x412bab30 + 0x00027> in <filename unknown>:0 
  at Reko.Analysis.SsaTransform+LocateDefinedVariables.LocateDefs (Reko.Core.Block b) <0x412ef6b0 + 0x000da> in <filename unknown>:0 
  at Reko.Analysis.SsaTransform.LocateAllDefinedVariables (System.Collections.Generic.Dictionary`2[] defOrig) <0x412eeea0 + 0x000ab> in <filename unknown>:0 
  at Reko.Analysis.SsaTransform.PlacePhiFunctions () <0x412ee960 + 0x000af> in <filename unknown>:0 
  at Reko.Analysis.SsaTransform.Transform () <0x412ee8c0 + 0x0000f> in <filename unknown>:0 
  at Reko.Analysis.SsaTransform..ctor (Reko.Analysis.ProgramDataFlow programFlow, Reko.Core.Procedure proc, IImportResolver importResolver, Reko.Core.Lib.DominatorGraph`1 gr, System.Collections.Generic.HashSet`1 implicitRegs) <0x412ee310 + 0x001ab> in <filename unknown>:0 
  at Reko.Analysis.DataFlowAnalysis.BuildSsaTransform (Reko.Core.Procedure proc) <0x412e4f60 + 0x001af> in <filename unknown>:0 
  at Reko.Analysis.DataFlowAnalysis.BuildExpressionTrees () <0x412e41c0 + 0x00203> in <filename unknown>:0 
fn00402818: error: An error occurred during data flow analysis.
    Index was outside the bounds of the array.
      at Reko.Analysis.SsaTransform+LocateDefinedVariables.VisitIdentifier (Reko.Core.Expressions.Identifier id) <0x412f01c0 + 0x00042> in <filename unknown>:0 
  at Reko.Core.Expressions.Identifier.Accept (IExpressionVisitor v) <0x412b9530 + 0x00027> in <filename unknown>:0 
  at Reko.Core.Code.InstructionVisitorBase.VisitTestCondition (Reko.Core.Expressions.TestCondition tc) <0x412c56e0 + 0x00025> in <filename unknown>:0 
  at Reko.Core.Expressions.TestCondition.Accept (IExpressionVisitor visitor) <0x412bac70 + 0x00027> in <filename unknown>:0 
  at Reko.Core.Code.InstructionVisitorBase.VisitBranch (Reko.Core.Code.Branch b) <0x412c56b0 + 0x00025> in <filename unknown>:0 
  at Reko.Core.Code.Branch.Accept (InstructionVisitor v) <0x412bab30 + 0x00027> in <filename unknown>:0 
  at Reko.Analysis.SsaTransform+LocateDefinedVariables.LocateDefs (Reko.Core.Block b) <0x412ef6b0 + 0x000da> in <filename unknown>:0 
  at Reko.Analysis.SsaTransform.LocateAllDefinedVariables (System.Collections.Generic.Dictionary`2[] defOrig) <0x412eeea0 + 0x000ab> in <filename unknown>:0 
  at Reko.Analysis.SsaTransform.PlacePhiFunctions () <0x412ee960 + 0x000af> in <filename unknown>:0 
  at Reko.Analysis.SsaTransform.Transform () <0x412ee8c0 + 0x0000f> in <filename unknown>:0 
  at Reko.Analysis.SsaTransform..ctor (Reko.Analysis.ProgramDataFlow programFlow, Reko.Core.Procedure proc, IImportResolver importResolver, Reko.Core.Lib.DominatorGraph`1 gr, System.Collections.Generic.HashSet`1 implicitRegs) <0x412ee310 + 0x001ab> in <filename unknown>:0 
  at Reko.Analysis.DataFlowAnalysis.BuildSsaTransform (Reko.Core.Procedure proc) <0x412e4f60 + 0x001af> in <filename unknown>:0 
  at Reko.Analysis.DataFlowAnalysis.BuildExpressionTrees () <0x412e41c0 + 0x00203> in <filename unknown>:0 
fn00402881: error: An error occurred during data flow analysis.
    The given key was not present in the dictionary.
      at System.ThrowHelper.ThrowKeyNotFoundException () <0x412d68f0 + 0x0001f> in <filename unknown>:0 
  at System.Collections.Generic.Dictionary`2[TKey,TValue].get_Item (System.Collections.Generic.TKey key) <0x410d8bb0 + 0x0004b> in <filename unknown>:0 
  at Reko.Analysis.SsaIdentifierCollection.get_Item (Reko.Core.Expressions.Identifier id) <0x412f4b70 + 0x00023> in <filename unknown>:0 
  at Reko.Analysis.DeadCode.VisitIdentifier (Reko.Core.Expressions.Identifier id) <0x412fc9b0 + 0x0002f> in <filename unknown>:0 
  at Reko.Core.Expressions.Identifier.Accept (IExpressionVisitor v) <0x412b9530 + 0x00027> in <filename unknown>:0 
  at Reko.Core.Code.InstructionVisitorBase.VisitOutArgument (Reko.Core.Expressions.OutArgument outArg) <0x412eb0d0 + 0x00025> in <filename unknown>:0 
  at Reko.Core.Expressions.OutArgument.Accept (IExpressionVisitor visitor) <0x412eb090 + 0x00027> in <filename unknown>:0 
  at Reko.Core.Code.InstructionVisitorBase.VisitApplication (Reko.Core.Expressions.Application appl) <0x412c5910 + 0x0005f> in <filename unknown>:0 
  at Reko.Core.Expressions.Application.Accept (IExpressionVisitor v) <0x412bb0c0 + 0x00027> in <filename unknown>:0 
  at Reko.Analysis.DeadCode.VisitAssignment (Reko.Core.Code.Assignment a) <0x412fce00 + 0x00025> in <filename unknown>:0 
  at Reko.Core.Code.Assignment.Accept (InstructionVisitor v) <0x412b9430 + 0x00027> in <filename unknown>:0 
  at Reko.Analysis.DeadCode.Eliminate () <0x412fc2d0 + 0x00188> in <filename unknown>:0 
  at Reko.Analysis.DeadCode.Eliminate (Reko.Core.Procedure proc, Reko.Analysis.SsaState ssa) <0x412fc110 + 0x00047> in <filename unknown>:0 
  at Reko.Analysis.DataFlowAnalysis.BuildExpressionTrees () <0x412e41c0 + 0x004b7> in <filename unknown>:0 
fn00402884: error: An error occurred during data flow analysis.
    Index was outside the bounds of the array.
      at Reko.Analysis.SsaTransform+LocateDefinedVariables.MarkDefined (Reko.Core.Expressions.Identifier eDef) <0x412ef820 + 0x00092> in <filename unknown>:0 
  at Reko.Analysis.SsaTransform+LocateDefinedVariables.VisitAssignment (Reko.Core.Code.Assignment ass) <0x412ef7c0 + 0x00023> in <filename unknown>:0 
  at Reko.Core.Code.Assignment.Accept (InstructionVisitor v) <0x412b9430 + 0x00027> in <filename unknown>:0 
  at Reko.Analysis.SsaTransform+LocateDefinedVariables.LocateDefs (Reko.Core.Block b) <0x412ef6b0 + 0x000da> in <filename unknown>:0 
  at Reko.Analysis.SsaTransform.LocateAllDefinedVariables (System.Collections.Generic.Dictionary`2[] defOrig) <0x412eeea0 + 0x000ab> in <filename unknown>:0 
  at Reko.Analysis.SsaTransform.PlacePhiFunctions () <0x412ee960 + 0x000af> in <filename unknown>:0 
  at Reko.Analysis.SsaTransform.Transform () <0x412ee8c0 + 0x0000f> in <filename unknown>:0 
  at Reko.Analysis.SsaTransform..ctor (Reko.Analysis.ProgramDataFlow programFlow, Reko.Core.Procedure proc, IImportResolver importResolver, Reko.Core.Lib.DominatorGraph`1 gr, System.Collections.Generic.HashSet`1 implicitRegs) <0x412ee310 + 0x001ab> in <filename unknown>:0 
  at Reko.Analysis.DataFlowAnalysis.BuildSsaTransform (Reko.Core.Procedure proc) <0x412e4f60 + 0x001af> in <filename unknown>:0 
  at Reko.Analysis.DataFlowAnalysis.BuildExpressionTrees () <0x412e41c0 + 0x00203> in <filename unknown>:0 
fn0040290E: error: An error occurred during data flow analysis.
    Offset must be non-negative.
Parameter name: bitOffset
      at Reko.Core.Expressions.Slice..ctor (Reko.Core.Types.DataType dt, Reko.Core.Expressions.Expression i, Int32 bitOffset) <0x412eab90 + 0x0019b> in <filename unknown>:0 
  at Reko.Analysis.Aliases.CreateAliasInstruction (Reko.Core.Expressions.Identifier varFrom, Reko.Core.Expressions.Identifier varTo) <0x412ea520 + 0x0038f> in <filename unknown>:0 
  at Reko.Analysis.Aliases.Def (Reko.Core.Expressions.Identifier idar) <0x412ea2f0 + 0x000db> in <filename unknown>:0 
  at Reko.Analysis.Aliases.VisitAssignment (Reko.Core.Code.Assignment ass) <0x412ea290 + 0x00023> in <filename unknown>:0 
  at Reko.Core.Code.Assignment.Accept (InstructionVisitor v) <0x412b9430 + 0x00027> in <filename unknown>:0 
  at Reko.Analysis.Aliases.Transform () <0x412e9900 + 0x0010c> in <filename unknown>:0 
  at Reko.Analysis.DataFlowAnalysis.BuildSsaTransform (Reko.Core.Procedure proc) <0x412e4f60 + 0x000ef> in <filename unknown>:0 
  at Reko.Analysis.DataFlowAnalysis.BuildExpressionTrees () <0x412e41c0 + 0x00203> in <filename unknown>:0 
00401044: error: An error occurred while processing the statement Mem752[eax - 0x00000078 + 0x00000000:word32] = Mem0[eax - 0x00000078 + 0x00000000:word32] + eax.
    Not handling (ptr (struct (0 T_116 t0000))) and (union (uint32 u0) (ptr32 u1)) yet
      at Reko.Typing.ExpressionTypeDescender.PushSubtrahendDataType (Reko.Core.Types.DataType dtDiff, Reko.Core.Types.DataType dtMin) <0x4131db30 + 0x0017b> in <filename unknown>:0 
  at Reko.Typing.ExpressionTypeDescender.VisitBinaryExpression (Reko.Core.Expressions.BinaryExpression binExp, Reko.Core.Types.TypeVariable tv) <0x4131cce0 + 0x001a3> in <filename unknown>:0 
  at Reko.Core.Expressions.BinaryExpression.Accept[T,C] (ExpressionVisitor`2 v, Reko.Core.Expressions.C context) <0x4131cc30 + 0x00031> in <filename unknown>:0 
  at Reko.Typing.ExpressionTypeDescender.VisitMemoryAccess (Reko.Core.Expressions.Expression basePointer, Reko.Core.Types.TypeVariable tvAccess, Reko.Core.Expressions.Expression effectiveAddress, Reko.Core.Expressions.Expression globals) <0x4131f5d0 + 0x004a1> in <filename unknown>:0 
  at Reko.Typing.ExpressionTypeDescender.VisitMemoryAccess (Reko.Core.Expressions.MemoryAccess access, Reko.Core.Types.TypeVariable tv) <0x4131f580 + 0x00033> in <filename unknown>:0 
  at Reko.Core.Expressions.MemoryAccess.Accept[T,C] (ExpressionVisitor`2 v, Reko.Core.Expressions.C context) <0x4131f530 + 0x00031> in <filename unknown>:0 
  at Reko.Typing.ExpressionTypeDescender.VisitBinaryExpression (Reko.Core.Expressions.BinaryExpression binExp, Reko.Core.Types.TypeVariable tv) <0x4131cce0 + 0x00b9c> in <filename unknown>:0 
  at Reko.Core.Expressions.BinaryExpression.Accept[T,C] (ExpressionVisitor`2 v, Reko.Core.Expressions.C context) <0x4131cc30 + 0x00031> in <filename unknown>:0 
  at Reko.Typing.TypeCollector.VisitStore (Reko.Core.Code.Store store) <0x4131f2f0 + 0x0007c> in <filename unknown>:0 
  at Reko.Core.Code.Store.Accept (InstructionVisitor v) <0x412bb6a0 + 0x0002a> in <filename unknown>:0 
  at Reko.Typing.TypeCollector.CollectTypes () <0x4131a980 + 0x00289> in <filename unknown>:0 
004012F9: error: An error occurred while processing the statement word32 ecx_1063 = ecx_1046 - edx - (eax_edi_1056 <u 0x0000000000000000).
    Pulling difference uint32 and (ptr (struct 0001 (C22BF904 word32 dwC22BF904) (0 (union (ui32 u0) (byte u1) (T_127 u2)) u0000)))
      at Reko.Core.Expressions.ExpressionTypeAscenderBase.PullDiffDataType (Reko.Core.Types.DataType dtLeft, Reko.Core.Types.DataType dtRight) <0x4131c900 + 0x002f7> in <filename unknown>:0 
  at Reko.Core.Expressions.ExpressionTypeAscenderBase.VisitBinaryExpression (Reko.Core.Expressions.BinaryExpression binExp) <0x4131bcc0 + 0x000eb> in <filename unknown>:0 
  at Reko.Core.Expressions.BinaryExpression.Accept[T] (ExpressionVisitor`1 v) <0x41285680 + 0x00030> in <filename unknown>:0 
  at Reko.Core.Expressions.ExpressionTypeAscenderBase.VisitBinaryExpression (Reko.Core.Expressions.BinaryExpression binExp) <0x4131bcc0 + 0x00044> in <filename unknown>:0 
  at Reko.Core.Expressions.BinaryExpression.Accept[T] (ExpressionVisitor`1 v) <0x41285680 + 0x00030> in <filename unknown>:0 
  at Reko.Typing.TypeCollector.VisitDeclaration (Reko.Core.Code.Declaration decl) <0x4131bb30 + 0x0004a> in <filename unknown>:0 
  at Reko.Core.Code.Declaration.Accept (InstructionVisitor v) <0x41310200 + 0x00027> in <filename unknown>:0 
  at Reko.Typing.TypeCollector.CollectTypes () <0x4131a980 + 0x00289> in <filename unknown>:0 
004013C1: error: An error occurred while processing the statement word32 edi_1650 = edi_1081 - eax_953 - (ebx_1067 <u 0x62D2DEF2) | ecx_1063.
    Pulling difference ui32 and (ptr (struct (8BD72301 T_244 t8BD72301)))
      at Reko.Core.Expressions.ExpressionTypeAscenderBase.PullDiffDataType (Reko.Core.Types.DataType dtLeft, Reko.Core.Types.DataType dtRight) <0x4131c900 + 0x002f7> in <filename unknown>:0 
  at Reko.Core.Expressions.ExpressionTypeAscenderBase.VisitBinaryExpression (Reko.Core.Expressions.BinaryExpression binExp) <0x4131bcc0 + 0x000eb> in <filename unknown>:0 
  at Reko.Core.Expressions.BinaryExpression.Accept[T] (ExpressionVisitor`1 v) <0x41285680 + 0x00030> in <filename unknown>:0 
  at Reko.Core.Expressions.ExpressionTypeAscenderBase.VisitBinaryExpression (Reko.Core.Expressions.BinaryExpression binExp) <0x4131bcc0 + 0x00044> in <filename unknown>:0 
  at Reko.Core.Expressions.BinaryExpression.Accept[T] (ExpressionVisitor`1 v) <0x41285680 + 0x00030> in <filename unknown>:0 
  at Reko.Core.Expressions.ExpressionTypeAscenderBase.VisitBinaryExpression (Reko.Core.Expressions.BinaryExpression binExp) <0x4131bcc0 + 0x00044> in <filename unknown>:0 
  at Reko.Core.Expressions.BinaryExpression.Accept[T] (ExpressionVisitor`1 v) <0x41285680 + 0x00030> in <filename unknown>:0 
  at Reko.Typing.TypeCollector.VisitDeclaration (Reko.Core.Code.Declaration decl) <0x4131bb30 + 0x0004a> in <filename unknown>:0 
  at Reko.Core.Code.Declaration.Accept (InstructionVisitor v) <0x41310200 + 0x00027> in <filename unknown>:0 
  at Reko.Typing.TypeCollector.CollectTypes () <0x4131a980 + 0x00289> in <filename unknown>:0 
004013D5: error: An error occurred while processing the statement ebx = eax_1057 - esi_1095 - edx | edx.
    Pulling difference uint32 and (ptr (struct 0001 (C22BF904 word32 dwC22BF904) (0 (union (ui32 u0) (byte u1) (T_127 u2)) u0000)))
      at Reko.Core.Expressions.ExpressionTypeAscenderBase.PullDiffDataType (Reko.Core.Types.DataType dtLeft, Reko.Core.Types.DataType dtRight) <0x4131c900 + 0x002f7> in <filename unknown>:0 
  at Reko.Core.Expressions.ExpressionTypeAscenderBase.VisitBinaryExpression (Reko.Core.Expressions.BinaryExpression binExp) <0x4131bcc0 + 0x000eb> in <filename unknown>:0 
  at Reko.Core.Expressions.BinaryExpression.Accept[T] (ExpressionVisitor`1 v) <0x41285680 + 0x00030> in <filename unknown>:0 
  at Reko.Core.Expressions.ExpressionTypeAscenderBase.VisitBinaryExpression (Reko.Core.Expressions.BinaryExpression binExp) <0x4131bcc0 + 0x00044> in <filename unknown>:0 
  at Reko.Core.Expressions.BinaryExpression.Accept[T] (ExpressionVisitor`1 v) <0x41285680 + 0x00030> in <filename unknown>:0 
  at Reko.Typing.TypeCollector.VisitAssignment (Reko.Core.Code.Assignment ass) <0x41320de0 + 0x00031> in <filename unknown>:0 
  at Reko.Core.Code.Assignment.Accept (InstructionVisitor v) <0x412b9430 + 0x00027> in <filename unknown>:0 
  at Reko.Typing.TypeCollector.CollectTypes () <0x4131a980 + 0x00289> in <filename unknown>:0 
00401332: error: An error occurred while processing the statement word32 ecx_1491 = ecx_1360 - eax_1413 - esi_1363.
    Pulling difference uint32 and ptr32
      at Reko.Core.Expressions.ExpressionTypeAscenderBase.PullDiffDataType (Reko.Core.Types.DataType dtLeft, Reko.Core.Types.DataType dtRight) <0x4131c900 + 0x002f7> in <filename unknown>:0 
  at Reko.Core.Expressions.ExpressionTypeAscenderBase.VisitBinaryExpression (Reko.Core.Expressions.BinaryExpression binExp) <0x4131bcc0 + 0x000eb> in <filename unknown>:0 
  at Reko.Core.Expressions.BinaryExpression.Accept[T] (ExpressionVisitor`1 v) <0x41285680 + 0x00030> in <filename unknown>:0 
  at Reko.Core.Expressions.ExpressionTypeAscenderBase.VisitBinaryExpression (Reko.Core.Expressions.BinaryExpression binExp) <0x4131bcc0 + 0x00044> in <filename unknown>:0 
  at Reko.Core.Expressions.BinaryExpression.Accept[T] (ExpressionVisitor`1 v) <0x41285680 + 0x00030> in <filename unknown>:0 
  at Reko.Typing.TypeCollector.VisitDeclaration (Reko.Core.Code.Declaration decl) <0x4131bb30 + 0x0004a> in <filename unknown>:0 
  at Reko.Core.Code.Declaration.Accept (InstructionVisitor v) <0x41310200 + 0x00027> in <filename unknown>:0 
  at Reko.Typing.TypeCollector.CollectTypes () <0x4131a980 + 0x00289> in <filename unknown>:0 
004010F4: error: An error occurred while processing the statement esi_1363 = esi_1363 - edx.
    Pulling difference uint32 and (ptr (struct 0001 (C22BF904 word32 dwC22BF904) (0 (union (ui32 u0) (byte u1) (T_127 u2) (T_454 u3)) u0000)))
      at Reko.Core.Expressions.ExpressionTypeAscenderBase.PullDiffDataType (Reko.Core.Types.DataType dtLeft, Reko.Core.Types.DataType dtRight) <0x4131c900 + 0x002f7> in <filename unknown>:0 
  at Reko.Core.Expressions.ExpressionTypeAscenderBase.VisitBinaryExpression (Reko.Core.Expressions.BinaryExpression binExp) <0x4131bcc0 + 0x000eb> in <filename unknown>:0 
  at Reko.Core.Expressions.BinaryExpression.Accept[T] (ExpressionVisitor`1 v) <0x41285680 + 0x00030> in <filename unknown>:0 
  at Reko.Typing.TypeCollector.VisitAssignment (Reko.Core.Code.Assignment ass) <0x41320de0 + 0x00031> in <filename unknown>:0 
  at Reko.Core.Code.Assignment.Accept (InstructionVisitor v) <0x412b9430 + 0x00027> in <filename unknown>:0 
  at Reko.Typing.TypeCollector.CollectTypes () <0x4131a980 + 0x00289> in <filename unknown>:0 
004013EF: error: An error occurred while processing the statement ecx_1713 = ecx_1108 - eax_1098 - ((esi_1095 - ecx_1108) - C_1709 <u 0x00000000).
    Pulling difference uint32 and (ptr (struct 0001 (C3032140 T_419 tC3032140) (0 byte b0000)))
      at Reko.Core.Expressions.ExpressionTypeAscenderBase.PullDiffDataType (Reko.Core.Types.DataType dtLeft, Reko.Core.Types.DataType dtRight) <0x4131c900 + 0x002f7> in <filename unknown>:0 
  at Reko.Core.Expressions.ExpressionTypeAscenderBase.VisitBinaryExpression (Reko.Core.Expressions.BinaryExpression binExp) <0x4131bcc0 + 0x000eb> in <filename unknown>:0 
  at Reko.Core.Expressions.BinaryExpression.Accept[T] (ExpressionVisitor`1 v) <0x41285680 + 0x00030> in <filename unknown>:0 
  at Reko.Core.Expressions.ExpressionTypeAscenderBase.VisitBinaryExpression (Reko.Core.Expressions.BinaryExpression binExp) <0x4131bcc0 + 0x00044> in <filename unknown>:0 
  at Reko.Core.Expressions.BinaryExpression.Accept[T] (ExpressionVisitor`1 v) <0x41285680 + 0x00030> in <filename unknown>:0 
  at Reko.Typing.TypeCollector.VisitAssignment (Reko.Core.Code.Assignment ass) <0x41320de0 + 0x00031> in <filename unknown>:0 
  at Reko.Core.Code.Assignment.Accept (InstructionVisitor v) <0x412b9430 + 0x00027> in <filename unknown>:0 
  at Reko.Typing.TypeCollector.CollectTypes () <0x4131a980 + 0x00289> in <filename unknown>:0 
004013F7: error: An error occurred while processing the statement ebx_106 = ebx - edx - (ecx_1713 <u 0x00000000) + ecx_1713.
    Pulling difference (union ((ptr (struct 0001 (C22BF904 word32 dwC22BF904) (C3032140 T_419 tC3032140) (0 (union (ui32 u0) (byte u1) (T_127 u2) (T_454 u3)) u0000))) u1) (uint32 u0) (ptr32 u2)) and (ptr (struct 0001 (C22BF904 word32 dwC22BF904) (0 (union (ui32 u0) (byte u1) (T_127 u2) (T_454 u3)) u0000)))
      at Reko.Core.Expressions.ExpressionTypeAscenderBase.PullDiffDataType (Reko.Core.Types.DataType dtLeft, Reko.Core.Types.DataType dtRight) <0x4131c900 + 0x002f7> in <filename unknown>:0 
  at Reko.Core.Expressions.ExpressionTypeAscenderBase.VisitBinaryExpression (Reko.Core.Expressions.BinaryExpression binExp) <0x4131bcc0 + 0x000eb> in <filename unknown>:0 
  at Reko.Core.Expressions.BinaryExpression.Accept[T] (ExpressionVisitor`1 v) <0x41285680 + 0x00030> in <filename unknown>:0 
  at Reko.Core.Expressions.ExpressionTypeAscenderBase.VisitBinaryExpression (Reko.Core.Expressions.BinaryExpression binExp) <0x4131bcc0 + 0x00044> in <filename unknown>:0 
  at Reko.Core.Expressions.BinaryExpression.Accept[T] (ExpressionVisitor`1 v) <0x41285680 + 0x00030> in <filename unknown>:0 
  at Reko.Core.Expressions.ExpressionTypeAscenderBase.VisitBinaryExpression (Reko.Core.Expressions.BinaryExpression binExp) <0x4131bcc0 + 0x00044> in <filename unknown>:0 
  at Reko.Core.Expressions.BinaryExpression.Accept[T] (ExpressionVisitor`1 v) <0x41285680 + 0x00030> in <filename unknown>:0 
  at Reko.Typing.TypeCollector.VisitAssignment (Reko.Core.Code.Assignment ass) <0x41320de0 + 0x00031> in <filename unknown>:0 
  at Reko.Core.Code.Assignment.Accept (InstructionVisitor v) <0x412b9430 + 0x00027> in <filename unknown>:0 
  at Reko.Typing.TypeCollector.CollectTypes () <0x4131a980 + 0x00289> in <filename unknown>:0 
004012A5: error: An error occurred while processing the statement word32 ebx_928 = ebx - edx.
    Pulling difference (union ((ptr (struct 0001 (C22BF904 word32 dwC22BF904) (C3032140 T_419 tC3032140) (0 (union (ui32 u0) (byte u1) ((arr T_12674) u4) (T_127 u2) (T_454 u3)) u0000) (10 ui32 dw0010) (2C T_581 t002C) (23D92B88 byte b23D92B88))) u1) (uint32 u0) (ptr32 u2)) and (ptr (struct 0001 (C22BF904 word32 dwC22BF904) (0 (union (ui32 u0) (byte u1) (T_127 u2) (T_454 u3)) u0000)))
      at Reko.Core.Expressions.ExpressionTypeAscenderBase.PullDiffDataType (Reko.Core.Types.DataType dtLeft, Reko.Core.Types.DataType dtRight) <0x4131c900 + 0x002f7> in <filename unknown>:0 
  at Reko.Core.Expressions.ExpressionTypeAscenderBase.VisitBinaryExpression (Reko.Core.Expressions.BinaryExpression binExp) <0x4131bcc0 + 0x000eb> in <filename unknown>:0 
  at Reko.Core.Expressions.BinaryExpression.Accept[T] (ExpressionVisitor`1 v) <0x41285680 + 0x00030> in <filename unknown>:0 
  at Reko.Typing.TypeCollector.VisitDeclaration (Reko.Core.Code.Declaration decl) <0x4131bb30 + 0x0004a> in <filename unknown>:0 
  at Reko.Core.Code.Declaration.Accept (InstructionVisitor v) <0x41310200 + 0x00027> in <filename unknown>:0 
  at Reko.Typing.TypeCollector.CollectTypes () <0x4131a980 + 0x00289> in <filename unknown>:0 
004012B3: error: An error occurred while processing the statement word32 ecx_940 = (ecx & esi_1126) - edx.
    Pulling difference ui32 and (ptr (struct 0001 (C22BF904 word32 dwC22BF904) (0 (union (ui32 u0) (byte u1) (T_127 u2) (T_454 u3)) u0000)))
      at Reko.Core.Expressions.ExpressionTypeAscenderBase.PullDiffDataType (Reko.Core.Types.DataType dtLeft, Reko.Core.Types.DataType dtRight) <0x4131c900 + 0x002f7> in <filename unknown>:0 
  at Reko.Core.Expressions.ExpressionTypeAscenderBase.VisitBinaryExpression (Reko.Core.Expressions.BinaryExpression binExp) <0x4131bcc0 + 0x000eb> in <filename unknown>:0 
  at Reko.Core.Expressions.BinaryExpression.Accept[T] (ExpressionVisitor`1 v) <0x41285680 + 0x00030> in <filename unknown>:0 
  at Reko.Typing.TypeCollector.VisitDeclaration (Reko.Core.Code.Declaration decl) <0x4131bb30 + 0x0004a> in <filename unknown>:0 
  at Reko.Core.Code.Declaration.Accept (InstructionVisitor v) <0x41310200 + 0x00027> in <filename unknown>:0 
  at Reko.Typing.TypeCollector.CollectTypes () <0x4131a980 + 0x00289> in <filename unknown>:0 
00401435: error: An error occurred while processing the statement branch ah_487 != 0x00 && ecx_1173 != 0x00000001 l0040145B.
    Not implemented: ah_487 != 0x00 && ecx_1173 != 0x00000001
      at Reko.Core.Expressions.ExpressionTypeAscenderBase.VisitBinaryExpression (Reko.Core.Expressions.BinaryExpression binExp) <0x4131bcc0 + 0x0047f> in <filename unknown>:0 
  at Reko.Core.Expressions.BinaryExpression.Accept[T] (ExpressionVisitor`1 v) <0x41285680 + 0x00030> in <filename unknown>:0 
  at Reko.Typing.TypeCollector.VisitBranch (Reko.Core.Code.Branch branch) <0x4131f180 + 0x00031> in <filename unknown>:0 
  at Reko.Core.Code.Branch.Accept (InstructionVisitor v) <0x412bab30 + 0x00027> in <filename unknown>:0 
  at Reko.Typing.TypeCollector.CollectTypes () <0x4131a980 + 0x00289> in <filename unknown>:0 
0040142D: error: An error occurred while processing the statement branch Z_1199 && ecx_1173 != 0x00000000 l00401410.
    Not implemented: Z_1199 && ecx_1173 != 0x00000000
      at Reko.Core.Expressions.ExpressionTypeAscenderBase.VisitBinaryExpression (Reko.Core.Expressions.BinaryExpression binExp) <0x4131bcc0 + 0x0047f> in <filename unknown>:0 
  at Reko.Core.Expressions.BinaryExpression.Accept[T] (ExpressionVisitor`1 v) <0x41285680 + 0x00030> in <filename unknown>:0 
  at Reko.Typing.TypeCollector.VisitBranch (Reko.Core.Code.Branch branch) <0x4131f180 + 0x00031> in <filename unknown>:0 
  at Reko.Core.Code.Branch.Accept (InstructionVisitor v) <0x412bab30 + 0x00027> in <filename unknown>:0 
  at Reko.Typing.TypeCollector.CollectTypes () <0x4131a980 + 0x00289> in <filename unknown>:0 
: error: Error when reconstructing types.
    Specified argument was out of the range of valid values.
Parameter name: Linear address 00000000 is not in known segment.
      at Reko.Core.SegmentMap.MapLinearAddressToAddress (UInt64 linearAddress) <0x412d6a00 + 0x0017f> in <filename unknown>:0 
  at Reko.CmdLine.CmdLineListener.CreateStatementNavigator (Reko.Core.Program program, Reko.Core.Statement stm) <0x412d6950 + 0x0002f> in <filename unknown>:0 
  at Reko.Typing.TypeCollector.CollectTypes () <0x4131a980 + 0x002d5> in <filename unknown>:0 
  at Reko.Typing.TypeAnalyzer.RewriteProgram (Reko.Core.Program program) <0x41313880 + 0x00597> in <filename unknown>:0 
  at Reko.DecompilerDriver.ReconstructTypes () <0x41313210 + 0x0022f> in <filename unknown>:0 
fn004021A0: error: An error occurred while rewriting procedure to high-level language.
    The given key was not present in the dictionary.
      at System.ThrowHelper.ThrowKeyNotFoundException () <0x412d68f0 + 0x0001f> in <filename unknown>:0 
  at System.Collections.Generic.Dictionary`2[TKey,TValue].get_Item (System.Collections.Generic.TKey key) <0x410d8bb0 + 0x0004b> in <filename unknown>:0 
  at Reko.Structure.StructureAnalysis.BuildRegionGraph (Reko.Core.Procedure proc) <0x41328b50 + 0x00323> in <filename unknown>:0 
  at Reko.Structure.StructureAnalysis.Execute () <0x413285d0 + 0x0003b> in <filename unknown>:0 
  at Reko.Structure.StructureAnalysis.Structure () <0x41326e30 + 0x00137> in <filename unknown>:0 
  at Reko.DecompilerDriver.StructureProgram () <0x41326950 + 0x00255> in <filename unknown>:0 
fn004022E5: error: An error occurred while rewriting procedure to high-level language.
    The given key was not present in the dictionary.
      at System.ThrowHelper.ThrowKeyNotFoundException () <0x412d68f0 + 0x0001f> in <filename unknown>:0 
  at System.Collections.Generic.Dictionary`2[TKey,TValue].get_Item (System.Collections.Generic.TKey key) <0x410d8bb0 + 0x0004b> in <filename unknown>:0 
  at Reko.Structure.StructureAnalysis.BuildRegionGraph (Reko.Core.Procedure proc) <0x41328b50 + 0x00323> in <filename unknown>:0 
  at Reko.Structure.StructureAnalysis.Execute () <0x413285d0 + 0x0003b> in <filename unknown>:0 
  at Reko.Structure.StructureAnalysis.Structure () <0x41326e30 + 0x00137> in <filename unknown>:0 
  at Reko.DecompilerDriver.StructureProgram () <0x41326950 + 0x00255> in <filename unknown>:0 
fn0040236C: error: An error occurred while rewriting procedure to high-level language.
    Index was out of range. Must be non-negative and less than the size of the collection.
Parameter name: index
      at System.ThrowHelper.ThrowArgumentOutOfRangeException (ExceptionArgument argument, ExceptionResource resource) <0x41335110 + 0x00047> in <filename unknown>:0 
  at System.ThrowHelper.ThrowArgumentOutOfRangeException () <0x413350f0 + 0x00013> in <filename unknown>:0 
  at System.Collections.Generic.List`1[T].get_Item (Int32 index) <0x4111c9b0 + 0x00023> in <filename unknown>:0 
  at Reko.Core.Block.get_ThenBlock () <0x413279e0 + 0x0001f> in <filename unknown>:0 
  at Reko.Structure.CompoundConditionCoalescer.MaybeCoalesce (Reko.Core.Block block) <0x41328000 + 0x00033> in <filename unknown>:0 
  at Reko.Structure.CompoundConditionCoalescer.Transform () <0x41327ad0 + 0x0011f> in <filename unknown>:0 
  at Reko.Structure.StructureAnalysis.Structure () <0x41326e30 + 0x000b7> in <filename unknown>:0 
  at Reko.DecompilerDriver.StructureProgram () <0x41326950 + 0x00255> in <filename unknown>:0 
fn00402641: error: An error occurred while rewriting procedure to high-level language.
    Index was out of range. Must be non-negative and less than the size of the collection.
Parameter name: index
      at System.ThrowHelper.ThrowArgumentOutOfRangeException (ExceptionArgument argument, ExceptionResource resource) <0x41335110 + 0x00047> in <filename unknown>:0 
  at System.ThrowHelper.ThrowArgumentOutOfRangeException () <0x413350f0 + 0x00013> in <filename unknown>:0 
  at System.Collections.Generic.List`1[T].get_Item (Int32 index) <0x4111c9b0 + 0x00023> in <filename unknown>:0 
  at Reko.Core.Block.get_ThenBlock () <0x413279e0 + 0x0001f> in <filename unknown>:0 
  at Reko.Structure.CompoundConditionCoalescer.MaybeCoalesce (Reko.Core.Block block) <0x41328000 + 0x00033> in <filename unknown>:0 
  at Reko.Structure.CompoundConditionCoalescer.Transform () <0x41327ad0 + 0x0011f> in <filename unknown>:0 
  at Reko.Structure.StructureAnalysis.Structure () <0x41326e30 + 0x000b7> in <filename unknown>:0 
  at Reko.DecompilerDriver.StructureProgram () <0x41326950 + 0x00255> in <filename unknown>:0 
fn00402695: error: An error occurred while rewriting procedure to high-level language.
    The given key was not present in the dictionary.
      at System.ThrowHelper.ThrowKeyNotFoundException () <0x412d68f0 + 0x0001f> in <filename unknown>:0 
  at System.Collections.Generic.Dictionary`2[TKey,TValue].get_Item (System.Collections.Generic.TKey key) <0x410d8bb0 + 0x0004b> in <filename unknown>:0 
  at Reko.Structure.StructureAnalysis.BuildRegionGraph (Reko.Core.Procedure proc) <0x41328b50 + 0x00323> in <filename unknown>:0 
  at Reko.Structure.StructureAnalysis.Execute () <0x413285d0 + 0x0003b> in <filename unknown>:0 
  at Reko.Structure.StructureAnalysis.Structure () <0x41326e30 + 0x00137> in <filename unknown>:0 
  at Reko.DecompilerDriver.StructureProgram () <0x41326950 + 0x00255> in <filename unknown>:0 
fn004027FD: error: An error occurred while rewriting procedure to high-level language.
    Index was out of range. Must be non-negative and less than the size of the collection.
Parameter name: index
      at System.ThrowHelper.ThrowArgumentOutOfRangeException (ExceptionArgument argument, ExceptionResource resource) <0x41335110 + 0x00047> in <filename unknown>:0 
  at System.ThrowHelper.ThrowArgumentOutOfRangeException () <0x413350f0 + 0x00013> in <filename unknown>:0 
  at System.Collections.Generic.List`1[T].get_Item (Int32 index) <0x4111c9b0 + 0x00023> in <filename unknown>:0 
  at Reko.Core.Block.get_ThenBlock () <0x413279e0 + 0x0001f> in <filename unknown>:0 
  at Reko.Structure.CompoundConditionCoalescer.MaybeCoalesce (Reko.Core.Block block) <0x41328000 + 0x00033> in <filename unknown>:0 
  at Reko.Structure.CompoundConditionCoalescer.Transform () <0x41327ad0 + 0x0011f> in <filename unknown>:0 
  at Reko.Structure.StructureAnalysis.Structure () <0x41326e30 + 0x000b7> in <filename unknown>:0 
  at Reko.DecompilerDriver.StructureProgram () <0x41326950 + 0x00255> in <filename unknown>:0 
fn00402818: error: An error occurred while rewriting procedure to high-level language.
    Index was out of range. Must be non-negative and less than the size of the collection.
Parameter name: index
      at System.ThrowHelper.ThrowArgumentOutOfRangeException (ExceptionArgument argument, ExceptionResource resource) <0x41335110 + 0x00047> in <filename unknown>:0 
  at System.ThrowHelper.ThrowArgumentOutOfRangeException () <0x413350f0 + 0x00013> in <filename unknown>:0 
  at System.Collections.Generic.List`1[T].get_Item (Int32 index) <0x4111c9b0 + 0x00023> in <filename unknown>:0 
  at Reko.Core.Block.get_ThenBlock () <0x413279e0 + 0x0001f> in <filename unknown>:0 
  at Reko.Structure.CompoundConditionCoalescer.MaybeCoalesce (Reko.Core.Block block) <0x41328000 + 0x00033> in <filename unknown>:0 
  at Reko.Structure.CompoundConditionCoalescer.Transform () <0x41327ad0 + 0x0011f> in <filename unknown>:0 
  at Reko.Structure.StructureAnalysis.Structure () <0x41326e30 + 0x000b7> in <filename unknown>:0 
  at Reko.DecompilerDriver.StructureProgram () <0x41326950 + 0x00255> in <filename unknown>:0 
fn00402884: error: An error occurred while rewriting procedure to high-level language.
    The given key was not present in the dictionary.
      at System.ThrowHelper.ThrowKeyNotFoundException () <0x412d68f0 + 0x0001f> in <filename unknown>:0 
  at System.Collections.Generic.Dictionary`2[TKey,TValue].get_Item (System.Collections.Generic.TKey key) <0x410d8bb0 + 0x0004b> in <filename unknown>:0 
  at Reko.Structure.StructureAnalysis.BuildRegionGraph (Reko.Core.Procedure proc) <0x41328b50 + 0x00323> in <filename unknown>:0 
  at Reko.Structure.StructureAnalysis.Execute () <0x413285d0 + 0x0003b> in <filename unknown>:0 
  at Reko.Structure.StructureAnalysis.Structure () <0x41326e30 + 0x00137> in <filename unknown>:0 
  at Reko.DecompilerDriver.StructureProgram () <0x41326950 + 0x00255> in <filename unknown>:0 
