=== Using options:--aggressive-branch-removal
Signature of 'Armadillo v4.x' detected.
00402E55: error: An error occurred while processing the statement branch eax_49 >=u edi_21 l00402E70.
    Specified argument was out of the range of valid values. (Parameter 'bitSize')
       at Reko.Core.Types.PrimitiveType.CreateWord(Int32 bitSize) in /home/runner/work/reko/reko/src/Core/Types/PrimitiveType.cs:line 127
   at Reko.Typing.ExpressionTypeDescender.VisitBinaryExpression(BinaryExpression binExp, TypeVariable tv) in /home/runner/work/reko/reko/src/Decompiler/Typing/ExpressionTypeDescender.cs:line 347
   at Reko.Core.Expressions.BinaryExpression.Accept[T,C](ExpressionVisitor`2 v, C context) in /home/runner/work/reko/reko/src/Core/Expressions/BinaryExpression.cs:line 52
   at Reko.Typing.TypeCollector.VisitBranch(Branch branch) in /home/runner/work/reko/reko/src/Decompiler/Typing/TypeCollector.cs:line 200
   at Reko.Core.Code.Branch.Accept(InstructionVisitor v) in /home/runner/work/reko/reko/src/Core/Code/Branch.cs:line 60
   at Reko.Typing.TypeCollector.CollectTypes() in /home/runner/work/reko/reko/src/Decompiler/Typing/TypeCollector.cs:line 74
00402E6E: error: An error occurred while processing the statement branch ebx_102 <u edi_21 l00402E57.
    Specified argument was out of the range of valid values. (Parameter 'bitSize')
       at Reko.Core.Types.PrimitiveType.CreateWord(Int32 bitSize) in /home/runner/work/reko/reko/src/Core/Types/PrimitiveType.cs:line 127
   at Reko.Typing.ExpressionTypeDescender.VisitBinaryExpression(BinaryExpression binExp, TypeVariable tv) in /home/runner/work/reko/reko/src/Decompiler/Typing/ExpressionTypeDescender.cs:line 347
   at Reko.Core.Expressions.BinaryExpression.Accept[T,C](ExpressionVisitor`2 v, C context) in /home/runner/work/reko/reko/src/Core/Expressions/BinaryExpression.cs:line 52
   at Reko.Typing.TypeCollector.VisitBranch(Branch branch) in /home/runner/work/reko/reko/src/Decompiler/Typing/TypeCollector.cs:line 200
   at Reko.Core.Code.Branch.Accept(InstructionVisitor v) in /home/runner/work/reko/reko/src/Core/Code/Branch.cs:line 60
   at Reko.Typing.TypeCollector.CollectTypes() in /home/runner/work/reko/reko/src/Decompiler/Typing/TypeCollector.cs:line 74
00402E7C: error: An error occurred while processing the statement branch ebx_102 >=u eax_49 l00402E93.
    Specified argument was out of the range of valid values. (Parameter 'bitSize')
       at Reko.Core.Types.PrimitiveType.CreateWord(Int32 bitSize) in /home/runner/work/reko/reko/src/Core/Types/PrimitiveType.cs:line 127
   at Reko.Typing.ExpressionTypeDescender.VisitBinaryExpression(BinaryExpression binExp, TypeVariable tv) in /home/runner/work/reko/reko/src/Decompiler/Typing/ExpressionTypeDescender.cs:line 347
   at Reko.Core.Expressions.BinaryExpression.Accept[T,C](ExpressionVisitor`2 v, C context) in /home/runner/work/reko/reko/src/Core/Expressions/BinaryExpression.cs:line 52
   at Reko.Typing.TypeCollector.VisitBranch(Branch branch) in /home/runner/work/reko/reko/src/Decompiler/Typing/TypeCollector.cs:line 200
   at Reko.Core.Code.Branch.Accept(InstructionVisitor v) in /home/runner/work/reko/reko/src/Core/Code/Branch.cs:line 60
   at Reko.Typing.TypeCollector.CollectTypes() in /home/runner/work/reko/reko/src/Decompiler/Typing/TypeCollector.cs:line 74
00402E98: error: An error occurred while processing the statement branch ebx_102 >=u edi_21 l00402EAB.
    Specified argument was out of the range of valid values. (Parameter 'bitSize')
       at Reko.Core.Types.PrimitiveType.CreateWord(Int32 bitSize) in /home/runner/work/reko/reko/src/Core/Types/PrimitiveType.cs:line 127
   at Reko.Typing.ExpressionTypeDescender.VisitBinaryExpression(BinaryExpression binExp, TypeVariable tv) in /home/runner/work/reko/reko/src/Decompiler/Typing/ExpressionTypeDescender.cs:line 347
   at Reko.Core.Expressions.BinaryExpression.Accept[T,C](ExpressionVisitor`2 v, C context) in /home/runner/work/reko/reko/src/Core/Expressions/BinaryExpression.cs:line 52
   at Reko.Typing.TypeCollector.VisitBranch(Branch branch) in /home/runner/work/reko/reko/src/Decompiler/Typing/TypeCollector.cs:line 200
   at Reko.Core.Code.Branch.Accept(InstructionVisitor v) in /home/runner/work/reko/reko/src/Core/Code/Branch.cs:line 60
   at Reko.Typing.TypeCollector.CollectTypes() in /home/runner/work/reko/reko/src/Decompiler/Typing/TypeCollector.cs:line 74
00402EB4: error: An error occurred while processing the statement branch ebx_102 >=u eax_49 l00402EC3.
    Specified argument was out of the range of valid values. (Parameter 'bitSize')
       at Reko.Core.Types.PrimitiveType.CreateWord(Int32 bitSize) in /home/runner/work/reko/reko/src/Core/Types/PrimitiveType.cs:line 127
   at Reko.Typing.ExpressionTypeDescender.VisitBinaryExpression(BinaryExpression binExp, TypeVariable tv) in /home/runner/work/reko/reko/src/Decompiler/Typing/ExpressionTypeDescender.cs:line 347
   at Reko.Core.Expressions.BinaryExpression.Accept[T,C](ExpressionVisitor`2 v, C context) in /home/runner/work/reko/reko/src/Core/Expressions/BinaryExpression.cs:line 52
   at Reko.Typing.TypeCollector.VisitBranch(Branch branch) in /home/runner/work/reko/reko/src/Decompiler/Typing/TypeCollector.cs:line 200
   at Reko.Core.Code.Branch.Accept(InstructionVisitor v) in /home/runner/work/reko/reko/src/Core/Code/Branch.cs:line 60
   at Reko.Typing.TypeCollector.CollectTypes() in /home/runner/work/reko/reko/src/Decompiler/Typing/TypeCollector.cs:line 74
00402790: warning: Expected sizes of arrays to have been determined by now
00402878: warning: Expected sizes of arrays to have been determined by now
00402918: warning: Expected sizes of arrays to have been determined by now
00402A10: warning: Expected sizes of arrays to have been determined by now
00403860: warning: Expected sizes of arrays to have been determined by now
00403948: warning: Expected sizes of arrays to have been determined by now
004039E8: warning: Expected sizes of arrays to have been determined by now
00403AE0: warning: Expected sizes of arrays to have been determined by now
0040528A: warning: Expected sizes of arrays to have been determined by now
00405840: warning: Expected sizes of arrays to have been determined by now
00405964: warning: Expected sizes of arrays to have been determined by now
00402790: warning: Expected sizes of arrays to have been determined by now
00402878: warning: Expected sizes of arrays to have been determined by now
00402918: warning: Expected sizes of arrays to have been determined by now
00402A10: warning: Expected sizes of arrays to have been determined by now
00403860: warning: Expected sizes of arrays to have been determined by now
00403948: warning: Expected sizes of arrays to have been determined by now
004039E8: warning: Expected sizes of arrays to have been determined by now
00403AE0: warning: Expected sizes of arrays to have been determined by now
0040528A: warning: Expected sizes of arrays to have been determined by now
00405840: warning: Expected sizes of arrays to have been determined by now
00405964: warning: Expected sizes of arrays to have been determined by now
