=== Using options:--aggressive-branch-removal
0040C717: warning: Call target address D31A9962 is invalid.
0040C926: warning: Call target address F9D3:8A72 is invalid.
0040D568: warning: Call target address F657:8C11 is invalid.
00411054: warning: Call target address F800:0117 is invalid.
0040D69D: warning: Call target address DEC1CE75 is invalid.
0040D86B: warning: Multiple different values of stack delta in procedure fn0040DBEE when processing RET instruction; was 282 previously.
004111FC: warning: Call target address A800:011E is invalid.
0041125C: warning: Call target address F4411380 is invalid.
004113A8: warning: Call target address F800:0117 is invalid.
0040DCC9: warning: Procedure fn0040DBEE previously had a return address of 4 bytes on the stack, but now seems to have a return address of 6 bytes on the stack.
0040DCC9: warning: Multiple different values of stack delta in procedure fn0040DBEE when processing RET instruction; was 282 previously.
004113E0: warning: Call target address 0400:0118 is invalid.
0040DB92: warning: Call target address 73803831 is invalid.
0040D7B9: warning: Call target address E414BD90 is invalid.
0040D54E: warning: Multiple different values of stack delta in procedure fn0040D53E when processing RET instruction; was 282 previously.
0040C642: warning: Procedure Win32CrtStartup previously had a return address of 4 bytes on the stack, but now seems to have a return address of 6 bytes on the stack.
0040C642: warning: Multiple different values of stack delta in procedure Win32CrtStartup when processing RET instruction; was 4 previously.
0040C164: warning: Call target address C8549BF4 is invalid.
0040C5BF: warning: Multiple different values of stack delta in procedure Win32CrtStartup when processing RET instruction; was 4 previously.
0040BF92: warning: Call target address C80A5525 is invalid.
/home/hawk/kza/decompiler-subjects.clean/malware_via_email/malware_1733/ia32_pe/subject.exe: error: An internal error occurred while analyzing /home/hawk/kza/decompiler-subjects.clean/malware_via_email/malware_1733/ia32_pe/subject.exe.
    An item with the same key has already been added. Key: ecx
       at System.Collections.Generic.Dictionary`2.TryInsert(TKey key, TValue value, InsertionBehavior behavior)
   at Reko.Analysis.SsaIdentifierCollection.Add(Identifier idOld, Statement stmDef, Boolean isSideEffect) in /home/runner/work/reko/reko/src/Decompiler/Analysis/SsaIdentifierCollection.cs:line 51
   at Reko.Analysis.ProjectionPropagator.ProjectionFilter.RewriteSeqOfDefs(SsaIdentifier[] sids, Identifier idWide) in /home/runner/work/reko/reko/src/Decompiler/Analysis/ProjectionPropagator.cs:line 402
   at Reko.Analysis.ProjectionPropagator.ProjectionFilter.FuseIdentifiers(DataType dtWide, SsaIdentifier[] sids) in /home/runner/work/reko/reko/src/Decompiler/Analysis/ProjectionPropagator.cs:line 264
   at Reko.Analysis.ProjectionPropagator.ProjectionFilter.VisitMkSequence(MkSequence seq) in /home/runner/work/reko/reko/src/Decompiler/Analysis/ProjectionPropagator.cs:line 209
   at Reko.Core.Code.InstructionTransformer.TransformAssignment(Assignment a) in /home/runner/work/reko/reko/src/Core/Code/InstructionTransformer.cs:line 50
   at Reko.Analysis.ProjectionPropagator.Transform() in /home/runner/work/reko/reko/src/Decompiler/Analysis/ProjectionPropagator.cs:line 73
   at Reko.Analysis.SccWorker.Transform() in /home/runner/work/reko/reko/src/Decompiler/Analysis/SccWorker.cs:line 115
   at Reko.Analysis.DataFlowAnalysis.RewriteProceduresToSsa() in /home/runner/work/reko/reko/src/Decompiler/Analysis/DataFlowAnalysis.cs:line 178
   at Reko.Analysis.DataFlowAnalysis.UntangleProcedures() in /home/runner/work/reko/reko/src/Decompiler/Analysis/DataFlowAnalysis.cs:line 128
   at Reko.Decompiler.AnalyzeDataFlow() in /home/runner/work/reko/reko/src/Decompiler/Decompiler.cs:line 111
Win32CrtStartup_exit: warning: Phi functions will be ignored by type analysis. This may be caused by a failure in a previous stage of the decompilation.
00411095: error: An error occurred while processing the statement v6504_13289 = Mem13287[ecx_380 + 0<32>:word32] - eax_13280 - CONVERT(v6503_13281 <u 0<32>, bool, word32).
    Specified argument was out of the range of valid values. (Parameter 'bitSize')
       at Reko.Core.Types.PrimitiveType.CreateWord(Int32 bitSize) in /home/runner/work/reko/reko/src/Core/Types/PrimitiveType.cs:line 141
   at Reko.Core.Expressions.ExpressionTypeAscenderBase.PullDiffDataType(DataType dtLeft, DataType dtRight, Domain sign) in /home/runner/work/reko/reko/src/Core/Expressions/ExpressionTypeAscenderBase.cs:line 310
   at Reko.Core.Expressions.ExpressionTypeAscenderBase.VisitBinaryExpression(BinaryExpression binExp) in /home/runner/work/reko/reko/src/Core/Expressions/ExpressionTypeAscenderBase.cs:line 186
   at Reko.Core.Expressions.ExpressionTypeAscenderBase.VisitBinaryExpression(BinaryExpression binExp) in /home/runner/work/reko/reko/src/Core/Expressions/ExpressionTypeAscenderBase.cs:line 186
   at Reko.Typing.TypeCollector.VisitAssignment(Assignment ass) in /home/runner/work/reko/reko/src/Decompiler/Typing/TypeCollector.cs:line 194
   at Reko.Typing.TypeCollector.CollectTypes() in /home/runner/work/reko/reko/src/Decompiler/Typing/TypeCollector.cs:line 74
00411099: error: An error occurred while processing the statement v6506_13296 = Mem13293[ecx_380 + 0<32>:word32] - eax_13280 - CONVERT(v6505_13292 <u 0<8>, bool, word32).
    Specified argument was out of the range of valid values. (Parameter 'bitSize')
       at Reko.Core.Types.PrimitiveType.CreateWord(Int32 bitSize) in /home/runner/work/reko/reko/src/Core/Types/PrimitiveType.cs:line 141
   at Reko.Core.Expressions.ExpressionTypeAscenderBase.VisitBinaryExpression(BinaryExpression binExp) in /home/runner/work/reko/reko/src/Core/Expressions/ExpressionTypeAscenderBase.cs:line 186
   at Reko.Core.Expressions.ExpressionTypeAscenderBase.VisitBinaryExpression(BinaryExpression binExp) in /home/runner/work/reko/reko/src/Core/Expressions/ExpressionTypeAscenderBase.cs:line 186
   at Reko.Typing.TypeCollector.VisitAssignment(Assignment ass) in /home/runner/work/reko/reko/src/Decompiler/Typing/TypeCollector.cs:line 194
   at Reko.Typing.TypeCollector.CollectTypes() in /home/runner/work/reko/reko/src/Decompiler/Typing/TypeCollector.cs:line 74
0041109D: error: An error occurred while processing the statement v6508_13303 = Mem13300[ecx_380 + 0<32>:word32] - eax_13280 - CONVERT(v6507_13299 <u 0<8>, bool, word32).
    Specified argument was out of the range of valid values. (Parameter 'bitSize')
       at Reko.Core.Types.PrimitiveType.CreateWord(Int32 bitSize) in /home/runner/work/reko/reko/src/Core/Types/PrimitiveType.cs:line 141
   at Reko.Core.Expressions.ExpressionTypeAscenderBase.VisitBinaryExpression(BinaryExpression binExp) in /home/runner/work/reko/reko/src/Core/Expressions/ExpressionTypeAscenderBase.cs:line 186
   at Reko.Core.Expressions.ExpressionTypeAscenderBase.VisitBinaryExpression(BinaryExpression binExp) in /home/runner/work/reko/reko/src/Core/Expressions/ExpressionTypeAscenderBase.cs:line 186
   at Reko.Typing.TypeCollector.VisitAssignment(Assignment ass) in /home/runner/work/reko/reko/src/Decompiler/Typing/TypeCollector.cs:line 194
   at Reko.Typing.TypeCollector.CollectTypes() in /home/runner/work/reko/reko/src/Decompiler/Typing/TypeCollector.cs:line 74
004110A5: error: An error occurred while processing the statement v6511_13317 = Mem13312[ecx_380 + 0<32>:word32] - eax_13280 - CONVERT(v6510_13311 <u 0<32>, bool, word32).
    Specified argument was out of the range of valid values. (Parameter 'bitSize')
       at Reko.Core.Types.PrimitiveType.CreateWord(Int32 bitSize) in /home/runner/work/reko/reko/src/Core/Types/PrimitiveType.cs:line 141
   at Reko.Core.Expressions.ExpressionTypeAscenderBase.VisitBinaryExpression(BinaryExpression binExp) in /home/runner/work/reko/reko/src/Core/Expressions/ExpressionTypeAscenderBase.cs:line 186
   at Reko.Core.Expressions.ExpressionTypeAscenderBase.VisitBinaryExpression(BinaryExpression binExp) in /home/runner/work/reko/reko/src/Core/Expressions/ExpressionTypeAscenderBase.cs:line 186
   at Reko.Typing.TypeCollector.VisitAssignment(Assignment ass) in /home/runner/work/reko/reko/src/Decompiler/Typing/TypeCollector.cs:line 194
   at Reko.Typing.TypeCollector.CollectTypes() in /home/runner/work/reko/reko/src/Decompiler/Typing/TypeCollector.cs:line 74
Win32CrtStartup: error: An error occurred while rewriting procedure to high-level language.
    Index was out of range. Must be non-negative and less than the size of the collection. (Parameter 'index')
       at System.Collections.Generic.List`1.get_Item(Int32 index)
   at Reko.Core.Block.get_ThenBlock() in /home/runner/work/reko/reko/src/Core/Block.cs:line 91
   at Reko.Structure.CompoundConditionCoalescer.MaybeCoalesce(Block block) in /home/runner/work/reko/reko/src/Decompiler/Structure/CompoundConditionCoalescer.cs:line 96
   at Reko.Structure.CompoundConditionCoalescer.Transform() in /home/runner/work/reko/reko/src/Decompiler/Structure/CompoundConditionCoalescer.cs:line 62
   at Reko.Structure.StructureAnalysis.Structure() in /home/runner/work/reko/reko/src/Decompiler/Structure/StructureAnalysis.cs:line 78
   at Reko.Decompiler.StructureProgram() in /home/runner/work/reko/reko/src/Decompiler/Decompiler.cs:line 551
fn0040D9B7: error: An error occurred while rewriting procedure to high-level language.
    Index was out of range. Must be non-negative and less than the size of the collection. (Parameter 'index')
       at System.Collections.Generic.List`1.get_Item(Int32 index)
   at Reko.Core.Block.get_ThenBlock() in /home/runner/work/reko/reko/src/Core/Block.cs:line 91
   at Reko.Structure.CompoundConditionCoalescer.MaybeCoalesce(Block block) in /home/runner/work/reko/reko/src/Decompiler/Structure/CompoundConditionCoalescer.cs:line 96
   at Reko.Structure.CompoundConditionCoalescer.Transform() in /home/runner/work/reko/reko/src/Decompiler/Structure/CompoundConditionCoalescer.cs:line 62
   at Reko.Structure.StructureAnalysis.Structure() in /home/runner/work/reko/reko/src/Decompiler/Structure/StructureAnalysis.cs:line 78
   at Reko.Decompiler.StructureProgram() in /home/runner/work/reko/reko/src/Decompiler/Decompiler.cs:line 551
