Using options:
00406193: error: INT service 002E is not supported by Windows.
00406757: error: INT service 0049 is not supported by Windows.
004069C8: warning: Procedure Win32CrtStartup previously had a return address of 4 bytes on the stack, but now seems to have a return address of 6 bytes on the stack.
004069C8: warning: Multiple different values of stack delta in procedure Win32CrtStartup when processing RET instruction; was 4 previously.
00407D10: warning: Procedure fn00407CBD previously had a return address of 4 bytes on the stack, but now seems to have a return address of 0 bytes on the stack.
00407D39: warning: Procedure fn00407CE3 previously had a return address of 0 bytes on the stack, but now seems to have a return address of 4 bytes on the stack.
0040789D: warning: Procedure fn00407852 previously had a return address of 0 bytes on the stack, but now seems to have a return address of 4 bytes on the stack.
00407D04: warning: Procedure fn00407CE3 previously had a return address of 0 bytes on the stack, but now seems to have a return address of 4 bytes on the stack.
0040784C: warning: Procedure fn00407B74 previously had a return address of 4 bytes on the stack, but now seems to have a return address of 0 bytes on the stack.
00407B1A: warning: Procedure fn00407B74 previously had a return address of 4 bytes on the stack, but now seems to have a return address of 0 bytes on the stack.
004079E9: warning: Procedure fn00407B74 previously had a return address of 4 bytes on the stack, but now seems to have a return address of 0 bytes on the stack.
00407942: warning: Procedure fn00407CBD previously had a return address of 4 bytes on the stack, but now seems to have a return address of 0 bytes on the stack.
00407B3B: warning: Procedure fn004076B2 previously had a return address of 0 bytes on the stack, but now seems to have a return address of 4 bytes on the stack.
00407750: warning: Procedure fn0040772A previously had a return address of 0 bytes on the stack, but now seems to have a return address of 6 bytes on the stack.
00407D0D: warning: Procedure fn00407CBD previously had a return address of 4 bytes on the stack, but now seems to have a return address of 0 bytes on the stack.
00407874: warning: Procedure fn00407CBD previously had a return address of 4 bytes on the stack, but now seems to have a return address of 0 bytes on the stack.
00407874: warning: Procedure fn00407CBD previously had a return address of 4 bytes on the stack, but now seems to have a return address of 0 bytes on the stack.
0040789D: warning: Procedure fn0040787E previously had a return address of 4 bytes on the stack, but now seems to have a return address of 0 bytes on the stack.
00407B67: warning: Procedure fn00407A5C previously had a return address of 0 bytes on the stack, but now seems to have a return address of 4 bytes on the stack.
00407B94: warning: Procedure fn00407B74 previously had a return address of 4 bytes on the stack, but now seems to have a return address of 0 bytes on the stack.
00407C46: warning: Procedure fn00407CBD previously had a return address of 4 bytes on the stack, but now seems to have a return address of 0 bytes on the stack.
00407B74: warning: Procedure fn00407B74 previously had a return address of 4 bytes on the stack, but now seems to have a return address of 0 bytes on the stack.
00407A51: warning: Procedure fn00407CBD previously had a return address of 4 bytes on the stack, but now seems to have a return address of 0 bytes on the stack.
00407CB8: warning: Procedure fn004077B0 previously had a return address of 4 bytes on the stack, but now seems to have a return address of 0 bytes on the stack.
00406A0C: warning: Call target address 63A3CDAC is invalid.
004076FF: error: An error occurred while processing instruction at address 004076FF.
    The given key was not present in the dictionary.
      at System.ThrowHelper.ThrowKeyNotFoundException () <0x41c690b0 + 0x0001f> in <filename unknown>:0 
  at System.Collections.Generic.Dictionary`2[TKey,TValue].get_Item (System.Collections.Generic.TKey key) <0x41a6dbb0 + 0x0004b> in <filename unknown>:0 
  at Reko.Analysis.ExpressionPropagator.GetStackDepthBeforeCall () <0x41c685e0 + 0x00073> in <filename unknown>:0 
  at Reko.Analysis.ExpressionPropagator.VisitCallInstruction (Reko.Core.Code.CallInstruction ci) <0x41c68270 + 0x0005f> in <filename unknown>:0 
  at Reko.Core.Code.CallInstruction.Accept[T] (InstructionVisitor`1 visitor) <0x41c5e160 + 0x00030> in <filename unknown>:0 
  at Reko.Analysis.TrashedRegisterFinder.RewriteBlock (Reko.Core.Block block) <0x41c657f0 + 0x001c0> in <filename unknown>:0 
0040771B: error: An error occurred while processing instruction at address 0040771B.
    The given key was not present in the dictionary.
      at System.ThrowHelper.ThrowKeyNotFoundException () <0x41c690b0 + 0x0001f> in <filename unknown>:0 
  at System.Collections.Generic.Dictionary`2[TKey,TValue].get_Item (System.Collections.Generic.TKey key) <0x41a6dbb0 + 0x0004b> in <filename unknown>:0 
  at Reko.Analysis.ExpressionPropagator.GetStackDepthBeforeCall () <0x41c685e0 + 0x00073> in <filename unknown>:0 
  at Reko.Analysis.ExpressionPropagator.VisitCallInstruction (Reko.Core.Code.CallInstruction ci) <0x41c68270 + 0x0005f> in <filename unknown>:0 
  at Reko.Core.Code.CallInstruction.Accept[T] (InstructionVisitor`1 visitor) <0x41c5e160 + 0x00030> in <filename unknown>:0 
  at Reko.Analysis.TrashedRegisterFinder.RewriteBlock (Reko.Core.Block block) <0x41c657f0 + 0x001c0> in <filename unknown>:0 
0040771D: error: An error occurred while processing instruction at address 0040771D.
    The given key was not present in the dictionary.
      at System.ThrowHelper.ThrowKeyNotFoundException () <0x41c690b0 + 0x0001f> in <filename unknown>:0 
  at System.Collections.Generic.Dictionary`2[TKey,TValue].get_Item (System.Collections.Generic.TKey key) <0x41a6dbb0 + 0x0004b> in <filename unknown>:0 
  at Reko.Analysis.ExpressionPropagator.GetStackDepthBeforeCall () <0x41c685e0 + 0x00073> in <filename unknown>:0 
  at Reko.Analysis.ExpressionPropagator.VisitCallInstruction (Reko.Core.Code.CallInstruction ci) <0x41c68270 + 0x0005f> in <filename unknown>:0 
  at Reko.Core.Code.CallInstruction.Accept[T] (InstructionVisitor`1 visitor) <0x41c5e160 + 0x00030> in <filename unknown>:0 
  at Reko.Analysis.TrashedRegisterFinder.RewriteBlock (Reko.Core.Block block) <0x41c657f0 + 0x001c0> in <filename unknown>:0 
00407743: error: An error occurred while processing instruction at address 00407743.
    The given key was not present in the dictionary.
      at System.ThrowHelper.ThrowKeyNotFoundException () <0x41c690b0 + 0x0001f> in <filename unknown>:0 
  at System.Collections.Generic.Dictionary`2[TKey,TValue].get_Item (System.Collections.Generic.TKey key) <0x41a6dbb0 + 0x0004b> in <filename unknown>:0 
  at Reko.Analysis.ExpressionPropagator.GetStackDepthBeforeCall () <0x41c685e0 + 0x00073> in <filename unknown>:0 
  at Reko.Analysis.ExpressionPropagator.VisitCallInstruction (Reko.Core.Code.CallInstruction ci) <0x41c68270 + 0x0005f> in <filename unknown>:0 
  at Reko.Core.Code.CallInstruction.Accept[T] (InstructionVisitor`1 visitor) <0x41c5e160 + 0x00030> in <filename unknown>:0 
  at Reko.Analysis.TrashedRegisterFinder.RewriteBlock (Reko.Core.Block block) <0x41c657f0 + 0x001c0> in <filename unknown>:0 
00407748: error: An error occurred while processing instruction at address 00407748.
    The given key was not present in the dictionary.
      at System.ThrowHelper.ThrowKeyNotFoundException () <0x41c690b0 + 0x0001f> in <filename unknown>:0 
  at System.Collections.Generic.Dictionary`2[TKey,TValue].get_Item (System.Collections.Generic.TKey key) <0x41a6dbb0 + 0x0004b> in <filename unknown>:0 
  at Reko.Analysis.ExpressionPropagator.GetStackDepthBeforeCall () <0x41c685e0 + 0x00073> in <filename unknown>:0 
  at Reko.Analysis.ExpressionPropagator.VisitCallInstruction (Reko.Core.Code.CallInstruction ci) <0x41c68270 + 0x0005f> in <filename unknown>:0 
  at Reko.Core.Code.CallInstruction.Accept[T] (InstructionVisitor`1 visitor) <0x41c5e160 + 0x00030> in <filename unknown>:0 
  at Reko.Analysis.TrashedRegisterFinder.RewriteBlock (Reko.Core.Block block) <0x41c657f0 + 0x001c0> in <filename unknown>:0 
0040789D: error: An error occurred while processing instruction at address 0040789D.
    The given key was not present in the dictionary.
      at System.ThrowHelper.ThrowKeyNotFoundException () <0x41c690b0 + 0x0001f> in <filename unknown>:0 
  at System.Collections.Generic.Dictionary`2[TKey,TValue].get_Item (System.Collections.Generic.TKey key) <0x41a6dbb0 + 0x0004b> in <filename unknown>:0 
  at Reko.Analysis.ExpressionPropagator.GetStackDepthBeforeCall () <0x41c685e0 + 0x00073> in <filename unknown>:0 
  at Reko.Analysis.ExpressionPropagator.VisitCallInstruction (Reko.Core.Code.CallInstruction ci) <0x41c68270 + 0x0005f> in <filename unknown>:0 
  at Reko.Core.Code.CallInstruction.Accept[T] (InstructionVisitor`1 visitor) <0x41c5e160 + 0x00030> in <filename unknown>:0 
  at Reko.Analysis.TrashedRegisterFinder.RewriteBlock (Reko.Core.Block block) <0x41c657f0 + 0x001c0> in <filename unknown>:0 
0040789D: error: An error occurred while processing instruction at address 0040789D.
    The given key was not present in the dictionary.
      at System.ThrowHelper.ThrowKeyNotFoundException () <0x41c690b0 + 0x0001f> in <filename unknown>:0 
  at System.Collections.Generic.Dictionary`2[TKey,TValue].get_Item (System.Collections.Generic.TKey key) <0x41a6dbb0 + 0x0004b> in <filename unknown>:0 
  at Reko.Analysis.ExpressionPropagator.GetStackDepthBeforeCall () <0x41c685e0 + 0x00073> in <filename unknown>:0 
  at Reko.Analysis.ExpressionPropagator.VisitCallInstruction (Reko.Core.Code.CallInstruction ci) <0x41c68270 + 0x0005f> in <filename unknown>:0 
  at Reko.Core.Code.CallInstruction.Accept[T] (InstructionVisitor`1 visitor) <0x41c5e160 + 0x00030> in <filename unknown>:0 
  at Reko.Analysis.TrashedRegisterFinder.RewriteBlock (Reko.Core.Block block) <0x41c657f0 + 0x001c0> in <filename unknown>:0 
004078C1: error: An error occurred while processing instruction at address 004078C1.
    The given key was not present in the dictionary.
      at System.ThrowHelper.ThrowKeyNotFoundException () <0x41c690b0 + 0x0001f> in <filename unknown>:0 
  at System.Collections.Generic.Dictionary`2[TKey,TValue].get_Item (System.Collections.Generic.TKey key) <0x41a6dbb0 + 0x0004b> in <filename unknown>:0 
  at Reko.Analysis.ExpressionPropagator.GetStackDepthBeforeCall () <0x41c685e0 + 0x00073> in <filename unknown>:0 
  at Reko.Analysis.ExpressionPropagator.VisitCallInstruction (Reko.Core.Code.CallInstruction ci) <0x41c68270 + 0x0005f> in <filename unknown>:0 
  at Reko.Core.Code.CallInstruction.Accept[T] (InstructionVisitor`1 visitor) <0x41c5e160 + 0x00030> in <filename unknown>:0 
  at Reko.Analysis.TrashedRegisterFinder.RewriteBlock (Reko.Core.Block block) <0x41c657f0 + 0x001c0> in <filename unknown>:0 
004079BD: error: An error occurred while processing instruction at address 004079BD.
    The given key was not present in the dictionary.
      at System.ThrowHelper.ThrowKeyNotFoundException () <0x41c690b0 + 0x0001f> in <filename unknown>:0 
  at System.Collections.Generic.Dictionary`2[TKey,TValue].get_Item (System.Collections.Generic.TKey key) <0x41a6dbb0 + 0x0004b> in <filename unknown>:0 
  at Reko.Analysis.ExpressionPropagator.GetStackDepthBeforeCall () <0x41c685e0 + 0x00073> in <filename unknown>:0 
  at Reko.Analysis.ExpressionPropagator.VisitCallInstruction (Reko.Core.Code.CallInstruction ci) <0x41c68270 + 0x0005f> in <filename unknown>:0 
  at Reko.Core.Code.CallInstruction.Accept[T] (InstructionVisitor`1 visitor) <0x41c5e160 + 0x00030> in <filename unknown>:0 
  at Reko.Analysis.TrashedRegisterFinder.RewriteBlock (Reko.Core.Block block) <0x41c657f0 + 0x001c0> in <filename unknown>:0 
00407A99: error: An error occurred while processing instruction at address 00407A99.
    The given key was not present in the dictionary.
      at System.ThrowHelper.ThrowKeyNotFoundException () <0x41c690b0 + 0x0001f> in <filename unknown>:0 
  at System.Collections.Generic.Dictionary`2[TKey,TValue].get_Item (System.Collections.Generic.TKey key) <0x41a6dbb0 + 0x0004b> in <filename unknown>:0 
  at Reko.Analysis.ExpressionPropagator.GetStackDepthBeforeCall () <0x41c685e0 + 0x00073> in <filename unknown>:0 
  at Reko.Analysis.ExpressionPropagator.VisitCallInstruction (Reko.Core.Code.CallInstruction ci) <0x41c68270 + 0x0005f> in <filename unknown>:0 
  at Reko.Core.Code.CallInstruction.Accept[T] (InstructionVisitor`1 visitor) <0x41c5e160 + 0x00030> in <filename unknown>:0 
  at Reko.Analysis.TrashedRegisterFinder.RewriteBlock (Reko.Core.Block block) <0x41c657f0 + 0x001c0> in <filename unknown>:0 
00407B94: error: An error occurred while processing instruction at address 00407B94.
    The given key was not present in the dictionary.
      at System.ThrowHelper.ThrowKeyNotFoundException () <0x41c690b0 + 0x0001f> in <filename unknown>:0 
  at System.Collections.Generic.Dictionary`2[TKey,TValue].get_Item (System.Collections.Generic.TKey key) <0x41a6dbb0 + 0x0004b> in <filename unknown>:0 
  at Reko.Analysis.ExpressionPropagator.GetStackDepthBeforeCall () <0x41c685e0 + 0x00073> in <filename unknown>:0 
  at Reko.Analysis.ExpressionPropagator.VisitCallInstruction (Reko.Core.Code.CallInstruction ci) <0x41c68270 + 0x0005f> in <filename unknown>:0 
  at Reko.Core.Code.CallInstruction.Accept[T] (InstructionVisitor`1 visitor) <0x41c5e160 + 0x00030> in <filename unknown>:0 
  at Reko.Analysis.TrashedRegisterFinder.RewriteBlock (Reko.Core.Block block) <0x41c657f0 + 0x001c0> in <filename unknown>:0 
00407C46: error: An error occurred while processing instruction at address 00407C46.
    The given key was not present in the dictionary.
      at System.ThrowHelper.ThrowKeyNotFoundException () <0x41c690b0 + 0x0001f> in <filename unknown>:0 
  at System.Collections.Generic.Dictionary`2[TKey,TValue].get_Item (System.Collections.Generic.TKey key) <0x41a6dbb0 + 0x0004b> in <filename unknown>:0 
  at Reko.Analysis.ExpressionPropagator.GetStackDepthBeforeCall () <0x41c685e0 + 0x00073> in <filename unknown>:0 
  at Reko.Analysis.ExpressionPropagator.VisitCallInstruction (Reko.Core.Code.CallInstruction ci) <0x41c68270 + 0x0005f> in <filename unknown>:0 
  at Reko.Core.Code.CallInstruction.Accept[T] (InstructionVisitor`1 visitor) <0x41c5e160 + 0x00030> in <filename unknown>:0 
  at Reko.Analysis.TrashedRegisterFinder.RewriteBlock (Reko.Core.Block block) <0x41c657f0 + 0x001c0> in <filename unknown>:0 
00407D0B: error: An error occurred while processing instruction at address 00407D0B.
    The given key was not present in the dictionary.
      at System.ThrowHelper.ThrowKeyNotFoundException () <0x41c690b0 + 0x0001f> in <filename unknown>:0 
  at System.Collections.Generic.Dictionary`2[TKey,TValue].get_Item (System.Collections.Generic.TKey key) <0x41a6dbb0 + 0x0004b> in <filename unknown>:0 
  at Reko.Analysis.ExpressionPropagator.GetStackDepthBeforeCall () <0x41c685e0 + 0x00073> in <filename unknown>:0 
  at Reko.Analysis.ExpressionPropagator.VisitCallInstruction (Reko.Core.Code.CallInstruction ci) <0x41c68270 + 0x0005f> in <filename unknown>:0 
  at Reko.Core.Code.CallInstruction.Accept[T] (InstructionVisitor`1 visitor) <0x41c5e160 + 0x00030> in <filename unknown>:0 
  at Reko.Analysis.TrashedRegisterFinder.RewriteBlock (Reko.Core.Block block) <0x41c657f0 + 0x001c0> in <filename unknown>:0 
00407D10: error: An error occurred while processing instruction at address 00407D10.
    The given key was not present in the dictionary.
      at System.ThrowHelper.ThrowKeyNotFoundException () <0x41c690b0 + 0x0001f> in <filename unknown>:0 
  at System.Collections.Generic.Dictionary`2[TKey,TValue].get_Item (System.Collections.Generic.TKey key) <0x41a6dbb0 + 0x0004b> in <filename unknown>:0 
  at Reko.Analysis.ExpressionPropagator.GetStackDepthBeforeCall () <0x41c685e0 + 0x00073> in <filename unknown>:0 
  at Reko.Analysis.ExpressionPropagator.VisitCallInstruction (Reko.Core.Code.CallInstruction ci) <0x41c68270 + 0x0005f> in <filename unknown>:0 
  at Reko.Core.Code.CallInstruction.Accept[T] (InstructionVisitor`1 visitor) <0x41c5e160 + 0x00030> in <filename unknown>:0 
  at Reko.Analysis.TrashedRegisterFinder.RewriteBlock (Reko.Core.Block block) <0x41c657f0 + 0x001c0> in <filename unknown>:0 
Win32CrtStartup: error: An error occurred during data flow analysis.
    Offset must be non-negative.
Parameter name: bitOffset
      at Reko.Core.Expressions.Slice..ctor (Reko.Core.Types.DataType dt, Reko.Core.Expressions.Expression i, Int32 bitOffset) <0x41c62dd0 + 0x0019b> in <filename unknown>:0 
  at Reko.Analysis.Aliases.CreateAliasInstruction (Reko.Core.Expressions.Identifier varFrom, Reko.Core.Expressions.Identifier varTo) <0x41c7ea20 + 0x0038f> in <filename unknown>:0 
  at Reko.Analysis.Aliases.Def (Reko.Core.Expressions.Identifier idar) <0x41c7e8b0 + 0x000db> in <filename unknown>:0 
  at Reko.Analysis.Aliases.VisitAssignment (Reko.Core.Code.Assignment ass) <0x41c7e850 + 0x00023> in <filename unknown>:0 
  at Reko.Core.Code.Assignment.Accept (InstructionVisitor v) <0x41c4b700 + 0x00027> in <filename unknown>:0 
  at Reko.Analysis.Aliases.Transform () <0x41c7df10 + 0x0010c> in <filename unknown>:0 
  at Reko.Analysis.DataFlowAnalysis.BuildSsaTransform (Reko.Core.Procedure proc) <0x41c79920 + 0x000ef> in <filename unknown>:0 
  at Reko.Analysis.DataFlowAnalysis.BuildExpressionTrees () <0x41c78b80 + 0x00203> in <filename unknown>:0 
fn00407649: error: An error occurred during data flow analysis.
    The given key was not present in the dictionary.
      at System.ThrowHelper.ThrowKeyNotFoundException () <0x41c690b0 + 0x0001f> in <filename unknown>:0 
  at System.Collections.Generic.Dictionary`2[TKey,TValue].get_Item (System.Collections.Generic.TKey key) <0x41a6dbb0 + 0x0004b> in <filename unknown>:0 
  at Reko.Analysis.SsaIdentifierCollection.get_Item (Reko.Core.Expressions.Identifier id) <0x41c887b0 + 0x00023> in <filename unknown>:0 
  at Reko.Analysis.DeadCode.VisitIdentifier (Reko.Core.Expressions.Identifier id) <0x41c8e8e0 + 0x0002f> in <filename unknown>:0 
  at Reko.Core.Expressions.Identifier.Accept (IExpressionVisitor v) <0x41c4b800 + 0x00027> in <filename unknown>:0 
  at Reko.Core.Code.InstructionVisitorBase.VisitApplication (Reko.Core.Expressions.Application appl) <0x41c58890 + 0x0005f> in <filename unknown>:0 
  at Reko.Core.Expressions.Application.Accept (IExpressionVisitor v) <0x41c4ce60 + 0x00027> in <filename unknown>:0 
  at Reko.Analysis.DeadCode.VisitAssignment (Reko.Core.Code.Assignment a) <0x41c8e9f0 + 0x00025> in <filename unknown>:0 
  at Reko.Core.Code.Assignment.Accept (InstructionVisitor v) <0x41c4b700 + 0x00027> in <filename unknown>:0 
  at Reko.Analysis.DeadCode.Eliminate () <0x41c8e2d0 + 0x00188> in <filename unknown>:0 
  at Reko.Analysis.DeadCode.Eliminate (Reko.Core.Procedure proc, Reko.Analysis.SsaState ssa) <0x41c8e110 + 0x00047> in <filename unknown>:0 
  at Reko.Analysis.DataFlowAnalysis.BuildExpressionTrees () <0x41c78b80 + 0x004b7> in <filename unknown>:0 
fn004076B2: error: An error occurred during data flow analysis.
    The given key was not present in the dictionary.
      at System.ThrowHelper.ThrowKeyNotFoundException () <0x41c690b0 + 0x0001f> in <filename unknown>:0 
  at System.Collections.Generic.Dictionary`2[TKey,TValue].get_Item (System.Collections.Generic.TKey key) <0x41a6dbb0 + 0x0004b> in <filename unknown>:0 
  at Reko.Analysis.SsaIdentifierCollection.get_Item (Reko.Core.Expressions.Identifier id) <0x41c887b0 + 0x00023> in <filename unknown>:0 
  at Reko.Analysis.DeadCode.VisitIdentifier (Reko.Core.Expressions.Identifier id) <0x41c8e8e0 + 0x0002f> in <filename unknown>:0 
  at Reko.Core.Expressions.Identifier.Accept (IExpressionVisitor v) <0x41c4b800 + 0x00027> in <filename unknown>:0 
  at Reko.Core.Code.InstructionVisitorBase.VisitApplication (Reko.Core.Expressions.Application appl) <0x41c58890 + 0x0005f> in <filename unknown>:0 
  at Reko.Core.Expressions.Application.Accept (IExpressionVisitor v) <0x41c4ce60 + 0x00027> in <filename unknown>:0 
  at Reko.Analysis.DeadCode.VisitAssignment (Reko.Core.Code.Assignment a) <0x41c8e9f0 + 0x00025> in <filename unknown>:0 
  at Reko.Core.Code.Assignment.Accept (InstructionVisitor v) <0x41c4b700 + 0x00027> in <filename unknown>:0 
  at Reko.Analysis.DeadCode.Eliminate () <0x41c8e2d0 + 0x00188> in <filename unknown>:0 
  at Reko.Analysis.DeadCode.Eliminate (Reko.Core.Procedure proc, Reko.Analysis.SsaState ssa) <0x41c8e110 + 0x00047> in <filename unknown>:0 
  at Reko.Analysis.DataFlowAnalysis.BuildExpressionTrees () <0x41c78b80 + 0x004b7> in <filename unknown>:0 
fn004076F6: error: An error occurred during data flow analysis.
    Index was outside the bounds of the array.
      at Reko.Analysis.SsaTransform+LocateDefinedVariables.MarkDefined (Reko.Core.Expressions.Identifier eDef) <0x41c84990 + 0x00092> in <filename unknown>:0 
  at Reko.Analysis.SsaTransform+LocateDefinedVariables.VisitAssignment (Reko.Core.Code.Assignment ass) <0x41c84930 + 0x00023> in <filename unknown>:0 
  at Reko.Core.Code.Assignment.Accept (InstructionVisitor v) <0x41c4b700 + 0x00027> in <filename unknown>:0 
  at Reko.Analysis.SsaTransform+LocateDefinedVariables.LocateDefs (Reko.Core.Block b) <0x41c83970 + 0x000da> in <filename unknown>:0 
  at Reko.Analysis.SsaTransform.LocateAllDefinedVariables (System.Collections.Generic.Dictionary`2[] defOrig) <0x41c83160 + 0x000ab> in <filename unknown>:0 
  at Reko.Analysis.SsaTransform.PlacePhiFunctions () <0x41c82c20 + 0x000af> in <filename unknown>:0 
  at Reko.Analysis.SsaTransform.Transform () <0x41c82b80 + 0x0000f> in <filename unknown>:0 
  at Reko.Analysis.SsaTransform..ctor (Reko.Analysis.ProgramDataFlow programFlow, Reko.Core.Procedure proc, IImportResolver importResolver, Reko.Core.Lib.DominatorGraph`1 gr, System.Collections.Generic.HashSet`1 implicitRegs) <0x41c825d0 + 0x001ab> in <filename unknown>:0 
  at Reko.Analysis.DataFlowAnalysis.BuildSsaTransform (Reko.Core.Procedure proc) <0x41c79920 + 0x001af> in <filename unknown>:0 
  at Reko.Analysis.DataFlowAnalysis.BuildExpressionTrees () <0x41c78b80 + 0x00203> in <filename unknown>:0 
fn004076FE: error: An error occurred during data flow analysis.
    The given key was not present in the dictionary.
      at System.ThrowHelper.ThrowKeyNotFoundException () <0x41c690b0 + 0x0001f> in <filename unknown>:0 
  at System.Collections.Generic.Dictionary`2[TKey,TValue].get_Item (System.Collections.Generic.TKey key) <0x41a6dbb0 + 0x0004b> in <filename unknown>:0 
  at Reko.Analysis.SsaIdentifierCollection.get_Item (Reko.Core.Expressions.Identifier id) <0x41c887b0 + 0x00023> in <filename unknown>:0 
  at Reko.Analysis.DeadCode.VisitIdentifier (Reko.Core.Expressions.Identifier id) <0x41c8e8e0 + 0x0002f> in <filename unknown>:0 
  at Reko.Core.Expressions.Identifier.Accept (IExpressionVisitor v) <0x41c4b800 + 0x00027> in <filename unknown>:0 
  at Reko.Core.Code.InstructionVisitorBase.VisitOutArgument (Reko.Core.Expressions.OutArgument outArg) <0x41c7f7b0 + 0x00025> in <filename unknown>:0 
  at Reko.Core.Expressions.OutArgument.Accept (IExpressionVisitor visitor) <0x41c7f770 + 0x00027> in <filename unknown>:0 
  at Reko.Core.Code.InstructionVisitorBase.VisitApplication (Reko.Core.Expressions.Application appl) <0x41c58890 + 0x0005f> in <filename unknown>:0 
  at Reko.Core.Expressions.Application.Accept (IExpressionVisitor v) <0x41c4ce60 + 0x00027> in <filename unknown>:0 
  at Reko.Analysis.DeadCode.VisitAssignment (Reko.Core.Code.Assignment a) <0x41c8e9f0 + 0x00025> in <filename unknown>:0 
  at Reko.Core.Code.Assignment.Accept (InstructionVisitor v) <0x41c4b700 + 0x00027> in <filename unknown>:0 
  at Reko.Analysis.DeadCode.Eliminate () <0x41c8e2d0 + 0x00188> in <filename unknown>:0 
  at Reko.Analysis.DeadCode.Eliminate (Reko.Core.Procedure proc, Reko.Analysis.SsaState ssa) <0x41c8e110 + 0x00047> in <filename unknown>:0 
  at Reko.Analysis.DataFlowAnalysis.BuildExpressionTrees () <0x41c78b80 + 0x004b7> in <filename unknown>:0 
fn00407708: error: An error occurred during data flow analysis.
    The given key was not present in the dictionary.
      at System.ThrowHelper.ThrowKeyNotFoundException () <0x41c690b0 + 0x0001f> in <filename unknown>:0 
  at System.Collections.Generic.Dictionary`2[TKey,TValue].get_Item (System.Collections.Generic.TKey key) <0x41a6dbb0 + 0x0004b> in <filename unknown>:0 
  at Reko.Analysis.SsaIdentifierCollection.get_Item (Reko.Core.Expressions.Identifier id) <0x41c887b0 + 0x00023> in <filename unknown>:0 
  at Reko.Analysis.DeadCode.VisitIdentifier (Reko.Core.Expressions.Identifier id) <0x41c8e8e0 + 0x0002f> in <filename unknown>:0 
  at Reko.Core.Expressions.Identifier.Accept (IExpressionVisitor v) <0x41c4b800 + 0x00027> in <filename unknown>:0 
  at Reko.Core.Code.InstructionVisitorBase.VisitApplication (Reko.Core.Expressions.Application appl) <0x41c58890 + 0x0005f> in <filename unknown>:0 
  at Reko.Core.Expressions.Application.Accept (IExpressionVisitor v) <0x41c4ce60 + 0x00027> in <filename unknown>:0 
  at Reko.Analysis.DeadCode.VisitAssignment (Reko.Core.Code.Assignment a) <0x41c8e9f0 + 0x00025> in <filename unknown>:0 
  at Reko.Core.Code.Assignment.Accept (InstructionVisitor v) <0x41c4b700 + 0x00027> in <filename unknown>:0 
  at Reko.Analysis.DeadCode.Eliminate () <0x41c8e2d0 + 0x00188> in <filename unknown>:0 
  at Reko.Analysis.DeadCode.Eliminate (Reko.Core.Procedure proc, Reko.Analysis.SsaState ssa) <0x41c8e110 + 0x00047> in <filename unknown>:0 
  at Reko.Analysis.DataFlowAnalysis.BuildExpressionTrees () <0x41c78b80 + 0x004b7> in <filename unknown>:0 
fn0040770E: error: An error occurred during data flow analysis.
    Index was outside the bounds of the array.
      at Reko.Analysis.SsaTransform+LocateDefinedVariables.VisitIdentifier (Reko.Core.Expressions.Identifier id) <0x41c83b10 + 0x00042> in <filename unknown>:0 
  at Reko.Core.Expressions.Identifier.Accept (IExpressionVisitor v) <0x41c4b800 + 0x00027> in <filename unknown>:0 
  at Reko.Core.Code.InstructionVisitorBase.VisitReturnInstruction (Reko.Core.Code.ReturnInstruction ret) <0x41c584d0 + 0x00032> in <filename unknown>:0 
  at Reko.Core.Code.ReturnInstruction.Accept (InstructionVisitor v) <0x41c4dbc0 + 0x00027> in <filename unknown>:0 
  at Reko.Analysis.SsaTransform+LocateDefinedVariables.LocateDefs (Reko.Core.Block b) <0x41c83970 + 0x000da> in <filename unknown>:0 
  at Reko.Analysis.SsaTransform.LocateAllDefinedVariables (System.Collections.Generic.Dictionary`2[] defOrig) <0x41c83160 + 0x000ab> in <filename unknown>:0 
  at Reko.Analysis.SsaTransform.PlacePhiFunctions () <0x41c82c20 + 0x000af> in <filename unknown>:0 
  at Reko.Analysis.SsaTransform.Transform () <0x41c82b80 + 0x0000f> in <filename unknown>:0 
  at Reko.Analysis.SsaTransform..ctor (Reko.Analysis.ProgramDataFlow programFlow, Reko.Core.Procedure proc, IImportResolver importResolver, Reko.Core.Lib.DominatorGraph`1 gr, System.Collections.Generic.HashSet`1 implicitRegs) <0x41c825d0 + 0x001ab> in <filename unknown>:0 
  at Reko.Analysis.DataFlowAnalysis.BuildSsaTransform (Reko.Core.Procedure proc) <0x41c79920 + 0x001af> in <filename unknown>:0 
  at Reko.Analysis.DataFlowAnalysis.BuildExpressionTrees () <0x41c78b80 + 0x00203> in <filename unknown>:0 
fn0040772A: error: An error occurred during data flow analysis.
    The given key was not present in the dictionary.
      at System.ThrowHelper.ThrowKeyNotFoundException () <0x41c690b0 + 0x0001f> in <filename unknown>:0 
  at System.Collections.Generic.Dictionary`2[TKey,TValue].get_Item (System.Collections.Generic.TKey key) <0x41a6dbb0 + 0x0004b> in <filename unknown>:0 
  at Reko.Analysis.SsaIdentifierCollection.get_Item (Reko.Core.Expressions.Identifier id) <0x41c887b0 + 0x00023> in <filename unknown>:0 
  at Reko.Analysis.DeadCode.VisitIdentifier (Reko.Core.Expressions.Identifier id) <0x41c8e8e0 + 0x0002f> in <filename unknown>:0 
  at Reko.Core.Expressions.Identifier.Accept (IExpressionVisitor v) <0x41c4b800 + 0x00027> in <filename unknown>:0 
  at Reko.Core.Code.InstructionVisitorBase.VisitApplication (Reko.Core.Expressions.Application appl) <0x41c58890 + 0x0005f> in <filename unknown>:0 
  at Reko.Core.Expressions.Application.Accept (IExpressionVisitor v) <0x41c4ce60 + 0x00027> in <filename unknown>:0 
  at Reko.Analysis.DeadCode.VisitAssignment (Reko.Core.Code.Assignment a) <0x41c8e9f0 + 0x00025> in <filename unknown>:0 
  at Reko.Core.Code.Assignment.Accept (InstructionVisitor v) <0x41c4b700 + 0x00027> in <filename unknown>:0 
  at Reko.Analysis.DeadCode.Eliminate () <0x41c8e2d0 + 0x00188> in <filename unknown>:0 
  at Reko.Analysis.DeadCode.Eliminate (Reko.Core.Procedure proc, Reko.Analysis.SsaState ssa) <0x41c8e110 + 0x00047> in <filename unknown>:0 
  at Reko.Analysis.DataFlowAnalysis.BuildExpressionTrees () <0x41c78b80 + 0x004b7> in <filename unknown>:0 
fn0040772D: error: An error occurred during data flow analysis.
    The given key was not present in the dictionary.
      at System.ThrowHelper.ThrowKeyNotFoundException () <0x41c690b0 + 0x0001f> in <filename unknown>:0 
  at System.Collections.Generic.Dictionary`2[TKey,TValue].get_Item (System.Collections.Generic.TKey key) <0x41a6dbb0 + 0x0004b> in <filename unknown>:0 
  at Reko.Analysis.SsaIdentifierCollection.get_Item (Reko.Core.Expressions.Identifier id) <0x41c887b0 + 0x00023> in <filename unknown>:0 
  at Reko.Analysis.DeadCode.VisitIdentifier (Reko.Core.Expressions.Identifier id) <0x41c8e8e0 + 0x0002f> in <filename unknown>:0 
  at Reko.Core.Expressions.Identifier.Accept (IExpressionVisitor v) <0x41c4b800 + 0x00027> in <filename unknown>:0 
  at Reko.Core.Code.InstructionVisitorBase.VisitApplication (Reko.Core.Expressions.Application appl) <0x41c58890 + 0x0005f> in <filename unknown>:0 
  at Reko.Core.Expressions.Application.Accept (IExpressionVisitor v) <0x41c4ce60 + 0x00027> in <filename unknown>:0 
  at Reko.Analysis.DeadCode.VisitAssignment (Reko.Core.Code.Assignment a) <0x41c8e9f0 + 0x00025> in <filename unknown>:0 
  at Reko.Core.Code.Assignment.Accept (InstructionVisitor v) <0x41c4b700 + 0x00027> in <filename unknown>:0 
  at Reko.Analysis.DeadCode.Eliminate () <0x41c8e2d0 + 0x00188> in <filename unknown>:0 
  at Reko.Analysis.DeadCode.Eliminate (Reko.Core.Procedure proc, Reko.Analysis.SsaState ssa) <0x41c8e110 + 0x00047> in <filename unknown>:0 
  at Reko.Analysis.DataFlowAnalysis.BuildExpressionTrees () <0x41c78b80 + 0x004b7> in <filename unknown>:0 
fn0040774E: error: An error occurred during data flow analysis.
    Index was outside the bounds of the array.
      at Reko.Analysis.SsaTransform+LocateDefinedVariables.VisitIdentifier (Reko.Core.Expressions.Identifier id) <0x41c83b10 + 0x00042> in <filename unknown>:0 
  at Reko.Core.Expressions.Identifier.Accept (IExpressionVisitor v) <0x41c4b800 + 0x00027> in <filename unknown>:0 
  at Reko.Core.Code.InstructionVisitorBase.VisitTestCondition (Reko.Core.Expressions.TestCondition tc) <0x41c58990 + 0x00025> in <filename unknown>:0 
  at Reko.Core.Expressions.TestCondition.Accept (IExpressionVisitor visitor) <0x41c4d520 + 0x00027> in <filename unknown>:0 
  at Reko.Core.Code.InstructionVisitorBase.VisitBranch (Reko.Core.Code.Branch b) <0x41c58960 + 0x00025> in <filename unknown>:0 
  at Reko.Core.Code.Branch.Accept (InstructionVisitor v) <0x41c4d3e0 + 0x00027> in <filename unknown>:0 
  at Reko.Analysis.SsaTransform+LocateDefinedVariables.LocateDefs (Reko.Core.Block b) <0x41c83970 + 0x000da> in <filename unknown>:0 
  at Reko.Analysis.SsaTransform.LocateAllDefinedVariables (System.Collections.Generic.Dictionary`2[] defOrig) <0x41c83160 + 0x000ab> in <filename unknown>:0 
  at Reko.Analysis.SsaTransform.PlacePhiFunctions () <0x41c82c20 + 0x000af> in <filename unknown>:0 
  at Reko.Analysis.SsaTransform.Transform () <0x41c82b80 + 0x0000f> in <filename unknown>:0 
  at Reko.Analysis.SsaTransform..ctor (Reko.Analysis.ProgramDataFlow programFlow, Reko.Core.Procedure proc, IImportResolver importResolver, Reko.Core.Lib.DominatorGraph`1 gr, System.Collections.Generic.HashSet`1 implicitRegs) <0x41c825d0 + 0x001ab> in <filename unknown>:0 
  at Reko.Analysis.DataFlowAnalysis.BuildSsaTransform (Reko.Core.Procedure proc) <0x41c79920 + 0x001af> in <filename unknown>:0 
  at Reko.Analysis.DataFlowAnalysis.BuildExpressionTrees () <0x41c78b80 + 0x00203> in <filename unknown>:0 
fn00407772: error: An error occurred during data flow analysis.
    The given key was not present in the dictionary.
      at System.ThrowHelper.ThrowKeyNotFoundException () <0x41c690b0 + 0x0001f> in <filename unknown>:0 
  at System.Collections.Generic.Dictionary`2[TKey,TValue].get_Item (System.Collections.Generic.TKey key) <0x41a6dbb0 + 0x0004b> in <filename unknown>:0 
  at Reko.Analysis.SsaIdentifierCollection.get_Item (Reko.Core.Expressions.Identifier id) <0x41c887b0 + 0x00023> in <filename unknown>:0 
  at Reko.Analysis.DeadCode.VisitIdentifier (Reko.Core.Expressions.Identifier id) <0x41c8e8e0 + 0x0002f> in <filename unknown>:0 
  at Reko.Core.Expressions.Identifier.Accept (IExpressionVisitor v) <0x41c4b800 + 0x00027> in <filename unknown>:0 
  at Reko.Core.Code.InstructionVisitorBase.VisitApplication (Reko.Core.Expressions.Application appl) <0x41c58890 + 0x0005f> in <filename unknown>:0 
  at Reko.Core.Expressions.Application.Accept (IExpressionVisitor v) <0x41c4ce60 + 0x00027> in <filename unknown>:0 
  at Reko.Analysis.DeadCode.VisitAssignment (Reko.Core.Code.Assignment a) <0x41c8e9f0 + 0x00025> in <filename unknown>:0 
  at Reko.Core.Code.Assignment.Accept (InstructionVisitor v) <0x41c4b700 + 0x00027> in <filename unknown>:0 
  at Reko.Analysis.DeadCode.Eliminate () <0x41c8e2d0 + 0x00188> in <filename unknown>:0 
  at Reko.Analysis.DeadCode.Eliminate (Reko.Core.Procedure proc, Reko.Analysis.SsaState ssa) <0x41c8e110 + 0x00047> in <filename unknown>:0 
  at Reko.Analysis.DataFlowAnalysis.BuildExpressionTrees () <0x41c78b80 + 0x004b7> in <filename unknown>:0 
fn00407775: error: An error occurred during data flow analysis.
    Index was outside the bounds of the array.
      at Reko.Analysis.SsaTransform+LocateDefinedVariables.MarkDefined (Reko.Core.Expressions.Identifier eDef) <0x41c84990 + 0x00092> in <filename unknown>:0 
  at Reko.Analysis.SsaTransform+LocateDefinedVariables.VisitAssignment (Reko.Core.Code.Assignment ass) <0x41c84930 + 0x00023> in <filename unknown>:0 
  at Reko.Core.Code.Assignment.Accept (InstructionVisitor v) <0x41c4b700 + 0x00027> in <filename unknown>:0 
  at Reko.Analysis.SsaTransform+LocateDefinedVariables.LocateDefs (Reko.Core.Block b) <0x41c83970 + 0x000da> in <filename unknown>:0 
  at Reko.Analysis.SsaTransform.LocateAllDefinedVariables (System.Collections.Generic.Dictionary`2[] defOrig) <0x41c83160 + 0x000ab> in <filename unknown>:0 
  at Reko.Analysis.SsaTransform.PlacePhiFunctions () <0x41c82c20 + 0x000af> in <filename unknown>:0 
  at Reko.Analysis.SsaTransform.Transform () <0x41c82b80 + 0x0000f> in <filename unknown>:0 
  at Reko.Analysis.SsaTransform..ctor (Reko.Analysis.ProgramDataFlow programFlow, Reko.Core.Procedure proc, IImportResolver importResolver, Reko.Core.Lib.DominatorGraph`1 gr, System.Collections.Generic.HashSet`1 implicitRegs) <0x41c825d0 + 0x001ab> in <filename unknown>:0 
  at Reko.Analysis.DataFlowAnalysis.BuildSsaTransform (Reko.Core.Procedure proc) <0x41c79920 + 0x001af> in <filename unknown>:0 
  at Reko.Analysis.DataFlowAnalysis.BuildExpressionTrees () <0x41c78b80 + 0x00203> in <filename unknown>:0 
fn00407852: error: An error occurred during data flow analysis.
    Index was outside the bounds of the array.
      at Reko.Analysis.SsaTransform+LocateDefinedVariables.VisitIdentifier (Reko.Core.Expressions.Identifier id) <0x41c83b10 + 0x00042> in <filename unknown>:0 
  at Reko.Core.Expressions.Identifier.Accept (IExpressionVisitor v) <0x41c4b800 + 0x00027> in <filename unknown>:0 
  at Reko.Core.Code.InstructionVisitorBase.VisitTestCondition (Reko.Core.Expressions.TestCondition tc) <0x41c58990 + 0x00025> in <filename unknown>:0 
  at Reko.Core.Expressions.TestCondition.Accept (IExpressionVisitor visitor) <0x41c4d520 + 0x00027> in <filename unknown>:0 
  at Reko.Core.Code.InstructionVisitorBase.VisitBranch (Reko.Core.Code.Branch b) <0x41c58960 + 0x00025> in <filename unknown>:0 
  at Reko.Core.Code.Branch.Accept (InstructionVisitor v) <0x41c4d3e0 + 0x00027> in <filename unknown>:0 
  at Reko.Analysis.SsaTransform+LocateDefinedVariables.LocateDefs (Reko.Core.Block b) <0x41c83970 + 0x000da> in <filename unknown>:0 
  at Reko.Analysis.SsaTransform.LocateAllDefinedVariables (System.Collections.Generic.Dictionary`2[] defOrig) <0x41c83160 + 0x000ab> in <filename unknown>:0 
  at Reko.Analysis.SsaTransform.PlacePhiFunctions () <0x41c82c20 + 0x000af> in <filename unknown>:0 
  at Reko.Analysis.SsaTransform.Transform () <0x41c82b80 + 0x0000f> in <filename unknown>:0 
  at Reko.Analysis.SsaTransform..ctor (Reko.Analysis.ProgramDataFlow programFlow, Reko.Core.Procedure proc, IImportResolver importResolver, Reko.Core.Lib.DominatorGraph`1 gr, System.Collections.Generic.HashSet`1 implicitRegs) <0x41c825d0 + 0x001ab> in <filename unknown>:0 
  at Reko.Analysis.DataFlowAnalysis.BuildSsaTransform (Reko.Core.Procedure proc) <0x41c79920 + 0x001af> in <filename unknown>:0 
  at Reko.Analysis.DataFlowAnalysis.BuildExpressionTrees () <0x41c78b80 + 0x00203> in <filename unknown>:0 
fn0040787E: error: An error occurred during data flow analysis.
    The given key was not present in the dictionary.
      at System.ThrowHelper.ThrowKeyNotFoundException () <0x41c690b0 + 0x0001f> in <filename unknown>:0 
  at System.Collections.Generic.Dictionary`2[TKey,TValue].get_Item (System.Collections.Generic.TKey key) <0x41a6dbb0 + 0x0004b> in <filename unknown>:0 
  at Reko.Analysis.SsaIdentifierCollection.get_Item (Reko.Core.Expressions.Identifier id) <0x41c887b0 + 0x00023> in <filename unknown>:0 
  at Reko.Analysis.DeadCode.VisitIdentifier (Reko.Core.Expressions.Identifier id) <0x41c8e8e0 + 0x0002f> in <filename unknown>:0 
  at Reko.Core.Expressions.Identifier.Accept (IExpressionVisitor v) <0x41c4b800 + 0x00027> in <filename unknown>:0 
  at Reko.Core.Code.InstructionVisitorBase.VisitApplication (Reko.Core.Expressions.Application appl) <0x41c58890 + 0x0005f> in <filename unknown>:0 
  at Reko.Core.Expressions.Application.Accept (IExpressionVisitor v) <0x41c4ce60 + 0x00027> in <filename unknown>:0 
  at Reko.Analysis.DeadCode.VisitAssignment (Reko.Core.Code.Assignment a) <0x41c8e9f0 + 0x00025> in <filename unknown>:0 
  at Reko.Core.Code.Assignment.Accept (InstructionVisitor v) <0x41c4b700 + 0x00027> in <filename unknown>:0 
  at Reko.Analysis.DeadCode.Eliminate () <0x41c8e2d0 + 0x00188> in <filename unknown>:0 
  at Reko.Analysis.DeadCode.Eliminate (Reko.Core.Procedure proc, Reko.Analysis.SsaState ssa) <0x41c8e110 + 0x00047> in <filename unknown>:0 
  at Reko.Analysis.DataFlowAnalysis.BuildExpressionTrees () <0x41c78b80 + 0x004b7> in <filename unknown>:0 
fn004078A7: error: An error occurred during data flow analysis.
    The given key was not present in the dictionary.
      at System.ThrowHelper.ThrowKeyNotFoundException () <0x41c690b0 + 0x0001f> in <filename unknown>:0 
  at System.Collections.Generic.Dictionary`2[TKey,TValue].get_Item (System.Collections.Generic.TKey key) <0x41a6dbb0 + 0x0004b> in <filename unknown>:0 
  at Reko.Analysis.SsaIdentifierCollection.get_Item (Reko.Core.Expressions.Identifier id) <0x41c887b0 + 0x00023> in <filename unknown>:0 
  at Reko.Analysis.DeadCode.VisitIdentifier (Reko.Core.Expressions.Identifier id) <0x41c8e8e0 + 0x0002f> in <filename unknown>:0 
  at Reko.Core.Expressions.Identifier.Accept (IExpressionVisitor v) <0x41c4b800 + 0x00027> in <filename unknown>:0 
  at Reko.Core.Code.InstructionVisitorBase.VisitApplication (Reko.Core.Expressions.Application appl) <0x41c58890 + 0x0005f> in <filename unknown>:0 
  at Reko.Core.Expressions.Application.Accept (IExpressionVisitor v) <0x41c4ce60 + 0x00027> in <filename unknown>:0 
  at Reko.Analysis.DeadCode.VisitAssignment (Reko.Core.Code.Assignment a) <0x41c8e9f0 + 0x00025> in <filename unknown>:0 
  at Reko.Core.Code.Assignment.Accept (InstructionVisitor v) <0x41c4b700 + 0x00027> in <filename unknown>:0 
  at Reko.Analysis.DeadCode.Eliminate () <0x41c8e2d0 + 0x00188> in <filename unknown>:0 
  at Reko.Analysis.DeadCode.Eliminate (Reko.Core.Procedure proc, Reko.Analysis.SsaState ssa) <0x41c8e110 + 0x00047> in <filename unknown>:0 
  at Reko.Analysis.DataFlowAnalysis.BuildExpressionTrees () <0x41c78b80 + 0x004b7> in <filename unknown>:0 
fn00407943: error: An error occurred during data flow analysis.
    Offset must be non-negative.
Parameter name: bitOffset
      at Reko.Core.Expressions.Slice..ctor (Reko.Core.Types.DataType dt, Reko.Core.Expressions.Expression i, Int32 bitOffset) <0x41c62dd0 + 0x0019b> in <filename unknown>:0 
  at Reko.Analysis.Aliases.CreateAliasInstruction (Reko.Core.Expressions.Identifier varFrom, Reko.Core.Expressions.Identifier varTo) <0x41c7ea20 + 0x0038f> in <filename unknown>:0 
  at Reko.Analysis.Aliases.Def (Reko.Core.Expressions.Identifier idar) <0x41c7e8b0 + 0x000db> in <filename unknown>:0 
  at Reko.Analysis.Aliases.VisitAssignment (Reko.Core.Code.Assignment ass) <0x41c7e850 + 0x00023> in <filename unknown>:0 
  at Reko.Core.Code.Assignment.Accept (InstructionVisitor v) <0x41c4b700 + 0x00027> in <filename unknown>:0 
  at Reko.Analysis.Aliases.Transform () <0x41c7df10 + 0x0010c> in <filename unknown>:0 
  at Reko.Analysis.DataFlowAnalysis.BuildSsaTransform (Reko.Core.Procedure proc) <0x41c79920 + 0x000ef> in <filename unknown>:0 
  at Reko.Analysis.DataFlowAnalysis.BuildExpressionTrees () <0x41c78b80 + 0x00203> in <filename unknown>:0 
fn004079AA: error: An error occurred during data flow analysis.
    The given key was not present in the dictionary.
      at System.ThrowHelper.ThrowKeyNotFoundException () <0x41c690b0 + 0x0001f> in <filename unknown>:0 
  at System.Collections.Generic.Dictionary`2[TKey,TValue].get_Item (System.Collections.Generic.TKey key) <0x41a6dbb0 + 0x0004b> in <filename unknown>:0 
  at Reko.Analysis.SsaIdentifierCollection.get_Item (Reko.Core.Expressions.Identifier id) <0x41c887b0 + 0x00023> in <filename unknown>:0 
  at Reko.Analysis.DeadCode.VisitIdentifier (Reko.Core.Expressions.Identifier id) <0x41c8e8e0 + 0x0002f> in <filename unknown>:0 
  at Reko.Core.Expressions.Identifier.Accept (IExpressionVisitor v) <0x41c4b800 + 0x00027> in <filename unknown>:0 
  at Reko.Core.Code.InstructionVisitorBase.VisitOutArgument (Reko.Core.Expressions.OutArgument outArg) <0x41c7f7b0 + 0x00025> in <filename unknown>:0 
  at Reko.Core.Expressions.OutArgument.Accept (IExpressionVisitor visitor) <0x41c7f770 + 0x00027> in <filename unknown>:0 
  at Reko.Core.Code.InstructionVisitorBase.VisitApplication (Reko.Core.Expressions.Application appl) <0x41c58890 + 0x0005f> in <filename unknown>:0 
  at Reko.Core.Expressions.Application.Accept (IExpressionVisitor v) <0x41c4ce60 + 0x00027> in <filename unknown>:0 
  at Reko.Analysis.DeadCode.VisitAssignment (Reko.Core.Code.Assignment a) <0x41c8e9f0 + 0x00025> in <filename unknown>:0 
  at Reko.Core.Code.Assignment.Accept (InstructionVisitor v) <0x41c4b700 + 0x00027> in <filename unknown>:0 
  at Reko.Analysis.DeadCode.Eliminate () <0x41c8e2d0 + 0x00188> in <filename unknown>:0 
  at Reko.Analysis.DeadCode.Eliminate (Reko.Core.Procedure proc, Reko.Analysis.SsaState ssa) <0x41c8e110 + 0x00047> in <filename unknown>:0 
  at Reko.Analysis.DataFlowAnalysis.BuildExpressionTrees () <0x41c78b80 + 0x004b7> in <filename unknown>:0 
fn004079F7: error: An error occurred during data flow analysis.
    Offset must be non-negative.
Parameter name: bitOffset
      at Reko.Core.Expressions.Slice..ctor (Reko.Core.Types.DataType dt, Reko.Core.Expressions.Expression i, Int32 bitOffset) <0x41c62dd0 + 0x0019b> in <filename unknown>:0 
  at Reko.Analysis.Aliases.CreateAliasInstruction (Reko.Core.Expressions.Identifier varFrom, Reko.Core.Expressions.Identifier varTo) <0x41c7ea20 + 0x0038f> in <filename unknown>:0 
  at Reko.Analysis.Aliases.Def (Reko.Core.Expressions.Identifier idar) <0x41c7e8b0 + 0x000db> in <filename unknown>:0 
  at Reko.Analysis.Aliases.VisitAssignment (Reko.Core.Code.Assignment ass) <0x41c7e850 + 0x00023> in <filename unknown>:0 
  at Reko.Core.Code.Assignment.Accept (InstructionVisitor v) <0x41c4b700 + 0x00027> in <filename unknown>:0 
  at Reko.Analysis.Aliases.Transform () <0x41c7df10 + 0x0010c> in <filename unknown>:0 
  at Reko.Analysis.DataFlowAnalysis.BuildSsaTransform (Reko.Core.Procedure proc) <0x41c79920 + 0x000ef> in <filename unknown>:0 
  at Reko.Analysis.DataFlowAnalysis.BuildExpressionTrees () <0x41c78b80 + 0x00203> in <filename unknown>:0 
fn00407A7F: error: An error occurred during data flow analysis.
    The given key was not present in the dictionary.
      at System.ThrowHelper.ThrowKeyNotFoundException () <0x41c690b0 + 0x0001f> in <filename unknown>:0 
  at System.Collections.Generic.Dictionary`2[TKey,TValue].get_Item (System.Collections.Generic.TKey key) <0x41a6dbb0 + 0x0004b> in <filename unknown>:0 
  at Reko.Analysis.SsaIdentifierCollection.get_Item (Reko.Core.Expressions.Identifier id) <0x41c887b0 + 0x00023> in <filename unknown>:0 
  at Reko.Analysis.DeadCode.VisitIdentifier (Reko.Core.Expressions.Identifier id) <0x41c8e8e0 + 0x0002f> in <filename unknown>:0 
  at Reko.Core.Expressions.Identifier.Accept (IExpressionVisitor v) <0x41c4b800 + 0x00027> in <filename unknown>:0 
  at Reko.Core.Code.InstructionVisitorBase.VisitApplication (Reko.Core.Expressions.Application appl) <0x41c58890 + 0x0005f> in <filename unknown>:0 
  at Reko.Core.Expressions.Application.Accept (IExpressionVisitor v) <0x41c4ce60 + 0x00027> in <filename unknown>:0 
  at Reko.Analysis.DeadCode.VisitAssignment (Reko.Core.Code.Assignment a) <0x41c8e9f0 + 0x00025> in <filename unknown>:0 
  at Reko.Core.Code.Assignment.Accept (InstructionVisitor v) <0x41c4b700 + 0x00027> in <filename unknown>:0 
  at Reko.Analysis.DeadCode.Eliminate () <0x41c8e2d0 + 0x00188> in <filename unknown>:0 
  at Reko.Analysis.DeadCode.Eliminate (Reko.Core.Procedure proc, Reko.Analysis.SsaState ssa) <0x41c8e110 + 0x00047> in <filename unknown>:0 
  at Reko.Analysis.DataFlowAnalysis.BuildExpressionTrees () <0x41c78b80 + 0x004b7> in <filename unknown>:0 
fn00407B1C: error: An error occurred during data flow analysis.
    Index was outside the bounds of the array.
      at Reko.Analysis.SsaTransform+LocateDefinedVariables.VisitIdentifier (Reko.Core.Expressions.Identifier id) <0x41c83b10 + 0x00042> in <filename unknown>:0 
  at Reko.Core.Expressions.Identifier.Accept (IExpressionVisitor v) <0x41c4b800 + 0x00027> in <filename unknown>:0 
  at Reko.Core.Code.InstructionVisitorBase.VisitUseInstruction (Reko.Core.Code.UseInstruction u) <0x41c7f6e0 + 0x00025> in <filename unknown>:0 
  at Reko.Core.Code.UseInstruction.Accept (InstructionVisitor v) <0x41c7f640 + 0x0002a> in <filename unknown>:0 
  at Reko.Analysis.SsaTransform+LocateDefinedVariables.LocateDefs (Reko.Core.Block b) <0x41c83970 + 0x000da> in <filename unknown>:0 
  at Reko.Analysis.SsaTransform.LocateAllDefinedVariables (System.Collections.Generic.Dictionary`2[] defOrig) <0x41c83160 + 0x000ab> in <filename unknown>:0 
  at Reko.Analysis.SsaTransform.PlacePhiFunctions () <0x41c82c20 + 0x000af> in <filename unknown>:0 
  at Reko.Analysis.SsaTransform.Transform () <0x41c82b80 + 0x0000f> in <filename unknown>:0 
  at Reko.Analysis.SsaTransform..ctor (Reko.Analysis.ProgramDataFlow programFlow, Reko.Core.Procedure proc, IImportResolver importResolver, Reko.Core.Lib.DominatorGraph`1 gr, System.Collections.Generic.HashSet`1 implicitRegs) <0x41c825d0 + 0x001ab> in <filename unknown>:0 
  at Reko.Analysis.DataFlowAnalysis.BuildSsaTransform (Reko.Core.Procedure proc) <0x41c79920 + 0x001af> in <filename unknown>:0 
  at Reko.Analysis.DataFlowAnalysis.BuildExpressionTrees () <0x41c78b80 + 0x00203> in <filename unknown>:0 
fn00407B76: error: An error occurred during data flow analysis.
    The given key was not present in the dictionary.
      at System.ThrowHelper.ThrowKeyNotFoundException () <0x41c690b0 + 0x0001f> in <filename unknown>:0 
  at System.Collections.Generic.Dictionary`2[TKey,TValue].get_Item (System.Collections.Generic.TKey key) <0x41a6dbb0 + 0x0004b> in <filename unknown>:0 
  at Reko.Analysis.SsaIdentifierCollection.get_Item (Reko.Core.Expressions.Identifier id) <0x41c887b0 + 0x00023> in <filename unknown>:0 
  at Reko.Analysis.DeadCode.VisitIdentifier (Reko.Core.Expressions.Identifier id) <0x41c8e8e0 + 0x0002f> in <filename unknown>:0 
  at Reko.Core.Expressions.Identifier.Accept (IExpressionVisitor v) <0x41c4b800 + 0x00027> in <filename unknown>:0 
  at Reko.Core.Code.InstructionVisitorBase.VisitTestCondition (Reko.Core.Expressions.TestCondition tc) <0x41c58990 + 0x00025> in <filename unknown>:0 
  at Reko.Core.Expressions.TestCondition.Accept (IExpressionVisitor visitor) <0x41c4d520 + 0x00027> in <filename unknown>:0 
  at Reko.Core.Code.InstructionVisitorBase.VisitBranch (Reko.Core.Code.Branch b) <0x41c58960 + 0x00025> in <filename unknown>:0 
  at Reko.Core.Code.Branch.Accept (InstructionVisitor v) <0x41c4d3e0 + 0x00027> in <filename unknown>:0 
  at Reko.Analysis.DeadCode.Eliminate () <0x41c8e2d0 + 0x00188> in <filename unknown>:0 
  at Reko.Analysis.DeadCode.Eliminate (Reko.Core.Procedure proc, Reko.Analysis.SsaState ssa) <0x41c8e110 + 0x00047> in <filename unknown>:0 
  at Reko.Analysis.DataFlowAnalysis.BuildExpressionTrees () <0x41c78b80 + 0x004b7> in <filename unknown>:0 
fn00407C5F: error: An error occurred during data flow analysis.
    The given key was not present in the dictionary.
      at System.ThrowHelper.ThrowKeyNotFoundException () <0x41c690b0 + 0x0001f> in <filename unknown>:0 
  at System.Collections.Generic.Dictionary`2[TKey,TValue].get_Item (System.Collections.Generic.TKey key) <0x41a6dbb0 + 0x0004b> in <filename unknown>:0 
  at Reko.Analysis.SsaIdentifierCollection.get_Item (Reko.Core.Expressions.Identifier id) <0x41c887b0 + 0x00023> in <filename unknown>:0 
  at Reko.Analysis.DeadCode.VisitIdentifier (Reko.Core.Expressions.Identifier id) <0x41c8e8e0 + 0x0002f> in <filename unknown>:0 
  at Reko.Core.Expressions.Identifier.Accept (IExpressionVisitor v) <0x41c4b800 + 0x00027> in <filename unknown>:0 
  at Reko.Core.Code.InstructionVisitorBase.VisitApplication (Reko.Core.Expressions.Application appl) <0x41c58890 + 0x0005f> in <filename unknown>:0 
  at Reko.Core.Expressions.Application.Accept (IExpressionVisitor v) <0x41c4ce60 + 0x00027> in <filename unknown>:0 
  at Reko.Analysis.DeadCode.VisitAssignment (Reko.Core.Code.Assignment a) <0x41c8e9f0 + 0x00025> in <filename unknown>:0 
  at Reko.Core.Code.Assignment.Accept (InstructionVisitor v) <0x41c4b700 + 0x00027> in <filename unknown>:0 
  at Reko.Analysis.DeadCode.Eliminate () <0x41c8e2d0 + 0x00188> in <filename unknown>:0 
  at Reko.Analysis.DeadCode.Eliminate (Reko.Core.Procedure proc, Reko.Analysis.SsaState ssa) <0x41c8e110 + 0x00047> in <filename unknown>:0 
  at Reko.Analysis.DataFlowAnalysis.BuildExpressionTrees () <0x41c78b80 + 0x004b7> in <filename unknown>:0 
fn00407C74: error: An error occurred during data flow analysis.
    The given key was not present in the dictionary.
      at System.ThrowHelper.ThrowKeyNotFoundException () <0x41c690b0 + 0x0001f> in <filename unknown>:0 
  at System.Collections.Generic.Dictionary`2[TKey,TValue].get_Item (System.Collections.Generic.TKey key) <0x41a6dbb0 + 0x0004b> in <filename unknown>:0 
  at Reko.Analysis.SsaIdentifierCollection.get_Item (Reko.Core.Expressions.Identifier id) <0x41c887b0 + 0x00023> in <filename unknown>:0 
  at Reko.Analysis.DeadCode.VisitIdentifier (Reko.Core.Expressions.Identifier id) <0x41c8e8e0 + 0x0002f> in <filename unknown>:0 
  at Reko.Core.Expressions.Identifier.Accept (IExpressionVisitor v) <0x41c4b800 + 0x00027> in <filename unknown>:0 
  at Reko.Core.Code.InstructionVisitorBase.VisitApplication (Reko.Core.Expressions.Application appl) <0x41c58890 + 0x0005f> in <filename unknown>:0 
  at Reko.Core.Expressions.Application.Accept (IExpressionVisitor v) <0x41c4ce60 + 0x00027> in <filename unknown>:0 
  at Reko.Analysis.DeadCode.VisitAssignment (Reko.Core.Code.Assignment a) <0x41c8e9f0 + 0x00025> in <filename unknown>:0 
  at Reko.Core.Code.Assignment.Accept (InstructionVisitor v) <0x41c4b700 + 0x00027> in <filename unknown>:0 
  at Reko.Analysis.DeadCode.Eliminate () <0x41c8e2d0 + 0x00188> in <filename unknown>:0 
  at Reko.Analysis.DeadCode.Eliminate (Reko.Core.Procedure proc, Reko.Analysis.SsaState ssa) <0x41c8e110 + 0x00047> in <filename unknown>:0 
  at Reko.Analysis.DataFlowAnalysis.BuildExpressionTrees () <0x41c78b80 + 0x004b7> in <filename unknown>:0 
fn00407CBD: error: An error occurred during data flow analysis.
    The given key was not present in the dictionary.
      at System.ThrowHelper.ThrowKeyNotFoundException () <0x41c690b0 + 0x0001f> in <filename unknown>:0 
  at System.Collections.Generic.Dictionary`2[TKey,TValue].get_Item (System.Collections.Generic.TKey key) <0x41a6dbb0 + 0x0004b> in <filename unknown>:0 
  at Reko.Analysis.SsaIdentifierCollection.get_Item (Reko.Core.Expressions.Identifier id) <0x41c887b0 + 0x00023> in <filename unknown>:0 
  at Reko.Analysis.DeadCode.VisitIdentifier (Reko.Core.Expressions.Identifier id) <0x41c8e8e0 + 0x0002f> in <filename unknown>:0 
  at Reko.Core.Expressions.Identifier.Accept (IExpressionVisitor v) <0x41c4b800 + 0x00027> in <filename unknown>:0 
  at Reko.Core.Code.InstructionVisitorBase.VisitApplication (Reko.Core.Expressions.Application appl) <0x41c58890 + 0x0005f> in <filename unknown>:0 
  at Reko.Core.Expressions.Application.Accept (IExpressionVisitor v) <0x41c4ce60 + 0x00027> in <filename unknown>:0 
  at Reko.Analysis.DeadCode.VisitAssignment (Reko.Core.Code.Assignment a) <0x41c8e9f0 + 0x00025> in <filename unknown>:0 
  at Reko.Core.Code.Assignment.Accept (InstructionVisitor v) <0x41c4b700 + 0x00027> in <filename unknown>:0 
  at Reko.Analysis.DeadCode.Eliminate () <0x41c8e2d0 + 0x00188> in <filename unknown>:0 
  at Reko.Analysis.DeadCode.Eliminate (Reko.Core.Procedure proc, Reko.Analysis.SsaState ssa) <0x41c8e110 + 0x00047> in <filename unknown>:0 
  at Reko.Analysis.DataFlowAnalysis.BuildExpressionTrees () <0x41c78b80 + 0x004b7> in <filename unknown>:0 
fn00407D08: error: An error occurred during data flow analysis.
    The given key was not present in the dictionary.
      at System.ThrowHelper.ThrowKeyNotFoundException () <0x41c690b0 + 0x0001f> in <filename unknown>:0 
  at System.Collections.Generic.Dictionary`2[TKey,TValue].get_Item (System.Collections.Generic.TKey key) <0x41a6dbb0 + 0x0004b> in <filename unknown>:0 
  at Reko.Analysis.SsaIdentifierCollection.get_Item (Reko.Core.Expressions.Identifier id) <0x41c887b0 + 0x00023> in <filename unknown>:0 
  at Reko.Analysis.DeadCode.VisitIdentifier (Reko.Core.Expressions.Identifier id) <0x41c8e8e0 + 0x0002f> in <filename unknown>:0 
  at Reko.Core.Expressions.Identifier.Accept (IExpressionVisitor v) <0x41c4b800 + 0x00027> in <filename unknown>:0 
  at Reko.Core.Code.InstructionVisitorBase.VisitApplication (Reko.Core.Expressions.Application appl) <0x41c58890 + 0x0005f> in <filename unknown>:0 
  at Reko.Core.Expressions.Application.Accept (IExpressionVisitor v) <0x41c4ce60 + 0x00027> in <filename unknown>:0 
  at Reko.Analysis.DeadCode.VisitAssignment (Reko.Core.Code.Assignment a) <0x41c8e9f0 + 0x00025> in <filename unknown>:0 
  at Reko.Core.Code.Assignment.Accept (InstructionVisitor v) <0x41c4b700 + 0x00027> in <filename unknown>:0 
  at Reko.Analysis.DeadCode.Eliminate () <0x41c8e2d0 + 0x00188> in <filename unknown>:0 
  at Reko.Analysis.DeadCode.Eliminate (Reko.Core.Procedure proc, Reko.Analysis.SsaState ssa) <0x41c8e110 + 0x00047> in <filename unknown>:0 
  at Reko.Analysis.DataFlowAnalysis.BuildExpressionTrees () <0x41c78b80 + 0x004b7> in <filename unknown>:0 
fn00407D0E: error: An error occurred during data flow analysis.
    The given key was not present in the dictionary.
      at System.ThrowHelper.ThrowKeyNotFoundException () <0x41c690b0 + 0x0001f> in <filename unknown>:0 
  at System.Collections.Generic.Dictionary`2[TKey,TValue].get_Item (System.Collections.Generic.TKey key) <0x41a6dbb0 + 0x0004b> in <filename unknown>:0 
  at Reko.Analysis.SsaIdentifierCollection.get_Item (Reko.Core.Expressions.Identifier id) <0x41c887b0 + 0x00023> in <filename unknown>:0 
  at Reko.Analysis.DeadCode.VisitIdentifier (Reko.Core.Expressions.Identifier id) <0x41c8e8e0 + 0x0002f> in <filename unknown>:0 
  at Reko.Core.Expressions.Identifier.Accept (IExpressionVisitor v) <0x41c4b800 + 0x00027> in <filename unknown>:0 
  at Reko.Core.Code.InstructionVisitorBase.VisitApplication (Reko.Core.Expressions.Application appl) <0x41c58890 + 0x0005f> in <filename unknown>:0 
  at Reko.Core.Expressions.Application.Accept (IExpressionVisitor v) <0x41c4ce60 + 0x00027> in <filename unknown>:0 
  at Reko.Analysis.DeadCode.VisitAssignment (Reko.Core.Code.Assignment a) <0x41c8e9f0 + 0x00025> in <filename unknown>:0 
  at Reko.Core.Code.Assignment.Accept (InstructionVisitor v) <0x41c4b700 + 0x00027> in <filename unknown>:0 
  at Reko.Analysis.DeadCode.Eliminate () <0x41c8e2d0 + 0x00188> in <filename unknown>:0 
  at Reko.Analysis.DeadCode.Eliminate (Reko.Core.Procedure proc, Reko.Analysis.SsaState ssa) <0x41c8e110 + 0x00047> in <filename unknown>:0 
  at Reko.Analysis.DataFlowAnalysis.BuildExpressionTrees () <0x41c78b80 + 0x004b7> in <filename unknown>:0 
0040632F: error: An error occurred while processing the statement __fsave(Mem0[ebx - 0x0000002D + 0x00000000:word16]).
    Not handling (ptr (struct (0 T_422 t0000))) and (union (int32 u0) (ptr32 u1)) yet
      at Reko.Typing.ExpressionTypeDescender.PushSubtrahendDataType (Reko.Core.Types.DataType dtDiff, Reko.Core.Types.DataType dtMin) <0x41cb22e0 + 0x0017b> in <filename unknown>:0 
  at Reko.Typing.ExpressionTypeDescender.VisitBinaryExpression (Reko.Core.Expressions.BinaryExpression binExp, Reko.Core.Types.TypeVariable tv) <0x41cafce0 + 0x001a3> in <filename unknown>:0 
  at Reko.Core.Expressions.BinaryExpression.Accept[T,C] (ExpressionVisitor`2 v, Reko.Core.Expressions.C context) <0x41cafc30 + 0x00031> in <filename unknown>:0 
  at Reko.Typing.ExpressionTypeDescender.VisitMemoryAccess (Reko.Core.Expressions.Expression basePointer, Reko.Core.Types.TypeVariable tvAccess, Reko.Core.Expressions.Expression effectiveAddress, Reko.Core.Expressions.Expression globals) <0x41cb4ee0 + 0x004a1> in <filename unknown>:0 
  at Reko.Typing.ExpressionTypeDescender.VisitMemoryAccess (Reko.Core.Expressions.MemoryAccess access, Reko.Core.Types.TypeVariable tv) <0x41cb4e90 + 0x00033> in <filename unknown>:0 
  at Reko.Core.Expressions.MemoryAccess.Accept[T,C] (ExpressionVisitor`2 v, Reko.Core.Expressions.C context) <0x41cb4e40 + 0x00031> in <filename unknown>:0 
  at Reko.Typing.ExpressionTypeDescender.VisitApplication (Reko.Core.Expressions.Application appl, Reko.Core.Types.TypeVariable tv) <0x41cb0c20 + 0x000ef> in <filename unknown>:0 
  at Reko.Core.Expressions.Application.Accept[T,C] (ExpressionVisitor`2 v, Reko.Core.Expressions.C context) <0x41cb0bd0 + 0x00031> in <filename unknown>:0 
  at Reko.Typing.TypeCollector.VisitSideEffect (Reko.Core.Code.SideEffect side) <0x41cb4db0 + 0x0007c> in <filename unknown>:0 
  at Reko.Core.Code.SideEffect.Accept (InstructionVisitor v) <0x41c4d980 + 0x0002a> in <filename unknown>:0 
  at Reko.Typing.TypeCollector.CollectTypes () <0x41cae630 + 0x00289> in <filename unknown>:0 
0040625B: error: An error occurred while processing the statement ah = ah + Mem0[(esi - 0x0000002D) + 0x00000000:byte] + C.
    Not handling (ptr (struct (0 T_495 t0000))) and (union (ui32 u0) (ptr32 u1)) yet
      at Reko.Typing.ExpressionTypeDescender.PushSubtrahendDataType (Reko.Core.Types.DataType dtDiff, Reko.Core.Types.DataType dtMin) <0x41cb22e0 + 0x0017b> in <filename unknown>:0 
  at Reko.Typing.ExpressionTypeDescender.VisitBinaryExpression (Reko.Core.Expressions.BinaryExpression binExp, Reko.Core.Types.TypeVariable tv) <0x41cafce0 + 0x001a3> in <filename unknown>:0 
  at Reko.Core.Expressions.BinaryExpression.Accept[T,C] (ExpressionVisitor`2 v, Reko.Core.Expressions.C context) <0x41cafc30 + 0x00031> in <filename unknown>:0 
  at Reko.Typing.ExpressionTypeDescender.VisitMemoryAccess (Reko.Core.Expressions.Expression basePointer, Reko.Core.Types.TypeVariable tvAccess, Reko.Core.Expressions.Expression effectiveAddress, Reko.Core.Expressions.Expression globals) <0x41cb4ee0 + 0x004a1> in <filename unknown>:0 
  at Reko.Typing.ExpressionTypeDescender.VisitMemoryAccess (Reko.Core.Expressions.MemoryAccess access, Reko.Core.Types.TypeVariable tv) <0x41cb4e90 + 0x00033> in <filename unknown>:0 
  at Reko.Core.Expressions.MemoryAccess.Accept[T,C] (ExpressionVisitor`2 v, Reko.Core.Expressions.C context) <0x41cb4e40 + 0x00031> in <filename unknown>:0 
  at Reko.Typing.ExpressionTypeDescender.VisitBinaryExpression (Reko.Core.Expressions.BinaryExpression binExp, Reko.Core.Types.TypeVariable tv) <0x41cafce0 + 0x00bc2> in <filename unknown>:0 
  at Reko.Core.Expressions.BinaryExpression.Accept[T,C] (ExpressionVisitor`2 v, Reko.Core.Expressions.C context) <0x41cafc30 + 0x00031> in <filename unknown>:0 
  at Reko.Typing.ExpressionTypeDescender.VisitBinaryExpression (Reko.Core.Expressions.BinaryExpression binExp, Reko.Core.Types.TypeVariable tv) <0x41cafce0 + 0x00b9c> in <filename unknown>:0 
  at Reko.Core.Expressions.BinaryExpression.Accept[T,C] (ExpressionVisitor`2 v, Reko.Core.Expressions.C context) <0x41cafc30 + 0x00031> in <filename unknown>:0 
  at Reko.Typing.TypeCollector.VisitAssignment (Reko.Core.Code.Assignment ass) <0x41caf7b0 + 0x00084> in <filename unknown>:0 
  at Reko.Core.Code.Assignment.Accept (InstructionVisitor v) <0x41c4b700 + 0x00027> in <filename unknown>:0 
  at Reko.Typing.TypeCollector.CollectTypes () <0x41cae630 + 0x00289> in <filename unknown>:0 
004061D9: error: An error occurred while processing the statement branch Test(NE,Z) && ecx != 0x00000000 l00406169.
    Not implemented: Test(NE,Z) && ecx != 0x00000000
      at Reko.Core.Expressions.ExpressionTypeAscenderBase.VisitBinaryExpression (Reko.Core.Expressions.BinaryExpression binExp) <0x41ca10b0 + 0x0047f> in <filename unknown>:0 
  at Reko.Core.Expressions.BinaryExpression.Accept[T] (ExpressionVisitor`1 v) <0x41c1d1e0 + 0x00030> in <filename unknown>:0 
  at Reko.Typing.TypeCollector.VisitBranch (Reko.Core.Code.Branch branch) <0x41cb4ac0 + 0x00031> in <filename unknown>:0 
  at Reko.Core.Code.Branch.Accept (InstructionVisitor v) <0x41c4d3e0 + 0x00027> in <filename unknown>:0 
  at Reko.Typing.TypeCollector.CollectTypes () <0x41cae630 + 0x00289> in <filename unknown>:0 
: error: Error when reconstructing types.
    Specified argument was out of the range of valid values.
Parameter name: Linear address 00000000 is not in known segment.
      at Reko.Core.SegmentMap.MapLinearAddressToAddress (UInt64 linearAddress) <0x41c691c0 + 0x0017f> in <filename unknown>:0 
  at Reko.CmdLine.CmdLineListener.CreateStatementNavigator (Reko.Core.Program program, Reko.Core.Statement stm) <0x41c69110 + 0x0002f> in <filename unknown>:0 
  at Reko.Typing.TypeCollector.CollectTypes () <0x41cae630 + 0x002d5> in <filename unknown>:0 
  at Reko.Typing.TypeAnalyzer.RewriteProgram (Reko.Core.Program program) <0x41ca6b80 + 0x00597> in <filename unknown>:0 
  at Reko.DecompilerDriver.ReconstructTypes () <0x41ca6510 + 0x0022f> in <filename unknown>:0 
fn004076F6: error: An error occurred while rewriting procedure to high-level language.
    Index was out of range. Must be non-negative and less than the size of the collection.
Parameter name: index
      at System.ThrowHelper.ThrowArgumentOutOfRangeException (ExceptionArgument argument, ExceptionResource resource) <0x41cc6110 + 0x00047> in <filename unknown>:0 
  at System.ThrowHelper.ThrowArgumentOutOfRangeException () <0x41cc60f0 + 0x00013> in <filename unknown>:0 
  at System.Collections.Generic.List`1[T].get_Item (Int32 index) <0x41ab19b0 + 0x00023> in <filename unknown>:0 
  at Reko.Core.Block.get_ThenBlock () <0x41cb9600 + 0x0001f> in <filename unknown>:0 
  at Reko.Structure.CompoundConditionCoalescer.MaybeCoalesce (Reko.Core.Block block) <0x41cb98c0 + 0x00033> in <filename unknown>:0 
  at Reko.Structure.CompoundConditionCoalescer.Transform () <0x41cb96f0 + 0x0011f> in <filename unknown>:0 
  at Reko.Structure.StructureAnalysis.Structure () <0x41cb8a50 + 0x000b7> in <filename unknown>:0 
  at Reko.DecompilerDriver.StructureProgram () <0x41cb8570 + 0x00255> in <filename unknown>:0 
fn00407708: error: An error occurred while rewriting procedure to high-level language.
    Index was out of range. Must be non-negative and less than the size of the collection.
Parameter name: index
      at System.ThrowHelper.ThrowArgumentOutOfRangeException (ExceptionArgument argument, ExceptionResource resource) <0x41cc6110 + 0x00047> in <filename unknown>:0 
  at System.ThrowHelper.ThrowArgumentOutOfRangeException () <0x41cc60f0 + 0x00013> in <filename unknown>:0 
  at System.Collections.Generic.List`1[T].get_Item (Int32 index) <0x41ab19b0 + 0x00023> in <filename unknown>:0 
  at Reko.Core.Block.get_ThenBlock () <0x41cb9600 + 0x0001f> in <filename unknown>:0 
  at Reko.Structure.CompoundConditionCoalescer.MaybeCoalesce (Reko.Core.Block block) <0x41cb98c0 + 0x00033> in <filename unknown>:0 
  at Reko.Structure.CompoundConditionCoalescer.Transform () <0x41cb96f0 + 0x0011f> in <filename unknown>:0 
  at Reko.Structure.StructureAnalysis.Structure () <0x41cb8a50 + 0x000b7> in <filename unknown>:0 
  at Reko.DecompilerDriver.StructureProgram () <0x41cb8570 + 0x00255> in <filename unknown>:0 
fn0040770E: error: An error occurred while rewriting procedure to high-level language.
    The given key was not present in the dictionary.
      at System.ThrowHelper.ThrowKeyNotFoundException () <0x41c690b0 + 0x0001f> in <filename unknown>:0 
  at System.Collections.Generic.Dictionary`2[TKey,TValue].get_Item (System.Collections.Generic.TKey key) <0x41a6dbb0 + 0x0004b> in <filename unknown>:0 
  at Reko.Structure.StructureAnalysis.BuildRegionGraph (Reko.Core.Procedure proc) <0x41cba410 + 0x00323> in <filename unknown>:0 
  at Reko.Structure.StructureAnalysis.Execute () <0x41cb9e90 + 0x0003b> in <filename unknown>:0 
  at Reko.Structure.StructureAnalysis.Structure () <0x41cb8a50 + 0x00137> in <filename unknown>:0 
  at Reko.DecompilerDriver.StructureProgram () <0x41cb8570 + 0x00255> in <filename unknown>:0 
fn0040774E: error: An error occurred while rewriting procedure to high-level language.
    The given key was not present in the dictionary.
      at System.ThrowHelper.ThrowKeyNotFoundException () <0x41c690b0 + 0x0001f> in <filename unknown>:0 
  at System.Collections.Generic.Dictionary`2[TKey,TValue].get_Item (System.Collections.Generic.TKey key) <0x41a6dbb0 + 0x0004b> in <filename unknown>:0 
  at Reko.Structure.StructureAnalysis.BuildRegionGraph (Reko.Core.Procedure proc) <0x41cba410 + 0x00323> in <filename unknown>:0 
  at Reko.Structure.StructureAnalysis.Execute () <0x41cb9e90 + 0x0003b> in <filename unknown>:0 
  at Reko.Structure.StructureAnalysis.Structure () <0x41cb8a50 + 0x00137> in <filename unknown>:0 
  at Reko.DecompilerDriver.StructureProgram () <0x41cb8570 + 0x00255> in <filename unknown>:0 
fn00407775: error: An error occurred while rewriting procedure to high-level language.
    The given key was not present in the dictionary.
      at System.ThrowHelper.ThrowKeyNotFoundException () <0x41c690b0 + 0x0001f> in <filename unknown>:0 
  at System.Collections.Generic.Dictionary`2[TKey,TValue].get_Item (System.Collections.Generic.TKey key) <0x41a6dbb0 + 0x0004b> in <filename unknown>:0 
  at Reko.Structure.StructureAnalysis.BuildRegionGraph (Reko.Core.Procedure proc) <0x41cba410 + 0x00323> in <filename unknown>:0 
  at Reko.Structure.StructureAnalysis.Execute () <0x41cb9e90 + 0x0003b> in <filename unknown>:0 
  at Reko.Structure.StructureAnalysis.Structure () <0x41cb8a50 + 0x00137> in <filename unknown>:0 
  at Reko.DecompilerDriver.StructureProgram () <0x41cb8570 + 0x00255> in <filename unknown>:0 
fn00407852: error: An error occurred while rewriting procedure to high-level language.
    Index was out of range. Must be non-negative and less than the size of the collection.
Parameter name: index
      at System.ThrowHelper.ThrowArgumentOutOfRangeException (ExceptionArgument argument, ExceptionResource resource) <0x41cc6110 + 0x00047> in <filename unknown>:0 
  at System.ThrowHelper.ThrowArgumentOutOfRangeException () <0x41cc60f0 + 0x00013> in <filename unknown>:0 
  at System.Collections.Generic.List`1[T].get_Item (Int32 index) <0x41ab19b0 + 0x00023> in <filename unknown>:0 
  at Reko.Core.Block.get_ThenBlock () <0x41cb9600 + 0x0001f> in <filename unknown>:0 
  at Reko.Structure.CompoundConditionCoalescer.MaybeCoalesce (Reko.Core.Block block) <0x41cb98c0 + 0x00033> in <filename unknown>:0 
  at Reko.Structure.CompoundConditionCoalescer.Transform () <0x41cb96f0 + 0x0011f> in <filename unknown>:0 
  at Reko.Structure.StructureAnalysis.Structure () <0x41cb8a50 + 0x000b7> in <filename unknown>:0 
  at Reko.DecompilerDriver.StructureProgram () <0x41cb8570 + 0x00255> in <filename unknown>:0 
fn00407B1C: error: An error occurred while rewriting procedure to high-level language.
    The given key was not present in the dictionary.
      at System.ThrowHelper.ThrowKeyNotFoundException () <0x41c690b0 + 0x0001f> in <filename unknown>:0 
  at System.Collections.Generic.Dictionary`2[TKey,TValue].get_Item (System.Collections.Generic.TKey key) <0x41a6dbb0 + 0x0004b> in <filename unknown>:0 
  at Reko.Structure.StructureAnalysis.BuildRegionGraph (Reko.Core.Procedure proc) <0x41cba410 + 0x00323> in <filename unknown>:0 
  at Reko.Structure.StructureAnalysis.Execute () <0x41cb9e90 + 0x0003b> in <filename unknown>:0 
  at Reko.Structure.StructureAnalysis.Structure () <0x41cb8a50 + 0x00137> in <filename unknown>:0 
  at Reko.DecompilerDriver.StructureProgram () <0x41cb8570 + 0x00255> in <filename unknown>:0 
fn00407C5F: warning: Structure analysis stopped making progress, quitting. Please report this issue at https://github.com/uxmal/reko
