=== Using options:--aggressive-branch-removal
00402E21: warning: Call target address 263FA29A is invalid.
00402FE8: warning: Call target address 25662FEC is invalid.
00403389: warning: Call target address 74655976 is invalid.
00402AF5: warning: Call target address 00289F1F is invalid.
00402AFA: warning: Call target address E9645F86 is invalid.
00402F70: warning: Call target address E9285574 is invalid.
004026AB: warning: Call target address 75290F24 is invalid.
004026AB: warning: Call target address 75290F24 is invalid.
004029CB: warning: Call target address 87661244 is invalid.
00403096: warning: Call target address E8B52FC0 is invalid.
00402504: warning: Call target address F4646998 is invalid.
0040251C: warning: Call target address 26400E20 is invalid.
004027C7: warning: Call target address 753F9BF1 is invalid.
00403170: warning: Call target address E8B45774 is invalid.
00403158: warning: Call target address 74B5315C is invalid.
00402740: warning: Call target address 8DB5272D is invalid.
00403121: warning: Call target address 8A28569A is invalid.
004031B7: warning: Call target address 24A4BF30 is invalid.
004031B4: warning: Call target address 75291A2D is invalid.
004031D9: warning: Call target address 24A4BF52 is invalid.
004031F4: warning: Call target address E8B4A6F8 is invalid.
00402A7D: warning: Call target address 26289F81 is invalid.
00402622: warning: Call target address 8F660E9B is invalid.
00402FB2: warning: Call target address 752854DC is invalid.
00402CC3: warning: Call target address 262914ED is invalid.
00402CC8: warning: Call target address 44CFA1CC is invalid.
004025E5: warning: Call target address 8E40250F is invalid.
00403389: warning: Call target address 74655976 is invalid.
0040339E: warning: Call target address 74663317 is invalid.
004028B4: warning: Call target address 25B528A1 is invalid.
004028B9: warning: Call target address 3CC79DA6 is invalid.
00403192: warning: Call target address FFB530BC is invalid.
00402C35: warning: Call target address E8B52C22 is invalid.
00402C3A: warning: Call target address E96468C8 is invalid.
004028F5: warning: Call target address 263F9DE2 is invalid.
0040292E: warning: Call target address 25661158 is invalid.
00402E87: warning: Call target address 72644313 is invalid.
00402DE7: warning: Call target address 74B453EB is invalid.
00402E60: warning: Call target address E92853D9 is invalid.
00402B47: warning: Call target address D4646FDB is invalid.
0040324E: warning: Call target address E928A752 is invalid.
00402B47: warning: Call target address D4646FDB is invalid.
00402D57: warning: Call target address 8828535B is invalid.
004032C4: warning: Call target address 26291B3D is invalid.
0040305F: warning: Call target address 2628564C is invalid.
00403064: warning: Call target address 2484C068 is invalid.
00402D03: warning: Call target address 44D02C2D is invalid.
00402D77: warning: Call target address 8DB51664 is invalid.
0040305F: warning: Call target address 2628564C is invalid.
00403064: warning: Call target address 2484C068 is invalid.
00402574: warning: Call target address 89B50E78 is invalid.
00402DAF: warning: Call target address 903FA29C is invalid.
004031F4: warning: Call target address E8B4A6F8 is invalid.
00402E03: warning: Call target address 8DB453F0 is invalid.
0040298C: warning: Call target address 244CB179 is invalid.
0040292E: warning: Call target address 25661158 is invalid.
00402B11: warning: Call target address 8DB52A3B is invalid.
00402504: warning: Call target address F4646998 is invalid.
004025CC: warning: Call target address EC646A60 is invalid.
004025E5: warning: Call target address 8E40250F is invalid.
00402ADA: warning: Call target address 74B45004 is invalid.
00402CE1: warning: Call target address 2484BC0B is invalid.
00402C86: warning: Call target address 25B4A0B0 is invalid.
0040305F: warning: Call target address 2628564C is invalid.
00403064: warning: Call target address 2484C068 is invalid.
004030EB: warning: Call target address E8B519D8 is invalid.
004030F0: warning: Call target address F2643D7E is invalid.
00402D57: warning: Call target address 8828535B is invalid.
00402466: warning: Call target address 0CC94990 is invalid.
004027A8: warning: Call target address 26292721 is invalid.
004027AD: warning: Call target address 44D02726 is invalid.
004027C7: warning: Call target address 753F9BF1 is invalid.
0040289B: warning: Call target address 74B49CC5 is invalid.
004028B4: warning: Call target address 25B528A1 is invalid.
004028B9: warning: Call target address 3CC79DA6 is invalid.
00402C86: warning: Call target address 25B4A0B0 is invalid.
00402C35: warning: Call target address E8B52C22 is invalid.
00402C3A: warning: Call target address E96468C8 is invalid.
00402ABC: warning: Call target address 8A4029E6 is invalid.
0040185B: warning: Call target address D87A:034C is invalid.
004019BD: warning: Call target address 7094:F270 is invalid.
00401A46: warning: Call target address 0814:4E51 is invalid.
00401A34: warning: Call target address 0A59:71E7 is invalid.
00401A8B: warning: Call target address D87A:034C is invalid.
00401236: warning: Call target address 8F65FB23 is invalid.
00401048: warning: Call target address E9400F72 is invalid.
00401724: warning: Call target address 7465FF4E is invalid.
00401729: warning: Call target address 24A4A516 is invalid.
0040146B: warning: Call target address E8B4FCE4 is invalid.
00401031: warning: Call target address 8DB4F8AA is invalid.
00401048: warning: Call target address E9400F72 is invalid.
0040117F: warning: Call target address 25661183 is invalid.
004011DF: warning: Call target address 24A49FCC is invalid.
004011F4: warning: Call target address 8D6586E1 is invalid.
00401287: warning: Call target address E866128B is invalid.
00401315: warning: Call target address E9291319 is invalid.
004012D9: warning: Call target address 8FB51203 is invalid.
0040134D: warning: Call target address 01B5133A is invalid.
004012FE: warning: Call target address 24A4A077 is invalid.
004012FE: warning: Call target address 24A4A077 is invalid.
004011F4: warning: Call target address 8D6586E1 is invalid.
004016B9: warning: Call target address 88283BE3 is invalid.
004016D0: warning: Call target address 3CC81649 is invalid.
004016EE: warning: Call target address 24A4A4DB is invalid.
00401708: warning: Call target address 25B43C81 is invalid.
00401724: warning: Call target address 7465FF4E is invalid.
00401729: warning: Call target address 24A4A516 is invalid.
0040174D: warning: Call target address 74B51751 is invalid.
00401118: warning: Call target address E93F8605 is invalid.
00401132: warning: Call target address 24A49F1F is invalid.
0040111C: warning: Call target address 2484A120 is invalid.
004012A5: warning: Call target address 8DB4FACF is invalid.
00401268: warning: Call target address FF653792 is invalid.
0040161C: warning: Call target address 00291609 is invalid.
00401621: warning: Call target address 2484A625 is invalid.
0040163D: warning: Call target address 25661567 is invalid.
00401684: warning: Call target address 8E3F8AFD is invalid.
004016A4: warning: Call target address E86615CE is invalid.
00401607: warning: Call target address 44CF8A80 is invalid.
0040161C: warning: Call target address 00291609 is invalid.
00401621: warning: Call target address 2484A625 is invalid.
0040163D: warning: Call target address 25661567 is invalid.
00401594: warning: Call target address ECCB6ABE is invalid.
004016A4: warning: Call target address E86615CE is invalid.
0040154D: warning: Call target address 25B4FE3A is invalid.
00401684: warning: Call target address 8E3F8AFD is invalid.
00401438: warning: Call target address 24A4A162 is invalid.
00401237: warning: Call target address 44CF3824 is invalid.
0040163D: warning: Call target address 25661567 is invalid.
00401395: warning: Call target address E93FFC0E is invalid.
004013AC: warning: Call target address E8B512D6 is invalid.
00401708: warning: Call target address 25B43C81 is invalid.
004010E6: warning: Call target address 87B436EA is invalid.
0040174D: warning: Call target address 74B51751 is invalid.
00401535: warning: Call target address 8D65FE22 is invalid.
0040154D: warning: Call target address 25B4FE3A is invalid.
00401395: warning: Call target address E93FFC0E is invalid.
004014A4: warning: Call target address FF65FD1D is invalid.
004010E4: warning: Call target address 263FF9D1 is invalid.
004014BE: warning: Call target address 263F3AAB is invalid.
004014C3: warning: Call target address 24A4A2C7 is invalid.
00401094: warning: Call target address E8B48598 is invalid.
00401535: warning: Call target address 8D65FE22 is invalid.
0040101E: warning: Call target address 74660F48 is invalid.
004015C9: warning: Call target address 25B514F3 is invalid.
/home/hawk/kza/decompiler-subjects.clean/malware_via_email/malware_1832/ia32_pe/subject.exe: error: An internal error occurred while analyzing /home/hawk/kza/decompiler-subjects.clean/malware_via_email/malware_1832/ia32_pe/subject.exe.
    The given key 'l004029D0' was not present in the dictionary.
       at System.Collections.Generic.Dictionary`2.get_Item(TKey key)
   at Reko.Analysis.SsaTransform.IdentifierTransformer.<ReadVariableRecursive>b__14_0(Block p) in /home/runner/work/reko/reko/src/Decompiler/Analysis/SsaTransform.IdentifierTransformer.cs:line 121
   at System.Linq.Enumerable.Any[TSource](IEnumerable`1 source, Func`2 predicate)
   at Reko.Analysis.SsaTransform.IdentifierTransformer.ReadVariableRecursive(SsaBlockState bs) in /home/runner/work/reko/reko/src/Decompiler/Analysis/SsaTransform.IdentifierTransformer.cs:line 121
   at Reko.Analysis.SsaTransform.IdentifierTransformer.ReadVariable(SsaBlockState bs) in /home/runner/work/reko/reko/src/Decompiler/Analysis/SsaTransform.IdentifierTransformer.cs:line 103
   at Reko.Analysis.SsaTransform.GenerateUseDefsForUnknownCallee(CallInstruction ci) in /home/runner/work/reko/reko/src/Decompiler/Analysis/SsaTransform.cs:line 804
   at Reko.Analysis.SsaTransform.TransformCallInstruction(CallInstruction ci) in /home/runner/work/reko/reko/src/Decompiler/Analysis/SsaTransform.cs:line 593
   at Reko.Core.Code.CallInstruction.Accept(InstructionTransformer xform) in /home/runner/work/reko/reko/src/Core/Code/CallInstruction.cs:line 64
   at Reko.Analysis.SsaTransform.Transform() in /home/runner/work/reko/reko/src/Decompiler/Analysis/SsaTransform.cs:line 142
   at Reko.Analysis.SccWorker.ConvertToSsa(Procedure proc) in /home/runner/work/reko/reko/src/Decompiler/Analysis/SccWorker.cs:line 167
   at System.Linq.Enumerable.SelectArrayIterator`2.ToArray()
   at Reko.Analysis.SccWorker.Transform() in /home/runner/work/reko/reko/src/Decompiler/Analysis/SccWorker.cs:line 85
   at Reko.Analysis.DataFlowAnalysis.RewriteProceduresToSsa() in /home/runner/work/reko/reko/src/Decompiler/Analysis/DataFlowAnalysis.cs:line 178
   at Reko.Analysis.DataFlowAnalysis.UntangleProcedures() in /home/runner/work/reko/reko/src/Decompiler/Analysis/DataFlowAnalysis.cs:line 128
   at Reko.Decompiler.AnalyzeDataFlow() in /home/runner/work/reko/reko/src/Decompiler/Decompiler.cs:line 111
fn00401469_exit: warning: Phi functions will be ignored by type analysis. This may be caused by a failure in a previous stage of the decompilation.
0040189C: error: An error occurred while processing the statement v57 = Mem0[ebx + 0<32>:byte] | cl.
    Specified argument was out of the range of valid values. (Parameter 'bitSize')
       at Reko.Core.Types.PrimitiveType.CreateWord(Int32 bitSize) in /home/runner/work/reko/reko/src/Core/Types/PrimitiveType.cs:line 141
   at Reko.Core.Expressions.ExpressionTypeAscenderBase.VisitBinaryExpression(BinaryExpression binExp) in /home/runner/work/reko/reko/src/Core/Expressions/ExpressionTypeAscenderBase.cs:line 131
   at Reko.Core.Expressions.BinaryExpression.Accept[T](ExpressionVisitor`1 v) in /home/runner/work/reko/reko/src/Core/Expressions/BinaryExpression.cs:line 57
   at Reko.Typing.TypeCollector.VisitAssignment(Assignment ass) in /home/runner/work/reko/reko/src/Decompiler/Typing/TypeCollector.cs:line 186
   at Reko.Core.Code.Assignment.Accept(InstructionVisitor v) in /home/runner/work/reko/reko/src/Core/Code/Assignment.cs:line 60
   at Reko.Typing.TypeCollector.CollectTypes() in /home/runner/work/reko/reko/src/Decompiler/Typing/TypeCollector.cs:line 74
00401986: error: An error occurred while processing the statement v68 = Mem0[eax + 0<32>:byte] | cl.
    Specified argument was out of the range of valid values. (Parameter 'bitSize')
       at Reko.Core.Types.PrimitiveType.CreateWord(Int32 bitSize) in /home/runner/work/reko/reko/src/Core/Types/PrimitiveType.cs:line 141
   at Reko.Core.Expressions.ExpressionTypeAscenderBase.VisitBinaryExpression(BinaryExpression binExp) in /home/runner/work/reko/reko/src/Core/Expressions/ExpressionTypeAscenderBase.cs:line 131
   at Reko.Core.Expressions.BinaryExpression.Accept[T](ExpressionVisitor`1 v) in /home/runner/work/reko/reko/src/Core/Expressions/BinaryExpression.cs:line 57
   at Reko.Typing.TypeCollector.VisitAssignment(Assignment ass) in /home/runner/work/reko/reko/src/Decompiler/Typing/TypeCollector.cs:line 186
   at Reko.Core.Code.Assignment.Accept(InstructionVisitor v) in /home/runner/work/reko/reko/src/Core/Code/Assignment.cs:line 60
   at Reko.Typing.TypeCollector.CollectTypes() in /home/runner/work/reko/reko/src/Decompiler/Typing/TypeCollector.cs:line 74
00401996: error: An error occurred while processing the statement v69 = Mem0[eax + 0<32>:word32] | ecx.
    Specified argument was out of the range of valid values. (Parameter 'bitSize')
       at Reko.Core.Types.PrimitiveType.CreateWord(Int32 bitSize) in /home/runner/work/reko/reko/src/Core/Types/PrimitiveType.cs:line 141
   at Reko.Core.Expressions.ExpressionTypeAscenderBase.VisitBinaryExpression(BinaryExpression binExp) in /home/runner/work/reko/reko/src/Core/Expressions/ExpressionTypeAscenderBase.cs:line 131
   at Reko.Core.Expressions.BinaryExpression.Accept[T](ExpressionVisitor`1 v) in /home/runner/work/reko/reko/src/Core/Expressions/BinaryExpression.cs:line 57
   at Reko.Typing.TypeCollector.VisitAssignment(Assignment ass) in /home/runner/work/reko/reko/src/Decompiler/Typing/TypeCollector.cs:line 186
   at Reko.Core.Code.Assignment.Accept(InstructionVisitor v) in /home/runner/work/reko/reko/src/Core/Code/Assignment.cs:line 60
   at Reko.Typing.TypeCollector.CollectTypes() in /home/runner/work/reko/reko/src/Decompiler/Typing/TypeCollector.cs:line 74
0040199C: error: An error occurred while processing the statement v72 = Mem0[eax + 0<32>:byte] | cl.
    Specified argument was out of the range of valid values. (Parameter 'bitSize')
       at Reko.Core.Types.PrimitiveType.CreateWord(Int32 bitSize) in /home/runner/work/reko/reko/src/Core/Types/PrimitiveType.cs:line 141
   at Reko.Core.Expressions.ExpressionTypeAscenderBase.VisitBinaryExpression(BinaryExpression binExp) in /home/runner/work/reko/reko/src/Core/Expressions/ExpressionTypeAscenderBase.cs:line 131
   at Reko.Core.Expressions.BinaryExpression.Accept[T](ExpressionVisitor`1 v) in /home/runner/work/reko/reko/src/Core/Expressions/BinaryExpression.cs:line 57
   at Reko.Typing.TypeCollector.VisitAssignment(Assignment ass) in /home/runner/work/reko/reko/src/Decompiler/Typing/TypeCollector.cs:line 186
   at Reko.Core.Code.Assignment.Accept(InstructionVisitor v) in /home/runner/work/reko/reko/src/Core/Code/Assignment.cs:line 60
   at Reko.Typing.TypeCollector.CollectTypes() in /home/runner/work/reko/reko/src/Decompiler/Typing/TypeCollector.cs:line 74
004019A4: error: An error occurred while processing the statement v74 = Mem0[eax + 0<32>:byte] | cl.
    Specified argument was out of the range of valid values. (Parameter 'bitSize')
       at Reko.Core.Types.PrimitiveType.CreateWord(Int32 bitSize) in /home/runner/work/reko/reko/src/Core/Types/PrimitiveType.cs:line 141
   at Reko.Core.Expressions.ExpressionTypeAscenderBase.VisitBinaryExpression(BinaryExpression binExp) in /home/runner/work/reko/reko/src/Core/Expressions/ExpressionTypeAscenderBase.cs:line 131
   at Reko.Core.Expressions.BinaryExpression.Accept[T](ExpressionVisitor`1 v) in /home/runner/work/reko/reko/src/Core/Expressions/BinaryExpression.cs:line 57
   at Reko.Typing.TypeCollector.VisitAssignment(Assignment ass) in /home/runner/work/reko/reko/src/Decompiler/Typing/TypeCollector.cs:line 186
   at Reko.Core.Code.Assignment.Accept(InstructionVisitor v) in /home/runner/work/reko/reko/src/Core/Code/Assignment.cs:line 60
   at Reko.Typing.TypeCollector.CollectTypes() in /home/runner/work/reko/reko/src/Decompiler/Typing/TypeCollector.cs:line 74
004019AD: error: An error occurred while processing the statement v75 = Mem0[eax + 0<32>:byte] | cl.
    Specified argument was out of the range of valid values. (Parameter 'bitSize')
       at Reko.Core.Types.PrimitiveType.CreateWord(Int32 bitSize) in /home/runner/work/reko/reko/src/Core/Types/PrimitiveType.cs:line 141
   at Reko.Core.Expressions.ExpressionTypeAscenderBase.VisitBinaryExpression(BinaryExpression binExp) in /home/runner/work/reko/reko/src/Core/Expressions/ExpressionTypeAscenderBase.cs:line 131
   at Reko.Core.Expressions.BinaryExpression.Accept[T](ExpressionVisitor`1 v) in /home/runner/work/reko/reko/src/Core/Expressions/BinaryExpression.cs:line 57
   at Reko.Typing.TypeCollector.VisitAssignment(Assignment ass) in /home/runner/work/reko/reko/src/Decompiler/Typing/TypeCollector.cs:line 186
   at Reko.Core.Code.Assignment.Accept(InstructionVisitor v) in /home/runner/work/reko/reko/src/Core/Code/Assignment.cs:line 60
   at Reko.Typing.TypeCollector.CollectTypes() in /home/runner/work/reko/reko/src/Decompiler/Typing/TypeCollector.cs:line 74
004019AF: error: An error occurred while processing the statement v76 = Mem0[ebx + 0<32>:byte] | bl.
    Specified argument was out of the range of valid values. (Parameter 'bitSize')
       at Reko.Core.Types.PrimitiveType.CreateWord(Int32 bitSize) in /home/runner/work/reko/reko/src/Core/Types/PrimitiveType.cs:line 141
   at Reko.Core.Expressions.ExpressionTypeAscenderBase.VisitBinaryExpression(BinaryExpression binExp) in /home/runner/work/reko/reko/src/Core/Expressions/ExpressionTypeAscenderBase.cs:line 131
   at Reko.Core.Expressions.BinaryExpression.Accept[T](ExpressionVisitor`1 v) in /home/runner/work/reko/reko/src/Core/Expressions/BinaryExpression.cs:line 57
   at Reko.Typing.TypeCollector.VisitAssignment(Assignment ass) in /home/runner/work/reko/reko/src/Decompiler/Typing/TypeCollector.cs:line 186
   at Reko.Core.Code.Assignment.Accept(InstructionVisitor v) in /home/runner/work/reko/reko/src/Core/Code/Assignment.cs:line 60
   at Reko.Typing.TypeCollector.CollectTypes() in /home/runner/work/reko/reko/src/Decompiler/Typing/TypeCollector.cs:line 74
004019B4: error: An error occurred while processing the statement v77 = Mem0[eax + 0<32>:byte] | cl.
    Specified argument was out of the range of valid values. (Parameter 'bitSize')
       at Reko.Core.Types.PrimitiveType.CreateWord(Int32 bitSize) in /home/runner/work/reko/reko/src/Core/Types/PrimitiveType.cs:line 141
   at Reko.Core.Expressions.ExpressionTypeAscenderBase.VisitBinaryExpression(BinaryExpression binExp) in /home/runner/work/reko/reko/src/Core/Expressions/ExpressionTypeAscenderBase.cs:line 131
   at Reko.Core.Expressions.BinaryExpression.Accept[T](ExpressionVisitor`1 v) in /home/runner/work/reko/reko/src/Core/Expressions/BinaryExpression.cs:line 57
   at Reko.Typing.TypeCollector.VisitAssignment(Assignment ass) in /home/runner/work/reko/reko/src/Decompiler/Typing/TypeCollector.cs:line 186
   at Reko.Core.Code.Assignment.Accept(InstructionVisitor v) in /home/runner/work/reko/reko/src/Core/Code/Assignment.cs:line 60
   at Reko.Typing.TypeCollector.CollectTypes() in /home/runner/work/reko/reko/src/Decompiler/Typing/TypeCollector.cs:line 74
004019B9: error: An error occurred while processing the statement v78 = Mem0[eax + 0<32>:byte] | cl.
    Specified argument was out of the range of valid values. (Parameter 'bitSize')
       at Reko.Core.Types.PrimitiveType.CreateWord(Int32 bitSize) in /home/runner/work/reko/reko/src/Core/Types/PrimitiveType.cs:line 141
   at Reko.Core.Expressions.ExpressionTypeAscenderBase.VisitBinaryExpression(BinaryExpression binExp) in /home/runner/work/reko/reko/src/Core/Expressions/ExpressionTypeAscenderBase.cs:line 131
   at Reko.Core.Expressions.BinaryExpression.Accept[T](ExpressionVisitor`1 v) in /home/runner/work/reko/reko/src/Core/Expressions/BinaryExpression.cs:line 57
   at Reko.Typing.TypeCollector.VisitAssignment(Assignment ass) in /home/runner/work/reko/reko/src/Decompiler/Typing/TypeCollector.cs:line 186
   at Reko.Core.Code.Assignment.Accept(InstructionVisitor v) in /home/runner/work/reko/reko/src/Core/Code/Assignment.cs:line 60
   at Reko.Typing.TypeCollector.CollectTypes() in /home/runner/work/reko/reko/src/Decompiler/Typing/TypeCollector.cs:line 74
004019D1: error: An error occurred while processing the statement v83 = Mem0[ebx + 0<32>:byte] | cl.
    Specified argument was out of the range of valid values. (Parameter 'bitSize')
       at Reko.Core.Types.PrimitiveType.CreateWord(Int32 bitSize) in /home/runner/work/reko/reko/src/Core/Types/PrimitiveType.cs:line 141
   at Reko.Core.Expressions.ExpressionTypeAscenderBase.VisitBinaryExpression(BinaryExpression binExp) in /home/runner/work/reko/reko/src/Core/Expressions/ExpressionTypeAscenderBase.cs:line 131
   at Reko.Core.Expressions.BinaryExpression.Accept[T](ExpressionVisitor`1 v) in /home/runner/work/reko/reko/src/Core/Expressions/BinaryExpression.cs:line 57
   at Reko.Typing.TypeCollector.VisitAssignment(Assignment ass) in /home/runner/work/reko/reko/src/Decompiler/Typing/TypeCollector.cs:line 186
   at Reko.Core.Code.Assignment.Accept(InstructionVisitor v) in /home/runner/work/reko/reko/src/Core/Code/Assignment.cs:line 60
   at Reko.Typing.TypeCollector.CollectTypes() in /home/runner/work/reko/reko/src/Decompiler/Typing/TypeCollector.cs:line 74
004019DA: error: An error occurred while processing the statement v84 = Mem0[ebx + 0<32>:byte] | bl.
    Specified argument was out of the range of valid values. (Parameter 'bitSize')
       at Reko.Core.Types.PrimitiveType.CreateWord(Int32 bitSize) in /home/runner/work/reko/reko/src/Core/Types/PrimitiveType.cs:line 141
   at Reko.Core.Expressions.ExpressionTypeAscenderBase.VisitBinaryExpression(BinaryExpression binExp) in /home/runner/work/reko/reko/src/Core/Expressions/ExpressionTypeAscenderBase.cs:line 131
   at Reko.Core.Expressions.BinaryExpression.Accept[T](ExpressionVisitor`1 v) in /home/runner/work/reko/reko/src/Core/Expressions/BinaryExpression.cs:line 57
   at Reko.Typing.TypeCollector.VisitAssignment(Assignment ass) in /home/runner/work/reko/reko/src/Decompiler/Typing/TypeCollector.cs:line 186
   at Reko.Core.Code.Assignment.Accept(InstructionVisitor v) in /home/runner/work/reko/reko/src/Core/Code/Assignment.cs:line 60
   at Reko.Typing.TypeCollector.CollectTypes() in /home/runner/work/reko/reko/src/Decompiler/Typing/TypeCollector.cs:line 74
004019EC: error: An error occurred while processing the statement v86 = Mem0[eax + 0<32>:word32] | ecx.
    Specified argument was out of the range of valid values. (Parameter 'bitSize')
       at Reko.Core.Types.PrimitiveType.CreateWord(Int32 bitSize) in /home/runner/work/reko/reko/src/Core/Types/PrimitiveType.cs:line 141
   at Reko.Core.Expressions.ExpressionTypeAscenderBase.VisitBinaryExpression(BinaryExpression binExp) in /home/runner/work/reko/reko/src/Core/Expressions/ExpressionTypeAscenderBase.cs:line 131
   at Reko.Core.Expressions.BinaryExpression.Accept[T](ExpressionVisitor`1 v) in /home/runner/work/reko/reko/src/Core/Expressions/BinaryExpression.cs:line 57
   at Reko.Typing.TypeCollector.VisitAssignment(Assignment ass) in /home/runner/work/reko/reko/src/Decompiler/Typing/TypeCollector.cs:line 186
   at Reko.Core.Code.Assignment.Accept(InstructionVisitor v) in /home/runner/work/reko/reko/src/Core/Code/Assignment.cs:line 60
   at Reko.Typing.TypeCollector.CollectTypes() in /home/runner/work/reko/reko/src/Decompiler/Typing/TypeCollector.cs:line 74
004019F4: error: An error occurred while processing the statement v88 = Mem0[eax + 0<32>:word32] | ecx.
    Specified argument was out of the range of valid values. (Parameter 'bitSize')
       at Reko.Core.Types.PrimitiveType.CreateWord(Int32 bitSize) in /home/runner/work/reko/reko/src/Core/Types/PrimitiveType.cs:line 141
   at Reko.Core.Expressions.ExpressionTypeAscenderBase.VisitBinaryExpression(BinaryExpression binExp) in /home/runner/work/reko/reko/src/Core/Expressions/ExpressionTypeAscenderBase.cs:line 131
   at Reko.Core.Expressions.BinaryExpression.Accept[T](ExpressionVisitor`1 v) in /home/runner/work/reko/reko/src/Core/Expressions/BinaryExpression.cs:line 57
   at Reko.Typing.TypeCollector.VisitAssignment(Assignment ass) in /home/runner/work/reko/reko/src/Decompiler/Typing/TypeCollector.cs:line 186
   at Reko.Core.Code.Assignment.Accept(InstructionVisitor v) in /home/runner/work/reko/reko/src/Core/Code/Assignment.cs:line 60
   at Reko.Typing.TypeCollector.CollectTypes() in /home/runner/work/reko/reko/src/Decompiler/Typing/TypeCollector.cs:line 74
004019F9: error: An error occurred while processing the statement v90 = Mem0[eax + 0<32>:word32] | ecx.
    Specified argument was out of the range of valid values. (Parameter 'bitSize')
       at Reko.Core.Types.PrimitiveType.CreateWord(Int32 bitSize) in /home/runner/work/reko/reko/src/Core/Types/PrimitiveType.cs:line 141
   at Reko.Core.Expressions.ExpressionTypeAscenderBase.VisitBinaryExpression(BinaryExpression binExp) in /home/runner/work/reko/reko/src/Core/Expressions/ExpressionTypeAscenderBase.cs:line 131
   at Reko.Core.Expressions.BinaryExpression.Accept[T](ExpressionVisitor`1 v) in /home/runner/work/reko/reko/src/Core/Expressions/BinaryExpression.cs:line 57
   at Reko.Typing.TypeCollector.VisitAssignment(Assignment ass) in /home/runner/work/reko/reko/src/Decompiler/Typing/TypeCollector.cs:line 186
   at Reko.Core.Code.Assignment.Accept(InstructionVisitor v) in /home/runner/work/reko/reko/src/Core/Code/Assignment.cs:line 60
   at Reko.Typing.TypeCollector.CollectTypes() in /home/runner/work/reko/reko/src/Decompiler/Typing/TypeCollector.cs:line 74
004019FE: error: An error occurred while processing the statement v92 = Mem0[eax + 0<32>:word32] | ecx.
    Specified argument was out of the range of valid values. (Parameter 'bitSize')
       at Reko.Core.Types.PrimitiveType.CreateWord(Int32 bitSize) in /home/runner/work/reko/reko/src/Core/Types/PrimitiveType.cs:line 141
   at Reko.Core.Expressions.ExpressionTypeAscenderBase.VisitBinaryExpression(BinaryExpression binExp) in /home/runner/work/reko/reko/src/Core/Expressions/ExpressionTypeAscenderBase.cs:line 131
   at Reko.Core.Expressions.BinaryExpression.Accept[T](ExpressionVisitor`1 v) in /home/runner/work/reko/reko/src/Core/Expressions/BinaryExpression.cs:line 57
   at Reko.Typing.TypeCollector.VisitAssignment(Assignment ass) in /home/runner/work/reko/reko/src/Decompiler/Typing/TypeCollector.cs:line 186
   at Reko.Core.Code.Assignment.Accept(InstructionVisitor v) in /home/runner/work/reko/reko/src/Core/Code/Assignment.cs:line 60
   at Reko.Typing.TypeCollector.CollectTypes() in /home/runner/work/reko/reko/src/Decompiler/Typing/TypeCollector.cs:line 74
00401A09: error: An error occurred while processing the statement SZP = cond(Mem0[eax + 0<32>:word32] & edx).
    Specified argument was out of the range of valid values. (Parameter 'bitSize')
       at Reko.Core.Types.PrimitiveType.CreateWord(Int32 bitSize) in /home/runner/work/reko/reko/src/Core/Types/PrimitiveType.cs:line 141
   at Reko.Core.Expressions.ExpressionTypeAscenderBase.VisitBinaryExpression(BinaryExpression binExp) in /home/runner/work/reko/reko/src/Core/Expressions/ExpressionTypeAscenderBase.cs:line 131
   at Reko.Core.Expressions.BinaryExpression.Accept[T](ExpressionVisitor`1 v) in /home/runner/work/reko/reko/src/Core/Expressions/BinaryExpression.cs:line 57
   at Reko.Core.Expressions.ExpressionTypeAscenderBase.VisitConditionOf(ConditionOf cof) in /home/runner/work/reko/reko/src/Core/Expressions/ExpressionTypeAscenderBase.cs:line 333
   at Reko.Core.Expressions.ConditionOf.Accept[T](ExpressionVisitor`1 visitor) in /home/runner/work/reko/reko/src/Core/Expressions/ConditionOf.cs:line 70
   at Reko.Typing.TypeCollector.VisitAssignment(Assignment ass) in /home/runner/work/reko/reko/src/Decompiler/Typing/TypeCollector.cs:line 186
   at Reko.Core.Code.Assignment.Accept(InstructionVisitor v) in /home/runner/work/reko/reko/src/Core/Code/Assignment.cs:line 60
   at Reko.Typing.TypeCollector.CollectTypes() in /home/runner/work/reko/reko/src/Decompiler/Typing/TypeCollector.cs:line 74
00401A15: error: An error occurred while processing the statement v95 = Mem0[ebx + 0<32>:byte] | cl.
    Specified argument was out of the range of valid values. (Parameter 'bitSize')
       at Reko.Core.Types.PrimitiveType.CreateWord(Int32 bitSize) in /home/runner/work/reko/reko/src/Core/Types/PrimitiveType.cs:line 141
   at Reko.Core.Expressions.ExpressionTypeAscenderBase.VisitBinaryExpression(BinaryExpression binExp) in /home/runner/work/reko/reko/src/Core/Expressions/ExpressionTypeAscenderBase.cs:line 131
   at Reko.Core.Expressions.BinaryExpression.Accept[T](ExpressionVisitor`1 v) in /home/runner/work/reko/reko/src/Core/Expressions/BinaryExpression.cs:line 57
   at Reko.Typing.TypeCollector.VisitAssignment(Assignment ass) in /home/runner/work/reko/reko/src/Decompiler/Typing/TypeCollector.cs:line 186
   at Reko.Core.Code.Assignment.Accept(InstructionVisitor v) in /home/runner/work/reko/reko/src/Core/Code/Assignment.cs:line 60
   at Reko.Typing.TypeCollector.CollectTypes() in /home/runner/work/reko/reko/src/Decompiler/Typing/TypeCollector.cs:line 74
fn00401022: error: An error occurred while rewriting procedure to high-level language.
    Index was out of range. Must be non-negative and less than the size of the collection. (Parameter 'index')
       at System.Collections.Generic.List`1.get_Item(Int32 index)
   at Reko.Core.Block.get_ThenBlock() in /home/runner/work/reko/reko/src/Core/Block.cs:line 91
   at Reko.Structure.CompoundConditionCoalescer.MaybeCoalesce(Block block) in /home/runner/work/reko/reko/src/Decompiler/Structure/CompoundConditionCoalescer.cs:line 96
   at Reko.Structure.CompoundConditionCoalescer.Transform() in /home/runner/work/reko/reko/src/Decompiler/Structure/CompoundConditionCoalescer.cs:line 62
   at Reko.Structure.StructureAnalysis.Structure() in /home/runner/work/reko/reko/src/Decompiler/Structure/StructureAnalysis.cs:line 78
   at Reko.Decompiler.StructureProgram() in /home/runner/work/reko/reko/src/Decompiler/Decompiler.cs:line 551
fn0040104E: warning: Structure analysis stopped making progress, quitting. Please report this issue at https://github.com/uxmal/reko
fn00401063: warning: Structure analysis stopped making progress, quitting. Please report this issue at https://github.com/uxmal/reko
fn0040111E: warning: Structure analysis stopped making progress, quitting. Please report this issue at https://github.com/uxmal/reko
fn004011A4: warning: Structure analysis stopped making progress, quitting. Please report this issue at https://github.com/uxmal/reko
fn004011E1: warning: Structure analysis stopped making progress, quitting. Please report this issue at https://github.com/uxmal/reko
fn004011F8: warning: Structure analysis stopped making progress, quitting. Please report this issue at https://github.com/uxmal/reko
fn0040123A: warning: Structure analysis stopped making progress, quitting. Please report this issue at https://github.com/uxmal/reko
fn00401256: warning: Structure analysis stopped making progress, quitting. Please report this issue at https://github.com/uxmal/reko
fn004012A9: warning: Structure analysis stopped making progress, quitting. Please report this issue at https://github.com/uxmal/reko
fn004012DD: warning: Structure analysis stopped making progress, quitting. Please report this issue at https://github.com/uxmal/reko
fn0040131C: warning: Structure analysis stopped making progress, quitting. Please report this issue at https://github.com/uxmal/reko
fn0040137C: warning: Structure analysis stopped making progress, quitting. Please report this issue at https://github.com/uxmal/reko
fn0040139B: warning: Structure analysis stopped making progress, quitting. Please report this issue at https://github.com/uxmal/reko
fn00401400: warning: Structure analysis stopped making progress, quitting. Please report this issue at https://github.com/uxmal/reko
fn00401452: warning: Structure analysis stopped making progress, quitting. Please report this issue at https://github.com/uxmal/reko
Win32CrtStartup: warning: Structure analysis stopped making progress, quitting. Please report this issue at https://github.com/uxmal/reko
fn004015D4: warning: Structure analysis stopped making progress, quitting. Please report this issue at https://github.com/uxmal/reko
fn00401623: warning: Structure analysis stopped making progress, quitting. Please report this issue at https://github.com/uxmal/reko
fn00401645: warning: Structure analysis stopped making progress, quitting. Please report this issue at https://github.com/uxmal/reko
fn00401669: warning: Structure analysis stopped making progress, quitting. Please report this issue at https://github.com/uxmal/reko
fn00401688: warning: Structure analysis stopped making progress, quitting. Please report this issue at https://github.com/uxmal/reko
fn004016BD: warning: Structure analysis stopped making progress, quitting. Please report this issue at https://github.com/uxmal/reko
fn004016D3: warning: Structure analysis stopped making progress, quitting. Please report this issue at https://github.com/uxmal/reko
fn004016F0: warning: Structure analysis stopped making progress, quitting. Please report this issue at https://github.com/uxmal/reko
fn0040173E: warning: Structure analysis stopped making progress, quitting. Please report this issue at https://github.com/uxmal/reko
fn00401755: error: An error occurred while rewriting procedure to high-level language.
    The given key 'l00401A92' was not present in the dictionary.
       at System.Collections.Generic.Dictionary`2.get_Item(TKey key)
   at Reko.Core.Graphs.DominatorGraph`1.BuildDominanceFrontiers(DirectedGraph`1 graph, Dictionary`2 idoms) in /home/runner/work/reko/reko/src/Core/Graphs/DominatorGraph.cs:line 193
   at Reko.Core.Graphs.DominatorGraph`1..ctor(DirectedGraph`1 graph, T entryNode) in /home/runner/work/reko/reko/src/Core/Graphs/DominatorGraph.cs:line 46
   at Reko.Structure.StructureAnalysis.Execute() in /home/runner/work/reko/reko/src/Decompiler/Structure/StructureAnalysis.cs:line 145
   at Reko.Structure.StructureAnalysis.Structure() in /home/runner/work/reko/reko/src/Decompiler/Structure/StructureAnalysis.cs:line 80
   at Reko.Decompiler.StructureProgram() in /home/runner/work/reko/reko/src/Decompiler/Decompiler.cs:line 551
fn0040177A: error: An error occurred while rewriting procedure to high-level language.
    Index was out of range. Must be non-negative and less than the size of the collection. (Parameter 'index')
       at System.Collections.Generic.List`1.get_Item(Int32 index)
   at Reko.Core.Block.get_ThenBlock() in /home/runner/work/reko/reko/src/Core/Block.cs:line 91
   at Reko.Structure.CompoundConditionCoalescer.MaybeCoalesce(Block block) in /home/runner/work/reko/reko/src/Decompiler/Structure/CompoundConditionCoalescer.cs:line 96
   at Reko.Structure.CompoundConditionCoalescer.Transform() in /home/runner/work/reko/reko/src/Decompiler/Structure/CompoundConditionCoalescer.cs:line 62
   at Reko.Structure.StructureAnalysis.Structure() in /home/runner/work/reko/reko/src/Decompiler/Structure/StructureAnalysis.cs:line 78
   at Reko.Decompiler.StructureProgram() in /home/runner/work/reko/reko/src/Decompiler/Decompiler.cs:line 551
fn004024A8: error: An error occurred while rewriting procedure to high-level language.
    The given key 'l004024B5' was not present in the dictionary.
       at System.Collections.Generic.Dictionary`2.get_Item(TKey key)
   at Reko.Core.Graphs.DominatorGraph`1.BuildDominanceFrontiers(DirectedGraph`1 graph, Dictionary`2 idoms) in /home/runner/work/reko/reko/src/Core/Graphs/DominatorGraph.cs:line 193
   at Reko.Core.Graphs.DominatorGraph`1..ctor(DirectedGraph`1 graph, T entryNode) in /home/runner/work/reko/reko/src/Core/Graphs/DominatorGraph.cs:line 46
   at Reko.Structure.StructureAnalysis.Execute() in /home/runner/work/reko/reko/src/Decompiler/Structure/StructureAnalysis.cs:line 145
   at Reko.Structure.StructureAnalysis.Structure() in /home/runner/work/reko/reko/src/Decompiler/Structure/StructureAnalysis.cs:line 80
   at Reko.Decompiler.StructureProgram() in /home/runner/work/reko/reko/src/Decompiler/Decompiler.cs:line 551
fn00402505: warning: Structure analysis stopped making progress, quitting. Please report this issue at https://github.com/uxmal/reko
fn0040253D: warning: Structure analysis stopped making progress, quitting. Please report this issue at https://github.com/uxmal/reko
fn004025A8: error: An error occurred while rewriting procedure to high-level language.
    Index was out of range. Must be non-negative and less than the size of the collection. (Parameter 'index')
       at System.Collections.Generic.List`1.get_Item(Int32 index)
   at Reko.Core.Block.get_ThenBlock() in /home/runner/work/reko/reko/src/Core/Block.cs:line 91
   at Reko.Structure.CompoundConditionCoalescer.MaybeCoalesce(Block block) in /home/runner/work/reko/reko/src/Decompiler/Structure/CompoundConditionCoalescer.cs:line 96
   at Reko.Structure.CompoundConditionCoalescer.Transform() in /home/runner/work/reko/reko/src/Decompiler/Structure/CompoundConditionCoalescer.cs:line 62
   at Reko.Structure.StructureAnalysis.Structure() in /home/runner/work/reko/reko/src/Decompiler/Structure/StructureAnalysis.cs:line 78
   at Reko.Decompiler.StructureProgram() in /home/runner/work/reko/reko/src/Decompiler/Decompiler.cs:line 551
fn004025E9: warning: Structure analysis stopped making progress, quitting. Please report this issue at https://github.com/uxmal/reko
fn00402626: warning: Structure analysis stopped making progress, quitting. Please report this issue at https://github.com/uxmal/reko
fn004026E6: warning: Structure analysis stopped making progress, quitting. Please report this issue at https://github.com/uxmal/reko
fn0040270A: error: An error occurred while rewriting procedure to high-level language.
    Can't collapse l0040270C (Tail) => l0040270A) in procedure fn0040270A
       at Reko.Structure.StructureAnalysis.CollapseToTailRegion(Region from, Region to, AbsynStatement stm) in /home/runner/work/reko/reko/src/Decompiler/Structure/StructureAnalysis.cs:line 980
   at Reko.Structure.StructureAnalysis.VirtualizeEdge(VirtualEdge vEdge) in /home/runner/work/reko/reko/src/Decompiler/Structure/StructureAnalysis.cs:line 930
   at Reko.Structure.StructureAnalysis.LastResort(Region n) in /home/runner/work/reko/reko/src/Decompiler/Structure/StructureAnalysis.cs:line 1497
   at Reko.Structure.StructureAnalysis.ProcessUnresolvedRegions() in /home/runner/work/reko/reko/src/Decompiler/Structure/StructureAnalysis.cs:line 293
   at Reko.Structure.StructureAnalysis.Execute() in /home/runner/work/reko/reko/src/Decompiler/Structure/StructureAnalysis.cs:line 170
   at Reko.Structure.StructureAnalysis.Structure() in /home/runner/work/reko/reko/src/Decompiler/Structure/StructureAnalysis.cs:line 80
   at Reko.Decompiler.StructureProgram() in /home/runner/work/reko/reko/src/Decompiler/Decompiler.cs:line 551
fn00402724: warning: Structure analysis stopped making progress, quitting. Please report this issue at https://github.com/uxmal/reko
fn00402761: warning: Structure analysis stopped making progress, quitting. Please report this issue at https://github.com/uxmal/reko
fn0040277E: warning: Structure analysis stopped making progress, quitting. Please report this issue at https://github.com/uxmal/reko
fn0040284A: warning: Structure analysis stopped making progress, quitting. Please report this issue at https://github.com/uxmal/reko
fn004028BC: warning: Structure analysis stopped making progress, quitting. Please report this issue at https://github.com/uxmal/reko
fn00402912: warning: Structure analysis stopped making progress, quitting. Please report this issue at https://github.com/uxmal/reko
fn00402A07: warning: Structure analysis stopped making progress, quitting. Please report this issue at https://github.com/uxmal/reko
fn00402B88: warning: Structure analysis stopped making progress, quitting. Please report this issue at https://github.com/uxmal/reko
fn00402BE6: warning: Structure analysis stopped making progress, quitting. Please report this issue at https://github.com/uxmal/reko
fn00402C1D: warning: Structure analysis stopped making progress, quitting. Please report this issue at https://github.com/uxmal/reko
fn00402CCB: warning: Structure analysis stopped making progress, quitting. Please report this issue at https://github.com/uxmal/reko
fn00402D06: warning: Structure analysis stopped making progress, quitting. Please report this issue at https://github.com/uxmal/reko
fn00402D27: warning: Structure analysis stopped making progress, quitting. Please report this issue at https://github.com/uxmal/reko
fn00402D5B: warning: Structure analysis stopped making progress, quitting. Please report this issue at https://github.com/uxmal/reko
fn00402DB3: warning: Structure analysis stopped making progress, quitting. Please report this issue at https://github.com/uxmal/reko
fn00402E10: warning: Structure analysis stopped making progress, quitting. Please report this issue at https://github.com/uxmal/reko
fn00402E88: error: An error occurred while rewriting procedure to high-level language.
    Index was out of range. Must be non-negative and less than the size of the collection. (Parameter 'index')
       at System.Collections.Generic.List`1.get_Item(Int32 index)
   at Reko.Core.Block.get_ThenBlock() in /home/runner/work/reko/reko/src/Core/Block.cs:line 91
   at Reko.Structure.CompoundConditionCoalescer.MaybeCoalesce(Block block) in /home/runner/work/reko/reko/src/Decompiler/Structure/CompoundConditionCoalescer.cs:line 96
   at Reko.Structure.CompoundConditionCoalescer.Transform() in /home/runner/work/reko/reko/src/Decompiler/Structure/CompoundConditionCoalescer.cs:line 62
   at Reko.Structure.StructureAnalysis.Structure() in /home/runner/work/reko/reko/src/Decompiler/Structure/StructureAnalysis.cs:line 78
   at Reko.Decompiler.StructureProgram() in /home/runner/work/reko/reko/src/Decompiler/Decompiler.cs:line 551
fn00402EA5: warning: Structure analysis stopped making progress, quitting. Please report this issue at https://github.com/uxmal/reko
fn00402F77: error: An error occurred while rewriting procedure to high-level language.
    Index was out of range. Must be non-negative and less than the size of the collection. (Parameter 'index')
       at System.Collections.Generic.List`1.get_Item(Int32 index)
   at Reko.Core.Block.get_ThenBlock() in /home/runner/work/reko/reko/src/Core/Block.cs:line 91
   at Reko.Structure.CompoundConditionCoalescer.MaybeCoalesce(Block block) in /home/runner/work/reko/reko/src/Decompiler/Structure/CompoundConditionCoalescer.cs:line 96
   at Reko.Structure.CompoundConditionCoalescer.Transform() in /home/runner/work/reko/reko/src/Decompiler/Structure/CompoundConditionCoalescer.cs:line 62
   at Reko.Structure.StructureAnalysis.Structure() in /home/runner/work/reko/reko/src/Decompiler/Structure/StructureAnalysis.cs:line 78
   at Reko.Decompiler.StructureProgram() in /home/runner/work/reko/reko/src/Decompiler/Decompiler.cs:line 551
fn00402FF0: warning: Structure analysis stopped making progress, quitting. Please report this issue at https://github.com/uxmal/reko
fn00403066: warning: Structure analysis stopped making progress, quitting. Please report this issue at https://github.com/uxmal/reko
fn0040309E: warning: Structure analysis stopped making progress, quitting. Please report this issue at https://github.com/uxmal/reko
fn004030F1: warning: Structure analysis stopped making progress, quitting. Please report this issue at https://github.com/uxmal/reko
fn00403125: warning: Structure analysis stopped making progress, quitting. Please report this issue at https://github.com/uxmal/reko
fn00403197: warning: Structure analysis stopped making progress, quitting. Please report this issue at https://github.com/uxmal/reko
fn004031DB: warning: Structure analysis stopped making progress, quitting. Please report this issue at https://github.com/uxmal/reko
fn00403232: error: An error occurred while rewriting procedure to high-level language.
    Index was out of range. Must be non-negative and less than the size of the collection. (Parameter 'index')
       at System.Collections.Generic.List`1.get_Item(Int32 index)
   at Reko.Core.Block.get_ThenBlock() in /home/runner/work/reko/reko/src/Core/Block.cs:line 91
   at Reko.Structure.CompoundConditionCoalescer.MaybeCoalesce(Block block) in /home/runner/work/reko/reko/src/Decompiler/Structure/CompoundConditionCoalescer.cs:line 96
   at Reko.Structure.CompoundConditionCoalescer.Transform() in /home/runner/work/reko/reko/src/Decompiler/Structure/CompoundConditionCoalescer.cs:line 62
   at Reko.Structure.StructureAnalysis.Structure() in /home/runner/work/reko/reko/src/Decompiler/Structure/StructureAnalysis.cs:line 78
   at Reko.Decompiler.StructureProgram() in /home/runner/work/reko/reko/src/Decompiler/Decompiler.cs:line 551
fn00403292: warning: Structure analysis stopped making progress, quitting. Please report this issue at https://github.com/uxmal/reko
fn00403322: warning: Structure analysis stopped making progress, quitting. Please report this issue at https://github.com/uxmal/reko
fn00403338: warning: Structure analysis stopped making progress, quitting. Please report this issue at https://github.com/uxmal/reko
fn0040336F: warning: Structure analysis stopped making progress, quitting. Please report this issue at https://github.com/uxmal/reko
fn004033C0: warning: Structure analysis stopped making progress, quitting. Please report this issue at https://github.com/uxmal/reko
