=== Using options:--aggressive-branch-removal
00402E09: warning: Call target address 03EA1EFD is invalid.
0040289B: warning: Call target address 8762:A8F6 is invalid.
00402D6A: warning: Call target address 8D8E803B is invalid.
00402D6A: warning: Call target address 8D8E803B is invalid.
004020A6: warning: Call target address C43EF9D5 is invalid.
004024C2: warning: Call target address 2C02252D is invalid.
004023D3: warning: Call target address 6D0152FB is invalid.
00403015: warning: Call target address 20C62944 is invalid.
004012D9: warning: Call target address 58F5E99C is invalid.
/home/hawk/kza/decompiler-subjects.clean/malware_via_email/malware_1788/ia32_pe/subject.exe: error: An internal error occurred while analyzing /home/hawk/kza/decompiler-subjects.clean/malware_via_email/malware_1788/ia32_pe/subject.exe.
    An item with the same key has already been added. Key: eax
       at System.Collections.Generic.Dictionary`2.TryInsert(TKey key, TValue value, InsertionBehavior behavior)
   at System.Collections.Generic.Dictionary`2.Add(TKey key, TValue value)
   at Reko.Analysis.SsaIdentifierCollection.Add(Identifier idOld, Statement stmDef, Boolean isSideEffect) in /home/runner/work/reko/reko/src/Decompiler/Analysis/SsaIdentifierCollection.cs:line 50
   at Reko.Analysis.ProjectionPropagator.ProjectionFilter.RewriteSeqOfDefs(SsaIdentifier[] sids, Identifier idWide) in /home/runner/work/reko/reko/src/Decompiler/Analysis/ProjectionPropagator.cs:line 402
   at Reko.Analysis.ProjectionPropagator.ProjectionFilter.FuseIdentifiers(DataType dtWide, SsaIdentifier[] sids) in /home/runner/work/reko/reko/src/Decompiler/Analysis/ProjectionPropagator.cs:line 264
   at Reko.Analysis.ProjectionPropagator.ProjectionFilter.VisitMkSequence(MkSequence seq) in /home/runner/work/reko/reko/src/Decompiler/Analysis/ProjectionPropagator.cs:line 209
   at Reko.Core.Expressions.MkSequence.Accept[T](ExpressionVisitor`1 v) in /home/runner/work/reko/reko/src/Core/Expressions/MkSequence.cs:line 56
   at Reko.Core.Code.InstructionTransformer.TransformAssignment(Assignment a) in /home/runner/work/reko/reko/src/Core/Code/InstructionTransformer.cs:line 50
   at Reko.Core.Code.Assignment.Accept(InstructionTransformer xform) in /home/runner/work/reko/reko/src/Core/Code/Assignment.cs:line 44
   at Reko.Analysis.ProjectionPropagator.Transform() in /home/runner/work/reko/reko/src/Decompiler/Analysis/ProjectionPropagator.cs:line 73
   at Reko.Analysis.SccWorker.Transform() in /home/runner/work/reko/reko/src/Decompiler/Analysis/SccWorker.cs:line 115
   at Reko.Analysis.DataFlowAnalysis.RewriteProceduresToSsa() in /home/runner/work/reko/reko/src/Decompiler/Analysis/DataFlowAnalysis.cs:line 178
   at Reko.Analysis.DataFlowAnalysis.UntangleProcedures() in /home/runner/work/reko/reko/src/Decompiler/Analysis/DataFlowAnalysis.cs:line 128
   at Reko.Decompiler.AnalyzeDataFlow() in /home/runner/work/reko/reko/src/Decompiler/Decompiler.cs:line 111
0040147E: error: An error occurred while processing the statement SZP = cond(Mem0[ecx + 0<32>:byte] & bh).
    Specified argument was out of the range of valid values. (Parameter 'bitSize')
       at Reko.Core.Types.PrimitiveType.CreateWord(Int32 bitSize) in /home/runner/work/reko/reko/src/Core/Types/PrimitiveType.cs:line 127
   at Reko.Core.Expressions.ExpressionTypeAscenderBase.VisitBinaryExpression(BinaryExpression binExp) in /home/runner/work/reko/reko/src/Core/Expressions/ExpressionTypeAscenderBase.cs:line 131
   at Reko.Core.Expressions.BinaryExpression.Accept[T](ExpressionVisitor`1 v) in /home/runner/work/reko/reko/src/Core/Expressions/BinaryExpression.cs:line 57
   at Reko.Core.Expressions.ExpressionTypeAscenderBase.VisitConditionOf(ConditionOf cof) in /home/runner/work/reko/reko/src/Core/Expressions/ExpressionTypeAscenderBase.cs:line 333
   at Reko.Core.Expressions.ConditionOf.Accept[T](ExpressionVisitor`1 visitor) in /home/runner/work/reko/reko/src/Core/Expressions/ConditionOf.cs:line 70
   at Reko.Typing.TypeCollector.VisitAssignment(Assignment ass) in /home/runner/work/reko/reko/src/Decompiler/Typing/TypeCollector.cs:line 186
   at Reko.Core.Code.Assignment.Accept(InstructionVisitor v) in /home/runner/work/reko/reko/src/Core/Code/Assignment.cs:line 60
   at Reko.Typing.TypeCollector.CollectTypes() in /home/runner/work/reko/reko/src/Decompiler/Typing/TypeCollector.cs:line 74
00401512: error: An error occurred while processing the statement ax = Mem0[esi + 0<32>:byte] *s16 al.
    Specified argument was out of the range of valid values. (Parameter 'bitSize')
       at Reko.Core.Types.PrimitiveType.CreateWord(Int32 bitSize) in /home/runner/work/reko/reko/src/Core/Types/PrimitiveType.cs:line 127
   at Reko.Typing.ExpressionTypeDescender.VisitBinaryExpression(BinaryExpression binExp, TypeVariable tv) in /home/runner/work/reko/reko/src/Decompiler/Typing/ExpressionTypeDescender.cs:line 304
   at Reko.Core.Expressions.BinaryExpression.Accept[T,C](ExpressionVisitor`2 v, C context) in /home/runner/work/reko/reko/src/Core/Expressions/BinaryExpression.cs:line 52
   at Reko.Typing.TypeCollector.VisitAssignment(Assignment ass) in /home/runner/work/reko/reko/src/Decompiler/Typing/TypeCollector.cs:line 188
   at Reko.Core.Code.Assignment.Accept(InstructionVisitor v) in /home/runner/work/reko/reko/src/Core/Code/Assignment.cs:line 60
   at Reko.Typing.TypeCollector.CollectTypes() in /home/runner/work/reko/reko/src/Decompiler/Typing/TypeCollector.cs:line 74
004013E4: error: An error occurred while processing the statement v74 = Mem0[edi + 0<32>:byte] | dh.
    Specified argument was out of the range of valid values. (Parameter 'bitSize')
       at Reko.Core.Types.PrimitiveType.CreateWord(Int32 bitSize) in /home/runner/work/reko/reko/src/Core/Types/PrimitiveType.cs:line 127
   at Reko.Core.Expressions.ExpressionTypeAscenderBase.VisitBinaryExpression(BinaryExpression binExp) in /home/runner/work/reko/reko/src/Core/Expressions/ExpressionTypeAscenderBase.cs:line 131
   at Reko.Core.Expressions.BinaryExpression.Accept[T](ExpressionVisitor`1 v) in /home/runner/work/reko/reko/src/Core/Expressions/BinaryExpression.cs:line 57
   at Reko.Typing.TypeCollector.VisitAssignment(Assignment ass) in /home/runner/work/reko/reko/src/Decompiler/Typing/TypeCollector.cs:line 186
   at Reko.Core.Code.Assignment.Accept(InstructionVisitor v) in /home/runner/work/reko/reko/src/Core/Code/Assignment.cs:line 60
   at Reko.Typing.TypeCollector.CollectTypes() in /home/runner/work/reko/reko/src/Decompiler/Typing/TypeCollector.cs:line 74
fn00402179_exit: warning: Phi functions will be ignored by type analysis. This may be caused by a failure in a previous stage of the decompilation.
fn004010B0: warning: Structure analysis stopped making progress, quitting. Please report this issue at https://github.com/uxmal/reko
fn004011A6: warning: Structure analysis stopped making progress, quitting. Please report this issue at https://github.com/uxmal/reko
fn004012E0: error: An error occurred while rewriting procedure to high-level language.
    Index was out of range. Must be non-negative and less than the size of the collection. (Parameter 'index')
       at System.Collections.Generic.List`1.get_Item(Int32 index)
   at Reko.Core.Block.get_ThenBlock() in /home/runner/work/reko/reko/src/Core/Block.cs:line 91
   at Reko.Structure.CompoundConditionCoalescer.MaybeCoalesce(Block block) in /home/runner/work/reko/reko/src/Decompiler/Structure/CompoundConditionCoalescer.cs:line 96
   at Reko.Structure.CompoundConditionCoalescer.Transform() in /home/runner/work/reko/reko/src/Decompiler/Structure/CompoundConditionCoalescer.cs:line 62
   at Reko.Structure.StructureAnalysis.Structure() in /home/runner/work/reko/reko/src/Decompiler/Structure/StructureAnalysis.cs:line 78
   at Reko.Decompiler.StructureProgram() in /home/runner/work/reko/reko/src/Decompiler/Decompiler.cs:line 551
fn0040133A: warning: Structure analysis stopped making progress, quitting. Please report this issue at https://github.com/uxmal/reko
fn004020BB: error: An error occurred while rewriting procedure to high-level language.
    The given key 'l004020CF_thunk_fn004020D1' was not present in the dictionary.
       at Reko.Structure.RegionGraphBuilder.Build() in /home/runner/work/reko/reko/src/Decompiler/Structure/RegionGraphBuilder.cs:line 75
   at Reko.Structure.StructureAnalysis.Execute() in /home/runner/work/reko/reko/src/Decompiler/Structure/StructureAnalysis.cs:line 126
   at Reko.Structure.StructureAnalysis.Structure() in /home/runner/work/reko/reko/src/Decompiler/Structure/StructureAnalysis.cs:line 80
   at Reko.Decompiler.StructureProgram() in /home/runner/work/reko/reko/src/Decompiler/Decompiler.cs:line 551
fn004022BE: warning: Structure analysis stopped making progress, quitting. Please report this issue at https://github.com/uxmal/reko
fn004022F4: warning: Structure analysis stopped making progress, quitting. Please report this issue at https://github.com/uxmal/reko
fn004026B7: warning: Structure analysis stopped making progress, quitting. Please report this issue at https://github.com/uxmal/reko
fn00402722: warning: Structure analysis stopped making progress, quitting. Please report this issue at https://github.com/uxmal/reko
fn00402876: error: An error occurred while rewriting procedure to high-level language.
    The given key 'l004028A2_thunk_fn004028A4' was not present in the dictionary.
       at Reko.Structure.RegionGraphBuilder.Build() in /home/runner/work/reko/reko/src/Decompiler/Structure/RegionGraphBuilder.cs:line 75
   at Reko.Structure.StructureAnalysis.Execute() in /home/runner/work/reko/reko/src/Decompiler/Structure/StructureAnalysis.cs:line 126
   at Reko.Structure.StructureAnalysis.Structure() in /home/runner/work/reko/reko/src/Decompiler/Structure/StructureAnalysis.cs:line 80
   at Reko.Decompiler.StructureProgram() in /home/runner/work/reko/reko/src/Decompiler/Decompiler.cs:line 551
fn004028F9: warning: Structure analysis stopped making progress, quitting. Please report this issue at https://github.com/uxmal/reko
fn004029E3: warning: Structure analysis stopped making progress, quitting. Please report this issue at https://github.com/uxmal/reko
fn00402C20: error: An error occurred while rewriting procedure to high-level language.
    The given key 'l00402C24' was not present in the dictionary.
       at Reko.Structure.RegionGraphBuilder.Build() in /home/runner/work/reko/reko/src/Decompiler/Structure/RegionGraphBuilder.cs:line 75
   at Reko.Structure.StructureAnalysis.Execute() in /home/runner/work/reko/reko/src/Decompiler/Structure/StructureAnalysis.cs:line 126
   at Reko.Structure.StructureAnalysis.Structure() in /home/runner/work/reko/reko/src/Decompiler/Structure/StructureAnalysis.cs:line 80
   at Reko.Decompiler.StructureProgram() in /home/runner/work/reko/reko/src/Decompiler/Decompiler.cs:line 551
fn00402CFC: error: An error occurred while rewriting procedure to high-level language.
    Index was out of range. Must be non-negative and less than the size of the collection. (Parameter 'index')
       at System.Collections.Generic.List`1.get_Item(Int32 index)
   at Reko.Core.Block.get_ThenBlock() in /home/runner/work/reko/reko/src/Core/Block.cs:line 91
   at Reko.Structure.CompoundConditionCoalescer.MaybeCoalesce(Block block) in /home/runner/work/reko/reko/src/Decompiler/Structure/CompoundConditionCoalescer.cs:line 96
   at Reko.Structure.CompoundConditionCoalescer.Transform() in /home/runner/work/reko/reko/src/Decompiler/Structure/CompoundConditionCoalescer.cs:line 62
   at Reko.Structure.StructureAnalysis.Structure() in /home/runner/work/reko/reko/src/Decompiler/Structure/StructureAnalysis.cs:line 78
   at Reko.Decompiler.StructureProgram() in /home/runner/work/reko/reko/src/Decompiler/Decompiler.cs:line 551
