Using options:
08049F14: warning: Unable to resolve imported reference !__gmon_start__.
0804A940: error: The method or operation is not implemented.
0806837A: warning: Unable to determine format string for call to 'fprintf'.
08049E04: warning: Unable to resolve imported reference !sigemptyset.
0804A664: warning: Unable to resolve imported reference !sigaddset.
0804A5D4: warning: Unable to resolve imported reference !sigprocmask.
0804A5D4: warning: Unable to resolve imported reference !sigprocmask.
0804A444: warning: Unable to resolve imported reference !sigdelset.
0804A5D4: warning: Unable to resolve imported reference !sigprocmask.
08049F54: warning: Unable to resolve imported reference !__xstat64.
0804A494: warning: Unable to resolve imported reference !dlopen.
0804A044: warning: Unable to resolve imported reference !dlclose.
0804A214: warning: Unable to resolve imported reference !dlsym.
0804A634: warning: Unable to resolve imported reference !dlerror.
0804A264: warning: Unable to resolve imported reference !opendir.
0804A354: warning: Unable to resolve imported reference !readdir64.
0804A514: warning: Unable to resolve imported reference !closedir.
0804A674: warning: Unable to resolve imported reference !readlink.
08049F54: warning: Unable to resolve imported reference !__xstat64.
08049F54: warning: Unable to resolve imported reference !__xstat64.
0804A054: warning: Unable to resolve imported reference !rename.
0804A4B4: warning: Unable to resolve imported reference !chdir.
0804A6D4: warning: Unable to resolve imported reference !getcwd.
08049FE4: warning: Unable to resolve imported reference !system.
08049F54: warning: Unable to resolve imported reference !__xstat64.
0804A154: warning: Unable to resolve imported reference !getrusage.
0804A164: warning: Unable to resolve imported reference !gettimeofday.
0804A414: warning: Unable to resolve imported reference !getppid.
08049E64: warning: Unable to resolve imported reference !getpid.
08076F2C: warning: The call or jump table has invalid addresses; stopping.
0804A844: warning: Unable to resolve imported reference !lseek64.
0804A844: warning: Unable to resolve imported reference !lseek64.
0804A844: warning: Unable to resolve imported reference !lseek64.
0804A844: warning: Unable to resolve imported reference !lseek64.
0804A844: warning: Unable to resolve imported reference !lseek64.
0804A424: warning: Unable to resolve imported reference !setlocale.
0804A2D4: warning: Unable to resolve imported reference !__ctype_b_loc.
08049F94: warning: Unable to resolve imported reference !strtod.
08049F94: warning: Unable to resolve imported reference !strtod.
0804A144: warning: Unable to resolve imported reference !exp.
0804A0D4: warning: Unable to resolve imported reference !floor.
08049DE4: warning: Unable to resolve imported reference !fmod.
0804A554: warning: Unable to resolve imported reference !frexp.
08049DC4: warning: Unable to resolve imported reference !ldexp.
0804A6E4: warning: Unable to resolve imported reference !log.
0804A594: warning: Unable to resolve imported reference !log10.
0804A0E4: warning: Unable to resolve imported reference !modf.
0804A254: warning: Unable to resolve imported reference !sqrt.
0804A024: warning: Unable to resolve imported reference !pow.
0804A7F4: warning: Unable to resolve imported reference !sin.
08049F34: warning: Unable to resolve imported reference !sinh.
0804A3C4: warning: Unable to resolve imported reference !cos.
0804A7D4: warning: Unable to resolve imported reference !cosh.
0804A7A4: warning: Unable to resolve imported reference !tan.
0804A314: warning: Unable to resolve imported reference !tanh.
08049ED4: warning: Unable to resolve imported reference !asin.
0804A364: warning: Unable to resolve imported reference !acos.
0804A1D4: warning: Unable to resolve imported reference !atan.
0804A604: warning: Unable to resolve imported reference !atan2.
0804A8E4: warning: Unable to resolve imported reference !ceil.
0804A174: warning: Unable to resolve imported reference !expm1.
08049EB4: warning: Unable to resolve imported reference !log1p.
0804A1E4: warning: Unable to resolve imported reference !__fpclassify.
08068318: warning: Unable to determine format string for call to 'fprintf'.
080682D0: warning: Unable to determine format string for call to 'fprintf'.
080682EB: warning: Unable to determine format string for call to 'fprintf'.
0804A754: warning: Unable to resolve imported reference !getrlimit64.
08049E04: warning: Unable to resolve imported reference !sigemptyset.
0804A234: warning: Unable to resolve imported reference !sigaction.
08049E04: warning: Unable to resolve imported reference !sigemptyset.
0804A234: warning: Unable to resolve imported reference !sigaction.
08049E04: warning: Unable to resolve imported reference !sigemptyset.
0804A134: warning: Unable to resolve imported reference !sigaltstack.
0804A234: warning: Unable to resolve imported reference !sigaction.
0804A874: warning: Unable to resolve imported reference !__sigsetjmp.
08049F44: warning: Unable to resolve imported reference !__isoc99_sscanf.
08049F44: warning: Unable to resolve imported reference !__isoc99_sscanf.
0804A0C4: warning: Unable to resolve imported reference !wait.
0804A434: warning: Unable to resolve imported reference !waitpid.
0804A304: warning: Unable to resolve imported reference !umask.
0804A224: warning: Unable to resolve imported reference !truncate64.
0804A224: warning: Unable to resolve imported reference !truncate64.
0804A154: warning: Unable to resolve imported reference !getrusage.
0804A154: warning: Unable to resolve imported reference !getrusage.
0804A0F4: warning: Unable to resolve imported reference !tcgetattr.
0804A694: warning: Unable to resolve imported reference !cfgetospeed.
08049F74: warning: Unable to resolve imported reference !cfgetispeed.
0804A0F4: warning: Unable to resolve imported reference !tcgetattr.
0804A384: warning: Unable to resolve imported reference !cfsetospeed.
0804A8A4: warning: Unable to resolve imported reference !cfsetispeed.
0804A814: warning: Unable to resolve imported reference !tcsendbreak.
0804A124: warning: Unable to resolve imported reference !tcdrain.
0804A294: warning: Unable to resolve imported reference !tcflush.
08049E34: warning: Unable to resolve imported reference !tcflow.
0804A2A4: warning: Unable to resolve imported reference !symlink.
08049E14: warning: Unable to resolve imported reference !inet_ntop.
08049E14: warning: Unable to resolve imported reference !inet_ntop.
08049F54: warning: Unable to resolve imported reference !__xstat64.
0804A1C4: warning: Unable to resolve imported reference !__lxstat64.
0804A714: warning: Unable to resolve imported reference !__fxstat64.
08049F54: warning: Unable to resolve imported reference !__xstat64.
0804A1C4: warning: Unable to resolve imported reference !__lxstat64.
0804A714: warning: Unable to resolve imported reference !__fxstat64.
0804A7B4: warning: Unable to resolve imported reference !getsockopt.
0804A724: warning: Unable to resolve imported reference !setsockopt.
08049FA4: warning: Unable to resolve imported reference !socketpair.
0804A654: warning: Unable to resolve imported reference !sleep.
08049E04: warning: Unable to resolve imported reference !sigemptyset.
0804A664: warning: Unable to resolve imported reference !sigaddset.
0804A5D4: warning: Unable to resolve imported reference !sigprocmask.
08049F04: warning: Unable to resolve imported reference !sigismember.
0804A4F4: warning: Unable to resolve imported reference !sigpending.
0804A8C4: warning: Unable to resolve imported reference !sigsuspend.
08049EE4: warning: Unable to resolve imported reference !shutdown.
0804A324: warning: Unable to resolve imported reference !setuid.
0804A094: warning: Unable to resolve imported reference !setsid.
08049E54: warning: Unable to resolve imported reference !setgroups.
0804A7C4: warning: Unable to resolve imported reference !setgid.
08049FB4: warning: Unable to resolve imported reference !recv.
0804A824: warning: Unable to resolve imported reference !recvfrom.
0804A6C4: warning: Unable to resolve imported reference !send.
0804A014: warning: Unable to resolve imported reference !sendto.
0804A504: warning: Unable to resolve imported reference !select.
0804A624: warning: Unable to resolve imported reference !rmdir.
0804A544: warning: Unable to resolve imported reference !rewinddir.
0804A054: warning: Unable to resolve imported reference !rename.
0804A674: warning: Unable to resolve imported reference !readlink.
0804A354: warning: Unable to resolve imported reference !readdir64.
0804A4E4: warning: Unable to resolve imported reference !putenv.
0804A794: warning: Unable to resolve imported reference !pipe.
0804A264: warning: Unable to resolve imported reference !opendir.
0804A404: warning: Unable to resolve imported reference !nice.
0804A4A4: warning: Unable to resolve imported reference !mkfifo.
0804A844: warning: Unable to resolve imported reference !lseek64.
0804A844: warning: Unable to resolve imported reference !lseek64.
0804A034: warning: Unable to resolve imported reference !listen.
0804A784: warning: Unable to resolve imported reference !link.
0804A7E4: warning: Unable to resolve imported reference !kill.
0804A0E4: warning: Unable to resolve imported reference !modf.
0804A8E4: warning: Unable to resolve imported reference !ceil.
0804A084: warning: Unable to resolve imported reference !setitimer.
0804A854: warning: Unable to resolve imported reference !getitimer.
0804A2E4: warning: Unable to resolve imported reference !isatty.
0804A564: warning: Unable to resolve imported reference !initgroups.
0804A764: warning: Unable to resolve imported reference !gmtime.
0804A344: warning: Unable to resolve imported reference !mktime.
08049E94: warning: Unable to resolve imported reference !getsockname.
0804A884: warning: Unable to resolve imported reference !getservbyname.
0804A194: warning: Unable to resolve imported reference !getservbyport.
0804A164: warning: Unable to resolve imported reference !gettimeofday.
0804A834: warning: Unable to resolve imported reference !getpwnam.
0804A0A4: warning: Unable to resolve imported reference !getprotobyname.
0804A1F4: warning: Unable to resolve imported reference !getprotobynumber.
0804A414: warning: Unable to resolve imported reference !getppid.
08049E64: warning: Unable to resolve imported reference !getpid.
0804A804: warning: Unable to resolve imported reference !getpeername.
0804A6A4: warning: Unable to resolve imported reference !getnameinfo.
0804A064: warning: Unable to resolve imported reference !getlogin.
0804A5F4: warning: Unable to resolve imported reference !gethostname.
0804A274: warning: Unable to resolve imported reference !gethostbyaddr_r.
0804A454: warning: Unable to resolve imported reference !__h_errno_location.
0804A6F4: warning: Unable to resolve imported reference !gethostbyname_r.
0804A774: warning: Unable to resolve imported reference !getgroups.
08049F84: warning: Unable to resolve imported reference !getgrnam.
0804A644: warning: Unable to resolve imported reference !getgrgid.
0804A8D4: warning: Unable to resolve imported reference !getgid.
0804A484: warning: Unable to resolve imported reference !getegid.
0804A6D4: warning: Unable to resolve imported reference !getcwd.
0804A2F4: warning: Unable to resolve imported reference !getaddrinfo.
08049EC4: warning: Unable to resolve imported reference !freeaddrinfo.
0804A5B4: warning: Unable to resolve imported reference !ftruncate64.
0804A5B4: warning: Unable to resolve imported reference !ftruncate64.
0804A704: warning: Unable to resolve imported reference !fork.
08049FF4: warning: Unable to resolve imported reference !fchown.
0804A8B4: warning: Unable to resolve imported reference !fchmod.
0804A3B4: warning: Unable to resolve imported reference !execvp.
0804A3B4: warning: Unable to resolve imported reference !execvp.
0804A5A4: warning: Unable to resolve imported reference !execve.
0804A3A4: warning: Unable to resolve imported reference !execv.
0804A2C4: warning: Unable to resolve imported reference !dup2.
0804A334: warning: Unable to resolve imported reference !dup.
08049E44: warning: Unable to resolve imported reference !connect.
0804A514: warning: Unable to resolve imported reference !closedir.
0804A474: warning: Unable to resolve imported reference !chroot.
0804A5E4: warning: Unable to resolve imported reference !chown.
0804A4B4: warning: Unable to resolve imported reference !chdir.
0804A4C4: warning: Unable to resolve imported reference !bind.
0804A3D4: warning: Unable to resolve imported reference !alarm.
0804A1B4: warning: Unable to resolve imported reference !inet_pton.
0804A1B4: warning: Unable to resolve imported reference !inet_pton.
0804A204: warning: Unable to resolve imported reference !access.
0804A284: warning: Unable to resolve imported reference !accept.
08052694: warning: Procedure camlArray__blit_1093 previously had a return address of 0 bytes on the stack, but now seems to have a return address of 4 bytes on the stack.
08052769: warning: Procedure camlArray__blit_1093 previously had a return address of 0 bytes on the stack, but now seems to have a return address of 4 bytes on the stack.
0805F5AA: warning: Procedure camlCamlinternalOO__set_method_1195 previously had a return address of 4 bytes on the stack, but now seems to have a return address of 0 bytes on the stack.
08060609: warning: Procedure camlCamlinternalOO__lookup_tables_1361 previously had a return address of 4 bytes on the stack, but now seems to have a return address of 0 bytes on the stack.
0806069C: warning: Procedure camlCamlinternalOO__lookup_tables_1361 previously had a return address of 4 bytes on the stack, but now seems to have a return address of 0 bytes on the stack.
080606B9: warning: Procedure camlCamlinternalOO__lookup_tables_1361 previously had a return address of 4 bytes on the stack, but now seems to have a return address of 0 bytes on the stack.
0805EDCA: warning: Procedure camlCamlinternalOO__lookup_keys_1353 previously had a return address of 4 bytes on the stack, but now seems to have a return address of 0 bytes on the stack.
080604B8: warning: Procedure camlCamlinternalOO__run_initializers_1316 previously had a return address of 4 bytes on the stack, but now seems to have a return address of 0 bytes on the stack.
0805FFED: warning: Procedure camlCamlinternalOO__create_table_1267 previously had a return address of 0 bytes on the stack, but now seems to have a return address of 4 bytes on the stack.
0806009A: warning: Procedure camlCamlinternalOO__init_class_1274 previously had a return address of 4 bytes on the stack, but now seems to have a return address of 0 bytes on the stack.
08054998: warning: Procedure camlList__iter2_1111 previously had a return address of 4 bytes on the stack, but now seems to have a return address of 0 bytes on the stack.
08054845: warning: Procedure camlList__fold_right_1084 previously had a return address of 0 bytes on the stack, but now seems to have a return address of 4 bytes on the stack.
08054605: warning: Procedure camlList__tl_1039 previously had a return address of 4 bytes on the stack, but now seems to have a return address of 0 bytes on the stack.
08058D48: warning: Procedure camlMap__add_1108 previously had a return address of 4 bytes on the stack, but now seems to have a return address of 0 bytes on the stack.
08058E58: warning: Procedure camlMap__add_1108 previously had a return address of 4 bytes on the stack, but now seems to have a return address of 0 bytes on the stack.
08058E68: warning: Procedure camlMap__add_1108 previously had a return address of 4 bytes on the stack, but now seems to have a return address of 0 bytes on the stack.
08058D58: warning: Procedure camlMap__add_1108 previously had a return address of 4 bytes on the stack, but now seems to have a return address of 0 bytes on the stack.
0805F70C: warning: Procedure camlCamlinternalOO__set_method_1195 previously had a return address of 4 bytes on the stack, but now seems to have a return address of 0 bytes on the stack.
0805F15C: warning: Procedure camlCamlinternalOO__next_1533 previously had a return address of 4 bytes on the stack, but now seems to have a return address of 0 bytes on the stack.
08060668: warning: Procedure camlCamlinternalOO__lookup_keys_1353 previously had a return address of 4 bytes on the stack, but now seems to have a return address of 0 bytes on the stack.
08055988: warning: Procedure camlString__sub_1046 previously had a return address of 4 bytes on the stack, but now seems to have a return address of 0 bytes on the stack.
0805D5E1: warning: Procedure camlPrintf__index_of_int_1037 previously had a return address of 4 bytes on the stack, but now seems to have a return address of 0 bytes on the stack.
0805BE21: warning: Can't determine size of jump vector; probing only one entry.
0805BE10: error: Value does not fall within the expected range.
0805BB79: warning: Procedure camlPrintf__scan_fmt_1144 previously had a return address of 4 bytes on the stack, but now seems to have a return address of 0 bytes on the stack.
080816F0: warning: The call or jump table has invalid addresses; stopping.
0805BFE6: warning: Procedure camlPrintf__list_iter_i_1201 previously had a return address of 4 bytes on the stack, but now seems to have a return address of 0 bytes on the stack.
0805C08C: warning: Procedure camlPrintf__mkprintf_1345 previously had a return address of 4 bytes on the stack, but now seems to have a return address of 0 bytes on the stack.
0805DE9F: warning: Procedure camlPrintf__mkprintf_1345 previously had a return address of 4 bytes on the stack, but now seems to have a return address of 0 bytes on the stack.
0805CAB9: warning: Procedure camlPrintf__fun_1600 previously had a return address of 4 bytes on the stack, but now seems to have a return address of 0 bytes on the stack.
0805E244: warning: Procedure camlPrintf__fun_1600 previously had a return address of 4 bytes on the stack, but now seems to have a return address of 0 bytes on the stack.
0805E3F7: warning: Procedure camlPrintf__mkprintf_1345 previously had a return address of 4 bytes on the stack, but now seems to have a return address of 0 bytes on the stack.
0805E575: warning: Procedure camlPrintf__get_buff_1402 previously had a return address of 4 bytes on the stack, but now seems to have a return address of 0 bytes on the stack.
0805B342: warning: Procedure camlPrintf__sub_fmt_1124 previously had a return address of 4 bytes on the stack, but now seems to have a return address of 0 bytes on the stack.
08055A45: warning: Procedure camlString__blit_1056 previously had a return address of 4 bytes on the stack, but now seems to have a return address of 0 bytes on the stack.
080545E0: warning: Procedure camlList__hd_1036 previously had a return address of 4 bytes on the stack, but now seems to have a return address of 0 bytes on the stack.
0805AC89: warning: Procedure camlBuffer__add_char_1072 previously had a return address of 4 bytes on the stack, but now seems to have a return address of 0 bytes on the stack.
0805DAF1: warning: Procedure camlPrintf__extract_format_float_1110 previously had a return address of 4 bytes on the stack, but now seems to have a return address of 0 bytes on the stack.
0805D7B9: warning: Procedure camlPrintf__parse_string_conversion_1067 previously had a return address of 0 bytes on the stack, but now seems to have a return address of 4 bytes on the stack.
0805D8E4: warning: Procedure camlPrintf__format_string_1080 previously had a return address of 4 bytes on the stack, but now seems to have a return address of 0 bytes on the stack.
08081688: warning: The call or jump table has invalid addresses; stopping.
0805D2FD: warning: Procedure camlPrintf__scan_flags_1292 previously had a return address of 0 bytes on the stack, but now seems to have a return address of 4 bytes on the stack.
0805D2FD: warning: Procedure camlPrintf__scan_flags_1292 previously had a return address of 0 bytes on the stack, but now seems to have a return address of 4 bytes on the stack.
0805D2FD: warning: Procedure camlPrintf__scan_flags_1292 previously had a return address of 0 bytes on the stack, but now seems to have a return address of 4 bytes on the stack.
0805D2FD: warning: Procedure camlPrintf__scan_flags_1292 previously had a return address of 0 bytes on the stack, but now seems to have a return address of 4 bytes on the stack.
0805D2FD: warning: Procedure camlPrintf__scan_flags_1292 previously had a return address of 0 bytes on the stack, but now seems to have a return address of 4 bytes on the stack.
0805CB31: warning: Procedure camlPrintf__get_arg_1288 previously had a return address of 4 bytes on the stack, but now seems to have a return address of 0 bytes on the stack.
0805DDE8: warning: Procedure camlPrintf__list_iter_i_1201 previously had a return address of 4 bytes on the stack, but now seems to have a return address of 0 bytes on the stack.
0805B46B: warning: Procedure camlPrintf__fun_1565 previously had a return address of 4 bytes on the stack, but now seems to have a return address of 0 bytes on the stack.
0805BAE7: warning: Procedure camlPrintf__sub_fmt_1124 previously had a return address of 4 bytes on the stack, but now seems to have a return address of 0 bytes on the stack.
0805B96A: warning: Procedure camlPrintf__skip_positional_spec_1090 previously had a return address of 4 bytes on the stack, but now seems to have a return address of 0 bytes on the stack.
0805A92E: warning: Procedure camlBuffer__add_substitute_1122 previously had a return address of 4 bytes on the stack, but now seems to have a return address of 0 bytes on the stack.
0805A79D: warning: Procedure camlBuffer__advance_to_non_alpha_1108 previously had a return address of 4 bytes on the stack, but now seems to have a return address of 0 bytes on the stack.
0805A778: warning: Can't determine size of jump vector; probing only one entry.
0805A760: error: Value does not fall within the expected range.
0805A6BA: warning: Procedure camlBuffer__advance_to_closing_1098 previously had a return address of 0 bytes on the stack, but now seems to have a return address of 4 bytes on the stack.
0804FD35: warning: Procedure camlBuffer__output_buffer_1094 previously had a return address of 4 bytes on the stack, but now seems to have a return address of 0 bytes on the stack.
0804FED0: warning: Procedure camlPervasives__really_input_1235 previously had a return address of 0 bytes on the stack, but now seems to have a return address of 4 bytes on the stack.
0805AAB5: warning: Procedure camlBuffer__nth_1057 previously had a return address of 4 bytes on the stack, but now seems to have a return address of 0 bytes on the stack.
0805AA75: warning: Procedure camlBuffer__blit_1051 previously had a return address of 4 bytes on the stack, but now seems to have a return address of 0 bytes on the stack.
0805AA28: warning: Procedure camlBuffer__sub_1046 previously had a return address of 4 bytes on the stack, but now seems to have a return address of 0 bytes on the stack.
0805B13F: warning: Procedure camlBuffer__add_substitute_1122 previously had a return address of 4 bytes on the stack, but now seems to have a return address of 0 bytes on the stack.
0805AF51: warning: Procedure camlBuffer__advance_to_non_alpha_1108 previously had a return address of 4 bytes on the stack, but now seems to have a return address of 0 bytes on the stack.
080598EE: warning: Procedure camlMap__join_1236 previously had a return address of 0 bytes on the stack, but now seems to have a return address of 4 bytes on the stack.
080598CC: warning: Procedure camlMap__join_1236 previously had a return address of 0 bytes on the stack, but now seems to have a return address of 4 bytes on the stack.
080598B3: warning: Procedure camlMap__join_1236 previously had a return address of 0 bytes on the stack, but now seems to have a return address of 4 bytes on the stack.
08059CB8: warning: Procedure camlMap__merge_1277 previously had a return address of 0 bytes on the stack, but now seems to have a return address of 4 bytes on the stack.
08059296: warning: Procedure camlMap__remove_min_binding_1147 previously had a return address of 0 bytes on the stack, but now seems to have a return address of 4 bytes on the stack.
08059975: warning: Procedure camlMap__merge_1277 previously had a return address of 0 bytes on the stack, but now seems to have a return address of 4 bytes on the stack.
08059963: warning: Procedure camlMap__merge_1277 previously had a return address of 0 bytes on the stack, but now seems to have a return address of 4 bytes on the stack.
080597A0: warning: Procedure camlMap__partition_1225 previously had a return address of 4 bytes on the stack, but now seems to have a return address of 0 bytes on the stack.
08059740: warning: Procedure camlMap__filter_1216 previously had a return address of 4 bytes on the stack, but now seems to have a return address of 0 bytes on the stack.
080592F1: warning: Procedure camlMap__remove_1162 previously had a return address of 4 bytes on the stack, but now seems to have a return address of 0 bytes on the stack.
08059394: warning: Procedure camlMap__remove_1162 previously had a return address of 4 bytes on the stack, but now seems to have a return address of 0 bytes on the stack.
080593C1: warning: Procedure camlMap__remove_1162 previously had a return address of 4 bytes on the stack, but now seems to have a return address of 0 bytes on the stack.
08059367: warning: Procedure camlMap__remove_1162 previously had a return address of 4 bytes on the stack, but now seems to have a return address of 0 bytes on the stack.
08058FA5: warning: Procedure camlMap__add_1108 previously had a return address of 4 bytes on the stack, but now seems to have a return address of 0 bytes on the stack.
08058FD2: warning: Procedure camlMap__add_1108 previously had a return address of 4 bytes on the stack, but now seems to have a return address of 0 bytes on the stack.
08059F63: warning: Procedure camlMap__equal_1328 previously had a return address of 4 bytes on the stack, but now seems to have a return address of 0 bytes on the stack.
08059ED3: warning: Procedure camlMap__compare_1311 previously had a return address of 4 bytes on the stack, but now seems to have a return address of 0 bytes on the stack.
080584F5: warning: Procedure camlMarshal__data_size_1048 previously had a return address of 4 bytes on the stack, but now seems to have a return address of 0 bytes on the stack.
08058592: warning: Procedure camlMarshal__from_string_1054 previously had a return address of 0 bytes on the stack, but now seems to have a return address of 4 bytes on the stack.
080584B5: warning: Procedure camlMarshal__to_buffer_1038 previously had a return address of 4 bytes on the stack, but now seems to have a return address of 0 bytes on the stack.
08057F87: warning: Procedure fn08057F20 previously had a return address of 4 bytes on the stack, but now seems to have a return address of 0 bytes on the stack.
08056ADA: warning: Procedure camlHashtbl__insert_bucket_1068 previously had a return address of 4 bytes on the stack, but now seems to have a return address of 0 bytes on the stack.
080578C3: warning: Procedure camlHashtbl__replace_1112 previously had a return address of 0 bytes on the stack, but now seems to have a return address of 4 bytes on the stack.
08057F08: warning: Procedure camlHashtbl__replace_1112 previously had a return address of 0 bytes on the stack, but now seems to have a return address of 4 bytes on the stack.
080578D8: warning: Procedure camlHashtbl__replace_1112 previously had a return address of 0 bytes on the stack, but now seems to have a return address of 4 bytes on the stack.
08057F19: warning: Procedure camlHashtbl__replace_1112 previously had a return address of 0 bytes on the stack, but now seems to have a return address of 4 bytes on the stack.
08057F82: warning: Procedure fn08057F20 previously had a return address of 4 bytes on the stack, but now seems to have a return address of 0 bytes on the stack.
08057DB9: warning: Procedure camlHashtbl__find_all_1105 previously had a return address of 4 bytes on the stack, but now seems to have a return address of 0 bytes on the stack.
080579C8: warning: Procedure camlHashtbl__add_1074 previously had a return address of 0 bytes on the stack, but now seems to have a return address of 4 bytes on the stack.
080579DD: warning: Procedure camlHashtbl__add_1074 previously had a return address of 0 bytes on the stack, but now seems to have a return address of 4 bytes on the stack.
080575A7: warning: Procedure fn08057540 previously had a return address of 4 bytes on the stack, but now seems to have a return address of 0 bytes on the stack.
08057528: warning: Procedure camlHashtbl__replace_1217 previously had a return address of 0 bytes on the stack, but now seems to have a return address of 4 bytes on the stack.
08057539: warning: Procedure camlHashtbl__replace_1217 previously had a return address of 0 bytes on the stack, but now seems to have a return address of 4 bytes on the stack.
080575A2: warning: Procedure fn08057540 previously had a return address of 4 bytes on the stack, but now seems to have a return address of 0 bytes on the stack.
080572E9: warning: Procedure camlHashtbl__find_1198 previously had a return address of 4 bytes on the stack, but now seems to have a return address of 0 bytes on the stack.
0805722E: warning: Procedure camlHashtbl__find_1198 previously had a return address of 4 bytes on the stack, but now seems to have a return address of 0 bytes on the stack.
08057049: warning: Procedure camlHashtbl__remove_1185 previously had a return address of 4 bytes on the stack, but now seems to have a return address of 0 bytes on the stack.
08056F38: warning: Procedure camlHashtbl__add_1179 previously had a return address of 0 bytes on the stack, but now seems to have a return address of 4 bytes on the stack.
08056F4D: warning: Procedure camlHashtbl__add_1179 previously had a return address of 0 bytes on the stack, but now seems to have a return address of 4 bytes on the stack.
08058020: warning: Procedure camlHashtbl__mem_1122 previously had a return address of 4 bytes on the stack, but now seems to have a return address of 0 bytes on the stack.
0805766B: warning: Procedure camlHashtbl__mem_1227 previously had a return address of 4 bytes on the stack, but now seems to have a return address of 0 bytes on the stack.
0805655A: warning: Procedure camlSys__catch_break_1082 previously had a return address of 4 bytes on the stack, but now seems to have a return address of 0 bytes on the stack.
08056575: warning: Procedure camlSys__catch_break_1082 previously had a return address of 4 bytes on the stack, but now seems to have a return address of 0 bytes on the stack.
080563B5: warning: Procedure camlString__rcontains_from_1140 previously had a return address of 4 bytes on the stack, but now seems to have a return address of 0 bytes on the stack.
08056325: warning: Procedure camlString__contains_1137 previously had a return address of 4 bytes on the stack, but now seems to have a return address of 0 bytes on the stack.
08056332: warning: Procedure camlString__contains_1137 previously had a return address of 4 bytes on the stack, but now seems to have a return address of 0 bytes on the stack.
08056295: warning: Procedure camlString__rindex_from_1128 previously had a return address of 4 bytes on the stack, but now seems to have a return address of 0 bytes on the stack.
080561D5: warning: Procedure camlString__index_from_1116 previously had a return address of 4 bytes on the stack, but now seems to have a return address of 0 bytes on the stack.
08056102: warning: Procedure camlString__uncapitalize_1106 previously had a return address of 4 bytes on the stack, but now seems to have a return address of 0 bytes on the stack.
08056072: warning: Procedure camlString__lowercase_1098 previously had a return address of 4 bytes on the stack, but now seems to have a return address of 0 bytes on the stack.
0807EBE8: warning: The call or jump table has invalid addresses; stopping.
080559D5: warning: Procedure camlString__fill_1051 previously had a return address of 4 bytes on the stack, but now seems to have a return address of 0 bytes on the stack.
080555BB: warning: Can't determine size of jump vector; probing only one entry.
08055595: warning: Procedure camlChar__chr_1032 previously had a return address of 4 bytes on the stack, but now seems to have a return address of 0 bytes on the stack.
080553A7: warning: Procedure camlList__stable_sort_1248 previously had a return address of 4 bytes on the stack, but now seems to have a return address of 0 bytes on the stack.
08055158: warning: Procedure camlList__combine_1226 previously had a return address of 4 bytes on the stack, but now seems to have a return address of 0 bytes on the stack.
08054BD8: warning: Procedure camlList__exists2_1153 previously had a return address of 4 bytes on the stack, but now seems to have a return address of 0 bytes on the stack.
08054B68: warning: Procedure camlList__for_all2_1145 previously had a return address of 4 bytes on the stack, but now seems to have a return address of 0 bytes on the stack.
08054A4A: warning: Procedure camlList__fold_right2_1128 previously had a return address of 0 bytes on the stack, but now seems to have a return address of 4 bytes on the stack.
080549F8: warning: Procedure camlList__fold_left2_1119 previously had a return address of 4 bytes on the stack, but now seems to have a return address of 0 bytes on the stack.
08053858: warning: Procedure camlList__rev_map2_1099 previously had a return address of 4 bytes on the stack, but now seems to have a return address of 0 bytes on the stack.
080548D8: warning: Procedure camlList__map2_1090 previously had a return address of 4 bytes on the stack, but now seems to have a return address of 0 bytes on the stack.
080546AC: warning: Procedure camlList__flatten_1058 previously had a return address of 4 bytes on the stack, but now seems to have a return address of 0 bytes on the stack.
0805373F: warning: Procedure camlList__nth_1042 previously had a return address of 0 bytes on the stack, but now seems to have a return address of 4 bytes on the stack.
0805453F: warning: Procedure camlList__sort_1271 previously had a return address of 4 bytes on the stack, but now seems to have a return address of 0 bytes on the stack.
0805407F: warning: Procedure camlList__rev_sort_1272 previously had a return address of 4 bytes on the stack, but now seems to have a return address of 0 bytes on the stack.
0805502F: warning: Procedure camlList__partition_1212 previously had a return address of 4 bytes on the stack, but now seems to have a return address of 0 bytes on the stack.
08054928: warning: Procedure camlList__rev_map2_1099 previously had a return address of 4 bytes on the stack, but now seems to have a return address of 0 bytes on the stack.
08054778: warning: Procedure camlList__rev_map_1067 previously had a return address of 4 bytes on the stack, but now seems to have a return address of 0 bytes on the stack.
08050A59: warning: Procedure camlArray__sortto_1217 previously had a return address of 0 bytes on the stack, but now seems to have a return address of 4 bytes on the stack.
080535F5: warning: Procedure camlArray__stable_sort_1188 previously had a return address of 4 bytes on the stack, but now seems to have a return address of 0 bytes on the stack.
08051CDD: warning: Procedure camlArray__stable_sort_1188 previously had a return address of 4 bytes on the stack, but now seems to have a return address of 0 bytes on the stack.
08050F97: warning: Procedure camlArray__maxson_1155 previously had a return address of 0 bytes on the stack, but now seems to have a return address of 4 bytes on the stack.
0805109E: warning: Procedure camlArray__maxson_1155 previously had a return address of 0 bytes on the stack, but now seems to have a return address of 4 bytes on the stack.
08051089: warning: Procedure camlArray__maxson_1155 previously had a return address of 0 bytes on the stack, but now seems to have a return address of 4 bytes on the stack.
0805132D: warning: Procedure camlArray__trickledown_1160 previously had a return address of 0 bytes on the stack, but now seems to have a return address of 4 bytes on the stack.
0805142C: warning: Procedure camlArray__trickle_1165 previously had a return address of 4 bytes on the stack, but now seems to have a return address of 0 bytes on the stack.
080517FD: warning: Procedure camlArray__trickleup_1178 previously had a return address of 0 bytes on the stack, but now seems to have a return address of 4 bytes on the stack.
0805179E: warning: Procedure camlArray__trickleup_1178 previously had a return address of 0 bytes on the stack, but now seems to have a return address of 4 bytes on the stack.
0805F810: warning: Procedure camlCamlinternalOO__to_list_1202 previously had a return address of 4 bytes on the stack, but now seems to have a return address of 0 bytes on the stack.
0805252B: warning: Procedure camlArray__fill_1087 previously had a return address of 0 bytes on the stack, but now seems to have a return address of 4 bytes on the stack.
08052340: warning: Procedure camlArray__sub_1081 previously had a return address of 0 bytes on the stack, but now seems to have a return address of 4 bytes on the stack.
08052460: warning: Procedure camlArray__sub_1081 previously had a return address of 0 bytes on the stack, but now seems to have a return address of 4 bytes on the stack.
08060228: warning: Procedure camlCamlinternalOO__inherits_1276 previously had a return address of 4 bytes on the stack, but now seems to have a return address of 0 bytes on the stack.
080534F5: warning: Procedure camlArray__stable_sort_1188 previously had a return address of 4 bytes on the stack, but now seems to have a return address of 0 bytes on the stack.
08052CF3: warning: Procedure camlArray__of_list_1130 previously had a return address of 4 bytes on the stack, but now seems to have a return address of 0 bytes on the stack.
0804F4EA: warning: Procedure camlPervasives__string_of_float_1140 previously had a return address of 4 bytes on the stack, but now seems to have a return address of 0 bytes on the stack.
08050213: warning: Procedure camlPervasives__read_line_1288 previously had a return address of 4 bytes on the stack, but now seems to have a return address of 0 bytes on the stack.
0804FEB5: warning: Procedure camlPervasives__input_1224 previously had a return address of 4 bytes on the stack, but now seems to have a return address of 0 bytes on the stack.
0804FE57: warning: Procedure camlPervasives__open_in_bin_1220 previously had a return address of 4 bytes on the stack, but now seems to have a return address of 0 bytes on the stack.
0805AE28: warning: Procedure camlBuffer__output_buffer_1094 previously had a return address of 4 bytes on the stack, but now seems to have a return address of 0 bytes on the stack.
0804FC87: warning: Procedure camlPervasives__open_out_bin_1181 previously had a return address of 4 bytes on the stack, but now seems to have a return address of 0 bytes on the stack.
0804FBD0: warning: Procedure camlPervasives__string_of_float_1140 previously had a return address of 4 bytes on the stack, but now seems to have a return address of 0 bytes on the stack.
0804FB35: warning: Procedure camlPervasives__bool_of_string_1129 previously had a return address of 0 bytes on the stack, but now seems to have a return address of 4 bytes on the stack.
0804FB25: warning: Procedure camlPervasives__bool_of_string_1129 previously had a return address of 0 bytes on the stack, but now seems to have a return address of 4 bytes on the stack.
0804FAB5: warning: Procedure camlPervasives__char_of_int_1120 previously had a return address of 4 bytes on the stack, but now seems to have a return address of 0 bytes on the stack.
0804EB54: warning: Procedure fn0804EB1A previously had a return address of 4 bytes on the stack, but now seems to have a return address of 0 bytes on the stack.
0804EB54: warning: Procedure fn0804EB1A previously had a return address of 4 bytes on the stack, but now seems to have a return address of 0 bytes on the stack.
0804EB15: warning: Procedure camlUnix__entry previously had a return address of 0 bytes on the stack, but now seems to have a return address of 4 bytes on the stack.
0804EB3E: warning: Procedure fn0804EB1A previously had a return address of 4 bytes on the stack, but now seems to have a return address of 0 bytes on the stack.
0804DD15: warning: Procedure camlUnix__open_proc_full_1975 previously had a return address of 0 bytes on the stack, but now seems to have a return address of 4 bytes on the stack.
0804D921: warning: Procedure camlUnix__open_proc_1949 previously had a return address of 0 bytes on the stack, but now seems to have a return address of 4 bytes on the stack.
0804D319: warning: Procedure fn0804D2E1 previously had a return address of 0 bytes on the stack, but now seems to have a return address of 4 bytes on the stack.
0804D3B0: warning: Procedure fn0804D320 previously had a return address of 4 bytes on the stack, but now seems to have a return address of 0 bytes on the stack.
0804D263: warning: Procedure camlUnix__getnameinfo_1781 previously had a return address of 4 bytes on the stack, but now seems to have a return address of 0 bytes on the stack.
0804D461: warning: Procedure camlUnix__getnameinfo_1781 previously had a return address of 4 bytes on the stack, but now seems to have a return address of 0 bytes on the stack.
0804CEEF: warning: Procedure camlUnix__getaddrinfo_1751 previously had a return address of 4 bytes on the stack, but now seems to have a return address of 0 bytes on the stack.
0804CF3D: warning: Procedure camlUnix__getaddrinfo_1751 previously had a return address of 4 bytes on the stack, but now seems to have a return address of 0 bytes on the stack.
0804CF7D: warning: Procedure camlUnix__getaddrinfo_1751 previously had a return address of 4 bytes on the stack, but now seems to have a return address of 0 bytes on the stack.
0804CF99: warning: Procedure camlUnix__getaddrinfo_1751 previously had a return address of 4 bytes on the stack, but now seems to have a return address of 0 bytes on the stack.
0804D029: warning: Procedure camlUnix__getaddrinfo_1751 previously had a return address of 4 bytes on the stack, but now seems to have a return address of 0 bytes on the stack.
0804D159: warning: Procedure camlUnix__getaddrinfo_1751 previously had a return address of 4 bytes on the stack, but now seems to have a return address of 0 bytes on the stack.
0804CB58: warning: Procedure camlUnix__sendto_1576 previously had a return address of 4 bytes on the stack, but now seems to have a return address of 0 bytes on the stack.
0804CAF5: warning: Procedure camlUnix__send_1570 previously had a return address of 4 bytes on the stack, but now seems to have a return address of 0 bytes on the stack.
0804CAA5: warning: Procedure camlUnix__recvfrom_1564 previously had a return address of 4 bytes on the stack, but now seems to have a return address of 0 bytes on the stack.
0804CA55: warning: Procedure camlUnix__recv_1558 previously had a return address of 4 bytes on the stack, but now seems to have a return address of 0 bytes on the stack.
0804C895: warning: Procedure camlUnix__single_write_1247 previously had a return address of 4 bytes on the stack, but now seems to have a return address of 0 bytes on the stack.
0804C845: warning: Procedure camlUnix__write_1242 previously had a return address of 4 bytes on the stack, but now seems to have a return address of 0 bytes on the stack.
0804C7F5: warning: Procedure camlUnix__read_1237 previously had a return address of 4 bytes on the stack, but now seems to have a return address of 0 bytes on the stack.
0804D1F8: error: An error occurred while processing instruction at address 0804D1F8.
    The given key was not present in the dictionary.
      at System.ThrowHelper.ThrowKeyNotFoundException () <0x4078cf30 + 0x0001f> in <filename unknown>:0 
  at System.Collections.Generic.Dictionary`2[TKey,TValue].get_Item (System.Collections.Generic.TKey key) <0x4058cbb0 + 0x0004b> in <filename unknown>:0 
  at Reko.Analysis.ExpressionPropagator.GetStackDepthBeforeCall () <0x4078c370 + 0x00073> in <filename unknown>:0 
  at Reko.Analysis.ExpressionPropagator.VisitCallInstruction (Reko.Core.Code.CallInstruction ci) <0x4078c000 + 0x0005f> in <filename unknown>:0 
  at Reko.Core.Code.CallInstruction.Accept[T] (InstructionVisitor`1 visitor) <0x407626c0 + 0x00030> in <filename unknown>:0 
  at Reko.Analysis.TrashedRegisterFinder.RewriteBlock (Reko.Core.Block block) <0x40789960 + 0x001c0> in <filename unknown>:0 
0804D250: error: An error occurred while processing instruction at address 0804D250.
    The given key was not present in the dictionary.
      at System.ThrowHelper.ThrowKeyNotFoundException () <0x4078cf30 + 0x0001f> in <filename unknown>:0 
  at System.Collections.Generic.Dictionary`2[TKey,TValue].get_Item (System.Collections.Generic.TKey key) <0x4058cbb0 + 0x0004b> in <filename unknown>:0 
  at Reko.Analysis.ExpressionPropagator.GetStackDepthBeforeCall () <0x4078c370 + 0x00073> in <filename unknown>:0 
  at Reko.Analysis.ExpressionPropagator.VisitCallInstruction (Reko.Core.Code.CallInstruction ci) <0x4078c000 + 0x0005f> in <filename unknown>:0 
  at Reko.Core.Code.CallInstruction.Accept[T] (InstructionVisitor`1 visitor) <0x407626c0 + 0x00030> in <filename unknown>:0 
  at Reko.Analysis.TrashedRegisterFinder.RewriteBlock (Reko.Core.Block block) <0x40789960 + 0x001c0> in <filename unknown>:0 
0804EB46: error: An error occurred while processing instruction at address 0804EB46.
    The given key was not present in the dictionary.
      at System.ThrowHelper.ThrowKeyNotFoundException () <0x4078cf30 + 0x0001f> in <filename unknown>:0 
  at System.Collections.Generic.Dictionary`2[TKey,TValue].get_Item (System.Collections.Generic.TKey key) <0x4058cbb0 + 0x0004b> in <filename unknown>:0 
  at Reko.Analysis.ExpressionPropagator.GetStackDepthBeforeCall () <0x4078c370 + 0x00073> in <filename unknown>:0 
  at Reko.Analysis.ExpressionPropagator.VisitCallInstruction (Reko.Core.Code.CallInstruction ci) <0x4078c000 + 0x0005f> in <filename unknown>:0 
  at Reko.Core.Code.CallInstruction.Accept[T] (InstructionVisitor`1 visitor) <0x407626c0 + 0x00030> in <filename unknown>:0 
  at Reko.Analysis.TrashedRegisterFinder.RewriteBlock (Reko.Core.Block block) <0x40789960 + 0x001c0> in <filename unknown>:0 
0804EB54: error: An error occurred while processing instruction at address 0804EB54.
    The given key was not present in the dictionary.
      at System.ThrowHelper.ThrowKeyNotFoundException () <0x4078cf30 + 0x0001f> in <filename unknown>:0 
  at System.Collections.Generic.Dictionary`2[TKey,TValue].get_Item (System.Collections.Generic.TKey key) <0x4058cbb0 + 0x0004b> in <filename unknown>:0 
  at Reko.Analysis.ExpressionPropagator.GetStackDepthBeforeCall () <0x4078c370 + 0x00073> in <filename unknown>:0 
  at Reko.Analysis.ExpressionPropagator.VisitCallInstruction (Reko.Core.Code.CallInstruction ci) <0x4078c000 + 0x0005f> in <filename unknown>:0 
  at Reko.Core.Code.CallInstruction.Accept[T] (InstructionVisitor`1 visitor) <0x407626c0 + 0x00030> in <filename unknown>:0 
  at Reko.Analysis.TrashedRegisterFinder.RewriteBlock (Reko.Core.Block block) <0x40789960 + 0x001c0> in <filename unknown>:0 
0804EB54: error: An error occurred while processing instruction at address 0804EB54.
    The given key was not present in the dictionary.
      at System.ThrowHelper.ThrowKeyNotFoundException () <0x4078cf30 + 0x0001f> in <filename unknown>:0 
  at System.Collections.Generic.Dictionary`2[TKey,TValue].get_Item (System.Collections.Generic.TKey key) <0x4058cbb0 + 0x0004b> in <filename unknown>:0 
  at Reko.Analysis.ExpressionPropagator.GetStackDepthBeforeCall () <0x4078c370 + 0x00073> in <filename unknown>:0 
  at Reko.Analysis.ExpressionPropagator.VisitCallInstruction (Reko.Core.Code.CallInstruction ci) <0x4078c000 + 0x0005f> in <filename unknown>:0 
  at Reko.Core.Code.CallInstruction.Accept[T] (InstructionVisitor`1 visitor) <0x407626c0 + 0x00030> in <filename unknown>:0 
  at Reko.Analysis.TrashedRegisterFinder.RewriteBlock (Reko.Core.Block block) <0x40789960 + 0x001c0> in <filename unknown>:0 
0804F4EA: error: An error occurred while processing instruction at address 0804F4EA.
    The given key was not present in the dictionary.
      at System.ThrowHelper.ThrowKeyNotFoundException () <0x4078cf30 + 0x0001f> in <filename unknown>:0 
  at System.Collections.Generic.Dictionary`2[TKey,TValue].get_Item (System.Collections.Generic.TKey key) <0x4058cbb0 + 0x0004b> in <filename unknown>:0 
  at Reko.Analysis.ExpressionPropagator.GetStackDepthBeforeCall () <0x4078c370 + 0x00073> in <filename unknown>:0 
  at Reko.Analysis.ExpressionPropagator.VisitCallInstruction (Reko.Core.Code.CallInstruction ci) <0x4078c000 + 0x0005f> in <filename unknown>:0 
  at Reko.Core.Code.CallInstruction.Accept[T] (InstructionVisitor`1 visitor) <0x407626c0 + 0x00030> in <filename unknown>:0 
  at Reko.Analysis.TrashedRegisterFinder.RewriteBlock (Reko.Core.Block block) <0x40789960 + 0x001c0> in <filename unknown>:0 
0804F4F6: error: An error occurred while processing instruction at address 0804F4F6.
    The given key was not present in the dictionary.
      at System.ThrowHelper.ThrowKeyNotFoundException () <0x4078cf30 + 0x0001f> in <filename unknown>:0 
  at System.Collections.Generic.Dictionary`2[TKey,TValue].get_Item (System.Collections.Generic.TKey key) <0x4058cbb0 + 0x0004b> in <filename unknown>:0 
  at Reko.Analysis.ExpressionPropagator.GetStackDepthBeforeCall () <0x4078c370 + 0x00073> in <filename unknown>:0 
  at Reko.Analysis.ExpressionPropagator.VisitCallInstruction (Reko.Core.Code.CallInstruction ci) <0x4078c000 + 0x0005f> in <filename unknown>:0 
  at Reko.Core.Code.CallInstruction.Accept[T] (InstructionVisitor`1 visitor) <0x407626c0 + 0x00030> in <filename unknown>:0 
  at Reko.Analysis.TrashedRegisterFinder.RewriteBlock (Reko.Core.Block block) <0x40789960 + 0x001c0> in <filename unknown>:0 
0804F4F6: error: An error occurred while processing instruction at address 0804F4F6.
    The given key was not present in the dictionary.
      at System.ThrowHelper.ThrowKeyNotFoundException () <0x4078cf30 + 0x0001f> in <filename unknown>:0 
  at System.Collections.Generic.Dictionary`2[TKey,TValue].get_Item (System.Collections.Generic.TKey key) <0x4058cbb0 + 0x0004b> in <filename unknown>:0 
  at Reko.Analysis.ExpressionPropagator.GetStackDepthBeforeCall () <0x4078c370 + 0x00073> in <filename unknown>:0 
  at Reko.Analysis.ExpressionPropagator.VisitCallInstruction (Reko.Core.Code.CallInstruction ci) <0x4078c000 + 0x0005f> in <filename unknown>:0 
  at Reko.Core.Code.CallInstruction.Accept[T] (InstructionVisitor`1 visitor) <0x407626c0 + 0x00030> in <filename unknown>:0 
  at Reko.Analysis.TrashedRegisterFinder.RewriteBlock (Reko.Core.Block block) <0x40789960 + 0x001c0> in <filename unknown>:0 
0804F536: error: An error occurred while processing instruction at address 0804F536.
    The given key was not present in the dictionary.
      at System.ThrowHelper.ThrowKeyNotFoundException () <0x4078cf30 + 0x0001f> in <filename unknown>:0 
  at System.Collections.Generic.Dictionary`2[TKey,TValue].get_Item (System.Collections.Generic.TKey key) <0x4058cbb0 + 0x0004b> in <filename unknown>:0 
  at Reko.Analysis.ExpressionPropagator.GetStackDepthBeforeCall () <0x4078c370 + 0x00073> in <filename unknown>:0 
  at Reko.Analysis.ExpressionPropagator.VisitCallInstruction (Reko.Core.Code.CallInstruction ci) <0x4078c000 + 0x0005f> in <filename unknown>:0 
  at Reko.Core.Code.CallInstruction.Accept[T] (InstructionVisitor`1 visitor) <0x407626c0 + 0x00030> in <filename unknown>:0 
  at Reko.Analysis.TrashedRegisterFinder.RewriteBlock (Reko.Core.Block block) <0x40789960 + 0x001c0> in <filename unknown>:0 
08056ADA: error: An error occurred while processing instruction at address 08056ADA.
    The given key was not present in the dictionary.
      at System.ThrowHelper.ThrowKeyNotFoundException () <0x4078cf30 + 0x0001f> in <filename unknown>:0 
  at System.Collections.Generic.Dictionary`2[TKey,TValue].get_Item (System.Collections.Generic.TKey key) <0x4058cbb0 + 0x0004b> in <filename unknown>:0 
  at Reko.Analysis.ExpressionPropagator.GetStackDepthBeforeCall () <0x4078c370 + 0x00073> in <filename unknown>:0 
  at Reko.Analysis.ExpressionPropagator.VisitCallInstruction (Reko.Core.Code.CallInstruction ci) <0x4078c000 + 0x0005f> in <filename unknown>:0 
  at Reko.Core.Code.CallInstruction.Accept[T] (InstructionVisitor`1 visitor) <0x407626c0 + 0x00030> in <filename unknown>:0 
  at Reko.Analysis.TrashedRegisterFinder.RewriteBlock (Reko.Core.Block block) <0x40789960 + 0x001c0> in <filename unknown>:0 
080575A7: error: An error occurred while processing instruction at address 080575A7.
    The given key was not present in the dictionary.
      at System.ThrowHelper.ThrowKeyNotFoundException () <0x4078cf30 + 0x0001f> in <filename unknown>:0 
  at System.Collections.Generic.Dictionary`2[TKey,TValue].get_Item (System.Collections.Generic.TKey key) <0x4058cbb0 + 0x0004b> in <filename unknown>:0 
  at Reko.Analysis.ExpressionPropagator.GetStackDepthBeforeCall () <0x4078c370 + 0x00073> in <filename unknown>:0 
  at Reko.Analysis.ExpressionPropagator.VisitCallInstruction (Reko.Core.Code.CallInstruction ci) <0x4078c000 + 0x0005f> in <filename unknown>:0 
  at Reko.Core.Code.CallInstruction.Accept[T] (InstructionVisitor`1 visitor) <0x407626c0 + 0x00030> in <filename unknown>:0 
  at Reko.Analysis.TrashedRegisterFinder.RewriteBlock (Reko.Core.Block block) <0x40789960 + 0x001c0> in <filename unknown>:0 
080575A7: error: An error occurred while processing instruction at address 080575A7.
    The given key was not present in the dictionary.
      at System.ThrowHelper.ThrowKeyNotFoundException () <0x4078cf30 + 0x0001f> in <filename unknown>:0 
  at System.Collections.Generic.Dictionary`2[TKey,TValue].get_Item (System.Collections.Generic.TKey key) <0x4058cbb0 + 0x0004b> in <filename unknown>:0 
  at Reko.Analysis.ExpressionPropagator.GetStackDepthBeforeCall () <0x4078c370 + 0x00073> in <filename unknown>:0 
  at Reko.Analysis.ExpressionPropagator.VisitCallInstruction (Reko.Core.Code.CallInstruction ci) <0x4078c000 + 0x0005f> in <filename unknown>:0 
  at Reko.Core.Code.CallInstruction.Accept[T] (InstructionVisitor`1 visitor) <0x407626c0 + 0x00030> in <filename unknown>:0 
  at Reko.Analysis.TrashedRegisterFinder.RewriteBlock (Reko.Core.Block block) <0x40789960 + 0x001c0> in <filename unknown>:0 
080578E9: error: An error occurred while processing instruction at address 080578E9.
    The given key was not present in the dictionary.
      at System.ThrowHelper.ThrowKeyNotFoundException () <0x4078cf30 + 0x0001f> in <filename unknown>:0 
  at System.Collections.Generic.Dictionary`2[TKey,TValue].get_Item (System.Collections.Generic.TKey key) <0x4058cbb0 + 0x0004b> in <filename unknown>:0 
  at Reko.Analysis.ExpressionPropagator.GetStackDepthBeforeCall () <0x4078c370 + 0x00073> in <filename unknown>:0 
  at Reko.Analysis.ExpressionPropagator.VisitCallInstruction (Reko.Core.Code.CallInstruction ci) <0x4078c000 + 0x0005f> in <filename unknown>:0 
  at Reko.Core.Code.CallInstruction.Accept[T] (InstructionVisitor`1 visitor) <0x407626c0 + 0x00030> in <filename unknown>:0 
  at Reko.Analysis.TrashedRegisterFinder.RewriteBlock (Reko.Core.Block block) <0x40789960 + 0x001c0> in <filename unknown>:0 
08057F87: error: An error occurred while processing instruction at address 08057F87.
    The given key was not present in the dictionary.
      at System.ThrowHelper.ThrowKeyNotFoundException () <0x4078cf30 + 0x0001f> in <filename unknown>:0 
  at System.Collections.Generic.Dictionary`2[TKey,TValue].get_Item (System.Collections.Generic.TKey key) <0x4058cbb0 + 0x0004b> in <filename unknown>:0 
  at Reko.Analysis.ExpressionPropagator.GetStackDepthBeforeCall () <0x4078c370 + 0x00073> in <filename unknown>:0 
  at Reko.Analysis.ExpressionPropagator.VisitCallInstruction (Reko.Core.Code.CallInstruction ci) <0x4078c000 + 0x0005f> in <filename unknown>:0 
  at Reko.Core.Code.CallInstruction.Accept[T] (InstructionVisitor`1 visitor) <0x407626c0 + 0x00030> in <filename unknown>:0 
  at Reko.Analysis.TrashedRegisterFinder.RewriteBlock (Reko.Core.Block block) <0x40789960 + 0x001c0> in <filename unknown>:0 
08057F87: error: An error occurred while processing instruction at address 08057F87.
    The given key was not present in the dictionary.
      at System.ThrowHelper.ThrowKeyNotFoundException () <0x4078cf30 + 0x0001f> in <filename unknown>:0 
  at System.Collections.Generic.Dictionary`2[TKey,TValue].get_Item (System.Collections.Generic.TKey key) <0x4058cbb0 + 0x0004b> in <filename unknown>:0 
  at Reko.Analysis.ExpressionPropagator.GetStackDepthBeforeCall () <0x4078c370 + 0x00073> in <filename unknown>:0 
  at Reko.Analysis.ExpressionPropagator.VisitCallInstruction (Reko.Core.Code.CallInstruction ci) <0x4078c000 + 0x0005f> in <filename unknown>:0 
  at Reko.Core.Code.CallInstruction.Accept[T] (InstructionVisitor`1 visitor) <0x407626c0 + 0x00030> in <filename unknown>:0 
  at Reko.Analysis.TrashedRegisterFinder.RewriteBlock (Reko.Core.Block block) <0x40789960 + 0x001c0> in <filename unknown>:0 
0805AC89: error: An error occurred while processing instruction at address 0805AC89.
    The given key was not present in the dictionary.
      at System.ThrowHelper.ThrowKeyNotFoundException () <0x4078cf30 + 0x0001f> in <filename unknown>:0 
  at System.Collections.Generic.Dictionary`2[TKey,TValue].get_Item (System.Collections.Generic.TKey key) <0x4058cbb0 + 0x0004b> in <filename unknown>:0 
  at Reko.Analysis.ExpressionPropagator.GetStackDepthBeforeCall () <0x4078c370 + 0x00073> in <filename unknown>:0 
  at Reko.Analysis.ExpressionPropagator.VisitCallInstruction (Reko.Core.Code.CallInstruction ci) <0x4078c000 + 0x0005f> in <filename unknown>:0 
  at Reko.Core.Code.CallInstruction.Accept[T] (InstructionVisitor`1 visitor) <0x407626c0 + 0x00030> in <filename unknown>:0 
  at Reko.Analysis.TrashedRegisterFinder.RewriteBlock (Reko.Core.Block block) <0x40789960 + 0x001c0> in <filename unknown>:0 
0805B3AB: error: An error occurred while processing instruction at address 0805B3AB.
    The given key was not present in the dictionary.
      at System.ThrowHelper.ThrowKeyNotFoundException () <0x4078cf30 + 0x0001f> in <filename unknown>:0 
  at System.Collections.Generic.Dictionary`2[TKey,TValue].get_Item (System.Collections.Generic.TKey key) <0x4058cbb0 + 0x0004b> in <filename unknown>:0 
  at Reko.Analysis.ExpressionPropagator.GetStackDepthBeforeCall () <0x4078c370 + 0x00073> in <filename unknown>:0 
  at Reko.Analysis.ExpressionPropagator.VisitCallInstruction (Reko.Core.Code.CallInstruction ci) <0x4078c000 + 0x0005f> in <filename unknown>:0 
  at Reko.Core.Code.CallInstruction.Accept[T] (InstructionVisitor`1 visitor) <0x407626c0 + 0x00030> in <filename unknown>:0 
  at Reko.Analysis.TrashedRegisterFinder.RewriteBlock (Reko.Core.Block block) <0x40789960 + 0x001c0> in <filename unknown>:0 
0805CAB9: error: An error occurred while processing instruction at address 0805CAB9.
    The given key was not present in the dictionary.
      at System.ThrowHelper.ThrowKeyNotFoundException () <0x4078cf30 + 0x0001f> in <filename unknown>:0 
  at System.Collections.Generic.Dictionary`2[TKey,TValue].get_Item (System.Collections.Generic.TKey key) <0x4058cbb0 + 0x0004b> in <filename unknown>:0 
  at Reko.Analysis.ExpressionPropagator.GetStackDepthBeforeCall () <0x4078c370 + 0x00073> in <filename unknown>:0 
  at Reko.Analysis.ExpressionPropagator.VisitCallInstruction (Reko.Core.Code.CallInstruction ci) <0x4078c000 + 0x0005f> in <filename unknown>:0 
  at Reko.Core.Code.CallInstruction.Accept[T] (InstructionVisitor`1 visitor) <0x407626c0 + 0x00030> in <filename unknown>:0 
  at Reko.Analysis.TrashedRegisterFinder.RewriteBlock (Reko.Core.Block block) <0x40789960 + 0x001c0> in <filename unknown>:0 
fn0804D270: error: An error occurred during data flow analysis.
    The given key was not present in the dictionary.
      at System.ThrowHelper.ThrowKeyNotFoundException () <0x4078cf30 + 0x0001f> in <filename unknown>:0 
  at System.Collections.Generic.Dictionary`2[TKey,TValue].get_Item (System.Collections.Generic.TKey key) <0x4058cbb0 + 0x0004b> in <filename unknown>:0 
  at Reko.Analysis.SsaIdentifierCollection.get_Item (Reko.Core.Expressions.Identifier id) <0x407ab360 + 0x00023> in <filename unknown>:0 
  at Reko.Analysis.DeadCode.VisitIdentifier (Reko.Core.Expressions.Identifier id) <0x407b1d30 + 0x0002f> in <filename unknown>:0 
  at Reko.Core.Expressions.Identifier.Accept (IExpressionVisitor v) <0x407576c0 + 0x00027> in <filename unknown>:0 
  at Reko.Core.Code.InstructionVisitorBase.VisitApplication (Reko.Core.Expressions.Application appl) <0x4077cad0 + 0x0005f> in <filename unknown>:0 
  at Reko.Core.Expressions.Application.Accept (IExpressionVisitor v) <0x40771340 + 0x00027> in <filename unknown>:0 
  at Reko.Core.Code.InstructionVisitorBase.VisitSideEffect (Reko.Core.Code.SideEffect side) <0x4077cc60 + 0x00025> in <filename unknown>:0 
  at Reko.Core.Code.SideEffect.Accept (InstructionVisitor v) <0x40771220 + 0x0002a> in <filename unknown>:0 
  at Reko.Analysis.DeadCode.Eliminate () <0x407b1660 + 0x00188> in <filename unknown>:0 
  at Reko.Analysis.DeadCode.Eliminate (Reko.Core.Procedure proc, Reko.Analysis.SsaState ssa) <0x407b14a0 + 0x00047> in <filename unknown>:0 
  at Reko.Analysis.DataFlowAnalysis.BuildExpressionTrees () <0x4079c6c0 + 0x004b7> in <filename unknown>:0 
fn0804D28B: error: An error occurred during data flow analysis.
    Index was outside the bounds of the array.
      at Reko.Analysis.SsaTransform+LocateDefinedVariables.VisitIdentifier (Reko.Core.Expressions.Identifier id) <0x407a70d0 + 0x00042> in <filename unknown>:0 
  at Reko.Core.Expressions.Identifier.Accept (IExpressionVisitor v) <0x407576c0 + 0x00027> in <filename unknown>:0 
  at Reko.Core.Code.InstructionVisitorBase.VisitTestCondition (Reko.Core.Expressions.TestCondition tc) <0x4077c7f0 + 0x00025> in <filename unknown>:0 
  at Reko.Core.Expressions.TestCondition.Accept (IExpressionVisitor visitor) <0x407705e0 + 0x00027> in <filename unknown>:0 
  at Reko.Core.Code.InstructionVisitorBase.VisitBranch (Reko.Core.Code.Branch b) <0x4077c7c0 + 0x00025> in <filename unknown>:0 
  at Reko.Core.Code.Branch.Accept (InstructionVisitor v) <0x407704d0 + 0x00027> in <filename unknown>:0 
  at Reko.Analysis.SsaTransform+LocateDefinedVariables.LocateDefs (Reko.Core.Block b) <0x407a6590 + 0x000da> in <filename unknown>:0 
  at Reko.Analysis.SsaTransform.LocateAllDefinedVariables (System.Collections.Generic.Dictionary`2[] defOrig) <0x407a5d80 + 0x000ab> in <filename unknown>:0 
  at Reko.Analysis.SsaTransform.PlacePhiFunctions () <0x407a5840 + 0x000af> in <filename unknown>:0 
  at Reko.Analysis.SsaTransform.Transform () <0x407a57a0 + 0x0000f> in <filename unknown>:0 
  at Reko.Analysis.SsaTransform..ctor (Reko.Analysis.ProgramDataFlow programFlow, Reko.Core.Procedure proc, IImportResolver importResolver, Reko.Core.Lib.DominatorGraph`1 gr, System.Collections.Generic.HashSet`1 implicitRegs) <0x407a51f0 + 0x001ab> in <filename unknown>:0 
  at Reko.Analysis.DataFlowAnalysis.BuildSsaTransform (Reko.Core.Procedure proc) <0x4079d430 + 0x001af> in <filename unknown>:0 
  at Reko.Analysis.DataFlowAnalysis.BuildExpressionTrees () <0x4079c6c0 + 0x00203> in <filename unknown>:0 
fn0804EB41: error: An error occurred during data flow analysis.
    The given key was not present in the dictionary.
      at System.ThrowHelper.ThrowKeyNotFoundException () <0x4078cf30 + 0x0001f> in <filename unknown>:0 
  at System.Collections.Generic.Dictionary`2[TKey,TValue].get_Item (System.Collections.Generic.TKey key) <0x4058cbb0 + 0x0004b> in <filename unknown>:0 
  at Reko.Analysis.SsaIdentifierCollection.get_Item (Reko.Core.Expressions.Identifier id) <0x407ab360 + 0x00023> in <filename unknown>:0 
  at Reko.Analysis.DeadCode.VisitIdentifier (Reko.Core.Expressions.Identifier id) <0x407b1d30 + 0x0002f> in <filename unknown>:0 
  at Reko.Core.Expressions.Identifier.Accept (IExpressionVisitor v) <0x407576c0 + 0x00027> in <filename unknown>:0 
  at Reko.Core.Code.InstructionVisitorBase.VisitMemoryAccess (Reko.Core.Expressions.MemoryAccess access) <0x4077c440 + 0x0003a> in <filename unknown>:0 
  at Reko.Core.Expressions.MemoryAccess.Accept (IExpressionVisitor v) <0x407575b0 + 0x00027> in <filename unknown>:0 
  at Reko.Analysis.DeadCode.VisitStore (Reko.Core.Code.Store store) <0x407bb4f0 + 0x00026> in <filename unknown>:0 
  at Reko.Core.Code.Store.Accept (InstructionVisitor v) <0x4076f4c0 + 0x0002a> in <filename unknown>:0 
  at Reko.Analysis.DeadCode.Eliminate () <0x407b1660 + 0x00188> in <filename unknown>:0 
  at Reko.Analysis.DeadCode.Eliminate (Reko.Core.Procedure proc, Reko.Analysis.SsaState ssa) <0x407b14a0 + 0x00047> in <filename unknown>:0 
  at Reko.Analysis.DataFlowAnalysis.BuildExpressionTrees () <0x4079c6c0 + 0x004b7> in <filename unknown>:0 
fn0804F4F3: error: An error occurred during data flow analysis.
    The given key was not present in the dictionary.
      at System.ThrowHelper.ThrowKeyNotFoundException () <0x4078cf30 + 0x0001f> in <filename unknown>:0 
  at System.Collections.Generic.Dictionary`2[TKey,TValue].get_Item (System.Collections.Generic.TKey key) <0x4058cbb0 + 0x0004b> in <filename unknown>:0 
  at Reko.Analysis.SsaIdentifierCollection.get_Item (Reko.Core.Expressions.Identifier id) <0x407ab360 + 0x00023> in <filename unknown>:0 
  at Reko.Analysis.DeadCode.VisitIdentifier (Reko.Core.Expressions.Identifier id) <0x407b1d30 + 0x0002f> in <filename unknown>:0 
  at Reko.Core.Expressions.Identifier.Accept (IExpressionVisitor v) <0x407576c0 + 0x00027> in <filename unknown>:0 
  at Reko.Core.Code.InstructionVisitorBase.VisitTestCondition (Reko.Core.Expressions.TestCondition tc) <0x4077c7f0 + 0x00025> in <filename unknown>:0 
  at Reko.Core.Expressions.TestCondition.Accept (IExpressionVisitor visitor) <0x407705e0 + 0x00027> in <filename unknown>:0 
  at Reko.Core.Code.InstructionVisitorBase.VisitBranch (Reko.Core.Code.Branch b) <0x4077c7c0 + 0x00025> in <filename unknown>:0 
  at Reko.Core.Code.Branch.Accept (InstructionVisitor v) <0x407704d0 + 0x00027> in <filename unknown>:0 
  at Reko.Analysis.DeadCode.Eliminate () <0x407b1660 + 0x00188> in <filename unknown>:0 
  at Reko.Analysis.DeadCode.Eliminate (Reko.Core.Procedure proc, Reko.Analysis.SsaState ssa) <0x407b14a0 + 0x00047> in <filename unknown>:0 
  at Reko.Analysis.DataFlowAnalysis.BuildExpressionTrees () <0x4079c6c0 + 0x004b7> in <filename unknown>:0 
fn0804F533: error: An error occurred during data flow analysis.
    The given key was not present in the dictionary.
      at System.ThrowHelper.ThrowKeyNotFoundException () <0x4078cf30 + 0x0001f> in <filename unknown>:0 
  at System.Collections.Generic.Dictionary`2[TKey,TValue].get_Item (System.Collections.Generic.TKey key) <0x4058cbb0 + 0x0004b> in <filename unknown>:0 
  at Reko.Analysis.SsaIdentifierCollection.get_Item (Reko.Core.Expressions.Identifier id) <0x407ab360 + 0x00023> in <filename unknown>:0 
  at Reko.Analysis.DeadCode.VisitIdentifier (Reko.Core.Expressions.Identifier id) <0x407b1d30 + 0x0002f> in <filename unknown>:0 
  at Reko.Core.Expressions.Identifier.Accept (IExpressionVisitor v) <0x407576c0 + 0x00027> in <filename unknown>:0 
  at Reko.Core.Code.InstructionVisitorBase.VisitApplication (Reko.Core.Expressions.Application appl) <0x4077cad0 + 0x0005f> in <filename unknown>:0 
  at Reko.Core.Expressions.Application.Accept (IExpressionVisitor v) <0x40771340 + 0x00027> in <filename unknown>:0 
  at Reko.Core.Code.InstructionVisitorBase.VisitSideEffect (Reko.Core.Code.SideEffect side) <0x4077cc60 + 0x00025> in <filename unknown>:0 
  at Reko.Core.Code.SideEffect.Accept (InstructionVisitor v) <0x40771220 + 0x0002a> in <filename unknown>:0 
  at Reko.Analysis.DeadCode.Eliminate () <0x407b1660 + 0x00188> in <filename unknown>:0 
  at Reko.Analysis.DeadCode.Eliminate (Reko.Core.Procedure proc, Reko.Analysis.SsaState ssa) <0x407b14a0 + 0x00047> in <filename unknown>:0 
  at Reko.Analysis.DataFlowAnalysis.BuildExpressionTrees () <0x4079c6c0 + 0x004b7> in <filename unknown>:0 
camlPervasives__$40_1143: error: An error occurred during data flow analysis.
    The given key was not present in the dictionary.
      at System.ThrowHelper.ThrowKeyNotFoundException () <0x4078cf30 + 0x0001f> in <filename unknown>:0 
  at System.Collections.Generic.Dictionary`2[TKey,TValue].get_Item (System.Collections.Generic.TKey key) <0x4058cbb0 + 0x0004b> in <filename unknown>:0 
  at Reko.Analysis.Aliases.Def (Reko.Core.Expressions.Identifier idar) <0x407a1830 + 0x00057> in <filename unknown>:0 
  at Reko.Analysis.Aliases.VisitAssignment (Reko.Core.Code.Assignment ass) <0x407a17d0 + 0x00023> in <filename unknown>:0 
  at Reko.Core.Code.Assignment.Accept (InstructionVisitor v) <0x4076f360 + 0x00027> in <filename unknown>:0 
  at Reko.Analysis.Aliases.Transform () <0x407a0e40 + 0x0010c> in <filename unknown>:0 
  at Reko.Analysis.DataFlowAnalysis.BuildSsaTransform (Reko.Core.Procedure proc) <0x4079d430 + 0x000ef> in <filename unknown>:0 
  at Reko.Analysis.DataFlowAnalysis.BuildExpressionTrees () <0x4079c6c0 + 0x00203> in <filename unknown>:0 
camlList__sort_1271: error: An error occurred during data flow analysis.
    The given key was not present in the dictionary.
      at System.ThrowHelper.ThrowKeyNotFoundException () <0x4078cf30 + 0x0001f> in <filename unknown>:0 
  at System.Collections.Generic.Dictionary`2[TKey,TValue].get_Item (System.Collections.Generic.TKey key) <0x4058cbb0 + 0x0004b> in <filename unknown>:0 
  at Reko.Analysis.Aliases.Def (Reko.Core.Expressions.Identifier idar) <0x407a1830 + 0x00057> in <filename unknown>:0 
  at Reko.Analysis.Aliases.VisitAssignment (Reko.Core.Code.Assignment ass) <0x407a17d0 + 0x00023> in <filename unknown>:0 
  at Reko.Core.Code.Assignment.Accept (InstructionVisitor v) <0x4076f360 + 0x00027> in <filename unknown>:0 
  at Reko.Analysis.Aliases.Transform () <0x407a0e40 + 0x0010c> in <filename unknown>:0 
  at Reko.Analysis.DataFlowAnalysis.BuildSsaTransform (Reko.Core.Procedure proc) <0x4079d430 + 0x000ef> in <filename unknown>:0 
  at Reko.Analysis.DataFlowAnalysis.BuildExpressionTrees () <0x4079c6c0 + 0x00203> in <filename unknown>:0 
camlHashtbl__find_in_bucket_1213: error: An error occurred during data flow analysis.
    The given key was not present in the dictionary.
      at System.ThrowHelper.ThrowKeyNotFoundException () <0x4078cf30 + 0x0001f> in <filename unknown>:0 
  at System.Collections.Generic.Dictionary`2[TKey,TValue].get_Item (System.Collections.Generic.TKey key) <0x4058cbb0 + 0x0004b> in <filename unknown>:0 
  at Reko.Analysis.Aliases.Def (Reko.Core.Expressions.Identifier idar) <0x407a1830 + 0x00057> in <filename unknown>:0 
  at Reko.Analysis.Aliases.VisitAssignment (Reko.Core.Code.Assignment ass) <0x407a17d0 + 0x00023> in <filename unknown>:0 
  at Reko.Core.Code.Assignment.Accept (InstructionVisitor v) <0x4076f360 + 0x00027> in <filename unknown>:0 
  at Reko.Analysis.Aliases.Transform () <0x407a0e40 + 0x0010c> in <filename unknown>:0 
  at Reko.Analysis.DataFlowAnalysis.BuildSsaTransform (Reko.Core.Procedure proc) <0x4079d430 + 0x000ef> in <filename unknown>:0 
  at Reko.Analysis.DataFlowAnalysis.BuildExpressionTrees () <0x4079c6c0 + 0x00203> in <filename unknown>:0 
fn080575A7: error: An error occurred during data flow analysis.
    The given key was not present in the dictionary.
      at System.ThrowHelper.ThrowKeyNotFoundException () <0x4078cf30 + 0x0001f> in <filename unknown>:0 
  at System.Collections.Generic.Dictionary`2[TKey,TValue].get_Item (System.Collections.Generic.TKey key) <0x4058cbb0 + 0x0004b> in <filename unknown>:0 
  at Reko.Analysis.SsaIdentifierCollection.get_Item (Reko.Core.Expressions.Identifier id) <0x407ab360 + 0x00023> in <filename unknown>:0 
  at Reko.Analysis.DeadCode.VisitIdentifier (Reko.Core.Expressions.Identifier id) <0x407b1d30 + 0x0002f> in <filename unknown>:0 
  at Reko.Core.Expressions.Identifier.Accept (IExpressionVisitor v) <0x407576c0 + 0x00027> in <filename unknown>:0 
  at Reko.Core.Code.InstructionVisitorBase.VisitApplication (Reko.Core.Expressions.Application appl) <0x4077cad0 + 0x0005f> in <filename unknown>:0 
  at Reko.Core.Expressions.Application.Accept (IExpressionVisitor v) <0x40771340 + 0x00027> in <filename unknown>:0 
  at Reko.Analysis.DeadCode.VisitAssignment (Reko.Core.Code.Assignment a) <0x407b2050 + 0x00025> in <filename unknown>:0 
  at Reko.Core.Code.Assignment.Accept (InstructionVisitor v) <0x4076f360 + 0x00027> in <filename unknown>:0 
  at Reko.Analysis.DeadCode.Eliminate () <0x407b1660 + 0x00188> in <filename unknown>:0 
  at Reko.Analysis.DeadCode.Eliminate (Reko.Core.Procedure proc, Reko.Analysis.SsaState ssa) <0x407b14a0 + 0x00047> in <filename unknown>:0 
  at Reko.Analysis.DataFlowAnalysis.BuildExpressionTrees () <0x4079c6c0 + 0x004b7> in <filename unknown>:0 
fn08057F87: error: An error occurred during data flow analysis.
    The given key was not present in the dictionary.
      at System.ThrowHelper.ThrowKeyNotFoundException () <0x4078cf30 + 0x0001f> in <filename unknown>:0 
  at System.Collections.Generic.Dictionary`2[TKey,TValue].get_Item (System.Collections.Generic.TKey key) <0x4058cbb0 + 0x0004b> in <filename unknown>:0 
  at Reko.Analysis.SsaIdentifierCollection.get_Item (Reko.Core.Expressions.Identifier id) <0x407ab360 + 0x00023> in <filename unknown>:0 
  at Reko.Analysis.DeadCode.VisitIdentifier (Reko.Core.Expressions.Identifier id) <0x407b1d30 + 0x0002f> in <filename unknown>:0 
  at Reko.Core.Expressions.Identifier.Accept (IExpressionVisitor v) <0x407576c0 + 0x00027> in <filename unknown>:0 
  at Reko.Core.Code.InstructionVisitorBase.VisitApplication (Reko.Core.Expressions.Application appl) <0x4077cad0 + 0x0005f> in <filename unknown>:0 
  at Reko.Core.Expressions.Application.Accept (IExpressionVisitor v) <0x40771340 + 0x00027> in <filename unknown>:0 
  at Reko.Analysis.DeadCode.VisitAssignment (Reko.Core.Code.Assignment a) <0x407b2050 + 0x00025> in <filename unknown>:0 
  at Reko.Core.Code.Assignment.Accept (InstructionVisitor v) <0x4076f360 + 0x00027> in <filename unknown>:0 
  at Reko.Analysis.DeadCode.Eliminate () <0x407b1660 + 0x00188> in <filename unknown>:0 
  at Reko.Analysis.DeadCode.Eliminate (Reko.Core.Procedure proc, Reko.Analysis.SsaState ssa) <0x407b14a0 + 0x00047> in <filename unknown>:0 
  at Reko.Analysis.DataFlowAnalysis.BuildExpressionTrees () <0x4079c6c0 + 0x004b7> in <filename unknown>:0 
camlMap__filt_1219: error: An error occurred during data flow analysis.
    The given key was not present in the dictionary.
      at System.ThrowHelper.ThrowKeyNotFoundException () <0x4078cf30 + 0x0001f> in <filename unknown>:0 
  at System.Collections.Generic.Dictionary`2[TKey,TValue].get_Item (System.Collections.Generic.TKey key) <0x4058cbb0 + 0x0004b> in <filename unknown>:0 
  at Reko.Analysis.Aliases.Def (Reko.Core.Expressions.Identifier idar) <0x407a1830 + 0x00057> in <filename unknown>:0 
  at Reko.Analysis.Aliases.VisitAssignment (Reko.Core.Code.Assignment ass) <0x407a17d0 + 0x00023> in <filename unknown>:0 
  at Reko.Core.Code.Assignment.Accept (InstructionVisitor v) <0x4076f360 + 0x00027> in <filename unknown>:0 
  at Reko.Analysis.Aliases.Transform () <0x407a0e40 + 0x0010c> in <filename unknown>:0 
  at Reko.Analysis.DataFlowAnalysis.BuildSsaTransform (Reko.Core.Procedure proc) <0x4079d430 + 0x000ef> in <filename unknown>:0 
  at Reko.Analysis.DataFlowAnalysis.BuildExpressionTrees () <0x4079c6c0 + 0x00203> in <filename unknown>:0 
camlMap__part_1228: error: An error occurred during data flow analysis.
    The given key was not present in the dictionary.
      at System.ThrowHelper.ThrowKeyNotFoundException () <0x4078cf30 + 0x0001f> in <filename unknown>:0 
  at System.Collections.Generic.Dictionary`2[TKey,TValue].get_Item (System.Collections.Generic.TKey key) <0x4058cbb0 + 0x0004b> in <filename unknown>:0 
  at Reko.Analysis.Aliases.Def (Reko.Core.Expressions.Identifier idar) <0x407a1830 + 0x00057> in <filename unknown>:0 
  at Reko.Analysis.Aliases.VisitAssignment (Reko.Core.Code.Assignment ass) <0x407a17d0 + 0x00023> in <filename unknown>:0 
  at Reko.Core.Code.Assignment.Accept (InstructionVisitor v) <0x4076f360 + 0x00027> in <filename unknown>:0 
  at Reko.Analysis.Aliases.Transform () <0x407a0e40 + 0x0010c> in <filename unknown>:0 
  at Reko.Analysis.DataFlowAnalysis.BuildSsaTransform (Reko.Core.Procedure proc) <0x4079d430 + 0x000ef> in <filename unknown>:0 
  at Reko.Analysis.DataFlowAnalysis.BuildExpressionTrees () <0x4079c6c0 + 0x00203> in <filename unknown>:0 
camlMap__bindings_aux_1346: error: An error occurred during data flow analysis.
    The given key was not present in the dictionary.
      at System.ThrowHelper.ThrowKeyNotFoundException () <0x4078cf30 + 0x0001f> in <filename unknown>:0 
  at System.Collections.Generic.Dictionary`2[TKey,TValue].get_Item (System.Collections.Generic.TKey key) <0x4058cbb0 + 0x0004b> in <filename unknown>:0 
  at Reko.Analysis.Aliases.Def (Reko.Core.Expressions.Identifier idar) <0x407a1830 + 0x00057> in <filename unknown>:0 
  at Reko.Analysis.Aliases.VisitAssignment (Reko.Core.Code.Assignment ass) <0x407a17d0 + 0x00023> in <filename unknown>:0 
  at Reko.Core.Code.Assignment.Accept (InstructionVisitor v) <0x4076f360 + 0x00027> in <filename unknown>:0 
  at Reko.Analysis.Aliases.Transform () <0x407a0e40 + 0x0010c> in <filename unknown>:0 
  at Reko.Analysis.DataFlowAnalysis.BuildSsaTransform (Reko.Core.Procedure proc) <0x4079d430 + 0x000ef> in <filename unknown>:0 
  at Reko.Analysis.DataFlowAnalysis.BuildExpressionTrees () <0x4079c6c0 + 0x00203> in <filename unknown>:0 
camlPrintf__sub_1128: error: An error occurred during data flow analysis.
    The given key was not present in the dictionary.
      at System.ThrowHelper.ThrowKeyNotFoundException () <0x4078cf30 + 0x0001f> in <filename unknown>:0 
  at System.Collections.Generic.Dictionary`2[TKey,TValue].get_Item (System.Collections.Generic.TKey key) <0x4058cbb0 + 0x0004b> in <filename unknown>:0 
  at Reko.Core.Lib.DominatorGraph`1[T].BuildDominanceFrontiers (DirectedGraph`1 graph, System.Collections.Generic.Dictionary`2 idoms) <0x407a4cc0 + 0x002f7> in <filename unknown>:0 
  at Reko.Core.Lib.DominatorGraph`1[T]..ctor (DirectedGraph`1 graph, Reko.Core.Block entryNode) <0x407a1fe0 + 0x0011f> in <filename unknown>:0 
  at Reko.Analysis.DataFlowAnalysis.BuildSsaTransform (Reko.Core.Procedure proc) <0x4079d430 + 0x00137> in <filename unknown>:0 
  at Reko.Analysis.DataFlowAnalysis.BuildExpressionTrees () <0x4079c6c0 + 0x00203> in <filename unknown>:0 
camlPrintf__scan_conv_1293: error: An error occurred during data flow analysis.
    The given key was not present in the dictionary.
      at System.ThrowHelper.ThrowKeyNotFoundException () <0x4078cf30 + 0x0001f> in <filename unknown>:0 
  at System.Collections.Generic.Dictionary`2[TKey,TValue].get_Item (System.Collections.Generic.TKey key) <0x4058cbb0 + 0x0004b> in <filename unknown>:0 
  at Reko.Analysis.SsaIdentifierCollection.get_Item (Reko.Core.Expressions.Identifier id) <0x407ab360 + 0x00023> in <filename unknown>:0 
  at Reko.Analysis.DeadCode.VisitIdentifier (Reko.Core.Expressions.Identifier id) <0x407b1d30 + 0x0002f> in <filename unknown>:0 
  at Reko.Core.Expressions.Identifier.Accept (IExpressionVisitor v) <0x407576c0 + 0x00027> in <filename unknown>:0 
  at Reko.Core.Code.InstructionVisitorBase.VisitApplication (Reko.Core.Expressions.Application appl) <0x4077cad0 + 0x0005f> in <filename unknown>:0 
  at Reko.Core.Expressions.Application.Accept (IExpressionVisitor v) <0x40771340 + 0x00027> in <filename unknown>:0 
  at Reko.Analysis.DeadCode.VisitAssignment (Reko.Core.Code.Assignment a) <0x407b2050 + 0x00025> in <filename unknown>:0 
  at Reko.Core.Code.Assignment.Accept (InstructionVisitor v) <0x4076f360 + 0x00027> in <filename unknown>:0 
  at Reko.Analysis.DeadCode.Eliminate () <0x407b1660 + 0x00188> in <filename unknown>:0 
  at Reko.Analysis.DeadCode.Eliminate (Reko.Core.Procedure proc, Reko.Analysis.SsaState ssa) <0x407b14a0 + 0x00047> in <filename unknown>:0 
  at Reko.Analysis.DataFlowAnalysis.BuildExpressionTrees () <0x4079c6c0 + 0x004b7> in <filename unknown>:0 
camlCamlinternalOO__lookup_keys_1353: error: An error occurred during data flow analysis.
    The given key was not present in the dictionary.
      at System.ThrowHelper.ThrowKeyNotFoundException () <0x4078cf30 + 0x0001f> in <filename unknown>:0 
  at System.Collections.Generic.Dictionary`2[TKey,TValue].get_Item (System.Collections.Generic.TKey key) <0x4058cbb0 + 0x0004b> in <filename unknown>:0 
  at Reko.Core.Lib.DominatorGraph`1[T].BuildDominanceFrontiers (DirectedGraph`1 graph, System.Collections.Generic.Dictionary`2 idoms) <0x407a4cc0 + 0x002f7> in <filename unknown>:0 
  at Reko.Core.Lib.DominatorGraph`1[T]..ctor (DirectedGraph`1 graph, Reko.Core.Block entryNode) <0x407a1fe0 + 0x0011f> in <filename unknown>:0 
  at Reko.Analysis.DataFlowAnalysis.BuildSsaTransform (Reko.Core.Procedure proc) <0x4079d430 + 0x00137> in <filename unknown>:0 
  at Reko.Analysis.DataFlowAnalysis.BuildExpressionTrees () <0x4079c6c0 + 0x00203> in <filename unknown>:0 
camlCamlinternalOO__lookup_tables_1361: error: An error occurred during data flow analysis.
    The given key was not present in the dictionary.
      at System.ThrowHelper.ThrowKeyNotFoundException () <0x4078cf30 + 0x0001f> in <filename unknown>:0 
  at System.Collections.Generic.Dictionary`2[TKey,TValue].get_Item (System.Collections.Generic.TKey key) <0x4058cbb0 + 0x0004b> in <filename unknown>:0 
  at Reko.Core.Lib.DominatorGraph`1[T].BuildDominanceFrontiers (DirectedGraph`1 graph, System.Collections.Generic.Dictionary`2 idoms) <0x407a4cc0 + 0x002f7> in <filename unknown>:0 
  at Reko.Core.Lib.DominatorGraph`1[T]..ctor (DirectedGraph`1 graph, Reko.Core.Block entryNode) <0x407a1fe0 + 0x0011f> in <filename unknown>:0 
  at Reko.Analysis.DataFlowAnalysis.BuildSsaTransform (Reko.Core.Procedure proc) <0x4079d430 + 0x00137> in <filename unknown>:0 
  at Reko.Analysis.DataFlowAnalysis.BuildExpressionTrees () <0x4079c6c0 + 0x00203> in <filename unknown>:0 
compare_val: error: An error occurred during data flow analysis.
    Case PE not handled.
      at Reko.Analysis.ConditionCodeEliminator.ComparisonFromConditionCode (ConditionCode cc, Reko.Core.Expressions.BinaryExpression bin, Boolean isNegated) <0x407b0b70 + 0x002e7> in <filename unknown>:0 
  at Reko.Analysis.ConditionCodeEliminator.UseGrfConditionally (Reko.Analysis.SsaIdentifier sid, ConditionCode cc) <0x407b0560 + 0x001eb> in <filename unknown>:0 
  at Reko.Analysis.ConditionCodeEliminator.VisitTestCondition (Reko.Core.Expressions.TestCondition tc) <0x407b0460 + 0x00097> in <filename unknown>:0 
  at Reko.Core.Expressions.TestCondition.Accept[T] (ExpressionVisitor`1 visitor) <0x40756a70 + 0x00030> in <filename unknown>:0 
  at Reko.Core.Code.InstructionTransformer.TransformBranch (Reko.Core.Code.Branch b) <0x40760f80 + 0x0002f> in <filename unknown>:0 
  at Reko.Core.Code.Branch.Accept (Reko.Core.Code.InstructionTransformer xform) <0x40760f50 + 0x00020> in <filename unknown>:0 
  at Reko.Analysis.ConditionCodeEliminator.Transform () <0x407af960 + 0x00205> in <filename unknown>:0 
  at Reko.Analysis.DataFlowAnalysis.BuildExpressionTrees () <0x4079c6c0 + 0x004a3> in <filename unknown>:0 
caml_eq_float: error: An error occurred during data flow analysis.
    Case PO not handled.
      at Reko.Analysis.ConditionCodeEliminator.ComparisonFromConditionCode (ConditionCode cc, Reko.Core.Expressions.BinaryExpression bin, Boolean isNegated) <0x407b0b70 + 0x002e7> in <filename unknown>:0 
  at Reko.Analysis.ConditionCodeEliminator.UseGrfConditionally (Reko.Analysis.SsaIdentifier sid, ConditionCode cc) <0x407b0560 + 0x001eb> in <filename unknown>:0 
  at Reko.Analysis.ConditionCodeEliminator.VisitTestCondition (Reko.Core.Expressions.TestCondition tc) <0x407b0460 + 0x00097> in <filename unknown>:0 
  at Reko.Core.Expressions.TestCondition.Accept[T] (ExpressionVisitor`1 visitor) <0x40756a70 + 0x00030> in <filename unknown>:0 
  at Reko.Analysis.ConditionCodeEliminator.TransformAssignment (Reko.Core.Code.Assignment a) <0x407b0130 + 0x00056> in <filename unknown>:0 
  at Reko.Core.Code.Assignment.Accept (Reko.Core.Code.InstructionTransformer xform) <0x40760900 + 0x00020> in <filename unknown>:0 
  at Reko.Analysis.ConditionCodeEliminator.Transform () <0x407af960 + 0x00205> in <filename unknown>:0 
  at Reko.Analysis.DataFlowAnalysis.BuildExpressionTrees () <0x4079c6c0 + 0x004a3> in <filename unknown>:0 
caml_neq_float: error: An error occurred during data flow analysis.
    Case PE not handled.
      at Reko.Analysis.ConditionCodeEliminator.ComparisonFromConditionCode (ConditionCode cc, Reko.Core.Expressions.BinaryExpression bin, Boolean isNegated) <0x407b0b70 + 0x002e7> in <filename unknown>:0 
  at Reko.Analysis.ConditionCodeEliminator.UseGrfConditionally (Reko.Analysis.SsaIdentifier sid, ConditionCode cc) <0x407b0560 + 0x001eb> in <filename unknown>:0 
  at Reko.Analysis.ConditionCodeEliminator.VisitTestCondition (Reko.Core.Expressions.TestCondition tc) <0x407b0460 + 0x00097> in <filename unknown>:0 
  at Reko.Core.Expressions.TestCondition.Accept[T] (ExpressionVisitor`1 visitor) <0x40756a70 + 0x00030> in <filename unknown>:0 
  at Reko.Analysis.ConditionCodeEliminator.TransformAssignment (Reko.Core.Code.Assignment a) <0x407b0130 + 0x00056> in <filename unknown>:0 
  at Reko.Core.Code.Assignment.Accept (Reko.Core.Code.InstructionTransformer xform) <0x40760900 + 0x00020> in <filename unknown>:0 
  at Reko.Analysis.ConditionCodeEliminator.Transform () <0x407af960 + 0x00205> in <filename unknown>:0 
  at Reko.Analysis.DataFlowAnalysis.BuildExpressionTrees () <0x4079c6c0 + 0x004a3> in <filename unknown>:0 
caml_float_compare: error: An error occurred during data flow analysis.
    Case PE not handled.
      at Reko.Analysis.ConditionCodeEliminator.ComparisonFromConditionCode (ConditionCode cc, Reko.Core.Expressions.BinaryExpression bin, Boolean isNegated) <0x407b0b70 + 0x002e7> in <filename unknown>:0 
  at Reko.Analysis.ConditionCodeEliminator.UseGrfConditionally (Reko.Analysis.SsaIdentifier sid, ConditionCode cc) <0x407b0560 + 0x001eb> in <filename unknown>:0 
  at Reko.Analysis.ConditionCodeEliminator.VisitTestCondition (Reko.Core.Expressions.TestCondition tc) <0x407b0460 + 0x00097> in <filename unknown>:0 
  at Reko.Core.Expressions.TestCondition.Accept[T] (ExpressionVisitor`1 visitor) <0x40756a70 + 0x00030> in <filename unknown>:0 
  at Reko.Core.Code.InstructionTransformer.TransformBranch (Reko.Core.Code.Branch b) <0x40760f80 + 0x0002f> in <filename unknown>:0 
  at Reko.Core.Code.Branch.Accept (Reko.Core.Code.InstructionTransformer xform) <0x40760f50 + 0x00020> in <filename unknown>:0 
  at Reko.Analysis.ConditionCodeEliminator.Transform () <0x407af960 + 0x00205> in <filename unknown>:0 
  at Reko.Analysis.DataFlowAnalysis.BuildExpressionTrees () <0x4079c6c0 + 0x004a3> in <filename unknown>:0 
caml_sqrt_float: error: An error occurred during data flow analysis.
    Case PE not handled.
      at Reko.Analysis.ConditionCodeEliminator.ComparisonFromConditionCode (ConditionCode cc, Reko.Core.Expressions.BinaryExpression bin, Boolean isNegated) <0x407b0b70 + 0x002e7> in <filename unknown>:0 
  at Reko.Analysis.ConditionCodeEliminator.UseGrfConditionally (Reko.Analysis.SsaIdentifier sid, ConditionCode cc) <0x407b0560 + 0x001eb> in <filename unknown>:0 
  at Reko.Analysis.ConditionCodeEliminator.VisitTestCondition (Reko.Core.Expressions.TestCondition tc) <0x407b0460 + 0x00097> in <filename unknown>:0 
  at Reko.Core.Expressions.TestCondition.Accept[T] (ExpressionVisitor`1 visitor) <0x40756a70 + 0x00030> in <filename unknown>:0 
  at Reko.Core.Code.InstructionTransformer.TransformBranch (Reko.Core.Code.Branch b) <0x40760f80 + 0x0002f> in <filename unknown>:0 
  at Reko.Core.Code.Branch.Accept (Reko.Core.Code.InstructionTransformer xform) <0x40760f50 + 0x00020> in <filename unknown>:0 
  at Reko.Analysis.ConditionCodeEliminator.Transform () <0x407af960 + 0x00205> in <filename unknown>:0 
  at Reko.Analysis.DataFlowAnalysis.BuildExpressionTrees () <0x4079c6c0 + 0x004a3> in <filename unknown>:0 
caml_fmod_float: error: An error occurred during data flow analysis.
    Case PE not handled.
      at Reko.Analysis.ConditionCodeEliminator.ComparisonFromConditionCode (ConditionCode cc, Reko.Core.Expressions.BinaryExpression bin, Boolean isNegated) <0x407b0b70 + 0x002e7> in <filename unknown>:0 
  at Reko.Analysis.ConditionCodeEliminator.UseGrfConditionally (Reko.Analysis.SsaIdentifier sid, ConditionCode cc) <0x407b0560 + 0x001eb> in <filename unknown>:0 
  at Reko.Analysis.ConditionCodeEliminator.VisitTestCondition (Reko.Core.Expressions.TestCondition tc) <0x407b0460 + 0x00097> in <filename unknown>:0 
  at Reko.Core.Expressions.TestCondition.Accept[T] (ExpressionVisitor`1 visitor) <0x40756a70 + 0x00030> in <filename unknown>:0 
  at Reko.Core.Code.InstructionTransformer.TransformBranch (Reko.Core.Code.Branch b) <0x40760f80 + 0x0002f> in <filename unknown>:0 
  at Reko.Core.Code.Branch.Accept (Reko.Core.Code.InstructionTransformer xform) <0x40760f50 + 0x00020> in <filename unknown>:0 
  at Reko.Analysis.ConditionCodeEliminator.Transform () <0x407af960 + 0x00205> in <filename unknown>:0 
  at Reko.Analysis.DataFlowAnalysis.BuildExpressionTrees () <0x4079c6c0 + 0x004a3> in <filename unknown>:0 
0804BBE0: error: An error occurred while processing the statement word32 ecx_30 = (word32) Mem0[eax - 0x00000004 + 0x00000000:byte].
    Not handling (ptr (struct (0 T_3142 t0000))) and (union (ui32 u0) (ptr32 u1)) yet
      at Reko.Typing.ExpressionTypeDescender.PushSubtrahendDataType (Reko.Core.Types.DataType dtDiff, Reko.Core.Types.DataType dtMin) <0x407db480 + 0x0017b> in <filename unknown>:0 
  at Reko.Typing.ExpressionTypeDescender.VisitBinaryExpression (Reko.Core.Expressions.BinaryExpression binExp, Reko.Core.Types.TypeVariable tv) <0x407d8f60 + 0x001a3> in <filename unknown>:0 
  at Reko.Core.Expressions.BinaryExpression.Accept[T,C] (ExpressionVisitor`2 v, Reko.Core.Expressions.C context) <0x407d8eb0 + 0x00031> in <filename unknown>:0 
  at Reko.Typing.ExpressionTypeDescender.VisitMemoryAccess (Reko.Core.Expressions.Expression basePointer, Reko.Core.Types.TypeVariable tvAccess, Reko.Core.Expressions.Expression effectiveAddress, Reko.Core.Expressions.Expression globals) <0x407d7820 + 0x004a1> in <filename unknown>:0 
  at Reko.Typing.ExpressionTypeDescender.VisitMemoryAccess (Reko.Core.Expressions.MemoryAccess access, Reko.Core.Types.TypeVariable tv) <0x407d77d0 + 0x00033> in <filename unknown>:0 
  at Reko.Core.Expressions.MemoryAccess.Accept[T,C] (ExpressionVisitor`2 v, Reko.Core.Expressions.C context) <0x407d7780 + 0x00031> in <filename unknown>:0 
  at Reko.Typing.ExpressionTypeDescender.VisitCast (Reko.Core.Expressions.Cast cast, Reko.Core.Types.TypeVariable tv) <0x407dddf0 + 0x00057> in <filename unknown>:0 
  at Reko.Core.Expressions.Cast.Accept[T,C] (ExpressionVisitor`2 v, Reko.Core.Expressions.C context) <0x407ddda0 + 0x00031> in <filename unknown>:0 
  at Reko.Typing.TypeCollector.VisitDeclaration (Reko.Core.Code.Declaration decl) <0x407d73c0 + 0x00098> in <filename unknown>:0 
  at Reko.Core.Code.Declaration.Accept (InstructionVisitor v) <0x407cbe90 + 0x00027> in <filename unknown>:0 
  at Reko.Typing.TypeCollector.CollectTypes () <0x407d60e0 + 0x00289> in <filename unknown>:0 
0804BC78: error: An error occurred while processing the statement Mem38[eax_32 - 0x00000018 + 0x00000000:word32] = 0x00000800.
    Not handling (ptr (struct (0 T_3266 t0000))) and (union (uint32 u0) (ptr32 u1)) yet
      at Reko.Typing.ExpressionTypeDescender.PushSubtrahendDataType (Reko.Core.Types.DataType dtDiff, Reko.Core.Types.DataType dtMin) <0x407db480 + 0x0017b> in <filename unknown>:0 
  at Reko.Typing.ExpressionTypeDescender.VisitBinaryExpression (Reko.Core.Expressions.BinaryExpression binExp, Reko.Core.Types.TypeVariable tv) <0x407d8f60 + 0x001a3> in <filename unknown>:0 
  at Reko.Core.Expressions.BinaryExpression.Accept[T,C] (ExpressionVisitor`2 v, Reko.Core.Expressions.C context) <0x407d8eb0 + 0x00031> in <filename unknown>:0 
  at Reko.Typing.ExpressionTypeDescender.VisitMemoryAccess (Reko.Core.Expressions.Expression basePointer, Reko.Core.Types.TypeVariable tvAccess, Reko.Core.Expressions.Expression effectiveAddress, Reko.Core.Expressions.Expression globals) <0x407d7820 + 0x004a1> in <filename unknown>:0 
  at Reko.Typing.ExpressionTypeDescender.VisitMemoryAccess (Reko.Core.Expressions.MemoryAccess access, Reko.Core.Types.TypeVariable tv) <0x407d77d0 + 0x00033> in <filename unknown>:0 
  at Reko.Core.Expressions.MemoryAccess.Accept[T,C] (ExpressionVisitor`2 v, Reko.Core.Expressions.C context) <0x407d7780 + 0x00031> in <filename unknown>:0 
  at Reko.Typing.TypeCollector.VisitStore (Reko.Core.Code.Store store) <0x407dae80 + 0x000e8> in <filename unknown>:0 
  at Reko.Core.Code.Store.Accept (InstructionVisitor v) <0x4076f4c0 + 0x0002a> in <filename unknown>:0 
  at Reko.Typing.TypeCollector.CollectTypes () <0x407d60e0 + 0x00289> in <filename unknown>:0 
0804CCF0: error: An error occurred while processing the statement Mem19[eax_12 - 0x00000030 + 0x00000000:word32] = 0x00000400.
    Not handling (ptr (struct (0 T_4579 t0000))) and (union (uint32 u0) (ptr32 u1)) yet
      at Reko.Typing.ExpressionTypeDescender.PushSubtrahendDataType (Reko.Core.Types.DataType dtDiff, Reko.Core.Types.DataType dtMin) <0x407db480 + 0x0017b> in <filename unknown>:0 
  at Reko.Typing.ExpressionTypeDescender.VisitBinaryExpression (Reko.Core.Expressions.BinaryExpression binExp, Reko.Core.Types.TypeVariable tv) <0x407d8f60 + 0x001a3> in <filename unknown>:0 
  at Reko.Core.Expressions.BinaryExpression.Accept[T,C] (ExpressionVisitor`2 v, Reko.Core.Expressions.C context) <0x407d8eb0 + 0x00031> in <filename unknown>:0 
  at Reko.Typing.ExpressionTypeDescender.VisitMemoryAccess (Reko.Core.Expressions.Expression basePointer, Reko.Core.Types.TypeVariable tvAccess, Reko.Core.Expressions.Expression effectiveAddress, Reko.Core.Expressions.Expression globals) <0x407d7820 + 0x004a1> in <filename unknown>:0 
  at Reko.Typing.ExpressionTypeDescender.VisitMemoryAccess (Reko.Core.Expressions.MemoryAccess access, Reko.Core.Types.TypeVariable tv) <0x407d77d0 + 0x00033> in <filename unknown>:0 
  at Reko.Core.Expressions.MemoryAccess.Accept[T,C] (ExpressionVisitor`2 v, Reko.Core.Expressions.C context) <0x407d7780 + 0x00031> in <filename unknown>:0 
  at Reko.Typing.TypeCollector.VisitStore (Reko.Core.Code.Store store) <0x407dae80 + 0x000e8> in <filename unknown>:0 
  at Reko.Core.Code.Store.Accept (InstructionVisitor v) <0x4076f4c0 + 0x0002a> in <filename unknown>:0 
  at Reko.Typing.TypeCollector.CollectTypes () <0x407d60e0 + 0x00289> in <filename unknown>:0 
0804CD62: error: An error occurred while processing the statement Mem41[eax_35 - 0x00000014 + 0x00000000:word32] = 0x000010F7.
    Not handling (ptr (struct (0 T_4675 t0000))) and (union (uint32 u0) (ptr32 u1)) yet
      at Reko.Typing.ExpressionTypeDescender.PushSubtrahendDataType (Reko.Core.Types.DataType dtDiff, Reko.Core.Types.DataType dtMin) <0x407db480 + 0x0017b> in <filename unknown>:0 
  at Reko.Typing.ExpressionTypeDescender.VisitBinaryExpression (Reko.Core.Expressions.BinaryExpression binExp, Reko.Core.Types.TypeVariable tv) <0x407d8f60 + 0x001a3> in <filename unknown>:0 
  at Reko.Core.Expressions.BinaryExpression.Accept[T,C] (ExpressionVisitor`2 v, Reko.Core.Expressions.C context) <0x407d8eb0 + 0x00031> in <filename unknown>:0 
  at Reko.Typing.ExpressionTypeDescender.VisitMemoryAccess (Reko.Core.Expressions.Expression basePointer, Reko.Core.Types.TypeVariable tvAccess, Reko.Core.Expressions.Expression effectiveAddress, Reko.Core.Expressions.Expression globals) <0x407d7820 + 0x004a1> in <filename unknown>:0 
  at Reko.Typing.ExpressionTypeDescender.VisitMemoryAccess (Reko.Core.Expressions.MemoryAccess access, Reko.Core.Types.TypeVariable tv) <0x407d77d0 + 0x00033> in <filename unknown>:0 
  at Reko.Core.Expressions.MemoryAccess.Accept[T,C] (ExpressionVisitor`2 v, Reko.Core.Expressions.C context) <0x407d7780 + 0x00031> in <filename unknown>:0 
  at Reko.Typing.TypeCollector.VisitStore (Reko.Core.Code.Store store) <0x407dae80 + 0x000e8> in <filename unknown>:0 
  at Reko.Core.Code.Store.Accept (InstructionVisitor v) <0x4076f4c0 + 0x0002a> in <filename unknown>:0 
  at Reko.Typing.TypeCollector.CollectTypes () <0x407d60e0 + 0x00289> in <filename unknown>:0 
0804CDD1: error: An error occurred while processing the statement Mem173[eax_167 - 0x00000018 + 0x00000000:word32] = 0x00000800.
    Not handling (ptr (struct (0 T_4757 t0000))) and (union (uint32 u0) (ptr32 u1)) yet
      at Reko.Typing.ExpressionTypeDescender.PushSubtrahendDataType (Reko.Core.Types.DataType dtDiff, Reko.Core.Types.DataType dtMin) <0x407db480 + 0x0017b> in <filename unknown>:0 
  at Reko.Typing.ExpressionTypeDescender.VisitBinaryExpression (Reko.Core.Expressions.BinaryExpression binExp, Reko.Core.Types.TypeVariable tv) <0x407d8f60 + 0x001a3> in <filename unknown>:0 
  at Reko.Core.Expressions.BinaryExpression.Accept[T,C] (ExpressionVisitor`2 v, Reko.Core.Expressions.C context) <0x407d8eb0 + 0x00031> in <filename unknown>:0 
  at Reko.Typing.ExpressionTypeDescender.VisitMemoryAccess (Reko.Core.Expressions.Expression basePointer, Reko.Core.Types.TypeVariable tvAccess, Reko.Core.Expressions.Expression effectiveAddress, Reko.Core.Expressions.Expression globals) <0x407d7820 + 0x004a1> in <filename unknown>:0 
  at Reko.Typing.ExpressionTypeDescender.VisitMemoryAccess (Reko.Core.Expressions.MemoryAccess access, Reko.Core.Types.TypeVariable tv) <0x407d77d0 + 0x00033> in <filename unknown>:0 
  at Reko.Core.Expressions.MemoryAccess.Accept[T,C] (ExpressionVisitor`2 v, Reko.Core.Expressions.C context) <0x407d7780 + 0x00031> in <filename unknown>:0 
  at Reko.Typing.TypeCollector.VisitStore (Reko.Core.Code.Store store) <0x407dae80 + 0x000e8> in <filename unknown>:0 
  at Reko.Core.Code.Store.Accept (InstructionVisitor v) <0x4076f4c0 + 0x0002a> in <filename unknown>:0 
  at Reko.Typing.TypeCollector.CollectTypes () <0x407d60e0 + 0x00289> in <filename unknown>:0 
0804CECE: error: An error occurred while processing the statement Mem87[eax_81 - 0x00000018 + 0x00000000:word32] = 0x00000800.
    Not handling (ptr (struct (0 T_4841 t0000))) and (union (uint32 u0) (ptr32 u1)) yet
      at Reko.Typing.ExpressionTypeDescender.PushSubtrahendDataType (Reko.Core.Types.DataType dtDiff, Reko.Core.Types.DataType dtMin) <0x407db480 + 0x0017b> in <filename unknown>:0 
  at Reko.Typing.ExpressionTypeDescender.VisitBinaryExpression (Reko.Core.Expressions.BinaryExpression binExp, Reko.Core.Types.TypeVariable tv) <0x407d8f60 + 0x001a3> in <filename unknown>:0 
  at Reko.Core.Expressions.BinaryExpression.Accept[T,C] (ExpressionVisitor`2 v, Reko.Core.Expressions.C context) <0x407d8eb0 + 0x00031> in <filename unknown>:0 
  at Reko.Typing.ExpressionTypeDescender.VisitMemoryAccess (Reko.Core.Expressions.Expression basePointer, Reko.Core.Types.TypeVariable tvAccess, Reko.Core.Expressions.Expression effectiveAddress, Reko.Core.Expressions.Expression globals) <0x407d7820 + 0x004a1> in <filename unknown>:0 
  at Reko.Typing.ExpressionTypeDescender.VisitMemoryAccess (Reko.Core.Expressions.MemoryAccess access, Reko.Core.Types.TypeVariable tv) <0x407d77d0 + 0x00033> in <filename unknown>:0 
  at Reko.Core.Expressions.MemoryAccess.Accept[T,C] (ExpressionVisitor`2 v, Reko.Core.Expressions.C context) <0x407d7780 + 0x00031> in <filename unknown>:0 
  at Reko.Typing.TypeCollector.VisitStore (Reko.Core.Code.Store store) <0x407dae80 + 0x000e8> in <filename unknown>:0 
  at Reko.Core.Code.Store.Accept (InstructionVisitor v) <0x4076f4c0 + 0x0002a> in <filename unknown>:0 
  at Reko.Typing.TypeCollector.CollectTypes () <0x407d60e0 + 0x00289> in <filename unknown>:0 
0804CF1C: error: An error occurred while processing the statement Mem104[eax_98 - 0x00000018 + 0x00000000:word32] = 0x00000800.
    Not handling (ptr (struct (0 T_4900 t0000))) and (union (uint32 u0) (ptr32 u1)) yet
      at Reko.Typing.ExpressionTypeDescender.PushSubtrahendDataType (Reko.Core.Types.DataType dtDiff, Reko.Core.Types.DataType dtMin) <0x407db480 + 0x0017b> in <filename unknown>:0 
  at Reko.Typing.ExpressionTypeDescender.VisitBinaryExpression (Reko.Core.Expressions.BinaryExpression binExp, Reko.Core.Types.TypeVariable tv) <0x407d8f60 + 0x001a3> in <filename unknown>:0 
  at Reko.Core.Expressions.BinaryExpression.Accept[T,C] (ExpressionVisitor`2 v, Reko.Core.Expressions.C context) <0x407d8eb0 + 0x00031> in <filename unknown>:0 
  at Reko.Typing.ExpressionTypeDescender.VisitMemoryAccess (Reko.Core.Expressions.Expression basePointer, Reko.Core.Types.TypeVariable tvAccess, Reko.Core.Expressions.Expression effectiveAddress, Reko.Core.Expressions.Expression globals) <0x407d7820 + 0x004a1> in <filename unknown>:0 
  at Reko.Typing.ExpressionTypeDescender.VisitMemoryAccess (Reko.Core.Expressions.MemoryAccess access, Reko.Core.Types.TypeVariable tv) <0x407d77d0 + 0x00033> in <filename unknown>:0 
  at Reko.Core.Expressions.MemoryAccess.Accept[T,C] (ExpressionVisitor`2 v, Reko.Core.Expressions.C context) <0x407d7780 + 0x00031> in <filename unknown>:0 
  at Reko.Typing.TypeCollector.VisitStore (Reko.Core.Code.Store store) <0x407dae80 + 0x000e8> in <filename unknown>:0 
  at Reko.Core.Code.Store.Accept (InstructionVisitor v) <0x4076f4c0 + 0x0002a> in <filename unknown>:0 
  at Reko.Typing.TypeCollector.CollectTypes () <0x407d60e0 + 0x00289> in <filename unknown>:0 
0804D0AC: error: An error occurred while processing the statement Mem9[eax_3 - 0x00000018 + 0x00000000:word32] = 0x000014F7.
    Not handling (ptr (struct (0 T_5248 t0000))) and (union (uint32 u0) (ptr32 u1)) yet
      at Reko.Typing.ExpressionTypeDescender.PushSubtrahendDataType (Reko.Core.Types.DataType dtDiff, Reko.Core.Types.DataType dtMin) <0x407db480 + 0x0017b> in <filename unknown>:0 
  at Reko.Typing.ExpressionTypeDescender.VisitBinaryExpression (Reko.Core.Expressions.BinaryExpression binExp, Reko.Core.Types.TypeVariable tv) <0x407d8f60 + 0x001a3> in <filename unknown>:0 
  at Reko.Core.Expressions.BinaryExpression.Accept[T,C] (ExpressionVisitor`2 v, Reko.Core.Expressions.C context) <0x407d8eb0 + 0x00031> in <filename unknown>:0 
  at Reko.Typing.ExpressionTypeDescender.VisitMemoryAccess (Reko.Core.Expressions.Expression basePointer, Reko.Core.Types.TypeVariable tvAccess, Reko.Core.Expressions.Expression effectiveAddress, Reko.Core.Expressions.Expression globals) <0x407d7820 + 0x004a1> in <filename unknown>:0 
  at Reko.Typing.ExpressionTypeDescender.VisitMemoryAccess (Reko.Core.Expressions.MemoryAccess access, Reko.Core.Types.TypeVariable tv) <0x407d77d0 + 0x00033> in <filename unknown>:0 
  at Reko.Core.Expressions.MemoryAccess.Accept[T,C] (ExpressionVisitor`2 v, Reko.Core.Expressions.C context) <0x407d7780 + 0x00031> in <filename unknown>:0 
  at Reko.Typing.TypeCollector.VisitStore (Reko.Core.Code.Store store) <0x407dae80 + 0x000e8> in <filename unknown>:0 
  at Reko.Core.Code.Store.Accept (InstructionVisitor v) <0x4076f4c0 + 0x0002a> in <filename unknown>:0 
  at Reko.Typing.TypeCollector.CollectTypes () <0x407d60e0 + 0x00289> in <filename unknown>:0 
0804D21E: error: An error occurred while processing the statement Mem70[eax_64 - 0x00000008 + 0x00000000:word32] = 0x00000400.
    Not handling (ptr (struct (0 T_5429 t0000))) and (union (uint32 u0) (ptr32 u1)) yet
      at Reko.Typing.ExpressionTypeDescender.PushSubtrahendDataType (Reko.Core.Types.DataType dtDiff, Reko.Core.Types.DataType dtMin) <0x407db480 + 0x0017b> in <filename unknown>:0 
  at Reko.Typing.ExpressionTypeDescender.VisitBinaryExpression (Reko.Core.Expressions.BinaryExpression binExp, Reko.Core.Types.TypeVariable tv) <0x407d8f60 + 0x001a3> in <filename unknown>:0 
  at Reko.Core.Expressions.BinaryExpression.Accept[T,C] (ExpressionVisitor`2 v, Reko.Core.Expressions.C context) <0x407d8eb0 + 0x00031> in <filename unknown>:0 
  at Reko.Typing.ExpressionTypeDescender.VisitMemoryAccess (Reko.Core.Expressions.Expression basePointer, Reko.Core.Types.TypeVariable tvAccess, Reko.Core.Expressions.Expression effectiveAddress, Reko.Core.Expressions.Expression globals) <0x407d7820 + 0x004a1> in <filename unknown>:0 
  at Reko.Typing.ExpressionTypeDescender.VisitMemoryAccess (Reko.Core.Expressions.MemoryAccess access, Reko.Core.Types.TypeVariable tv) <0x407d77d0 + 0x00033> in <filename unknown>:0 
  at Reko.Core.Expressions.MemoryAccess.Accept[T,C] (ExpressionVisitor`2 v, Reko.Core.Expressions.C context) <0x407d7780 + 0x00031> in <filename unknown>:0 
  at Reko.Typing.TypeCollector.VisitStore (Reko.Core.Code.Store store) <0x407dae80 + 0x000e8> in <filename unknown>:0 
  at Reko.Core.Code.Store.Accept (InstructionVisitor v) <0x4076f4c0 + 0x0002a> in <filename unknown>:0 
  at Reko.Typing.TypeCollector.CollectTypes () <0x407d60e0 + 0x00289> in <filename unknown>:0 
0804D3FA: error: An error occurred while processing the statement Mem95[eax_89 - 0x0000000C + 0x00000000:word32] = 0x00000800.
    Not handling (ptr (struct (0 T_5502 t0000))) and (union (uint32 u0) (ptr32 u1)) yet
      at Reko.Typing.ExpressionTypeDescender.PushSubtrahendDataType (Reko.Core.Types.DataType dtDiff, Reko.Core.Types.DataType dtMin) <0x407db480 + 0x0017b> in <filename unknown>:0 
  at Reko.Typing.ExpressionTypeDescender.VisitBinaryExpression (Reko.Core.Expressions.BinaryExpression binExp, Reko.Core.Types.TypeVariable tv) <0x407d8f60 + 0x001a3> in <filename unknown>:0 
  at Reko.Core.Expressions.BinaryExpression.Accept[T,C] (ExpressionVisitor`2 v, Reko.Core.Expressions.C context) <0x407d8eb0 + 0x00031> in <filename unknown>:0 
  at Reko.Typing.ExpressionTypeDescender.VisitMemoryAccess (Reko.Core.Expressions.Expression basePointer, Reko.Core.Types.TypeVariable tvAccess, Reko.Core.Expressions.Expression effectiveAddress, Reko.Core.Expressions.Expression globals) <0x407d7820 + 0x004a1> in <filename unknown>:0 
  at Reko.Typing.ExpressionTypeDescender.VisitMemoryAccess (Reko.Core.Expressions.MemoryAccess access, Reko.Core.Types.TypeVariable tv) <0x407d77d0 + 0x00033> in <filename unknown>:0 
  at Reko.Core.Expressions.MemoryAccess.Accept[T,C] (ExpressionVisitor`2 v, Reko.Core.Expressions.C context) <0x407d7780 + 0x00031> in <filename unknown>:0 
  at Reko.Typing.TypeCollector.VisitStore (Reko.Core.Code.Store store) <0x407dae80 + 0x000e8> in <filename unknown>:0 
  at Reko.Core.Code.Store.Accept (InstructionVisitor v) <0x4076f4c0 + 0x0002a> in <filename unknown>:0 
  at Reko.Typing.TypeCollector.CollectTypes () <0x407d60e0 + 0x00289> in <filename unknown>:0 
0804D35B: error: An error occurred while processing the statement Mem55[eax_49 - 0x00000008 + 0x00000000:word32] = 0x00000400.
    Not handling (ptr (struct (0 T_5689 t0000))) and (union (uint32 u0) (ptr32 u1)) yet
      at Reko.Typing.ExpressionTypeDescender.PushSubtrahendDataType (Reko.Core.Types.DataType dtDiff, Reko.Core.Types.DataType dtMin) <0x407db480 + 0x0017b> in <filename unknown>:0 
  at Reko.Typing.ExpressionTypeDescender.VisitBinaryExpression (Reko.Core.Expressions.BinaryExpression binExp, Reko.Core.Types.TypeVariable tv) <0x407d8f60 + 0x001a3> in <filename unknown>:0 
  at Reko.Core.Expressions.BinaryExpression.Accept[T,C] (ExpressionVisitor`2 v, Reko.Core.Expressions.C context) <0x407d8eb0 + 0x00031> in <filename unknown>:0 
  at Reko.Typing.ExpressionTypeDescender.VisitMemoryAccess (Reko.Core.Expressions.Expression basePointer, Reko.Core.Types.TypeVariable tvAccess, Reko.Core.Expressions.Expression effectiveAddress, Reko.Core.Expressions.Expression globals) <0x407d7820 + 0x004a1> in <filename unknown>:0 
  at Reko.Typing.ExpressionTypeDescender.VisitMemoryAccess (Reko.Core.Expressions.MemoryAccess access, Reko.Core.Types.TypeVariable tv) <0x407d77d0 + 0x00033> in <filename unknown>:0 
  at Reko.Core.Expressions.MemoryAccess.Accept[T,C] (ExpressionVisitor`2 v, Reko.Core.Expressions.C context) <0x407d7780 + 0x00031> in <filename unknown>:0 
  at Reko.Typing.TypeCollector.VisitStore (Reko.Core.Code.Store store) <0x407dae80 + 0x000e8> in <filename unknown>:0 
  at Reko.Core.Code.Store.Accept (InstructionVisitor v) <0x4076f4c0 + 0x0002a> in <filename unknown>:0 
  at Reko.Typing.TypeCollector.CollectTypes () <0x407d60e0 + 0x00289> in <filename unknown>:0 
0804D3CB: error: An error occurred while processing the statement Mem9[eax_3 - 0x0000000C + 0x00000000:word32] = 0x00000800.
    Not handling (ptr (struct (0 T_5757 t0000))) and (union (uint32 u0) (ptr32 u1)) yet
      at Reko.Typing.ExpressionTypeDescender.PushSubtrahendDataType (Reko.Core.Types.DataType dtDiff, Reko.Core.Types.DataType dtMin) <0x407db480 + 0x0017b> in <filename unknown>:0 
  at Reko.Typing.ExpressionTypeDescender.VisitBinaryExpression (Reko.Core.Expressions.BinaryExpression binExp, Reko.Core.Types.TypeVariable tv) <0x407d8f60 + 0x001a3> in <filename unknown>:0 
  at Reko.Core.Expressions.BinaryExpression.Accept[T,C] (ExpressionVisitor`2 v, Reko.Core.Expressions.C context) <0x407d8eb0 + 0x00031> in <filename unknown>:0 
  at Reko.Typing.ExpressionTypeDescender.VisitMemoryAccess (Reko.Core.Expressions.Expression basePointer, Reko.Core.Types.TypeVariable tvAccess, Reko.Core.Expressions.Expression effectiveAddress, Reko.Core.Expressions.Expression globals) <0x407d7820 + 0x004a1> in <filename unknown>:0 
  at Reko.Typing.ExpressionTypeDescender.VisitMemoryAccess (Reko.Core.Expressions.MemoryAccess access, Reko.Core.Types.TypeVariable tv) <0x407d77d0 + 0x00033> in <filename unknown>:0 
  at Reko.Core.Expressions.MemoryAccess.Accept[T,C] (ExpressionVisitor`2 v, Reko.Core.Expressions.C context) <0x407d7780 + 0x00031> in <filename unknown>:0 
  at Reko.Typing.TypeCollector.VisitStore (Reko.Core.Code.Store store) <0x407dae80 + 0x000e8> in <filename unknown>:0 
  at Reko.Core.Code.Store.Accept (InstructionVisitor v) <0x4076f4c0 + 0x0002a> in <filename unknown>:0 
  at Reko.Typing.TypeCollector.CollectTypes () <0x407d60e0 + 0x00289> in <filename unknown>:0 
0804DF83: error: An error occurred while processing the statement Mem38[eax_32 - 0x00000014 + 0x00000000:word32] = 0x00001000.
    Not handling (ptr (struct (0 T_7106 t0000))) and (union (uint32 u0) (ptr32 u1)) yet
      at Reko.Typing.ExpressionTypeDescender.PushSubtrahendDataType (Reko.Core.Types.DataType dtDiff, Reko.Core.Types.DataType dtMin) <0x407db480 + 0x0017b> in <filename unknown>:0 
  at Reko.Typing.ExpressionTypeDescender.VisitBinaryExpression (Reko.Core.Expressions.BinaryExpression binExp, Reko.Core.Types.TypeVariable tv) <0x407d8f60 + 0x001a3> in <filename unknown>:0 
  at Reko.Core.Expressions.BinaryExpression.Accept[T,C] (ExpressionVisitor`2 v, Reko.Core.Expressions.C context) <0x407d8eb0 + 0x00031> in <filename unknown>:0 
  at Reko.Typing.ExpressionTypeDescender.VisitMemoryAccess (Reko.Core.Expressions.Expression basePointer, Reko.Core.Types.TypeVariable tvAccess, Reko.Core.Expressions.Expression effectiveAddress, Reko.Core.Expressions.Expression globals) <0x407d7820 + 0x004a1> in <filename unknown>:0 
  at Reko.Typing.ExpressionTypeDescender.VisitMemoryAccess (Reko.Core.Expressions.MemoryAccess access, Reko.Core.Types.TypeVariable tv) <0x407d77d0 + 0x00033> in <filename unknown>:0 
  at Reko.Core.Expressions.MemoryAccess.Accept[T,C] (ExpressionVisitor`2 v, Reko.Core.Expressions.C context) <0x407d7780 + 0x00031> in <filename unknown>:0 
  at Reko.Typing.TypeCollector.VisitStore (Reko.Core.Code.Store store) <0x407dae80 + 0x000e8> in <filename unknown>:0 
  at Reko.Core.Code.Store.Accept (InstructionVisitor v) <0x4076f4c0 + 0x0002a> in <filename unknown>:0 
  at Reko.Typing.TypeCollector.CollectTypes () <0x407d60e0 + 0x00289> in <filename unknown>:0 
: error: Error when reconstructing types.
    Specified argument was out of the range of valid values.
Parameter name: Linear address 00000000 is not in known segment.
      at Reko.Core.SegmentMap.MapLinearAddressToAddress (UInt64 linearAddress) <0x4078d040 + 0x0017f> in <filename unknown>:0 
  at Reko.CmdLine.CmdLineListener.CreateStatementNavigator (Reko.Core.Program program, Reko.Core.Statement stm) <0x4078cf90 + 0x0002f> in <filename unknown>:0 
  at Reko.Typing.TypeCollector.CollectTypes () <0x407d60e0 + 0x002d5> in <filename unknown>:0 
  at Reko.Typing.TypeAnalyzer.RewriteProgram (Reko.Core.Program program) <0x407cf120 + 0x00597> in <filename unknown>:0 
  at Reko.DecompilerDriver.ReconstructTypes () <0x407ceab0 + 0x0022f> in <filename unknown>:0 
fn0804D28B: error: An error occurred while rewriting procedure to high-level language.
    The given key was not present in the dictionary.
      at System.ThrowHelper.ThrowKeyNotFoundException () <0x4078cf30 + 0x0001f> in <filename unknown>:0 
  at System.Collections.Generic.Dictionary`2[TKey,TValue].get_Item (System.Collections.Generic.TKey key) <0x4058cbb0 + 0x0004b> in <filename unknown>:0 
  at Reko.Structure.StructureAnalysis.BuildRegionGraph (Reko.Core.Procedure proc) <0x407e1430 + 0x00323> in <filename unknown>:0 
  at Reko.Structure.StructureAnalysis.Execute () <0x407e0eb0 + 0x0003b> in <filename unknown>:0 
  at Reko.Structure.StructureAnalysis.Structure () <0x407dfab0 + 0x00137> in <filename unknown>:0 
  at Reko.DecompilerDriver.StructureProgram () <0x407df5d0 + 0x00255> in <filename unknown>:0 
